[32;01m * [39;49;00mPackage:    dev-perl/Test-Exception-0.430.0
[32;01m * [39;49;00mRepository: gentoo
[32;01m * [39;49;00mMaintainer: perl@gentoo.org
[32;01m * [39;49;00mUSE:        abi_x86_64 amd64 elibc_glibc kernel_linux userland_GNU
[32;01m * [39;49;00mFEATURES:   network-sandbox preserve-libs sandbox splitdebug test userpriv usersandbox
>>> Unpacking source...
>>> Unpacking Test-Exception-0.43.tar.gz to /tmp/portage/dev-perl/Test-Exception-0.430.0/work
>>> Source unpacked in /tmp/portage/dev-perl/Test-Exception-0.430.0/work
>>> Preparing source in /tmp/portage/dev-perl/Test-Exception-0.430.0/work/Test-Exception-0.43 ...
>>> Source prepared.
>>> Configuring source in /tmp/portage/dev-perl/Test-Exception-0.430.0/work/Test-Exception-0.43 ...
perl: warning: Setting locale failed.
perl: warning: Please check that your locale settings:
	LANGUAGE = (unset),
	LC_ALL = (unset),
	LC_COLLATE = "C",
	LC_MESSAGES = "C",
	LANG = "it_IT.UTF-8"
    are supported and installed on your system.
perl: warning: Falling back to the standard locale ("C").
 [32;01m*[0m Using ExtUtils::MakeMaker
 [32;01m*[0m perl Makefile.PL PREFIX=/usr INSTALLDIRS=vendor INSTALLMAN3DIR=none DESTDIR=/tmp/portage/dev-perl/Test-Exception-0.430.0/image/
perl: warning: Setting locale failed.
perl: warning: Please check that your locale settings:
	LANGUAGE = (unset),
	LC_ALL = (unset),
	LC_COLLATE = "C",
	LC_MESSAGES = "C",
	LANG = "it_IT.UTF-8"
    are supported and installed on your system.
perl: warning: Falling back to the standard locale ("C").
Checking if your kit is complete...
Looks good
Generating a Unix-style Makefile
Writing Makefile for Test::Exception
Writing MYMETA.yml and MYMETA.json
>>> Source configured.
>>> Compiling source in /tmp/portage/dev-perl/Test-Exception-0.430.0/work/Test-Exception-0.43 ...
 [32;01m*[0m emake OTHERLDFLAGS=-Wl,-O1 -Wl,--as-needed -Wl,--defsym=__gentoo_check_ldflags__=0 -Wl,--hash-style=gnu -Wl,-z,norelro
make -j12 'OTHERLDFLAGS=-Wl,-O1 -Wl,--as-needed -Wl,--defsym=__gentoo_check_ldflags__=0 -Wl,--hash-style=gnu -Wl,-z,norelro' 
perl: warning: Setting locale failed.
perl: warning: Please check that your locale settings:
	LANGUAGE = (unset),
	LC_ALL = (unset),
	LC_COLLATE = "C",
	LC_MESSAGES = "C",
	LANG = "it_IT.UTF-8"
    are supported and installed on your system.
perl: warning: Falling back to the standard locale ("C").
perl: warning: Setting locale failed.
perl: warning: Please check that your locale settings:
	LANGUAGE = (unset),
	LC_ALL = (unset),
	LC_COLLATE = "C",
	LC_MESSAGES = "C",
	LANG = "it_IT.UTF-8"
    are supported and installed on your system.
perl: warning: Falling back to the standard locale ("C").
perl: warning: Setting locale failed.
perl: warning: Please check that your locale settings:
	LANGUAGE = (unset),
	LC_ALL = (unset),
	LC_COLLATE = "C",
	LC_MESSAGES = "C",
	LANG = "it_IT.UTF-8"
    are supported and installed on your system.
perl: warning: Falling back to the standard locale ("C").
perl: warning: Setting locale failed.
perl: warning: Please check that your locale settings:
	LANGUAGE = (unset),
	LC_ALL = (unset),
	LC_COLLATE = "C",
	LC_MESSAGES = "C",
	LANG = "it_IT.UTF-8"
    are supported and installed on your system.
perl: warning: Falling back to the standard locale ("C").
perl: warning: Setting locale failed.
perl: warning: Please check that your locale settings:
	LANGUAGE = (unset),
	LC_ALL = (unset),
	LC_COLLATE = "C",
	LC_MESSAGES = "C",
	LANG = "it_IT.UTF-8"
    are supported and installed on your system.
perl: warning: Falling back to the standard locale ("C").
perl: warning: Setting locale failed.
perl: warning: Please check that your locale settings:
	LANGUAGE = (unset),
	LC_ALL = (unset),
	LC_COLLATE = "C",
	LC_MESSAGES = "C",
	LANG = "it_IT.UTF-8"
    are supported and installed on your system.
perl: warning: Falling back to the standard locale ("C").
perl: warning: Setting locale failed.
perl: warning: Please check that your locale settings:
	LANGUAGE = (unset),
	LC_ALL = (unset),
	LC_COLLATE = "C",
	LC_MESSAGES = "C",
	LANG = "it_IT.UTF-8"
    are supported and installed on your system.
perl: warning: Falling back to the standard locale ("C").
perl: warning: Setting locale failed.
perl: warning: Please check that your locale settings:
	LANGUAGE = (unset),
	LC_ALL = (unset),
	LC_COLLATE = "C",
	LC_MESSAGES = "C",
	LANG = "it_IT.UTF-8"
    are supported and installed on your system.
perl: warning: Falling back to the standard locale ("C").
perl: warning: Setting locale failed.
perl: warning: Please check that your locale settings:
	LANGUAGE = (unset),
	LC_ALL = (unset),
	LC_COLLATE = "C",
	LC_MESSAGES = "C",
	LANG = "it_IT.UTF-8"
    are supported and installed on your system.
perl: warning: Falling back to the standard locale ("C").
cp lib/Test/Exception.pm blib/lib/Test/Exception.pm
>>> Source compiled.
>>> Test phase: dev-perl/Test-Exception-0.430.0
 [32;01m*[0m Test::Harness Jobs=12
make -j12 test TEST_VERBOSE=0 
PERL_DL_NONLAZY=1 "/usr/bin/perl" "-MExtUtils::Command::MM" "-MTest::Harness" "-e" "undef *Test::Harness::Switches; test_harness(0, 'blib/lib', 'blib/arch')" t/*.t
perl: warning: Setting locale failed.
perl: warning: Please check that your locale settings:
	LANGUAGE = (unset),
	LC_ALL = (unset),
	LC_COLLATE = "C",
	LC_MESSAGES = "C",
	LANG = "it_IT.UTF-8"
    are supported and installed on your system.
perl: warning: Falling back to the standard locale ("C").
perl: warning: Setting locale failed.
perl: warning: Please check that your locale settings:
	LANGUAGE = (unset),
	LC_ALL = (unset),
	LC_COLLATE = "C",
	LC_MESSAGES = "C",
	LANG = "it_IT.UTF-8"
    are supported and installed on your system.
perl: warning: Falling back to the standard locale ("C").
perl: warning: Setting locale failed.
perl: warning: Please check that your locale settings:
	LANGUAGE = (unset),
	LC_ALL = (unset),
	LC_COLLATE = "C",
	LC_MESSAGES = "C",
	LANG = "it_IT.UTF-8"
    are supported and installed on your system.
perl: warning: Falling back to the standard locale ("C").
perl: warning: Setting locale failed.
perl: warning: Please check that your locale settings:
	LANGUAGE = (unset),
	LC_ALL = (unset),
	LC_COLLATE = "C",
	LC_MESSAGES = "C",
	LANG = "it_IT.UTF-8"
    are supported and installed on your system.
perl: warning: Falling back to the standard locale ("C").
perl: warning: Setting locale failed.
perl: warning: Please check that your locale settings:
	LANGUAGE = (unset),
	LC_ALL = (unset),
	LC_COLLATE = "C",
	LC_MESSAGES = "C",
	LANG = "it_IT.UTF-8"
    are supported and installed on your system.
perl: warning: Falling back to the standard locale ("C").
perl: warning: Setting locale failed.
perl: warning: Please check that your locale settings:
	LANGUAGE = (unset),
	LC_ALL = (unset),
	LC_COLLATE = "C",
	LC_MESSAGES = "C",
	LANG = "it_IT.UTF-8"
    are supported and installed on your system.
perl: warning: Falling back to the standard locale ("C").
perl: warning: Setting locale failed.
perl: warning: Please check that your locale settings:
	LANGUAGE = (unset),
	LC_ALL = (unset),
	LC_COLLATE = "C",
	LC_MESSAGES = "C",
	LANG = "it_IT.UTF-8"
    are supported and installed on your system.
perl: warning: Falling back to the standard locale ("C").
perl: warning: Setting locale failed.
perl: warning: Please check that your locale settings:
	LANGUAGE = (unset),
	LC_ALL = (unset),
	LC_COLLATE = "C",
	LC_MESSAGES = "C",
	LANG = "it_IT.UTF-8"
    are supported and installed on your system.
perl: warning: Falling back to the standard locale ("C").
===(       1;0  0/3  0/?   0/20  0/2  0/1  0/3  0/5   0/13  1/? ... )======(       2;0  1/3  0/?   0/20  0/2  0/1  0/3  0/5   0/13  1/? ... )===                                                                        t/edge-cases.t .. skipped: stuff relating to RT#24678 that I have not fixed yet
===(       2;0  1/3   0/20  0/2  0/1  0/3  0/5   0/13  1/?  0/3 ... )======(       5;0  3/3   1/20  0/2  0/1  0/3  0/5   0/13  1/?  0/3 ... )======(       6;0  3/3   1/20  1/2  0/1  0/3  0/5   0/13  1/?  0/3 ... )======(       8;0  3/3   2/20  1/2  1/1  0/3  0/5   0/13  1/?  0/3 ... )======(      10;0  3/3   2/20  2/2  1/1  1/3  0/5   0/13  1/?  0/3 ... )===                                                                        t/isa.t ......... ok
===(      10;0  3/3   2/20  2/2  1/3  0/5   0/13  1/?  0/3  0/2 )=======                                                                        t/caller.t ...... ok
===(      10;0   2/20  2/2  1/3  0/5   0/13  1/?  0/3  0/2 )============perl: warning: Setting locale failed.
perl: warning: Please check that your locale settings:
	LANGUAGE = (unset),
	LC_ALL = (unset),
	LC_COLLATE = "C",
	LC_MESSAGES = "C",
	LANG = "it_IT.UTF-8"
    are supported and installed on your system.
perl: warning: Falling back to the standard locale ("C").
                                                                        t/import.t ...... ok
===(      11;0   3/20  1/3  0/5   0/13  1/?  0/3  0/2 )====================(      15;0   5/20  2/3  1/5   0/13  1/?  0/3  0/2 )====================(      17;0   5/20  3/3  1/5   1/13  1/?  0/3  0/2 )====================(      19;0   5/20  3/3  2/5   1/13  1/1  1/3  0/2 )=================perl: warning: Setting locale failed.
perl: warning: Please check that your locale settings:
	LANGUAGE = (unset),
	LC_ALL = (unset),
	LC_COLLATE = "C",
	LC_MESSAGES = "C",
	LANG = "it_IT.UTF-8"
    are supported and installed on your system.
perl: warning: Falling back to the standard locale ("C").
                                                                        t/rt.t .......... ok
===(      19;0   5/20  3/3  2/5   1/13  1/3  0/2 )======================perl: warning: Setting locale failed.
perl: warning: Please check that your locale settings:
	LANGUAGE = (unset),
	LC_ALL = (unset),
	LC_COLLATE = "C",
	LC_MESSAGES = "C",
	LANG = "it_IT.UTF-8"
    are supported and installed on your system.
perl: warning: Falling back to the standard locale ("C").
# $Test::More::VERSION = 1.302162
                                                                        t/lives_and.t ... ok
===(      21;0   7/20  2/5   1/13  1/3  0/2 )==============================(      28;0   9/20  4/5   2/13  2/3  1/2 )===========================                                                                        t/preserve.t .... ok
===(      34;0  11/20   3/13  3/3  2/2 )================================perl: warning: Setting locale failed.
perl: warning: Please check that your locale settings:
	LANGUAGE = (unset),
	LC_ALL = (unset),
	LC_COLLATE = "C",
	LC_MESSAGES = "C",
	LANG = "it_IT.UTF-8"
    are supported and installed on your system.
perl: warning: Falling back to the standard locale ("C").
                                                                        t/stacktrace.t .. ok
===(      37;0  13/20   4/13  2/2 )=====================================perl: warning: Setting locale failed.
perl: warning: Please check that your locale settings:
	LANGUAGE = (unset),
	LC_ALL = (unset),
	LC_COLLATE = "C",
	LC_MESSAGES = "C",
	LANG = "it_IT.UTF-8"
    are supported and installed on your system.
perl: warning: Falling back to the standard locale ("C").
                                                                        t/throws_ok.t ... ok
===(      41;0  15/20   6/13 )==========================================                                                                        t/Exception.t ... ok
t/return.t ...... t/return.t ...... 11/13                          t/return.t ...... ok
All tests successful.

Test Summary Report
-------------------
t/Exception.t (Wstat: 0 Tests: 20 Failed: 0)
  TODO passed:   20
Files=11, Tests=53,  0 wallclock secs ( 0.02 usr  0.02 sys +  0.52 cusr  0.11 csys =  0.67 CPU)
Result: PASS
>>> Completed testing dev-perl/Test-Exception-0.430.0

>>> Install dev-perl/Test-Exception-0.430.0 into /tmp/portage/dev-perl/Test-Exception-0.430.0/image/
make -j12 pure_install 
perl: warning: Setting locale failed.
perl: warning: Please check that your locale settings:
	LANGUAGE = (unset),
	LC_ALL = (unset),
	LC_COLLATE = "C",
	LC_MESSAGES = "C",
	LANG = "it_IT.UTF-8"
    are supported and installed on your system.
perl: warning: Falling back to the standard locale ("C").
Installing /tmp/portage/dev-perl/Test-Exception-0.430.0/image/usr/lib64/perl5/vendor_perl/5.30.2/Test/Exception.pm
 [32;01m*[0m Fixing packlist file /usr/lib64/perl5/vendor_perl/5.30.2/x86_64-linux/auto/Test/Exception/.packlist
>>> Completed installing dev-perl/Test-Exception-0.430.0 into /tmp/portage/dev-perl/Test-Exception-0.430.0/image/

 [32;01m*[0m Final size of build directory: 260 KiB
 [32;01m*[0m Final size of installed tree:   88 KiB

./
./usr/
./usr/share/
./usr/share/doc/
./usr/share/doc/Test-Exception-0.430.0/
./usr/share/doc/Test-Exception-0.430.0/Changes.bz2
./usr/lib64/
./usr/lib64/perl5/
./usr/lib64/perl5/vendor_perl/
./usr/lib64/perl5/vendor_perl/5.30.2/
./usr/lib64/perl5/vendor_perl/5.30.2/x86_64-linux/
./usr/lib64/perl5/vendor_perl/5.30.2/x86_64-linux/auto/
./usr/lib64/perl5/vendor_perl/5.30.2/x86_64-linux/auto/Test/
./usr/lib64/perl5/vendor_perl/5.30.2/x86_64-linux/auto/Test/Exception/
./usr/lib64/perl5/vendor_perl/5.30.2/x86_64-linux/auto/Test/Exception/.packlist
./usr/lib64/perl5/vendor_perl/5.30.2/Test/
./usr/lib64/perl5/vendor_perl/5.30.2/Test/Exception.pm
>>> Done.
 [32;01m*[39;49;00m checking 3 files for package collisions
>>> Merging dev-perl/Test-Exception-0.430.0 to /
--- /usr/
--- /usr/lib64/
--- /usr/lib64/perl5/
--- /usr/lib64/perl5/vendor_perl/
--- /usr/lib64/perl5/vendor_perl/5.30.2/
--- /usr/lib64/perl5/vendor_perl/5.30.2/Test/
>>> /usr/lib64/perl5/vendor_perl/5.30.2/Test/Exception.pm
--- /usr/lib64/perl5/vendor_perl/5.30.2/x86_64-linux/
--- /usr/lib64/perl5/vendor_perl/5.30.2/x86_64-linux/auto/
--- /usr/lib64/perl5/vendor_perl/5.30.2/x86_64-linux/auto/Test/
>>> /usr/lib64/perl5/vendor_perl/5.30.2/x86_64-linux/auto/Test/Exception/
>>> /usr/lib64/perl5/vendor_perl/5.30.2/x86_64-linux/auto/Test/Exception/.packlist
--- /usr/share/
--- /usr/share/doc/
>>> /usr/share/doc/Test-Exception-0.430.0/
>>> /usr/share/doc/Test-Exception-0.430.0/Changes.bz2
>>> dev-perl/Test-Exception-0.430.0 merged.
>>> Regenerating /etc/ld.so.cache...
