[32;01m * [39;49;00mPackage:    dev-perl/Variable-Magic-0.620.0
[32;01m * [39;49;00mRepository: gentoo
[32;01m * [39;49;00mMaintainer: perl@gentoo.org
[32;01m * [39;49;00mUSE:        abi_x86_64 amd64 elibc_glibc kernel_linux test userland_GNU
[32;01m * [39;49;00mFEATURES:   network-sandbox preserve-libs sandbox splitdebug test userpriv usersandbox
>>> Unpacking source...
>>> Unpacking Variable-Magic-0.62.tar.gz to /tmp/portage/dev-perl/Variable-Magic-0.620.0/work
>>> Source unpacked in /tmp/portage/dev-perl/Variable-Magic-0.620.0/work
>>> Preparing source in /tmp/portage/dev-perl/Variable-Magic-0.620.0/work/Variable-Magic-0.62 ...
>>> Source prepared.
>>> Configuring source in /tmp/portage/dev-perl/Variable-Magic-0.620.0/work/Variable-Magic-0.62 ...
perl: warning: Setting locale failed.
perl: warning: Please check that your locale settings:
	LANGUAGE = (unset),
	LC_ALL = (unset),
	LC_COLLATE = "C",
	LC_MESSAGES = "C",
	LANG = "it_IT.UTF-8"
    are supported and installed on your system.
perl: warning: Falling back to the standard locale ("C").
 [32;01m*[0m Using ExtUtils::MakeMaker
 [32;01m*[0m perl Makefile.PL PREFIX=/usr INSTALLDIRS=vendor INSTALLMAN3DIR=none DESTDIR=/tmp/portage/dev-perl/Variable-Magic-0.620.0/image/
perl: warning: Setting locale failed.
perl: warning: Please check that your locale settings:
	LANGUAGE = (unset),
	LC_ALL = (unset),
	LC_COLLATE = "C",
	LC_MESSAGES = "C",
	LANG = "it_IT.UTF-8"
    are supported and installed on your system.
perl: warning: Falling back to the standard locale ("C").
Checking if this is ActiveState Perl 5.8.8 build 822 or higher... no
Checking if this is gcc 3.4 on Windows trying to link against an import library... no
Checking if your kit is complete...
Looks good
Generating a Unix-style Makefile
Writing Makefile for Variable::Magic
Writing MYMETA.yml and MYMETA.json
>>> Source configured.
>>> Compiling source in /tmp/portage/dev-perl/Variable-Magic-0.620.0/work/Variable-Magic-0.62 ...
 [32;01m*[0m emake OTHERLDFLAGS=-Wl,-O1 -Wl,--as-needed -Wl,--defsym=__gentoo_check_ldflags__=0 -Wl,--hash-style=gnu -Wl,-z,norelro
make -j12 'OTHERLDFLAGS=-Wl,-O1 -Wl,--as-needed -Wl,--defsym=__gentoo_check_ldflags__=0 -Wl,--hash-style=gnu -Wl,-z,norelro' 
"/usr/bin/perl" "/usr/lib64/perl5/5.30.1/ExtUtils/xsubpp"  -typemap '/usr/lib64/perl5/5.30.1/ExtUtils/typemap'  Magic.xs > Magic.xsc
Running Mkbootstrap for Magic ()
perl: warning: Setting locale failed.
perl: warning: Please check that your locale settings:
	LANGUAGE = (unset),
	LC_ALL = (unset),
	LC_COLLATE = "C",
	LC_MESSAGES = "C",
	LANG = "it_IT.UTF-8"
    are supported and installed on your system.
perl: warning: Falling back to the standard locale ("C").
perl: warning: Setting locale failed.
perl: warning: Please check that your locale settings:
	LANGUAGE = (unset),
	LC_ALL = (unset),
	LC_COLLATE = "C",
	LC_MESSAGES = "C",
	LANG = "it_IT.UTF-8"
    are supported and installed on your system.
perl: warning: Falling back to the standard locale ("C").
perl: warning: Setting locale failed.
perl: warning: Please check that your locale settings:
	LANGUAGE = (unset),
	LC_ALL = (unset),
	LC_COLLATE = "C",
	LC_MESSAGES = "C",
	LANG = "it_IT.UTF-8"
    are supported and installed on your system.
perl: warning: Falling back to the standard locale ("C").
perl: warning: Setting locale failed.
perl: warning: Please check that your locale settings:
	LANGUAGE = (unset),
	LC_ALL = (unset),
	LC_COLLATE = "C",
	LC_MESSAGES = "C",
	LANG = "it_IT.UTF-8"
    are supported and installed on your system.
perl: warning: Falling back to the standard locale ("C").
perl: warning: Setting locale failed.
perl: warning: Please check that your locale settings:
	LANGUAGE = (unset),
	LC_ALL = (unset),
	LC_COLLATE = "C",
	LC_MESSAGES = "C",
	LANG = "it_IT.UTF-8"
    are supported and installed on your system.
perl: warning: Falling back to the standard locale ("C").
perl: warning: Setting locale failed.
perl: warning: Setting locale failed.
perl: warning: Please check that your locale settings:
	LANGUAGE = (unset),
	LC_ALL = (unset),
perl: warning: Please check that your locale settings:
	LC_COLLATE = "C",
	LANGUAGE = (unset),
	LC_MESSAGES = "C",
	LC_ALL = (unset),
	LANG = "it_IT.UTF-8"
    are supported and installed on your system.
	LC_COLLATE = "C",
	LC_MESSAGES = "C",
	LANG = "it_IT.UTF-8"
    are supported and installed on your system.
perl: warning: Falling back to the standard locale ("C").
perl: warning: Falling back to the standard locale ("C").
perl: warning: Setting locale failed.
perl: warning: Please check that your locale settings:
	LANGUAGE = (unset),
	LC_ALL = (unset),
	LC_COLLATE = "C",
	LC_MESSAGES = "C",
	LANG = "it_IT.UTF-8"
    are supported and installed on your system.
perl: warning: Falling back to the standard locale ("C").
perl: warning: Setting locale failed.
perl: warning: Please check that your locale settings:
	LANGUAGE = (unset),
	LC_ALL = (unset),
	LC_COLLATE = "C",
	LC_MESSAGES = "C",
	LANG = "it_IT.UTF-8"
    are supported and installed on your system.
perl: warning: Falling back to the standard locale ("C").
perl: warning: Setting locale failed.
perl: warning: Please check that your locale settings:
	LANGUAGE = (unset),
	LC_ALL = (unset),
	LC_COLLATE = "C",
	LC_MESSAGES = "C",
	LANG = "it_IT.UTF-8"
    are supported and installed on your system.
perl: warning: Falling back to the standard locale ("C").
perl: warning: Setting locale failed.
perl: warning: Please check that your locale settings:
	LANGUAGE = (unset),
	LC_ALL = (unset),
	LC_COLLATE = "C",
	LC_MESSAGES = "C",
	LANG = "it_IT.UTF-8"
    are supported and installed on your system.
perl: warning: Falling back to the standard locale ("C").
chmod 644 "Magic.bs"
"/usr/bin/perl" -MExtUtils::Command::MM -e 'cp_nonempty' -- Magic.bs blib/arch/auto/Variable/Magic/Magic.bs 644
perl: warning: Setting locale failed.
perl: warning: Please check that your locale settings:
	LANGUAGE = (unset),
	LC_ALL = (unset),
	LC_COLLATE = "C",
	LC_MESSAGES = "C",
	LANG = "it_IT.UTF-8"
    are supported and installed on your system.
perl: warning: Falling back to the standard locale ("C").
cp lib/Variable/Magic.pm blib/lib/Variable/Magic.pm
mv Magic.xsc Magic.c
x86_64-pc-linux-gnu-gcc -c   -fwrapv -fno-strict-aliasing -pipe -D_LARGEFILE_SOURCE -D_FILE_OFFSET_BITS=64 -O2 -march=x86-64 -g0 -fno-stack-protector -fno-stack-clash-protection -fstack-check=no -fno-stack-check   -DVERSION=\"0.62\" -DXS_VERSION=\"0.62\" -fPIC "-I/usr/lib64/perl5/5.30.1/x86_64-linux/CORE"   Magic.c
rm -f blib/arch/auto/Variable/Magic/Magic.so
x86_64-pc-linux-gnu-gcc  -shared -O2 -march=x86-64 -g0 -fno-stack-protector -fno-stack-clash-protection -fstack-check=no -fno-stack-check -Wl,-O1 -Wl,--as-needed -Wl,--hash-style=gnu -Wl,-z,norelro  Magic.o -Wl,-O1 -Wl,--as-needed -Wl,--defsym=__gentoo_check_ldflags__=0 -Wl,--hash-style=gnu -Wl,-z,norelro -o blib/arch/auto/Variable/Magic/Magic.so  \
      \
  
chmod 755 blib/arch/auto/Variable/Magic/Magic.so
>>> Source compiled.
>>> Test phase: dev-perl/Variable-Magic-0.620.0
 [32;01m*[0m Test::Harness Jobs=12
make -j12 test TEST_VERBOSE=0 
"/usr/bin/perl" -MExtUtils::Command::MM -e 'cp_nonempty' -- Magic.bs blib/arch/auto/Variable/Magic/Magic.bs 644
perl: warning: Setting locale failed.
perl: warning: Please check that your locale settings:
	LANGUAGE = (unset),
	LC_ALL = (unset),
	LC_COLLATE = "C",
	LC_MESSAGES = "C",
	LANG = "it_IT.UTF-8"
    are supported and installed on your system.
perl: warning: Falling back to the standard locale ("C").
PERL_DL_NONLAZY=1 "/usr/bin/perl" "-MExtUtils::Command::MM" "-MTest::Harness" "-e" "undef *Test::Harness::Switches; test_harness(0, 'blib/lib', 'blib/arch')" t/*.t
perl: warning: Setting locale failed.
perl: warning: Please check that your locale settings:
	LANGUAGE = (unset),
	LC_ALL = (unset),
	LC_COLLATE = "C",
	LC_MESSAGES = "C",
	LANG = "it_IT.UTF-8"
    are supported and installed on your system.
perl: warning: Falling back to the standard locale ("C").
perl: warning: Setting locale failed.
perl: warning: Please check that your locale settings:
	LANGUAGE = (unset),
	LC_ALL = (unset),
	LC_COLLATE = "C",
	LC_MESSAGES = "C",
	LANG = "it_IT.UTF-8"
    are supported and installed on your system.
perl: warning: Falling back to the standard locale ("C").
perl: warning: Setting locale failed.
perl: warning: Please check that your locale settings:
	LANGUAGE = (unset),
	LC_ALL = (unset),
	LC_COLLATE = "C",
	LC_MESSAGES = "C",
	LANG = "it_IT.UTF-8"
    are supported and installed on your system.
perl: warning: Falling back to the standard locale ("C").
perl: warning: Setting locale failed.
perl: warning: Please check that your locale settings:
	LANGUAGE = (unset),
	LC_ALL = (unset),
	LC_COLLATE = "C",
	LC_MESSAGES = "C",
	LANG = "it_IT.UTF-8"
    are supported and installed on your system.
perl: warning: Falling back to the standard locale ("C").
perl: warning: Setting locale failed.
perl: warning: Please check that your locale settings:
	LANGUAGE = (unset),
	LC_ALL = (unset),
	LC_COLLATE = "C",
	LC_MESSAGES = "C",
	LANG = "it_IT.UTF-8"
    are supported and installed on your system.
perl: warning: Falling back to the standard locale ("C").
perl: warning: Setting locale failed.
perl: warning: Please check that your locale settings:
	LANGUAGE = (unset),
	LC_ALL = (unset),
	LC_COLLATE = "C",
	LC_MESSAGES = "C",
	LANG = "it_IT.UTF-8"
    are supported and installed on your system.
perl: warning: Falling back to the standard locale ("C").
perl: warning: Setting locale failed.
perl: warning: Please check that your locale settings:
	LANGUAGE = (unset),
	LC_ALL = (unset),
	LC_COLLATE = "C",
	LC_MESSAGES = "C",
	LANG = "it_IT.UTF-8"
    are supported and installed on your system.
perl: warning: Falling back to the standard locale ("C").
# According to Config::Perl::V version 0.32, this is NOT a debugging perl
# Not testing global destruction
perl: warning: Setting locale failed.
perl: warning: Please check that your locale settings:
	LANGUAGE = (unset),
	LC_ALL = (unset),
	LC_COLLATE = "C",
	LC_MESSAGES = "C",
	LANG = "it_IT.UTF-8"
    are supported and installed on your system.
perl: warning: Falling back to the standard locale ("C").
# Using Hash::Util::FieldHash 1.20
===(       1;0  1/1   0/44  0/2  0/?   0/43   0/74   0/35   0/26... )======(       2;0  1/1   1/44  0/2  0/?   0/43   0/74   0/35   0/26... )===# Testing Variable::Magic 0.62, Perl 5.030001 (no patchlevel), /usr/bin/perl
                                                                        t/00-load.t .......... ok
===(       2;0   1/44  0/2  0/?   0/43   0/74   0/35   0/26    0... )======(       4;0   2/44  1/2  0/?   0/43   0/74   0/35   0/26    0... )===                                                                        t/09-load-threads.t .. skipped: This perl wasn't built to support threads
===(       5;0   3/44  1/2   0/43   0/74   0/35   0/26    0/162 ... )===                                                                        t/02-constants.t ..... ok
===(       8;0   5/44   0/43   0/74   0/35   0/26    0/162   0/1... )======(      11;0   7/44   1/43   0/74   0/35   0/26    0/162   0/1... )===perl: warning: Setting locale failed.
perl: warning: Please check that your locale settings:
	LANGUAGE = (unset),
	LC_ALL = (unset),
	LC_COLLATE = "C",
	LC_MESSAGES = "C",
	LANG = "it_IT.UTF-8"
    are supported and installed on your system.
perl: warning: Falling back to the standard locale ("C").
===(      12;0   7/44   1/43   1/74   0/35   0/26    0/162   0/1... )======(      14;0   7/44   2/43   1/74   1/35   0/26    0/162   0/1... )======(      16;0   7/44   2/43   2/74   1/35   1/26    0/162   0/1... )======(      18;0   7/44   2/43   2/74   2/35   1/26    1/162   0/1... )======(      20;0   7/44   2/43   2/74   2/35   2/26    1/162   1/1... )======(      22;0   7/44   2/43   2/74   2/35   2/26    2/162   1/1... )======(      25;0   7/44   2/43   2/74   2/35   2/26    2/162   2/1... )===perl: warning: Setting locale failed.
perl: warning: Please check that your locale settings:
	LANGUAGE = (unset),
	LC_ALL = (unset),
	LC_COLLATE = "C",
	LC_MESSAGES = "C",
	LANG = "it_IT.UTF-8"
    are supported and installed on your system.
perl: warning: Falling back to the standard locale ("C").
===(      43;0   9/44   4/43   4/74   4/35   4/26    4/162   4/1... )======(      47;0  10/44   4/43   4/74   4/35   4/26    4/162   4/1... )======(      92;0  14/44   8/43   8/74   8/35   8/26    8/162   8/1... )===perl: warning: Setting locale failed.
perl: warning: Please check that your locale settings:
	LANGUAGE = (unset),
	LC_ALL = (unset),
	LC_COLLATE = "C",
	LC_MESSAGES = "C",
	LANG = "it_IT.UTF-8"
    are supported and installed on your system.
perl: warning: Falling back to the standard locale ("C").
                                                                        t/20-get.t ........... ok
===(     203;0  23/44  18/43  18/74  18/35  18/26   18/162  18/1... )===                                                                        t/16-huf.t ........... ok
===(     218;0  25/44  20/43  20/74  20/35  20/26   19/162  18/9... )===perl: warning: Setting locale failed.
perl: warning: Please check that your locale settings:
	LANGUAGE = (unset),
	LC_ALL = (unset),
	LC_COLLATE = "C",
	LC_MESSAGES = "C",
	LANG = "it_IT.UTF-8"
    are supported and installed on your system.
perl: warning: Falling back to the standard locale ("C").
                                                                        t/21-set.t ........... ok
===(     239;0  28/44  22/43  22/74  22/35  22/26   21/162  20/9... )======(     240;0  28/44  22/43  22/74  22/35  22/26   21/162  20/9... )======(     256;0  30/44  24/43  24/74  24/35  24/26   23/162  21/9... )===perl: warning: Setting locale failed.
perl: warning: Please check that your locale settings:
	LANGUAGE = (unset),
	LC_ALL = (unset),
	LC_COLLATE = "C",
	LC_MESSAGES = "C",
	LANG = "it_IT.UTF-8"
    are supported and installed on your system.
perl: warning: Falling back to the standard locale ("C").
===(     284;0  33/44  26/43  26/74  26/35  26/26   25/162  24/9... )===perl: warning: Setting locale failed.
perl: warning: Please check that your locale settings:
	LANGUAGE = (unset),
	LC_ALL = (unset),
	LC_COLLATE = "C",
	LC_MESSAGES = "C",
	LANG = "it_IT.UTF-8"
    are supported and installed on your system.
perl: warning: Falling back to the standard locale ("C").
                                                                        t/14-callbacks.t ..... ok
===(     293;0  34/44  28/43  28/74  27/35   25/162  24/96   23/... )===perl: warning: Setting locale failed.
perl: warning: Please check that your locale settings:
	LANGUAGE = (unset),
	LC_ALL = (unset),
	LC_COLLATE = "C",
	LC_MESSAGES = "C",
	LANG = "it_IT.UTF-8"
    are supported and installed on your system.
perl: warning: Falling back to the standard locale ("C").
===(     345;0  40/44  33/43  32/74  31/35   29/162  28/96   27/... )===perl: warning: Setting locale failed.
perl: warning: Please check that your locale settings:
	LANGUAGE = (unset),
	LC_ALL = (unset),
	LC_COLLATE = "C",
	LC_MESSAGES = "C",
	LANG = "it_IT.UTF-8"
    are supported and installed on your system.
perl: warning: Falling back to the standard locale ("C").
                                                                        t/24-free.t .......... ok
===(     377;0  42/44  36/43  36/74  35/35   33/162  31/96   29/... )===perl: warning: Setting locale failed.
perl: warning: Please check that your locale settings:
	LANGUAGE = (unset),
	LC_ALL = (unset),
	LC_COLLATE = "C",
	LC_MESSAGES = "C",
	LANG = "it_IT.UTF-8"
    are supported and installed on your system.
perl: warning: Falling back to the standard locale ("C").
                                                                        t/13-data.t .......... ok
===(     387;0  44/44  38/43  37/74   33/162  31/96   29/139  25... )===perl: warning: Setting locale failed.
perl: warning: Please check that your locale settings:
	LANGUAGE = (unset),
	LC_ALL = (unset),
	LC_COLLATE = "C",
	LC_MESSAGES = "C",
	LANG = "it_IT.UTF-8"
    are supported and installed on your system.
perl: warning: Falling back to the standard locale ("C").
                                                                        t/01-import.t ........ ok
===(     388;0  38/43  37/74   33/162  31/96   29/139  25/55  13... )===perl: warning: Setting locale failed.
perl: warning: Please check that your locale settings:
	LANGUAGE = (unset),
	LC_ALL = (unset),
	LC_COLLATE = "C",
	LC_MESSAGES = "C",
	LANG = "it_IT.UTF-8"
    are supported and installed on your system.
perl: warning: Falling back to the standard locale ("C").
perl: warning: Setting locale failed.
perl: warning: Please check that your locale settings:
	LANGUAGE = (unset),
	LC_ALL = (unset),
	LC_COLLATE = "C",
	LC_MESSAGES = "C",
	LANG = "it_IT.UTF-8"
    are supported and installed on your system.
perl: warning: Falling back to the standard locale ("C").
===(     410;0  40/43  39/74   35/162  33/96   31/139  28/55  16... )===perl: warning: Setting locale failed.
perl: warning: Please check that your locale settings:
	LANGUAGE = (unset),
	LC_ALL = (unset),
	LC_COLLATE = "C",
	LC_MESSAGES = "C",
	LANG = "it_IT.UTF-8"
    are supported and installed on your system.
perl: warning: Falling back to the standard locale ("C").
perl: warning: Setting locale failed.
perl: warning: Please check that your locale settings:
	LANGUAGE = (unset),
	LC_ALL = (unset),
	LC_COLLATE = "C",
	LC_MESSAGES = "C",
	LANG = "it_IT.UTF-8"
    are supported and installed on your system.
perl: warning: Falling back to the standard locale ("C").
                                                                        t/10-simple.t ........ ok
===(     433;0  42/74   37/162  35/96   33/139  31/55  18/18  14... )===                                                                        t/23-clear.t ......... ok
===(     433;0  42/74   37/162  35/96   33/139  31/55  14/48   8... )======(     434;0  42/74   37/162  35/96   33/139  31/55  14/48   8... )===perl: warning: Setting locale failed.
perl: warning: Please check that your locale settings:
	LANGUAGE = (unset),
	LC_ALL = (unset),
	LC_COLLATE = "C",
	LC_MESSAGES = "C",
	LANG = "it_IT.UTF-8"
    are supported and installed on your system.
perl: warning: Falling back to the standard locale ("C").
===(     441;0  43/74   37/162  35/96   33/139  33/55  15/48   9... )===perl: warning: Setting locale failed.
perl: warning: Please check that your locale settings:
	LANGUAGE = (unset),
	LC_ALL = (unset),
	LC_COLLATE = "C",
	LC_MESSAGES = "C",
	LANG = "it_IT.UTF-8"
    are supported and installed on your system.
perl: warning: Falling back to the standard locale ("C").
===(     472;0  46/74   41/162  39/96   36/139  35/55  18/48  12... )======(     499;0  48/74   43/162  41/96   39/139  38/55  21/48  14... )===                                                                        t/27-local.t ......... ok
===(     614;0  58/74   53/162  51/96   49/139  49/55  31/48  19... )===perl: warning: Setting locale failed.
perl: warning: Please check that your locale settings:
	LANGUAGE = (unset),
	LC_ALL = (unset),
	LC_COLLATE = "C",
	LC_MESSAGES = "C",
	LANG = "it_IT.UTF-8"
    are supported and installed on your system.
perl: warning: Falling back to the standard locale ("C").
# Using Symbol 1.08
                                                                        t/22-len.t ........... ok
===(     680;0  64/74   59/162  57/96   55/139  38/48  25/75  22... )======(     686;0  64/74   59/162  57/96   55/139  39/48  26/75  22... )===perl: warning: Setting locale failed.
perl: warning: Please check that your locale settings:
	LANGUAGE = (unset),
	LC_ALL = (unset),
	LC_COLLATE = "C",
	LC_MESSAGES = "C",
	LANG = "it_IT.UTF-8"
    are supported and installed on your system.
perl: warning: Falling back to the standard locale ("C").
===(     727;0  68/74   63/162  61/96   59/139  43/48  29/75  26... )===# Using Tie::Array 1.07
# Using Tie::Hash 1.05
                                                                        t/25-copy.t .......... ok
===(     794;0  74/74   69/162  67/96   65/139  35/75  32/76  34... )===                                                                        t/11-multiple.t ...... ok
===(     801;0   69/162  67/96   65/139  36/75  32/76  35/68  20... )===perl: warning: Setting locale failed.
perl: warning: Please check that your locale settings:
	LANGUAGE = (unset),
	LC_ALL = (unset),
	LC_COLLATE = "C",
	LC_MESSAGES = "C",
	LANG = "it_IT.UTF-8"
    are supported and installed on your system.
perl: warning: Falling back to the standard locale ("C").
perl: warning: Setting locale failed.
perl: warning: Please check that your locale settings:
	LANGUAGE = (unset),
	LC_ALL = (unset),
	LC_COLLATE = "C",
	LC_MESSAGES = "C",
	LANG = "it_IT.UTF-8"
    are supported and installed on your system.
perl: warning: Falling back to the standard locale ("C").
                                                                        t/40-threads.t ....... skipped: This perl wasn't built to support threads
===(     843;0   73/162  71/96   69/139  40/75  36/76  40/68  24... )===                                                                        t/41-clone.t ......... skipped: This perl wasn't built to support threads
===(     848;0   73/162  71/96   69/139  41/75  36/76  41/68  25... )===                                                                        t/33-code.t .......... ok
===(     848;0   73/162  71/96   69/139  41/75  36/76  41/68  25... )===perl: warning: Setting locale failed.
perl: warning: Please check that your locale settings:
	LANGUAGE = (unset),
	LC_ALL = (unset),
	LC_COLLATE = "C",
	LC_MESSAGES = "C",
	LANG = "it_IT.UTF-8"
    are supported and installed on your system.
perl: warning: Falling back to the standard locale ("C").
perl: warning: Setting locale failed.
perl: warning: Please check that your locale settings:
	LANGUAGE = (unset),
	LC_ALL = (unset),
	LC_COLLATE = "C",
	LC_MESSAGES = "C",
	LANG = "it_IT.UTF-8"
    are supported and installed on your system.
perl: warning: Falling back to the standard locale ("C").
===(     886;0   77/162  75/96   73/139  45/75  40/76  46/68  29... )======(     890;0   77/162  75/96   73/139  46/75  40/76  46/68  30... )===                                                                        t/34-glob.t .......... ok
===(    1071;0   94/162  91/96   89/139  62/75  58/76  63/68  47... )===                                                                        t/31-array.t ......... ok
===(    1121;0   98/162  95/96   93/139  67/75  63/76  53/94  38... )===perl: warning: Setting locale failed.
perl: warning: Please check that your locale settings:
	LANGUAGE = (unset),
	LC_ALL = (unset),
	LC_COLLATE = "C",
	LC_MESSAGES = "C",
	LANG = "it_IT.UTF-8"
    are supported and installed on your system.
perl: warning: Falling back to the standard locale ("C").
# Using IO::Handle 1.40
# Using IO::Select 1.40
# Using IPC::Open3 1.20
                                                                        t/17-ctl.t ........... ok
===(    1137;0  100/162   94/139  69/75  65/76  55/94  40/43  24... )===                                                                        t/35-stash.t ......... ok
===(    1158;0  102/162   96/139  72/75  67/76  58/94  27/33  26/47 )===# Using Tie::Hash 1.05
                                                                        t/28-uvar.t .......... ok
===(    1183;0  106/162   98/139  71/76  62/94  31/33  30/47 )==========                                                                        t/50-return.t ........ ok
===(    1195;0  108/162  100/139  73/76  64/94  32/47 )=================# Using Tie::Array 1.07
                                                                        t/30-scalar.t ........ ok
===(    1210;0  110/162  102/139  68/94  36/47 )========================                                                                        t/80-leaks.t ......... ok
===(    1253;0  120/162  112/139  80/94 )===============================                                                                        t/32-hash.t .......... ok
===(    1295;0  134/162  126/139 )======================================perl: warning: Setting locale failed.
perl: warning: Please check that your locale settings:
	LANGUAGE = (unset),
	LC_ALL = (unset),
	LC_COLLATE = "C",
	LC_MESSAGES = "C",
	LANG = "it_IT.UTF-8"
    are supported and installed on your system.
perl: warning: Falling back to the standard locale ("C").
                                                                        t/18-opinfo.t ........ ok
t/15-self.t .......... t/15-self.t .......... 149/162                                 t/15-self.t .......... ok
All tests successful.
Files=30, Tests=1336,  0 wallclock secs ( 0.11 usr  0.03 sys +  1.29 cusr  0.22 csys =  1.65 CPU)
Result: PASS
>>> Completed testing dev-perl/Variable-Magic-0.620.0

>>> Install dev-perl/Variable-Magic-0.620.0 into /tmp/portage/dev-perl/Variable-Magic-0.620.0/image/
make -j12 pure_install 
"/usr/bin/perl" -MExtUtils::Command::MM -e 'cp_nonempty' -- Magic.bs blib/arch/auto/Variable/Magic/Magic.bs 644
perl: warning: Setting locale failed.
perl: warning: Please check that your locale settings:
	LANGUAGE = (unset),
	LC_ALL = (unset),
	LC_COLLATE = "C",
	LC_MESSAGES = "C",
	LANG = "it_IT.UTF-8"
    are supported and installed on your system.
perl: warning: Falling back to the standard locale ("C").
perl: warning: Setting locale failed.
perl: warning: Please check that your locale settings:
	LANGUAGE = (unset),
	LC_ALL = (unset),
	LC_COLLATE = "C",
	LC_MESSAGES = "C",
	LANG = "it_IT.UTF-8"
    are supported and installed on your system.
perl: warning: Falling back to the standard locale ("C").
Files found in blib/arch: installing files in blib/lib into architecture dependent library tree
Installing /tmp/portage/dev-perl/Variable-Magic-0.620.0/image/usr/lib64/perl5/vendor_perl/5.30.1/x86_64-linux/auto/Variable/Magic/Magic.so
Installing /tmp/portage/dev-perl/Variable-Magic-0.620.0/image/usr/lib64/perl5/vendor_perl/5.30.1/x86_64-linux/Variable/Magic.pm
 [32;01m*[0m Fixing packlist file /usr/lib64/perl5/vendor_perl/5.30.1/x86_64-linux/auto/Variable/Magic/.packlist
>>> Completed installing dev-perl/Variable-Magic-0.620.0 into /tmp/portage/dev-perl/Variable-Magic-0.620.0/image/

 [32;01m*[0m Final size of build directory: 720 KiB
 [32;01m*[0m Final size of installed tree:  180 KiB

strip: x86_64-pc-linux-gnu-strip --strip-unneeded -N __gentoo_check_ldflags__ -R .comment -R .GCC.command.line -R .note.gnu.gold-version
   /usr/lib64/perl5/vendor_perl/5.30.1/x86_64-linux/auto/Variable/Magic/Magic.so
./
./usr/
./usr/lib/
./usr/lib/debug/
./usr/lib/debug/usr/
./usr/lib/debug/usr/lib64/
./usr/lib/debug/usr/lib64/perl5/
./usr/lib/debug/usr/lib64/perl5/vendor_perl/
./usr/lib/debug/usr/lib64/perl5/vendor_perl/5.30.1/
./usr/lib/debug/usr/lib64/perl5/vendor_perl/5.30.1/x86_64-linux/
./usr/lib/debug/usr/lib64/perl5/vendor_perl/5.30.1/x86_64-linux/auto/
./usr/lib/debug/usr/lib64/perl5/vendor_perl/5.30.1/x86_64-linux/auto/Variable/
./usr/lib/debug/usr/lib64/perl5/vendor_perl/5.30.1/x86_64-linux/auto/Variable/Magic/
./usr/lib/debug/usr/lib64/perl5/vendor_perl/5.30.1/x86_64-linux/auto/Variable/Magic/Magic.so.debug
./usr/share/
./usr/share/doc/
./usr/share/doc/Variable-Magic-0.620.0/
./usr/share/doc/Variable-Magic-0.620.0/README.bz2
./usr/share/doc/Variable-Magic-0.620.0/Changes.bz2
./usr/lib64/
./usr/lib64/perl5/
./usr/lib64/perl5/vendor_perl/
./usr/lib64/perl5/vendor_perl/5.30.1/
./usr/lib64/perl5/vendor_perl/5.30.1/x86_64-linux/
./usr/lib64/perl5/vendor_perl/5.30.1/x86_64-linux/Variable/
./usr/lib64/perl5/vendor_perl/5.30.1/x86_64-linux/Variable/Magic.pm
./usr/lib64/perl5/vendor_perl/5.30.1/x86_64-linux/auto/
./usr/lib64/perl5/vendor_perl/5.30.1/x86_64-linux/auto/Variable/
./usr/lib64/perl5/vendor_perl/5.30.1/x86_64-linux/auto/Variable/Magic/
./usr/lib64/perl5/vendor_perl/5.30.1/x86_64-linux/auto/Variable/Magic/.packlist
./usr/lib64/perl5/vendor_perl/5.30.1/x86_64-linux/auto/Variable/Magic/Magic.so
>>> Done.
 [32;01m*[39;49;00m checking 6 files for package collisions
>>> Merging dev-perl/Variable-Magic-0.620.0 to /
--- /usr/
--- /usr/lib64/
--- /usr/lib64/perl5/
--- /usr/lib64/perl5/vendor_perl/
--- /usr/lib64/perl5/vendor_perl/5.30.1/
--- /usr/lib64/perl5/vendor_perl/5.30.1/x86_64-linux/
--- /usr/lib64/perl5/vendor_perl/5.30.1/x86_64-linux/auto/
>>> /usr/lib64/perl5/vendor_perl/5.30.1/x86_64-linux/auto/Variable/
>>> /usr/lib64/perl5/vendor_perl/5.30.1/x86_64-linux/auto/Variable/Magic/
>>> /usr/lib64/perl5/vendor_perl/5.30.1/x86_64-linux/auto/Variable/Magic/Magic.so
>>> /usr/lib64/perl5/vendor_perl/5.30.1/x86_64-linux/auto/Variable/Magic/.packlist
>>> /usr/lib64/perl5/vendor_perl/5.30.1/x86_64-linux/Variable/
>>> /usr/lib64/perl5/vendor_perl/5.30.1/x86_64-linux/Variable/Magic.pm
--- /usr/share/
--- /usr/share/doc/
>>> /usr/share/doc/Variable-Magic-0.620.0/
>>> /usr/share/doc/Variable-Magic-0.620.0/Changes.bz2
>>> /usr/share/doc/Variable-Magic-0.620.0/README.bz2
--- /usr/lib/
--- /usr/lib/debug/
--- /usr/lib/debug/usr/
--- /usr/lib/debug/usr/lib64/
>>> /usr/lib/debug/usr/lib64/perl5/
>>> /usr/lib/debug/usr/lib64/perl5/vendor_perl/
>>> /usr/lib/debug/usr/lib64/perl5/vendor_perl/5.30.1/
>>> /usr/lib/debug/usr/lib64/perl5/vendor_perl/5.30.1/x86_64-linux/
>>> /usr/lib/debug/usr/lib64/perl5/vendor_perl/5.30.1/x86_64-linux/auto/
>>> /usr/lib/debug/usr/lib64/perl5/vendor_perl/5.30.1/x86_64-linux/auto/Variable/
>>> /usr/lib/debug/usr/lib64/perl5/vendor_perl/5.30.1/x86_64-linux/auto/Variable/Magic/
>>> /usr/lib/debug/usr/lib64/perl5/vendor_perl/5.30.1/x86_64-linux/auto/Variable/Magic/Magic.so.debug
>>> dev-perl/Variable-Magic-0.620.0 merged.
>>> Regenerating /etc/ld.so.cache...
