[32;01m * [39;49;00mPackage:    dev-perl/Term-Table-0.8.0
[32;01m * [39;49;00mRepository: gentoo
[32;01m * [39;49;00mMaintainer: perl@gentoo.org
[32;01m * [39;49;00mUSE:        abi_x86_64 amd64 elibc_glibc kernel_linux test userland_GNU
[32;01m * [39;49;00mFEATURES:   network-sandbox preserve-libs sandbox splitdebug test userpriv usersandbox
>>> Unpacking source...
>>> Unpacking Term-Table-0.008.tar.gz to /tmp/portage/dev-perl/Term-Table-0.8.0/work
>>> Source unpacked in /tmp/portage/dev-perl/Term-Table-0.8.0/work
>>> Preparing source in /tmp/portage/dev-perl/Term-Table-0.8.0/work/Term-Table-0.008 ...
>>> Source prepared.
>>> Configuring source in /tmp/portage/dev-perl/Term-Table-0.8.0/work/Term-Table-0.008 ...
perl: warning: Setting locale failed.
perl: warning: Please check that your locale settings:
	LANGUAGE = (unset),
	LC_ALL = (unset),
	LC_COLLATE = "C",
	LC_MESSAGES = "C",
	LANG = "it_IT.UTF-8"
    are supported and installed on your system.
perl: warning: Falling back to the standard locale ("C").
 [32;01m*[0m Using ExtUtils::MakeMaker
 [32;01m*[0m perl Makefile.PL PREFIX=/usr INSTALLDIRS=vendor INSTALLMAN3DIR=none DESTDIR=/tmp/portage/dev-perl/Term-Table-0.8.0/image/
perl: warning: Setting locale failed.
perl: warning: Please check that your locale settings:
	LANGUAGE = (unset),
	LC_ALL = (unset),
	LC_COLLATE = "C",
	LC_MESSAGES = "C",
	LANG = "it_IT.UTF-8"
    are supported and installed on your system.
perl: warning: Falling back to the standard locale ("C").
Checking if your kit is complete...
Looks good
Generating a Unix-style Makefile
Writing Makefile for Term::Table
Writing MYMETA.yml and MYMETA.json
>>> Source configured.
>>> Compiling source in /tmp/portage/dev-perl/Term-Table-0.8.0/work/Term-Table-0.008 ...
 [32;01m*[0m emake OTHERLDFLAGS=-Wl,-O1 -Wl,--as-needed -Wl,--defsym=__gentoo_check_ldflags__=0 -Wl,--hash-style=gnu -Wl,-z,norelro
make -j12 'OTHERLDFLAGS=-Wl,-O1 -Wl,--as-needed -Wl,--defsym=__gentoo_check_ldflags__=0 -Wl,--hash-style=gnu -Wl,-z,norelro' 
perl: warning: Setting locale failed.
perl: warning: Please check that your locale settings:
	LANGUAGE = (unset),
	LC_ALL = (unset),
	LC_COLLATE = "C",
	LC_MESSAGES = "C",
	LANG = "it_IT.UTF-8"
    are supported and installed on your system.
perl: warning: Falling back to the standard locale ("C").
perl: warning: Setting locale failed.
perl: warning: Please check that your locale settings:
	LANGUAGE = (unset),
	LC_ALL = (unset),
	LC_COLLATE = "C",
	LC_MESSAGES = "C",
	LANG = "it_IT.UTF-8"
    are supported and installed on your system.
perl: warning: Falling back to the standard locale ("C").
perl: warning: Setting locale failed.
perl: warning: Please check that your locale settings:
	LANGUAGE = (unset),
	LC_ALL = (unset),
	LC_COLLATE = "C",
	LC_MESSAGES = "C",
	LANG = "it_IT.UTF-8"
    are supported and installed on your system.
perl: warning: Falling back to the standard locale ("C").
perl: warning: Setting locale failed.
perl: warning: Please check that your locale settings:
	LANGUAGE = (unset),
	LC_ALL = (unset),
	LC_COLLATE = "C",
	LC_MESSAGES = "C",
	LANG = "it_IT.UTF-8"
    are supported and installed on your system.
perl: warning: Falling back to the standard locale ("C").
perl: warning: Setting locale failed.
perl: warning: Please check that your locale settings:
	LANGUAGE = (unset),
	LC_ALL = (unset),
	LC_COLLATE = "C",
	LC_MESSAGES = "C",
	LANG = "it_IT.UTF-8"
    are supported and installed on your system.
perl: warning: Falling back to the standard locale ("C").
perl: warning: Setting locale failed.
perl: warning: Please check that your locale settings:
	LANGUAGE = (unset),
	LC_ALL = (unset),
	LC_COLLATE = "C",
	LC_MESSAGES = "C",
	LANG = "it_IT.UTF-8"
    are supported and installed on your system.
perl: warning: Falling back to the standard locale ("C").
perl: warning: Setting locale failed.
perl: warning: Please check that your locale settings:
	LANGUAGE = (unset),
	LC_ALL = (unset),
	LC_COLLATE = "C",
	LC_MESSAGES = "C",
	LANG = "it_IT.UTF-8"
    are supported and installed on your system.
perl: warning: Falling back to the standard locale ("C").
perl: warning: Setting locale failed.
perl: warning: Please check that your locale settings:
	LANGUAGE = (unset),
	LC_ALL = (unset),
	LC_COLLATE = "C",
	LC_MESSAGES = "C",
	LANG = "it_IT.UTF-8"
    are supported and installed on your system.
perl: warning: Falling back to the standard locale ("C").
perl: warning: Setting locale failed.
perl: warning: Please check that your locale settings:
	LANGUAGE = (unset),
	LC_ALL = (unset),
	LC_COLLATE = "C",
	LC_MESSAGES = "C",
	LANG = "it_IT.UTF-8"
    are supported and installed on your system.
perl: warning: Falling back to the standard locale ("C").
cp lib/Term/Table/Spacer.pm blib/lib/Term/Table/Spacer.pm
cp lib/Term/Table.pm blib/lib/Term/Table.pm
cp lib/Term/Table/Util.pm blib/lib/Term/Table/Util.pm
cp lib/Term/Table/HashBase.pm blib/lib/Term/Table/HashBase.pm
cp lib/Term/Table/CellStack.pm blib/lib/Term/Table/CellStack.pm
cp lib/Term/Table/LineBreak.pm blib/lib/Term/Table/LineBreak.pm
cp lib/Term/Table/Cell.pm blib/lib/Term/Table/Cell.pm
>>> Source compiled.
>>> Test phase: dev-perl/Term-Table-0.8.0
 [32;01m*[0m Test::Harness Jobs=12
make -j12 test TEST_VERBOSE=0 
PERL_DL_NONLAZY=1 "/usr/bin/perl" "-MExtUtils::Command::MM" "-MTest::Harness" "-e" "undef *Test::Harness::Switches; test_harness(0, 'blib/lib', 'blib/arch')" t/*.t t/Table/*.t
perl: warning: Setting locale failed.
perl: warning: Please check that your locale settings:
	LANGUAGE = (unset),
	LC_ALL = (unset),
	LC_COLLATE = "C",
	LC_MESSAGES = "C",
	LANG = "it_IT.UTF-8"
    are supported and installed on your system.
perl: warning: Falling back to the standard locale ("C").
perl: warning: Setting locale failed.
perl: warning: Please check that your locale settings:
	LANGUAGE = (unset),
	LC_ALL = (unset),
	LC_COLLATE = "C",
	LC_MESSAGES = "C",
	LANG = "it_IT.UTF-8"
    are supported and installed on your system.
perl: warning: Falling back to the standard locale ("C").
perl: warning: Setting locale failed.
perl: warning: Please check that your locale settings:
	LANGUAGE = (unset),
	LC_ALL = (unset),
	LC_COLLATE = "C",
	LC_MESSAGES = "C",
	LANG = "it_IT.UTF-8"
    are supported and installed on your system.
perl: warning: Falling back to the standard locale ("C").
===(       1;0  1/?  0/?  0/?  0/?  0/?  0/? )=============================(       2;0  1/?  1/?  0/?  0/?  0/?  0/? )=============================(       3;0  1/?  1/?  1/?  0/?  0/?  0/? )=============================(       4;0  1/?  1/?  1/?  1/?  0/?  0/? )==========================perl: warning: Setting locale failed.
perl: warning: Please check that your locale settings:
	LANGUAGE = (unset),
	LC_ALL = (unset),
	LC_COLLATE = "C",
	LC_MESSAGES = "C",
	LANG = "it_IT.UTF-8"
    are supported and installed on your system.
perl: warning: Falling back to the standard locale ("C").
===(       5;0  1/?  1/?  1/?  1/?  1/?  0/? )=============================(       8;0  1/?  3/?  1/?  1/?  1/1  1/? )==========================                                                                        t/Table/CellStack.t .. ok
===(      15;0  1/?  9/?  2/?  1/?  1/? )===============================                                                                        t/bad_blank_line.t ... ok
===(      20;0  14/?  2/?  1/?  1/? )===================================perl: warning: Setting locale failed.
perl: warning: Please check that your locale settings:
	LANGUAGE = (unset),
	LC_ALL = (unset),
	LC_COLLATE = "C",
	LC_MESSAGES = "C",
	LANG = "it_IT.UTF-8"
    are supported and installed on your system.
perl: warning: Falling back to the standard locale ("C").
                                                                        t/Table/Cell.t ....... ok
===(      27;0  20/?  3/?  1/? )========================================perl: warning: Setting locale failed.
perl: warning: Please check that your locale settings:
	LANGUAGE = (unset),
	LC_ALL = (unset),
	LC_COLLATE = "C",
	LC_MESSAGES = "C",
	LANG = "it_IT.UTF-8"
    are supported and installed on your system.
perl: warning: Falling back to the standard locale ("C").
                                                                        t/Table/LineBreak.t .. ok
===(      39;0  29/29  6/? )============================================perl: warning: Setting locale failed.
perl: warning: Please check that your locale settings:
	LANGUAGE = (unset),
	LC_ALL = (unset),
	LC_COLLATE = "C",
	LC_MESSAGES = "C",
	LANG = "it_IT.UTF-8"
    are supported and installed on your system.
perl: warning: Falling back to the standard locale ("C").
                                                                        t/HashBase.t ......... ok
t/Table.t ............ t/Table.t ............ 7/? perl: warning: Setting locale failed.
perl: warning: Please check that your locale settings:
	LANGUAGE = (unset),
	LC_ALL = (unset),
	LC_COLLATE = "C",
	LC_MESSAGES = "C",
	LANG = "it_IT.UTF-8"
    are supported and installed on your system.
perl: warning: Falling back to the standard locale ("C").
                            t/Table.t ............ ok
All tests successful.
Files=6, Tests=40,  0 wallclock secs ( 0.02 usr  0.00 sys +  0.25 cusr  0.05 csys =  0.32 CPU)
Result: PASS
>>> Completed testing dev-perl/Term-Table-0.8.0

>>> Install dev-perl/Term-Table-0.8.0 into /tmp/portage/dev-perl/Term-Table-0.8.0/image/
make -j12 pure_install 
perl: warning: Setting locale failed.
perl: warning: Please check that your locale settings:
	LANGUAGE = (unset),
	LC_ALL = (unset),
	LC_COLLATE = "C",
	LC_MESSAGES = "C",
	LANG = "it_IT.UTF-8"
    are supported and installed on your system.
perl: warning: Falling back to the standard locale ("C").
Installing /tmp/portage/dev-perl/Term-Table-0.8.0/image/usr/lib64/perl5/vendor_perl/5.30.2/Term/Table.pm
Installing /tmp/portage/dev-perl/Term-Table-0.8.0/image/usr/lib64/perl5/vendor_perl/5.30.2/Term/Table/HashBase.pm
Installing /tmp/portage/dev-perl/Term-Table-0.8.0/image/usr/lib64/perl5/vendor_perl/5.30.2/Term/Table/Util.pm
Installing /tmp/portage/dev-perl/Term-Table-0.8.0/image/usr/lib64/perl5/vendor_perl/5.30.2/Term/Table/Cell.pm
Installing /tmp/portage/dev-perl/Term-Table-0.8.0/image/usr/lib64/perl5/vendor_perl/5.30.2/Term/Table/CellStack.pm
Installing /tmp/portage/dev-perl/Term-Table-0.8.0/image/usr/lib64/perl5/vendor_perl/5.30.2/Term/Table/Spacer.pm
Installing /tmp/portage/dev-perl/Term-Table-0.8.0/image/usr/lib64/perl5/vendor_perl/5.30.2/Term/Table/LineBreak.pm
 [32;01m*[0m Fixing packlist file /usr/lib64/perl5/vendor_perl/5.30.2/x86_64-linux/auto/Term/Table/.packlist
>>> Completed installing dev-perl/Term-Table-0.8.0 into /tmp/portage/dev-perl/Term-Table-0.8.0/image/

 [32;01m*[0m Final size of build directory: 304 KiB
 [32;01m*[0m Final size of installed tree:  124 KiB

./
./usr/
./usr/share/
./usr/share/doc/
./usr/share/doc/Term-Table-0.8.0/
./usr/share/doc/Term-Table-0.8.0/README.bz2
./usr/share/doc/Term-Table-0.8.0/README.md.bz2
./usr/share/doc/Term-Table-0.8.0/Changes.bz2
./usr/lib64/
./usr/lib64/perl5/
./usr/lib64/perl5/vendor_perl/
./usr/lib64/perl5/vendor_perl/5.30.2/
./usr/lib64/perl5/vendor_perl/5.30.2/x86_64-linux/
./usr/lib64/perl5/vendor_perl/5.30.2/x86_64-linux/auto/
./usr/lib64/perl5/vendor_perl/5.30.2/x86_64-linux/auto/Term/
./usr/lib64/perl5/vendor_perl/5.30.2/x86_64-linux/auto/Term/Table/
./usr/lib64/perl5/vendor_perl/5.30.2/x86_64-linux/auto/Term/Table/.packlist
./usr/lib64/perl5/vendor_perl/5.30.2/Term/
./usr/lib64/perl5/vendor_perl/5.30.2/Term/Table.pm
./usr/lib64/perl5/vendor_perl/5.30.2/Term/Table/
./usr/lib64/perl5/vendor_perl/5.30.2/Term/Table/HashBase.pm
./usr/lib64/perl5/vendor_perl/5.30.2/Term/Table/Util.pm
./usr/lib64/perl5/vendor_perl/5.30.2/Term/Table/Cell.pm
./usr/lib64/perl5/vendor_perl/5.30.2/Term/Table/CellStack.pm
./usr/lib64/perl5/vendor_perl/5.30.2/Term/Table/Spacer.pm
./usr/lib64/perl5/vendor_perl/5.30.2/Term/Table/LineBreak.pm
>>> Done.
 [32;01m*[39;49;00m checking 11 files for package collisions
>>> Merging dev-perl/Term-Table-0.8.0 to /
--- /usr/
--- /usr/lib64/
--- /usr/lib64/perl5/
--- /usr/lib64/perl5/vendor_perl/
--- /usr/lib64/perl5/vendor_perl/5.30.2/
>>> /usr/lib64/perl5/vendor_perl/5.30.2/Term/
>>> /usr/lib64/perl5/vendor_perl/5.30.2/Term/Table/
>>> /usr/lib64/perl5/vendor_perl/5.30.2/Term/Table/LineBreak.pm
>>> /usr/lib64/perl5/vendor_perl/5.30.2/Term/Table/Spacer.pm
>>> /usr/lib64/perl5/vendor_perl/5.30.2/Term/Table/CellStack.pm
>>> /usr/lib64/perl5/vendor_perl/5.30.2/Term/Table/Cell.pm
>>> /usr/lib64/perl5/vendor_perl/5.30.2/Term/Table/Util.pm
>>> /usr/lib64/perl5/vendor_perl/5.30.2/Term/Table/HashBase.pm
>>> /usr/lib64/perl5/vendor_perl/5.30.2/Term/Table.pm
--- /usr/lib64/perl5/vendor_perl/5.30.2/x86_64-linux/
--- /usr/lib64/perl5/vendor_perl/5.30.2/x86_64-linux/auto/
>>> /usr/lib64/perl5/vendor_perl/5.30.2/x86_64-linux/auto/Term/
>>> /usr/lib64/perl5/vendor_perl/5.30.2/x86_64-linux/auto/Term/Table/
>>> /usr/lib64/perl5/vendor_perl/5.30.2/x86_64-linux/auto/Term/Table/.packlist
--- /usr/share/
--- /usr/share/doc/
>>> /usr/share/doc/Term-Table-0.8.0/
>>> /usr/share/doc/Term-Table-0.8.0/Changes.bz2
>>> /usr/share/doc/Term-Table-0.8.0/README.md.bz2
>>> /usr/share/doc/Term-Table-0.8.0/README.bz2
 [32;01m*[0m   >=dev-perl/Unicode-LineBreak-2013.100.0 for Improved rendering of UTF8 Characters
 [32;01m*[0m   dev-perl/TermReadKey for Automatic detection of terminal width
>>> dev-perl/Term-Table-0.8.0 merged.
>>> Regenerating /etc/ld.so.cache...
