[32;01m * [39;49;00mPackage:    dev-perl/HTTP-Message-6.130.0
[32;01m * [39;49;00mRepository: gentoo
[32;01m * [39;49;00mMaintainer: perl@gentoo.org
[32;01m * [39;49;00mUSE:        abi_x86_64 amd64 elibc_glibc kernel_linux test userland_GNU
[32;01m * [39;49;00mFEATURES:   network-sandbox preserve-libs sandbox splitdebug test userpriv usersandbox
>>> Unpacking source...
>>> Unpacking HTTP-Message-6.13.tar.gz to /tmp/portage/dev-perl/HTTP-Message-6.130.0/work
>>> Source unpacked in /tmp/portage/dev-perl/HTTP-Message-6.130.0/work
>>> Preparing source in /tmp/portage/dev-perl/HTTP-Message-6.130.0/work/HTTP-Message-6.13 ...
>>> Source prepared.
>>> Configuring source in /tmp/portage/dev-perl/HTTP-Message-6.130.0/work/HTTP-Message-6.13 ...
perl: warning: Setting locale failed.
perl: warning: Please check that your locale settings:
	LANGUAGE = (unset),
	LC_ALL = (unset),
	LC_COLLATE = "C",
	LC_MESSAGES = "C",
	LANG = "it_IT.UTF-8"
    are supported and installed on your system.
perl: warning: Falling back to the standard locale ("C").
 [32;01m*[0m Using ExtUtils::MakeMaker
 [32;01m*[0m perl Makefile.PL PREFIX=/usr INSTALLDIRS=vendor INSTALLMAN3DIR=none DESTDIR=/tmp/portage/dev-perl/HTTP-Message-6.130.0/image/
perl: warning: Setting locale failed.
perl: warning: Please check that your locale settings:
	LANGUAGE = (unset),
	LC_ALL = (unset),
	LC_COLLATE = "C",
	LC_MESSAGES = "C",
	LANG = "it_IT.UTF-8"
    are supported and installed on your system.
perl: warning: Falling back to the standard locale ("C").
Checking if your kit is complete...
Looks good
Generating a Unix-style Makefile
Writing Makefile for HTTP::Message
Writing MYMETA.yml and MYMETA.json
>>> Source configured.
>>> Compiling source in /tmp/portage/dev-perl/HTTP-Message-6.130.0/work/HTTP-Message-6.13 ...
 [32;01m*[0m emake OTHERLDFLAGS=-Wl,-O1 -Wl,--as-needed -Wl,--defsym=__gentoo_check_ldflags__=0 -Wl,--hash-style=gnu -Wl,-z,norelro
make -j12 'OTHERLDFLAGS=-Wl,-O1 -Wl,--as-needed -Wl,--defsym=__gentoo_check_ldflags__=0 -Wl,--hash-style=gnu -Wl,-z,norelro' 
perl: warning: Setting locale failed.
perl: warning: Please check that your locale settings:
	LANGUAGE = (unset),
	LC_ALL = (unset),
	LC_COLLATE = "C",
	LC_MESSAGES = "C",
	LANG = "it_IT.UTF-8"
    are supported and installed on your system.
perl: warning: Falling back to the standard locale ("C").
perl: warning: Setting locale failed.
perl: warning: Please check that your locale settings:
	LANGUAGE = (unset),
	LC_ALL = (unset),
	LC_COLLATE = "C",
	LC_MESSAGES = "C",
	LANG = "it_IT.UTF-8"
    are supported and installed on your system.
perl: warning: Falling back to the standard locale ("C").
perl: warning: Setting locale failed.
perl: warning: Please check that your locale settings:
	LANGUAGE = (unset),
	LC_ALL = (unset),
	LC_COLLATE = "C",
	LC_MESSAGES = "C",
	LANG = "it_IT.UTF-8"
    are supported and installed on your system.
perl: warning: Falling back to the standard locale ("C").
perl: warning: Setting locale failed.
perl: warning: Please check that your locale settings:
	LANGUAGE = (unset),
	LC_ALL = (unset),
	LC_COLLATE = "C",
	LC_MESSAGES = "C",
	LANG = "it_IT.UTF-8"
    are supported and installed on your system.
perl: warning: Falling back to the standard locale ("C").
perl: warning: Setting locale failed.
perl: warning: Please check that your locale settings:
	LANGUAGE = (unset),
	LC_ALL = (unset),
	LC_COLLATE = "C",
	LC_MESSAGES = "C",
	LANG = "it_IT.UTF-8"
    are supported and installed on your system.
perl: warning: Falling back to the standard locale ("C").
perl: warning: Setting locale failed.
perl: warning: Please check that your locale settings:
	LANGUAGE = (unset),
	LC_ALL = (unset),
	LC_COLLATE = "C",
	LC_MESSAGES = "C",
	LANG = "it_IT.UTF-8"
    are supported and installed on your system.
perl: warning: Falling back to the standard locale ("C").
perl: warning: Setting locale failed.
perl: warning: Please check that your locale settings:
	LANGUAGE = (unset),
	LC_ALL = (unset),
	LC_COLLATE = "C",
	LC_MESSAGES = "C",
	LANG = "it_IT.UTF-8"
    are supported and installed on your system.
perl: warning: Falling back to the standard locale ("C").
perl: warning: Setting locale failed.
perl: warning: Please check that your locale settings:
	LANGUAGE = (unset),
	LC_ALL = (unset),
	LC_COLLATE = "C",
	LC_MESSAGES = "C",
	LANG = "it_IT.UTF-8"
    are supported and installed on your system.
perl: warning: Falling back to the standard locale ("C").
perl: warning: Setting locale failed.
perl: warning: Please check that your locale settings:
	LANGUAGE = (unset),
	LC_ALL = (unset),
	LC_COLLATE = "C",
	LC_MESSAGES = "C",
	LANG = "it_IT.UTF-8"
    are supported and installed on your system.
perl: warning: Falling back to the standard locale ("C").
cp lib/HTTP/Headers.pm blib/lib/HTTP/Headers.pm
cp lib/HTTP/Status.pm blib/lib/HTTP/Status.pm
cp lib/HTTP/Request.pm blib/lib/HTTP/Request.pm
cp lib/HTTP/Request/Common.pm blib/lib/HTTP/Request/Common.pm
cp lib/HTTP/Config.pm blib/lib/HTTP/Config.pm
cp lib/HTTP/Message.pm blib/lib/HTTP/Message.pm
cp lib/HTTP/Headers/Auth.pm blib/lib/HTTP/Headers/Auth.pm
cp lib/HTTP/Headers/Util.pm blib/lib/HTTP/Headers/Util.pm
cp lib/HTTP/Headers/ETag.pm blib/lib/HTTP/Headers/ETag.pm
cp lib/HTTP/Response.pm blib/lib/HTTP/Response.pm
>>> Source compiled.
>>> Test phase: dev-perl/HTTP-Message-6.130.0
 [32;01m*[0m Test::Harness Jobs=12
make -j12 test TEST_VERBOSE=0 
PERL_DL_NONLAZY=1 "/usr/bin/perl" "-MExtUtils::Command::MM" "-MTest::Harness" "-e" "undef *Test::Harness::Switches; test_harness(0, 'blib/lib', 'blib/arch')" t/*.t
perl: warning: Setting locale failed.
perl: warning: Please check that your locale settings:
	LANGUAGE = (unset),
	LC_ALL = (unset),
	LC_COLLATE = "C",
	LC_MESSAGES = "C",
	LANG = "it_IT.UTF-8"
    are supported and installed on your system.
perl: warning: Falling back to the standard locale ("C").
perl: warning: Setting locale failed.
perl: warning: Please check that your locale settings:
	LANGUAGE = (unset),
	LC_ALL = (unset),
	LC_COLLATE = "C",
	LC_MESSAGES = "C",
	LANG = "it_IT.UTF-8"
    are supported and installed on your system.
perl: warning: Falling back to the standard locale ("C").
perl: warning: Setting locale failed.
perl: warning: Please check that your locale settings:
	LANGUAGE = (unset),
	LC_ALL = (unset),
	LC_COLLATE = "C",
	LC_MESSAGES = "C",
	LANG = "it_IT.UTF-8"
    are supported and installed on your system.
perl: warning: Falling back to the standard locale ("C").
perl: warning: Setting locale failed.
perl: warning: Please check that your locale settings:
	LANGUAGE = (unset),
	LC_ALL = (unset),
	LC_COLLATE = "C",
	LC_MESSAGES = "C",
	LANG = "it_IT.UTF-8"
    are supported and installed on your system.
perl: warning: Falling back to the standard locale ("C").
perl: warning: Setting locale failed.
perl: warning: Please check that your locale settings:
	LANGUAGE = (unset),
	LC_ALL = (unset),
	LC_COLLATE = "C",
	LC_MESSAGES = "C",
	LANG = "it_IT.UTF-8"
    are supported and installed on your system.
perl: warning: Falling back to the standard locale ("C").
perl: warning: Setting locale failed.
perl: warning: Please check that your locale settings:
	LANGUAGE = (unset),
	LC_ALL = (unset),
	LC_COLLATE = "C",
	LC_MESSAGES = "C",
	LANG = "it_IT.UTF-8"
    are supported and installed on your system.
perl: warning: Falling back to the standard locale ("C").
perl: warning: Setting locale failed.
perl: warning: Please check that your locale settings:
	LANGUAGE = (unset),
	LC_ALL = (unset),
	LC_COLLATE = "C",
	LC_MESSAGES = "C",
	LANG = "it_IT.UTF-8"
    are supported and installed on your system.
perl: warning: Falling back to the standard locale ("C").
perl: warning: Setting locale failed.
perl: warning: Please check that your locale settings:
	LANGUAGE = (unset),
	LC_ALL = (unset),
	LC_COLLATE = "C",
	LC_MESSAGES = "C",
	LANG = "it_IT.UTF-8"
    are supported and installed on your system.
perl: warning: Falling back to the standard locale ("C").
===(       1;0  0/1   0/61  0/6  1/4   0/15    0/168   0/16   0/... )======(       2;0  0/1   0/61  0/6  1/4   1/15    0/168   0/16   0/... )======(       4;0  0/1   0/61  0/6  2/4   1/15    1/168   0/16   0/... )======(       6;0  0/1   0/61  0/6  2/4   2/15    1/168   1/16   0/... )======(       8;0  0/1   0/61  0/6  2/4   2/15    2/168   1/16   1/... )===perl: warning: Setting locale failed.
perl: warning: Please check that your locale settings:
	LANGUAGE = (unset),
	LC_ALL = (unset),
	LC_COLLATE = "C",
	LC_MESSAGES = "C",
	LANG = "it_IT.UTF-8"
    are supported and installed on your system.
perl: warning: Falling back to the standard locale ("C").
===(       9;0  0/1   0/61  0/6  2/4   2/15    2/168   1/16   1/... )======(      10;0  0/1   0/61  0/6  2/4   2/15    2/168   1/16   1/... )======(      11;0  0/1   0/61  0/6  2/4   2/15    2/168   1/16   1/... )======(      12;0  0/1   1/61  0/6  2/4   2/15    2/168   1/16   1/... )======(      23;0  0/1   2/61  0/6  4/4   4/15    4/168   3/16   2/... )======(      31;0  0/1   2/61  1/6  4/4   4/15    4/168   3/16   3/... )===                                                                        t/message-decode-xml.t ...... ok
===(      39;0  0/1   2/61  2/6  4/4   6/15    6/168   5/16   4/... )===perl: warning: Setting locale failed.
perl: warning: Please check that your locale settings:
	LANGUAGE = (unset),
	LC_ALL = (unset),
	LC_COLLATE = "C",
	LC_MESSAGES = "C",
	LANG = "it_IT.UTF-8"
    are supported and installed on your system.
perl: warning: Falling back to the standard locale ("C").
                                                                        t/headers-etag.t ............ ok
===(      56;0  0/1   4/61  4/6   8/15    8/168   7/16   6/43   ... )===perl: warning: Setting locale failed.
perl: warning: Please check that your locale settings:
	LANGUAGE = (unset),
	LC_ALL = (unset),
	LC_COLLATE = "C",
	LC_MESSAGES = "C",
	LANG = "it_IT.UTF-8"
    are supported and installed on your system.
perl: warning: Falling back to the standard locale ("C").
===(      73;0  1/1   6/61  4/6  10/15   10/168   9/16   8/43   ... )===# 
# Versions for all modules listed in MYMETA.json (including optional ones):
# 
# === Configure Requires ===
# 
#     Module              Want Have
#     ------------------- ---- ----
#     ExtUtils::MakeMaker  any 7.34
# 
# === Configure Suggests ===
# 
#     Module      Want Have
#     -------- ------- ----
#     JSON::PP 2.27300 4.02
# 
# === Build Requires ===
# 
#     Module              Want Have
#     ------------------- ---- ----
#     ExtUtils::MakeMaker  any 7.34
# 
# === Test Requires ===
# 
#     Module              Want     Have
#     ------------------- ---- --------
#     ExtUtils::MakeMaker  any     7.34
#     File::Spec           any     3.78
#     PerlIO::encoding     any     0.27
#     Test::More          0.88 1.302162
#     Time::Local          any     1.28
#     Try::Tiny            any     0.30
# 
# === Test Recommends ===
# 
#     Module         Want     Have
#     ---------- -------- --------
#     CPAN::Meta 2.120900 2.150010
# 
# === Runtime Requires ===
# 
#     Module                      Want  Have
#     -------------------------- ----- -----
#     Carp                         any  1.50
#     Compress::Raw::Zlib          any 2.084
#     Encode                      2.21  3.01
#     Encode::Locale                 1  1.05
#     Exporter                    5.57  5.73
#     HTTP::Date                     6  6.02
#     IO::Compress::Bzip2        2.021 2.084
#     IO::Compress::Deflate        any 2.084
#     IO::Compress::Gzip           any 2.084
#     IO::HTML                     any 1.001
#     IO::Uncompress::Bunzip2    2.021 2.084
#     IO::Uncompress::Gunzip       any 2.084
#     IO::Uncompress::Inflate      any 2.084
#     IO::Uncompress::RawInflate   any 2.084
#     LWP::MediaTypes                6  6.02
#     MIME::Base64                 2.1  3.15
#     MIME::QuotedPrint            any  3.13
#     Storable                     any  3.15
#     URI                         1.10  1.73
#     base                         any  2.27
#     strict                       any  1.11
#     warnings                     any  1.44
# 
                                                                        t/00-report-prereqs.t ....... ok
===(      73;0   6/61  4/6  10/15   10/168   9/16   8/43   5/20 ... )===perl: warning: Setting locale failed.
perl: warning: Please check that your locale settings:
	LANGUAGE = (unset),
	LC_ALL = (unset),
	LC_COLLATE = "C",
	LC_MESSAGES = "C",
	LANG = "it_IT.UTF-8"
    are supported and installed on your system.
perl: warning: Falling back to the standard locale ("C").
===(      83;0   6/61  4/6  12/15   12/168  11/16  10/43   6/20 ... )===perl: warning: Setting locale failed.
perl: warning: Please check that your locale settings:
	LANGUAGE = (unset),
	LC_ALL = (unset),
	LC_COLLATE = "C",
	LC_MESSAGES = "C",
	LANG = "it_IT.UTF-8"
    are supported and installed on your system.
perl: warning: Falling back to the standard locale ("C").
===(     103;0   6/61  4/6  13/15   14/168  13/16  12/43   9/20 ... )======(     112;0   7/61  4/6  15/15   16/168  15/16  13/43   9/20 ... )===                                                                        t/request_type_with_data.t .. ok
===(     114;0   7/61  4/6  15/15   16/168  15/16  14/43  10/20 ... )===perl: warning: Setting locale failed.
perl: warning: Please check that your locale settings:
	LANGUAGE = (unset),
	LC_ALL = (unset),
	LC_COLLATE = "C",
	LC_MESSAGES = "C",
	LANG = "it_IT.UTF-8"
    are supported and installed on your system.
perl: warning: Falling back to the standard locale ("C").
                                                                        t/headers-util.t ............ ok
===(     118;0   9/61  5/6   16/168  15/16  14/43  10/20  11/47 ... )===                                                                        t/headers-auth.t ............ ok
===(     122;0  11/61   16/168  15/16  14/43  10/20  11/47   11/... )===                                                                        t/http-config.t ............. ok
===(     130;0  13/61   18/168  15/43  10/20  11/47   11/131   1... )===perl: warning: Setting locale failed.
perl: warning: Please check that your locale settings:
	LANGUAGE = (unset),
	LC_ALL = (unset),
	LC_COLLATE = "C",
	LC_MESSAGES = "C",
	LANG = "it_IT.UTF-8"
    are supported and installed on your system.
perl: warning: Falling back to the standard locale ("C").
===(     147;0  14/61   20/168  17/43  12/20  13/47   13/131   3... )===perl: warning: Setting locale failed.
perl: warning: Please check that your locale settings:
	LANGUAGE = (unset),
	LC_ALL = (unset),
	LC_COLLATE = "C",
	LC_MESSAGES = "C",
	LANG = "it_IT.UTF-8"
    are supported and installed on your system.
perl: warning: Falling back to the standard locale ("C").
===(     161;0  14/61   22/168  19/43  14/20  15/47   15/131   3... )===                                                                        t/message-old.t ............. ok
===(     217;0  18/61   30/168  27/43  21/47   21/131   8/15  11... )===                                                                        t/status-old.t .............. ok
===(     218;0  19/61   30/168  27/43  21/47   21/131   8/15  11... )===                                                                        t/status.t .................. ok
===(     236;0  23/61   33/168  29/43  23/47   23/131  10/15  11/29 )===                                                                        t/request.t ................. ok
===(     273;0  29/61   39/168  35/43  29/47   28/131  14/29 )==========                                                                        t/message-charset.t ......... ok
===(     320;0  32/61   49/168  37/47   36/131  24/29 )=================                                                                        t/response.t ................ ok
===(     341;0  36/61   53/168  41/47   40/131 )========================perl: warning: Setting locale failed.
perl: warning: Please check that your locale settings:
	LANGUAGE = (unset),
	LC_ALL = (unset),
	LC_COLLATE = "C",
	LC_MESSAGES = "C",
	LANG = "it_IT.UTF-8"
    are supported and installed on your system.
perl: warning: Falling back to the standard locale ("C").
                                                                        t/message-parts.t ........... ok
===(     369;0  44/61   61/168   46/131 )===============================                                                                        t/common-req.t .............. ok
===(     418;0   77/168   62/131 )======================================perl: warning: Setting locale failed.
perl: warning: Please check that your locale settings:
	LANGUAGE = (unset),
	LC_ALL = (unset),
	LC_COLLATE = "C",
	LC_MESSAGES = "C",
	LANG = "it_IT.UTF-8"
    are supported and installed on your system.
perl: warning: Falling back to the standard locale ("C").
                                                                        t/message.t ................. ok
t/headers.t ................. t/headers.t ................. 152/168 perl: warning: Setting locale failed.
perl: warning: Please check that your locale settings:
	LANGUAGE = (unset),
	LC_ALL = (unset),
	LC_COLLATE = "C",
	LC_MESSAGES = "C",
	LANG = "it_IT.UTF-8"
    are supported and installed on your system.
perl: warning: Falling back to the standard locale ("C").
                                       t/headers.t ................. ok
All tests successful.
Files=17, Tests=578,  0 wallclock secs ( 0.07 usr  0.01 sys +  0.98 cusr  0.24 csys =  1.30 CPU)
Result: PASS
>>> Completed testing dev-perl/HTTP-Message-6.130.0

>>> Install dev-perl/HTTP-Message-6.130.0 into /tmp/portage/dev-perl/HTTP-Message-6.130.0/image/
make -j12 pure_install 
perl: warning: Setting locale failed.
perl: warning: Please check that your locale settings:
	LANGUAGE = (unset),
	LC_ALL = (unset),
	LC_COLLATE = "C",
	LC_MESSAGES = "C",
	LANG = "it_IT.UTF-8"
    are supported and installed on your system.
perl: warning: Falling back to the standard locale ("C").
Installing /tmp/portage/dev-perl/HTTP-Message-6.130.0/image/usr/lib64/perl5/vendor_perl/5.30.2/HTTP/Config.pm
Installing /tmp/portage/dev-perl/HTTP-Message-6.130.0/image/usr/lib64/perl5/vendor_perl/5.30.2/HTTP/Message.pm
Installing /tmp/portage/dev-perl/HTTP-Message-6.130.0/image/usr/lib64/perl5/vendor_perl/5.30.2/HTTP/Headers.pm
Installing /tmp/portage/dev-perl/HTTP-Message-6.130.0/image/usr/lib64/perl5/vendor_perl/5.30.2/HTTP/Request.pm
Installing /tmp/portage/dev-perl/HTTP-Message-6.130.0/image/usr/lib64/perl5/vendor_perl/5.30.2/HTTP/Status.pm
Installing /tmp/portage/dev-perl/HTTP-Message-6.130.0/image/usr/lib64/perl5/vendor_perl/5.30.2/HTTP/Response.pm
Installing /tmp/portage/dev-perl/HTTP-Message-6.130.0/image/usr/lib64/perl5/vendor_perl/5.30.2/HTTP/Request/Common.pm
Installing /tmp/portage/dev-perl/HTTP-Message-6.130.0/image/usr/lib64/perl5/vendor_perl/5.30.2/HTTP/Headers/Util.pm
Installing /tmp/portage/dev-perl/HTTP-Message-6.130.0/image/usr/lib64/perl5/vendor_perl/5.30.2/HTTP/Headers/Auth.pm
Installing /tmp/portage/dev-perl/HTTP-Message-6.130.0/image/usr/lib64/perl5/vendor_perl/5.30.2/HTTP/Headers/ETag.pm
 [32;01m*[0m Fixing packlist file /usr/lib64/perl5/vendor_perl/5.30.2/x86_64-linux/auto/HTTP/Message/.packlist
>>> Completed installing dev-perl/HTTP-Message-6.130.0 into /tmp/portage/dev-perl/HTTP-Message-6.130.0/image/

 [32;01m*[0m Final size of build directory: 676 KiB
 [32;01m*[0m Final size of installed tree:  228 KiB

./
./usr/
./usr/share/
./usr/share/doc/
./usr/share/doc/HTTP-Message-6.130.0/
./usr/share/doc/HTTP-Message-6.130.0/README.md.bz2
./usr/share/doc/HTTP-Message-6.130.0/Changes.bz2
./usr/lib64/
./usr/lib64/perl5/
./usr/lib64/perl5/vendor_perl/
./usr/lib64/perl5/vendor_perl/5.30.2/
./usr/lib64/perl5/vendor_perl/5.30.2/x86_64-linux/
./usr/lib64/perl5/vendor_perl/5.30.2/x86_64-linux/auto/
./usr/lib64/perl5/vendor_perl/5.30.2/x86_64-linux/auto/HTTP/
./usr/lib64/perl5/vendor_perl/5.30.2/x86_64-linux/auto/HTTP/Message/
./usr/lib64/perl5/vendor_perl/5.30.2/x86_64-linux/auto/HTTP/Message/.packlist
./usr/lib64/perl5/vendor_perl/5.30.2/HTTP/
./usr/lib64/perl5/vendor_perl/5.30.2/HTTP/Config.pm
./usr/lib64/perl5/vendor_perl/5.30.2/HTTP/Request/
./usr/lib64/perl5/vendor_perl/5.30.2/HTTP/Request/Common.pm
./usr/lib64/perl5/vendor_perl/5.30.2/HTTP/Headers/
./usr/lib64/perl5/vendor_perl/5.30.2/HTTP/Headers/Util.pm
./usr/lib64/perl5/vendor_perl/5.30.2/HTTP/Headers/Auth.pm
./usr/lib64/perl5/vendor_perl/5.30.2/HTTP/Headers/ETag.pm
./usr/lib64/perl5/vendor_perl/5.30.2/HTTP/Message.pm
./usr/lib64/perl5/vendor_perl/5.30.2/HTTP/Headers.pm
./usr/lib64/perl5/vendor_perl/5.30.2/HTTP/Request.pm
./usr/lib64/perl5/vendor_perl/5.30.2/HTTP/Status.pm
./usr/lib64/perl5/vendor_perl/5.30.2/HTTP/Response.pm
>>> Done.
 [32;01m*[39;49;00m checking 13 files for package collisions
>>> Merging dev-perl/HTTP-Message-6.130.0 to /
--- /usr/
--- /usr/lib64/
--- /usr/lib64/perl5/
--- /usr/lib64/perl5/vendor_perl/
--- /usr/lib64/perl5/vendor_perl/5.30.2/
--- /usr/lib64/perl5/vendor_perl/5.30.2/HTTP/
>>> /usr/lib64/perl5/vendor_perl/5.30.2/HTTP/Response.pm
>>> /usr/lib64/perl5/vendor_perl/5.30.2/HTTP/Status.pm
>>> /usr/lib64/perl5/vendor_perl/5.30.2/HTTP/Request.pm
>>> /usr/lib64/perl5/vendor_perl/5.30.2/HTTP/Headers.pm
>>> /usr/lib64/perl5/vendor_perl/5.30.2/HTTP/Message.pm
>>> /usr/lib64/perl5/vendor_perl/5.30.2/HTTP/Headers/
>>> /usr/lib64/perl5/vendor_perl/5.30.2/HTTP/Headers/ETag.pm
>>> /usr/lib64/perl5/vendor_perl/5.30.2/HTTP/Headers/Auth.pm
>>> /usr/lib64/perl5/vendor_perl/5.30.2/HTTP/Headers/Util.pm
>>> /usr/lib64/perl5/vendor_perl/5.30.2/HTTP/Request/
>>> /usr/lib64/perl5/vendor_perl/5.30.2/HTTP/Request/Common.pm
>>> /usr/lib64/perl5/vendor_perl/5.30.2/HTTP/Config.pm
--- /usr/lib64/perl5/vendor_perl/5.30.2/x86_64-linux/
--- /usr/lib64/perl5/vendor_perl/5.30.2/x86_64-linux/auto/
>>> /usr/lib64/perl5/vendor_perl/5.30.2/x86_64-linux/auto/HTTP/
>>> /usr/lib64/perl5/vendor_perl/5.30.2/x86_64-linux/auto/HTTP/Message/
>>> /usr/lib64/perl5/vendor_perl/5.30.2/x86_64-linux/auto/HTTP/Message/.packlist
--- /usr/share/
--- /usr/share/doc/
>>> /usr/share/doc/HTTP-Message-6.130.0/
>>> /usr/share/doc/HTTP-Message-6.130.0/Changes.bz2
>>> /usr/share/doc/HTTP-Message-6.130.0/README.md.bz2
>>> dev-perl/HTTP-Message-6.130.0 merged.
>>> Regenerating /etc/ld.so.cache...
