[32;01m * [39;49;00mPackage:    dev-perl/Test-LeakTrace-0.160.0
[32;01m * [39;49;00mRepository: gentoo
[32;01m * [39;49;00mMaintainer: perl@gentoo.org
[32;01m * [39;49;00mUSE:        abi_x86_64 amd64 elibc_glibc kernel_linux userland_GNU
[32;01m * [39;49;00mFEATURES:   network-sandbox preserve-libs sandbox splitdebug test userpriv usersandbox
>>> Unpacking source...
>>> Unpacking Test-LeakTrace-0.16.tar.gz to /tmp/portage/dev-perl/Test-LeakTrace-0.160.0/work
>>> Source unpacked in /tmp/portage/dev-perl/Test-LeakTrace-0.160.0/work
>>> Preparing source in /tmp/portage/dev-perl/Test-LeakTrace-0.160.0/work/Test-LeakTrace-0.16 ...
>>> Source prepared.
>>> Configuring source in /tmp/portage/dev-perl/Test-LeakTrace-0.160.0/work/Test-LeakTrace-0.16 ...
perl: warning: Setting locale failed.
perl: warning: Please check that your locale settings:
	LANGUAGE = (unset),
	LC_ALL = (unset),
	LC_COLLATE = "C",
	LC_MESSAGES = "C",
	LANG = "it_IT.UTF-8"
    are supported and installed on your system.
perl: warning: Falling back to the standard locale ("C").
 [32;01m*[0m Using ExtUtils::MakeMaker
 [32;01m*[0m perl Makefile.PL PREFIX=/usr INSTALLDIRS=vendor INSTALLMAN3DIR=none DESTDIR=/tmp/portage/dev-perl/Test-LeakTrace-0.160.0/image/
perl: warning: Setting locale failed.
perl: warning: Please check that your locale settings:
	LANGUAGE = (unset),
	LC_ALL = (unset),
	LC_COLLATE = "C",
	LC_MESSAGES = "C",
	LANG = "it_IT.UTF-8"
    are supported and installed on your system.
perl: warning: Falling back to the standard locale ("C").
Checking if your kit is complete...
Looks good
Generating a Unix-style Makefile
Writing Makefile for Test::LeakTrace
Writing MYMETA.yml and MYMETA.json
>>> Source configured.
>>> Compiling source in /tmp/portage/dev-perl/Test-LeakTrace-0.160.0/work/Test-LeakTrace-0.16 ...
 [32;01m*[0m emake OTHERLDFLAGS=-Wl,-O1 -Wl,--as-needed -Wl,--defsym=__gentoo_check_ldflags__=0 -Wl,--hash-style=gnu -Wl,-z,norelro
make -j12 'OTHERLDFLAGS=-Wl,-O1 -Wl,--as-needed -Wl,--defsym=__gentoo_check_ldflags__=0 -Wl,--hash-style=gnu -Wl,-z,norelro' 
perl: warning: Setting locale failed.
perl: warning: Please check that your locale settings:
	LANGUAGE = (unset),
	LC_ALL = (unset),
"/usr/bin/perl" "-Iinc" "/usr/lib64/perl5/5.30.1/ExtUtils/xsubpp"  -typemap '/usr/lib64/perl5/5.30.1/ExtUtils/typemap'  LeakTrace.xs > LeakTrace.xsc
	LC_COLLATE = "C",
	LC_MESSAGES = "C",
	LANG = "it_IT.UTF-8"
    are supported and installed on your system.
perl: warning: Falling back to the standard locale ("C").
perl: warning: Setting locale failed.
perl: warning: Please check that your locale settings:
	LANGUAGE = (unset),
	LC_ALL = (unset),
	LC_COLLATE = "C",
	LC_MESSAGES = "C",
	LANG = "it_IT.UTF-8"
    are supported and installed on your system.
perl: warning: Falling back to the standard locale ("C").
perl: warning: Setting locale failed.
perl: warning: Please check that your locale settings:
	LANGUAGE = (unset),
	LC_ALL = (unset),
	LC_COLLATE = "C",
	LC_MESSAGES = "C",
	LANG = "it_IT.UTF-8"
    are supported and installed on your system.
perl: warning: Falling back to the standard locale ("C").
perl: warning: Setting locale failed.
Running Mkbootstrap for LeakTrace ()
perl: warning: Setting locale failed.
perl: warning: Please check that your locale settings:
	LANGUAGE = (unset),
	LC_ALL = (unset),
	LC_COLLATE = "C",
	LC_MESSAGES = "C",
	LANG = "it_IT.UTF-8"
    are supported and installed on your system.
perl: warning: Falling back to the standard locale ("C").
perl: warning: Please check that your locale settings:
	LANGUAGE = (unset),
	LC_ALL = (unset),
	LC_COLLATE = "C",
	LC_MESSAGES = "C",
	LANG = "it_IT.UTF-8"
    are supported and installed on your system.
perl: warning: Falling back to the standard locale ("C").
perl: warning: Setting locale failed.
perl: warning: Please check that your locale settings:
	LANGUAGE = (unset),
	LC_ALL = (unset),
	LC_COLLATE = "C",
	LC_MESSAGES = "C",
	LANG = "it_IT.UTF-8"
    are supported and installed on your system.
perl: warning: Falling back to the standard locale ("C").
perl: warning: Setting locale failed.
perl: warning: Please check that your locale settings:
	LANGUAGE = (unset),
	LC_ALL = (unset),
	LC_COLLATE = "C",
	LC_MESSAGES = "C",
	LANG = "it_IT.UTF-8"
    are supported and installed on your system.
perl: warning: Falling back to the standard locale ("C").
perl: warning: Setting locale failed.
perl: warning: Please check that your locale settings:
	LANGUAGE = (unset),
	LC_ALL = (unset),
	LC_COLLATE = "C",
	LC_MESSAGES = "C",
	LANG = "it_IT.UTF-8"
    are supported and installed on your system.
perl: warning: Falling back to the standard locale ("C").
perl: warning: Setting locale failed.
perl: warning: Please check that your locale settings:
	LANGUAGE = (unset),
	LC_ALL = (unset),
	LC_COLLATE = "C",
	LC_MESSAGES = "C",
	LANG = "it_IT.UTF-8"
    are supported and installed on your system.
perl: warning: Falling back to the standard locale ("C").
perl: warning: Setting locale failed.
perl: warning: Please check that your locale settings:
	LANGUAGE = (unset),
	LC_ALL = (unset),
	LC_COLLATE = "C",
	LC_MESSAGES = "C",
	LANG = "it_IT.UTF-8"
    are supported and installed on your system.
perl: warning: Falling back to the standard locale ("C").
perl: warning: Setting locale failed.
perl: warning: Please check that your locale settings:
	LANGUAGE = (unset),
	LC_ALL = (unset),
	LC_COLLATE = "C",
	LC_MESSAGES = "C",
	LANG = "it_IT.UTF-8"
    are supported and installed on your system.
perl: warning: Falling back to the standard locale ("C").
chmod 644 "LeakTrace.bs"
"/usr/bin/perl" "-Iinc" -MExtUtils::Command::MM -e 'cp_nonempty' -- LeakTrace.bs blib/arch/auto/Test/LeakTrace/LeakTrace.bs 644
perl: warning: Setting locale failed.
perl: warning: Please check that your locale settings:
	LANGUAGE = (unset),
	LC_ALL = (unset),
	LC_COLLATE = "C",
	LC_MESSAGES = "C",
	LANG = "it_IT.UTF-8"
    are supported and installed on your system.
perl: warning: Falling back to the standard locale ("C").
cp lib/Test/LeakTrace/Script.pm blib/lib/Test/LeakTrace/Script.pm
cp lib/Test/LeakTrace/JA.pod blib/lib/Test/LeakTrace/JA.pod
cp lib/Test/LeakTrace.pm blib/lib/Test/LeakTrace.pm
mv LeakTrace.xsc LeakTrace.c
x86_64-pc-linux-gnu-gcc -c   -fwrapv -fno-strict-aliasing -pipe -D_LARGEFILE_SOURCE -D_FILE_OFFSET_BITS=64 -O2 -march=x86-64 -g0 -fno-stack-protector -fno-stack-clash-protection -fstack-check=no -fno-stack-check   -DVERSION=\"0.16\" -DXS_VERSION=\"0.16\" -fPIC "-I/usr/lib64/perl5/5.30.1/x86_64-linux/CORE"   LeakTrace.c
rm -f blib/arch/auto/Test/LeakTrace/LeakTrace.so
x86_64-pc-linux-gnu-gcc  -shared -O2 -march=x86-64 -g0 -fno-stack-protector -fno-stack-clash-protection -fstack-check=no -fno-stack-check -Wl,-O1 -Wl,--as-needed -Wl,--hash-style=gnu -Wl,-z,norelro  LeakTrace.o -Wl,-O1 -Wl,--as-needed -Wl,--defsym=__gentoo_check_ldflags__=0 -Wl,--hash-style=gnu -Wl,-z,norelro -o blib/arch/auto/Test/LeakTrace/LeakTrace.so  \
      \
  
chmod 755 blib/arch/auto/Test/LeakTrace/LeakTrace.so
>>> Source compiled.
>>> Test phase: dev-perl/Test-LeakTrace-0.160.0
 [32;01m*[0m Test::Harness Jobs=12
make -j12 test TEST_VERBOSE=0 
"/usr/bin/perl" "-Iinc" -MExtUtils::Command::MM -e 'cp_nonempty' -- LeakTrace.bs blib/arch/auto/Test/LeakTrace/LeakTrace.bs 644
perl: warning: Setting locale failed.
perl: warning: Please check that your locale settings:
	LANGUAGE = (unset),
	LC_ALL = (unset),
	LC_COLLATE = "C",
	LC_MESSAGES = "C",
	LANG = "it_IT.UTF-8"
    are supported and installed on your system.
perl: warning: Falling back to the standard locale ("C").
PERL_DL_NONLAZY=1 "/usr/bin/perl" "-MExtUtils::Command::MM" "-MTest::Harness" "-e" "undef *Test::Harness::Switches; test_harness(0, 'inc', 'blib/lib', 'blib/arch')" t/*.t
perl: warning: Setting locale failed.
perl: warning: Please check that your locale settings:
	LANGUAGE = (unset),
	LC_ALL = (unset),
	LC_COLLATE = "C",
	LC_MESSAGES = "C",
	LANG = "it_IT.UTF-8"
    are supported and installed on your system.
perl: warning: Falling back to the standard locale ("C").
perl: warning: Setting locale failed.
perl: warning: Please check that your locale settings:
	LANGUAGE = (unset),
	LC_ALL = (unset),
	LC_COLLATE = "C",
	LC_MESSAGES = "C",
	LANG = "it_IT.UTF-8"
    are supported and installed on your system.
perl: warning: Falling back to the standard locale ("C").
perl: warning: Setting locale failed.
perl: warning: Please check that your locale settings:
	LANGUAGE = (unset),
	LC_ALL = (unset),
	LC_COLLATE = "C",
	LC_MESSAGES = "C",
	LANG = "it_IT.UTF-8"
    are supported and installed on your system.
perl: warning: Falling back to the standard locale ("C").
perl: warning: Setting locale failed.
perl: warning: Please check that your locale settings:
	LANGUAGE = (unset),
	LC_ALL = (unset),
	LC_COLLATE = "C",
	LC_MESSAGES = "C",
	LANG = "it_IT.UTF-8"
    are supported and installed on your system.
perl: warning: Falling back to the standard locale ("C").
perl: warning: Setting locale failed.
perl: warning: Please check that your locale settings:
	LANGUAGE = (unset),
	LC_ALL = (unset),
	LC_COLLATE = "C",
	LC_MESSAGES = "C",
	LANG = "it_IT.UTF-8"
    are supported and installed on your system.
perl: warning: Falling back to the standard locale ("C").
perl: warning: Setting locale failed.
perl: warning: Please check that your locale settings:
	LANGUAGE = (unset),
	LC_ALL = (unset),
	LC_COLLATE = "C",
	LC_MESSAGES = "C",
	LANG = "it_IT.UTF-8"
    are supported and installed on your system.
perl: warning: Falling back to the standard locale ("C").
perl: warning: Setting locale failed.
perl: warning: Please check that your locale settings:
	LANGUAGE = (unset),
	LC_ALL = (unset),
	LC_COLLATE = "C",
	LC_MESSAGES = "C",
	LANG = "it_IT.UTF-8"
    are supported and installed on your system.
perl: warning: Falling back to the standard locale ("C").
perl: warning: Setting locale failed.
perl: warning: Please check that your locale settings:
	LANGUAGE = (unset),
	LC_ALL = (unset),
	LC_COLLATE = "C",
	LC_MESSAGES = "C",
	LANG = "it_IT.UTF-8"
    are supported and installed on your system.
perl: warning: Falling back to the standard locale ("C").
perl: warning: Setting locale failed.
perl: warning: Please check that your locale settings:
	LANGUAGE = (unset),
	LC_ALL = (unset),
	LC_COLLATE = "C",
	LC_MESSAGES = "C",
	LANG = "it_IT.UTF-8"
    are supported and installed on your system.
perl: warning: Falling back to the standard locale ("C").
===(       1;0  0/1  0/4  0/3  0/5  0/8  0/1  0/?  0/6  1/?  0/?... )===perl: warning: Setting locale failed.
perl: warning: Please check that your locale settings:
	LANGUAGE = (unset),
	LC_ALL = (unset),
	LC_COLLATE = "C",
	LC_MESSAGES = "C",
	LANG = "it_IT.UTF-8"
    are supported and installed on your system.
perl: warning: Falling back to the standard locale ("C").
===(       2;0  1/1  0/4  0/3  0/5  0/8  0/1  0/?  0/6  1/?  0/7... )===# Testing Test::LeakTrace/0.16
                                                                        t/00_compile.t ..... ok
===(       2;0  0/4  0/3  0/5  0/8  0/1  0/?  0/6  1/?  0/7  0/6... )======(       3;0  0/4  1/3  0/5  0/8  0/1  0/?  0/6  1/?  0/7  0/6... )======(       4;0  0/4  1/3  1/5  0/8  0/1  0/?  0/6  1/?  0/7  0/6... )======(       6;0  0/4  2/3  1/5  1/8  0/1  0/?  0/6  1/?  0/7  0/6... )======(       8;0  0/4  2/3  2/5  1/8  1/1  0/?  0/6  1/?  0/7  0/6... )===                                                                        t/06_threads.t ..... skipped: require threads
===(       9;0  0/4  2/3  2/5  2/8  1/1  0/6  1/?  0/7  0/6   0/... )======(      10;0  1/4  2/3  2/5  2/8  1/1  0/6  1/?  0/7  0/6   0/... )===perl: warning: Setting locale failed.
perl: warning: Please check that your locale settings:
	LANGUAGE = (unset),
	LC_ALL = (unset),
	LC_COLLATE = "C",
	LC_MESSAGES = "C",
	LANG = "it_IT.UTF-8"
    are supported and installed on your system.
perl: warning: Falling back to the standard locale ("C").
                                                                        t/02_refs.t ........ ok
===(      12;0  1/4  3/5  2/8  1/1  0/6  1/?  0/7  0/6   0/16  0... )===                                                                        t/05_script.t ...... ok
===(      15;0  1/4  5/5  3/8  0/6  1/?  0/7  0/6   0/16  0/?  0/? )====                                                                        t/03_count.t ....... ok
===(      15;0  1/4  3/8  0/6  1/?  0/7  0/6   0/16  0/?  0/? )============(      18;0  1/4  5/8  1/6  1/?  0/7  0/6   0/16  0/?  0/? )============(      20;0  1/4  5/8  2/6  1/?  1/7  0/6   0/16  0/?  0/? )============(      21;0  1/4  5/8  2/6  1/?  1/7  1/6   0/16  0/?  0/? )============(      22;0  1/4  5/8  2/6  1/?  1/7  1/6   1/16  0/?  0/? )=========perl: warning: Setting locale failed.
perl: warning: Please check that your locale settings:
	LANGUAGE = (unset),
	LC_ALL = (unset),
	LC_COLLATE = "C",
	LC_MESSAGES = "C",
	LANG = "it_IT.UTF-8"
    are supported and installed on your system.
perl: warning: Falling back to the standard locale ("C").
perl: warning: Setting locale failed.
perl: warning: Please check that your locale settings:
	LANGUAGE = (unset),
	LC_ALL = (unset),
	LC_COLLATE = "C",
	LC_MESSAGES = "C",
	LANG = "it_IT.UTF-8"
    are supported and installed on your system.
perl: warning: Falling back to the standard locale ("C").
===(      39;0  3/4  7/8  4/6  3/?  3/7  4/6   4/16  1/1  0/1 )=========                                                                        t/01_info.t ........ ok
===(      40;0  7/8  4/6  3/?  3/7  4/6   4/16  1/1  0/1 )==============                                                                        t/12_padstale.t .... ok
===(      40;0  7/8  4/6  3/?  3/7  4/6   4/16  0/1 )======================(      41;0  7/8  4/6  3/?  3/7  4/6   4/16  1/1 )===================                                                                        t/04_test_funcs.t .. ok
===(      42;0  4/6  3/?  3/7  4/6   4/16  1/1 )========================                                                                        t/13_do.t .......... ok
===(      42;0  4/6  3/?  3/7  4/6   4/16 )=============================perl: warning: Setting locale failed.
perl: warning: Please check that your locale settings:
	LANGUAGE = (unset),
	LC_ALL = (unset),
	LC_COLLATE = "C",
	LC_MESSAGES = "C",
	LANG = "it_IT.UTF-8"
    are supported and installed on your system.
perl: warning: Falling back to the standard locale ("C").
                                                                        t/07_eval.t ........ ok
===(      52;0  5/?  5/7  6/6   6/16 )==================================perl: warning: Setting locale failed.
perl: warning: Please check that your locale settings:
	LANGUAGE = (unset),
	LC_ALL = (unset),
	LC_COLLATE = "C",
	LC_MESSAGES = "C",
	LANG = "it_IT.UTF-8"
    are supported and installed on your system.
perl: warning: Falling back to the standard locale ("C").
                                                                        t/10_bad_use.t ..... ok
===(      55;0  7/?  6/7   6/16 )=======================================                                                                        t/09_info_more.t ... ok
===(      58;0  9/?   6/16 )============================================perl: warning: Setting locale failed.
perl: warning: Please check that your locale settings:
	LANGUAGE = (unset),
	LC_ALL = (unset),
	LC_COLLATE = "C",
	LC_MESSAGES = "C",
	LANG = "it_IT.UTF-8"
    are supported and installed on your system.
perl: warning: Falling back to the standard locale ("C").
                                                                        t/11_logfp.t ....... ok
t/08_leaktrace.t ... t/08_leaktrace.t ... 22/?                            t/08_leaktrace.t ... ok
All tests successful.
Files=14, Tests=126,  0 wallclock secs ( 0.05 usr  0.01 sys +  0.74 cusr  0.18 csys =  0.98 CPU)
Result: PASS
>>> Completed testing dev-perl/Test-LeakTrace-0.160.0

>>> Install dev-perl/Test-LeakTrace-0.160.0 into /tmp/portage/dev-perl/Test-LeakTrace-0.160.0/image/
make -j12 pure_install 
"/usr/bin/perl" "-Iinc" -MExtUtils::Command::MM -e 'cp_nonempty' -- LeakTrace.bs blib/arch/auto/Test/LeakTrace/LeakTrace.bs 644
perl: warning: Setting locale failed.
perl: warning: Please check that your locale settings:
	LANGUAGE = (unset),
	LC_ALL = (unset),
	LC_COLLATE = "C",
	LC_MESSAGES = "C",
	LANG = "it_IT.UTF-8"
    are supported and installed on your system.
perl: warning: Falling back to the standard locale ("C").
perl: warning: Setting locale failed.
perl: warning: Please check that your locale settings:
	LANGUAGE = (unset),
	LC_ALL = (unset),
	LC_COLLATE = "C",
	LC_MESSAGES = "C",
	LANG = "it_IT.UTF-8"
    are supported and installed on your system.
perl: warning: Falling back to the standard locale ("C").
Files found in blib/arch: installing files in blib/lib into architecture dependent library tree
Installing /tmp/portage/dev-perl/Test-LeakTrace-0.160.0/image/usr/lib64/perl5/vendor_perl/5.30.1/x86_64-linux/auto/Test/LeakTrace/LeakTrace.so
Installing /tmp/portage/dev-perl/Test-LeakTrace-0.160.0/image/usr/lib64/perl5/vendor_perl/5.30.1/x86_64-linux/Test/LeakTrace.pm
Installing /tmp/portage/dev-perl/Test-LeakTrace-0.160.0/image/usr/lib64/perl5/vendor_perl/5.30.1/x86_64-linux/Test/LeakTrace/JA.pod
Installing /tmp/portage/dev-perl/Test-LeakTrace-0.160.0/image/usr/lib64/perl5/vendor_perl/5.30.1/x86_64-linux/Test/LeakTrace/Script.pm
 [32;01m*[0m Fixing packlist file /usr/lib64/perl5/vendor_perl/5.30.1/x86_64-linux/auto/Test/LeakTrace/.packlist
>>> Completed installing dev-perl/Test-LeakTrace-0.160.0 into /tmp/portage/dev-perl/Test-LeakTrace-0.160.0/image/

 [32;01m*[0m Final size of build directory: 588 KiB
 [32;01m*[0m Final size of installed tree:  124 KiB

strip: x86_64-pc-linux-gnu-strip --strip-unneeded -N __gentoo_check_ldflags__ -R .comment -R .GCC.command.line -R .note.gnu.gold-version
   /usr/lib64/perl5/vendor_perl/5.30.1/x86_64-linux/auto/Test/LeakTrace/LeakTrace.so
./
./usr/
./usr/lib/
./usr/lib/debug/
./usr/lib/debug/usr/
./usr/lib/debug/usr/lib64/
./usr/lib/debug/usr/lib64/perl5/
./usr/lib/debug/usr/lib64/perl5/vendor_perl/
./usr/lib/debug/usr/lib64/perl5/vendor_perl/5.30.1/
./usr/lib/debug/usr/lib64/perl5/vendor_perl/5.30.1/x86_64-linux/
./usr/lib/debug/usr/lib64/perl5/vendor_perl/5.30.1/x86_64-linux/auto/
./usr/lib/debug/usr/lib64/perl5/vendor_perl/5.30.1/x86_64-linux/auto/Test/
./usr/lib/debug/usr/lib64/perl5/vendor_perl/5.30.1/x86_64-linux/auto/Test/LeakTrace/
./usr/lib/debug/usr/lib64/perl5/vendor_perl/5.30.1/x86_64-linux/auto/Test/LeakTrace/LeakTrace.so.debug
./usr/share/
./usr/share/doc/
./usr/share/doc/Test-LeakTrace-0.160.0/
./usr/share/doc/Test-LeakTrace-0.160.0/README.bz2
./usr/share/doc/Test-LeakTrace-0.160.0/Changes.bz2
./usr/lib64/
./usr/lib64/perl5/
./usr/lib64/perl5/vendor_perl/
./usr/lib64/perl5/vendor_perl/5.30.1/
./usr/lib64/perl5/vendor_perl/5.30.1/x86_64-linux/
./usr/lib64/perl5/vendor_perl/5.30.1/x86_64-linux/Test/
./usr/lib64/perl5/vendor_perl/5.30.1/x86_64-linux/Test/LeakTrace/
./usr/lib64/perl5/vendor_perl/5.30.1/x86_64-linux/Test/LeakTrace/JA.pod
./usr/lib64/perl5/vendor_perl/5.30.1/x86_64-linux/Test/LeakTrace/Script.pm
./usr/lib64/perl5/vendor_perl/5.30.1/x86_64-linux/Test/LeakTrace.pm
./usr/lib64/perl5/vendor_perl/5.30.1/x86_64-linux/auto/
./usr/lib64/perl5/vendor_perl/5.30.1/x86_64-linux/auto/Test/
./usr/lib64/perl5/vendor_perl/5.30.1/x86_64-linux/auto/Test/LeakTrace/
./usr/lib64/perl5/vendor_perl/5.30.1/x86_64-linux/auto/Test/LeakTrace/LeakTrace.so
./usr/lib64/perl5/vendor_perl/5.30.1/x86_64-linux/auto/Test/LeakTrace/.packlist
>>> Done.
 [32;01m*[39;49;00m checking 8 files for package collisions
>>> Merging dev-perl/Test-LeakTrace-0.160.0 to /
--- /usr/
--- /usr/lib64/
--- /usr/lib64/perl5/
--- /usr/lib64/perl5/vendor_perl/
--- /usr/lib64/perl5/vendor_perl/5.30.1/
--- /usr/lib64/perl5/vendor_perl/5.30.1/x86_64-linux/
--- /usr/lib64/perl5/vendor_perl/5.30.1/x86_64-linux/auto/
>>> /usr/lib64/perl5/vendor_perl/5.30.1/x86_64-linux/auto/Test/
>>> /usr/lib64/perl5/vendor_perl/5.30.1/x86_64-linux/auto/Test/LeakTrace/
>>> /usr/lib64/perl5/vendor_perl/5.30.1/x86_64-linux/auto/Test/LeakTrace/.packlist
>>> /usr/lib64/perl5/vendor_perl/5.30.1/x86_64-linux/auto/Test/LeakTrace/LeakTrace.so
>>> /usr/lib64/perl5/vendor_perl/5.30.1/x86_64-linux/Test/
>>> /usr/lib64/perl5/vendor_perl/5.30.1/x86_64-linux/Test/LeakTrace.pm
>>> /usr/lib64/perl5/vendor_perl/5.30.1/x86_64-linux/Test/LeakTrace/
>>> /usr/lib64/perl5/vendor_perl/5.30.1/x86_64-linux/Test/LeakTrace/Script.pm
>>> /usr/lib64/perl5/vendor_perl/5.30.1/x86_64-linux/Test/LeakTrace/JA.pod
--- /usr/share/
--- /usr/share/doc/
>>> /usr/share/doc/Test-LeakTrace-0.160.0/
>>> /usr/share/doc/Test-LeakTrace-0.160.0/Changes.bz2
>>> /usr/share/doc/Test-LeakTrace-0.160.0/README.bz2
--- /usr/lib/
--- /usr/lib/debug/
--- /usr/lib/debug/usr/
--- /usr/lib/debug/usr/lib64/
--- /usr/lib/debug/usr/lib64/perl5/
--- /usr/lib/debug/usr/lib64/perl5/vendor_perl/
--- /usr/lib/debug/usr/lib64/perl5/vendor_perl/5.30.1/
--- /usr/lib/debug/usr/lib64/perl5/vendor_perl/5.30.1/x86_64-linux/
--- /usr/lib/debug/usr/lib64/perl5/vendor_perl/5.30.1/x86_64-linux/auto/
>>> /usr/lib/debug/usr/lib64/perl5/vendor_perl/5.30.1/x86_64-linux/auto/Test/
>>> /usr/lib/debug/usr/lib64/perl5/vendor_perl/5.30.1/x86_64-linux/auto/Test/LeakTrace/
>>> /usr/lib/debug/usr/lib64/perl5/vendor_perl/5.30.1/x86_64-linux/auto/Test/LeakTrace/LeakTrace.so.debug
>>> dev-perl/Test-LeakTrace-0.160.0 merged.
>>> Regenerating /etc/ld.so.cache...
