[32;01m * [39;49;00mPackage:    dev-perl/File-MimeInfo-0.280.0
[32;01m * [39;49;00mRepository: gentoo
[32;01m * [39;49;00mMaintainer: perl@gentoo.org
[32;01m * [39;49;00mUSE:        abi_x86_64 amd64 elibc_glibc kernel_linux test userland_GNU
[32;01m * [39;49;00mFEATURES:   network-sandbox preserve-libs sandbox splitdebug test userpriv usersandbox
>>> Unpacking source...
>>> Unpacking File-MimeInfo-0.28.tar.gz to /tmp/portage/dev-perl/File-MimeInfo-0.280.0/work
>>> Source unpacked in /tmp/portage/dev-perl/File-MimeInfo-0.280.0/work
>>> Preparing source in /tmp/portage/dev-perl/File-MimeInfo-0.280.0/work/File-MimeInfo-0.28 ...
>>> Source prepared.
>>> Configuring source in /tmp/portage/dev-perl/File-MimeInfo-0.280.0/work/File-MimeInfo-0.28 ...
perl: warning: Setting locale failed.
perl: warning: Please check that your locale settings:
	LANGUAGE = (unset),
	LC_ALL = (unset),
	LC_COLLATE = "C",
	LC_MESSAGES = "C",
	LANG = "it_IT.UTF-8"
    are supported and installed on your system.
perl: warning: Falling back to the standard locale ("C").
 [32;01m*[0m Using ExtUtils::MakeMaker
 [32;01m*[0m perl Makefile.PL PREFIX=/usr INSTALLDIRS=vendor INSTALLMAN3DIR=none DESTDIR=/tmp/portage/dev-perl/File-MimeInfo-0.280.0/image/
perl: warning: Setting locale failed.
perl: warning: Please check that your locale settings:
	LANGUAGE = (unset),
	LC_ALL = (unset),
	LC_COLLATE = "C",
	LC_MESSAGES = "C",
	LANG = "it_IT.UTF-8"
    are supported and installed on your system.
perl: warning: Falling back to the standard locale ("C").
Checking if your kit is complete...
Looks good
Generating a Unix-style Makefile
Writing Makefile for File::MimeInfo
Writing MYMETA.yml and MYMETA.json
>>> Source configured.
>>> Compiling source in /tmp/portage/dev-perl/File-MimeInfo-0.280.0/work/File-MimeInfo-0.28 ...
 [32;01m*[0m emake OTHERLDFLAGS=-Wl,-O1 -Wl,--as-needed -Wl,--defsym=__gentoo_check_ldflags__=0 -Wl,--hash-style=gnu -Wl,-z,norelro
make -j12 'OTHERLDFLAGS=-Wl,-O1 -Wl,--as-needed -Wl,--defsym=__gentoo_check_ldflags__=0 -Wl,--hash-style=gnu -Wl,-z,norelro' 
perl: warning: Setting locale failed.
perl: warning: Please check that your locale settings:
	LANGUAGE = (unset),
	LC_ALL = (unset),
	LC_COLLATE = "C",
	LC_MESSAGES = "C",
	LANG = "it_IT.UTF-8"
    are supported and installed on your system.
perl: warning: Falling back to the standard locale ("C").
perl: warning: Setting locale failed.
perl: warning: Please check that your locale settings:
	LANGUAGE = (unset),
	LC_ALL = (unset),
	LC_COLLATE = "C",
	LC_MESSAGES = "C",
	LANG = "it_IT.UTF-8"
    are supported and installed on your system.
perl: warning: Falling back to the standard locale ("C").
perl: warning: Setting locale failed.
perl: warning: Setting locale failed.
perl: warning: Please check that your locale settings:
perl: warning: Please check that your locale settings:
	LANGUAGE = (unset),
	LANGUAGE = (unset),
	LC_ALL = (unset),
	LC_ALL = (unset),
	LC_COLLATE = "C",
	LC_MESSAGES = "C",
	LC_COLLATE = "C",
	LANG = "it_IT.UTF-8"
    are supported and installed on your system.
	LC_MESSAGES = "C",
	LANG = "it_IT.UTF-8"
    are supported and installed on your system.
perl: warning: Falling back to the standard locale ("C").
perl: warning: Falling back to the standard locale ("C").
perl: warning: Setting locale failed.
perl: warning: Please check that your locale settings:
	LANGUAGE = (unset),
	LC_ALL = (unset),
	LC_COLLATE = "C",
	LC_MESSAGES = "C",
	LANG = "it_IT.UTF-8"
    are supported and installed on your system.
perl: warning: Falling back to the standard locale ("C").
perl: warning: Setting locale failed.
perl: warning: Please check that your locale settings:
	LANGUAGE = (unset),
	LC_ALL = (unset),
	LC_COLLATE = "C",
	LC_MESSAGES = "C",
	LANG = "it_IT.UTF-8"
    are supported and installed on your system.
perl: warning: Falling back to the standard locale ("C").
perl: warning: Setting locale failed.
perl: warning: Setting locale failed.
perl: warning: Please check that your locale settings:
perl: warning: Please check that your locale settings:
	LANGUAGE = (unset),
	LANGUAGE = (unset),
	LC_ALL = (unset),
	LC_ALL = (unset),
	LC_COLLATE = "C",
	LC_COLLATE = "C",
	LC_MESSAGES = "C",
	LC_MESSAGES = "C",
	LANG = "it_IT.UTF-8"
	LANG = "it_IT.UTF-8"
    are supported and installed on your system.
    are supported and installed on your system.
perl: warning: Falling back to the standard locale ("C").
perl: warning: Falling back to the standard locale ("C").
perl: warning: Setting locale failed.
perl: warning: Please check that your locale settings:
	LANGUAGE = (unset),
	LC_ALL = (unset),
	LC_COLLATE = "C",
	LC_MESSAGES = "C",
	LANG = "it_IT.UTF-8"
    are supported and installed on your system.
perl: warning: Falling back to the standard locale ("C").
cp lib/File/MimeInfo/Rox.pm blib/lib/File/MimeInfo/Rox.pm
cp lib/File/MimeInfo/Applications.pm blib/lib/File/MimeInfo/Applications.pm
cp lib/File/MimeInfo/Magic.pm blib/lib/File/MimeInfo/Magic.pm
cp lib/File/MimeInfo.pm blib/lib/File/MimeInfo.pm
cp lib/File/MimeInfo/Cookbook.pod blib/lib/File/MimeInfo/Cookbook.pod
cp mimeopen blib/script/mimeopen
cp mimetype blib/script/mimetype
"/usr/bin/perl" -MExtUtils::MY -e 'MY->fixin(shift)' -- blib/script/mimeopen
"/usr/bin/perl" -MExtUtils::MY -e 'MY->fixin(shift)' -- blib/script/mimetype
perl: warning: Setting locale failed.
perl: warning: Please check that your locale settings:
	LANGUAGE = (unset),
	LC_ALL = (unset),
	LC_COLLATE = "C",
	LC_MESSAGES = "C",
	LANG = "it_IT.UTF-8"
    are supported and installed on your system.
perl: warning: Falling back to the standard locale ("C").
perl: warning: Setting locale failed.
perl: warning: Please check that your locale settings:
	LANGUAGE = (unset),
	LC_ALL = (unset),
	LC_COLLATE = "C",
	LC_MESSAGES = "C",
	LANG = "it_IT.UTF-8"
    are supported and installed on your system.
perl: warning: Falling back to the standard locale ("C").
perl: warning: Setting locale failed.
perl: warning: Please check that your locale settings:
	LANGUAGE = (unset),
	LC_ALL = (unset),
	LC_COLLATE = "C",
	LC_MESSAGES = "C",
	LANG = "it_IT.UTF-8"
    are supported and installed on your system.
perl: warning: Falling back to the standard locale ("C").
Manifying 2 pod documents
>>> Source compiled.
>>> Test phase: dev-perl/File-MimeInfo-0.280.0
 [32;01m*[0m Removing un-needed t/08_changes.t
 [32;01m*[0m Removing un-needed t/06_pod_ok.t
 [32;01m*[0m Removing un-needed t/07_pod_cover.t
 [32;01m*[0m Removing un-needed t/09_no404s.t
 [32;01m*[0m Fixing Manifest
 [32;01m*[0m Test::Harness Jobs=12
make -j12 test TEST_VERBOSE=0 
PERL_DL_NONLAZY=1 "/usr/bin/perl" "-MExtUtils::Command::MM" "-MTest::Harness" "-e" "undef *Test::Harness::Switches; test_harness(0, 'blib/lib', 'blib/arch')" t/*.t
perl: warning: Setting locale failed.
perl: warning: Please check that your locale settings:
	LANGUAGE = (unset),
	LC_ALL = (unset),
	LC_COLLATE = "C",
	LC_MESSAGES = "C",
	LANG = "it_IT.UTF-8"
    are supported and installed on your system.
perl: warning: Falling back to the standard locale ("C").
perl: warning: Setting locale failed.
perl: warning: Please check that your locale settings:
	LANGUAGE = (unset),
	LC_ALL = (unset),
	LC_COLLATE = "C",
	LC_MESSAGES = "C",
	LANG = "it_IT.UTF-8"
    are supported and installed on your system.
perl: warning: Falling back to the standard locale ("C").
perl: warning: Setting locale failed.
perl: warning: Please check that your locale settings:
	LANGUAGE = (unset),
	LC_ALL = (unset),
	LC_COLLATE = "C",
	LC_MESSAGES = "C",
	LANG = "it_IT.UTF-8"
    are supported and installed on your system.
perl: warning: Falling back to the standard locale ("C").
perl: warning: Setting locale failed.
perl: warning: Please check that your locale settings:
	LANGUAGE = (unset),
	LC_ALL = (unset),
	LC_COLLATE = "C",
	LC_MESSAGES = "C",
	LANG = "it_IT.UTF-8"
    are supported and installed on your system.
perl: warning: Falling back to the standard locale ("C").
perl: warning: Setting locale failed.
perl: warning: Please check that your locale settings:
	LANGUAGE = (unset),
	LC_ALL = (unset),
	LC_COLLATE = "C",
	LC_MESSAGES = "C",
	LANG = "it_IT.UTF-8"
    are supported and installed on your system.
perl: warning: Falling back to the standard locale ("C").
===(       1;0  1/4   0/31   0/17  0/2  0/6   0/16  0/? )==================(       2;0  1/4   1/31   0/17  0/2  0/6   0/16  0/? )==================(       4;0  1/4   2/31   0/17  1/2  0/6   0/16  0/? )==================(       6;0  1/4   2/31   0/17  2/2  0/6   1/16  0/? )===============perl: warning: Setting locale failed.
perl: warning: Please check that your locale settings:
	LANGUAGE = (unset),
	LC_ALL = (unset),
	LC_COLLATE = "C",
	LC_MESSAGES = "C",
	LANG = "it_IT.UTF-8"
    are supported and installed on your system.
perl: warning: Falling back to the standard locale ("C").
===(       7;0  1/4   2/31   0/17  2/2  0/6   1/16  1/? )==================(      11;0  3/4   3/31   1/17  2/2  0/6   1/16  1/? )===============perl: warning: Setting locale failed.
perl: warning: Please check that your locale settings:
	LANGUAGE = (unset),
	LC_ALL = (unset),
	LC_COLLATE = "C",
	LC_MESSAGES = "C",
	LANG = "it_IT.UTF-8"
    are supported and installed on your system.
perl: warning: Falling back to the standard locale ("C").
                                                                        t/03_rox.t ......... ok
===(      12;0  3/4   4/31   1/17  0/6   1/16  1/? )====================WARNING: You don't seem to have any mimeinfo.cache files.
Try running the update-desktop-database command. If you
don't have this command you should install the
desktop-file-utils package. This package is available from
http://freedesktop.org/wiki/Software/desktop-file-utils/
                                                                        t/00_use_ok.t ...... ok
===(      13;0   4/31   1/17  0/6   1/16  1/? )============================(      17;0   5/31   3/17  1/6   1/16  1/? )=========================                                                                        t/10filehandle.t ... ok
===(      36;0   7/31   7/17  6/6   6/16 )==============================                                                                        t/04_IO_objects.t .. ok
===(      40;0   9/31   9/17   6/16 )===================================                                                                        t/02_magic.t ....... ok
===(      65;0  18/31  14/16 )==========================================perl: warning: Setting locale failed.
perl: warning: Please check that your locale settings:
	LANGUAGE = (unset),
	LC_ALL = (unset),
	LC_COLLATE = "C",
	LC_MESSAGES = "C",
	LANG = "it_IT.UTF-8"
    are supported and installed on your system.
perl: warning: Falling back to the standard locale ("C").
                                                                        t/05_more.t ........ ok
t/01_normal.t ...... t/01_normal.t ...... 23/31 perl: warning: Setting locale failed.
perl: warning: Please check that your locale settings:
	LANGUAGE = (unset),
	LC_ALL = (unset),
	LC_COLLATE = "C",
	LC_MESSAGES = "C",
	LANG = "it_IT.UTF-8"
    are supported and installed on your system.
perl: warning: Falling back to the standard locale ("C").
                            t/01_normal.t ...... ok
All tests successful.
Files=7, Tests=80,  0 wallclock secs ( 0.03 usr  0.01 sys +  0.38 cusr  0.07 csys =  0.49 CPU)
Result: PASS
>>> Completed testing dev-perl/File-MimeInfo-0.280.0

>>> Install dev-perl/File-MimeInfo-0.280.0 into /tmp/portage/dev-perl/File-MimeInfo-0.280.0/image/
make -j12 pure_install 
perl: warning: Setting locale failed.
perl: warning: Please check that your locale settings:
	LANGUAGE = (unset),
	LC_ALL = (unset),
	LC_COLLATE = "C",
	LC_MESSAGES = "C",
	LANG = "it_IT.UTF-8"
    are supported and installed on your system.
perl: warning: Falling back to the standard locale ("C").
Manifying 2 pod documents
perl: warning: Setting locale failed.
perl: warning: Please check that your locale settings:
	LANGUAGE = (unset),
	LC_ALL = (unset),
	LC_COLLATE = "C",
	LC_MESSAGES = "C",
	LANG = "it_IT.UTF-8"
    are supported and installed on your system.
perl: warning: Falling back to the standard locale ("C").
Installing /tmp/portage/dev-perl/File-MimeInfo-0.280.0/image/usr/lib64/perl5/vendor_perl/5.30.2/File/MimeInfo.pm
Installing /tmp/portage/dev-perl/File-MimeInfo-0.280.0/image/usr/lib64/perl5/vendor_perl/5.30.2/File/MimeInfo/Cookbook.pod
Installing /tmp/portage/dev-perl/File-MimeInfo-0.280.0/image/usr/lib64/perl5/vendor_perl/5.30.2/File/MimeInfo/Rox.pm
Installing /tmp/portage/dev-perl/File-MimeInfo-0.280.0/image/usr/lib64/perl5/vendor_perl/5.30.2/File/MimeInfo/Magic.pm
Installing /tmp/portage/dev-perl/File-MimeInfo-0.280.0/image/usr/lib64/perl5/vendor_perl/5.30.2/File/MimeInfo/Applications.pm
Installing /tmp/portage/dev-perl/File-MimeInfo-0.280.0/image/usr/share/man/man1/mimetype.1
Installing /tmp/portage/dev-perl/File-MimeInfo-0.280.0/image/usr/share/man/man1/mimeopen.1
Installing /tmp/portage/dev-perl/File-MimeInfo-0.280.0/image/usr/bin/mimeopen
Installing /tmp/portage/dev-perl/File-MimeInfo-0.280.0/image/usr/bin/mimetype
 [32;01m*[0m Fixing packlist file /usr/lib64/perl5/vendor_perl/5.30.2/x86_64-linux/auto/File/MimeInfo/.packlist
>>> Completed installing dev-perl/File-MimeInfo-0.280.0 into /tmp/portage/dev-perl/File-MimeInfo-0.280.0/image/

 [32;01m*[0m Final size of build directory: 468 KiB
 [32;01m*[0m Final size of installed tree:  184 KiB

./
./usr/
./usr/bin/
./usr/bin/mimeopen
./usr/bin/mimetype
./usr/share/
./usr/share/man/
./usr/share/man/man1/
./usr/share/man/man1/mimeopen.1.bz2
./usr/share/man/man1/mimetype.1.bz2
./usr/share/doc/
./usr/share/doc/File-MimeInfo-0.280.0/
./usr/share/doc/File-MimeInfo-0.280.0/README.md.bz2
./usr/share/doc/File-MimeInfo-0.280.0/Changes.bz2
./usr/lib64/
./usr/lib64/perl5/
./usr/lib64/perl5/vendor_perl/
./usr/lib64/perl5/vendor_perl/5.30.2/
./usr/lib64/perl5/vendor_perl/5.30.2/x86_64-linux/
./usr/lib64/perl5/vendor_perl/5.30.2/x86_64-linux/auto/
./usr/lib64/perl5/vendor_perl/5.30.2/x86_64-linux/auto/File/
./usr/lib64/perl5/vendor_perl/5.30.2/x86_64-linux/auto/File/MimeInfo/
./usr/lib64/perl5/vendor_perl/5.30.2/x86_64-linux/auto/File/MimeInfo/.packlist
./usr/lib64/perl5/vendor_perl/5.30.2/File/
./usr/lib64/perl5/vendor_perl/5.30.2/File/MimeInfo.pm
./usr/lib64/perl5/vendor_perl/5.30.2/File/MimeInfo/
./usr/lib64/perl5/vendor_perl/5.30.2/File/MimeInfo/Cookbook.pod
./usr/lib64/perl5/vendor_perl/5.30.2/File/MimeInfo/Rox.pm
./usr/lib64/perl5/vendor_perl/5.30.2/File/MimeInfo/Magic.pm
./usr/lib64/perl5/vendor_perl/5.30.2/File/MimeInfo/Applications.pm
>>> Done.
 [32;01m*[39;49;00m checking 12 files for package collisions
>>> Merging dev-perl/File-MimeInfo-0.280.0 to /
--- /usr/
--- /usr/lib64/
--- /usr/lib64/perl5/
--- /usr/lib64/perl5/vendor_perl/
--- /usr/lib64/perl5/vendor_perl/5.30.2/
--- /usr/lib64/perl5/vendor_perl/5.30.2/File/
>>> /usr/lib64/perl5/vendor_perl/5.30.2/File/MimeInfo/
>>> /usr/lib64/perl5/vendor_perl/5.30.2/File/MimeInfo/Applications.pm
>>> /usr/lib64/perl5/vendor_perl/5.30.2/File/MimeInfo/Magic.pm
>>> /usr/lib64/perl5/vendor_perl/5.30.2/File/MimeInfo/Rox.pm
>>> /usr/lib64/perl5/vendor_perl/5.30.2/File/MimeInfo/Cookbook.pod
>>> /usr/lib64/perl5/vendor_perl/5.30.2/File/MimeInfo.pm
--- /usr/lib64/perl5/vendor_perl/5.30.2/x86_64-linux/
--- /usr/lib64/perl5/vendor_perl/5.30.2/x86_64-linux/auto/
--- /usr/lib64/perl5/vendor_perl/5.30.2/x86_64-linux/auto/File/
>>> /usr/lib64/perl5/vendor_perl/5.30.2/x86_64-linux/auto/File/MimeInfo/
>>> /usr/lib64/perl5/vendor_perl/5.30.2/x86_64-linux/auto/File/MimeInfo/.packlist
--- /usr/share/
--- /usr/share/doc/
>>> /usr/share/doc/File-MimeInfo-0.280.0/
>>> /usr/share/doc/File-MimeInfo-0.280.0/Changes.bz2
>>> /usr/share/doc/File-MimeInfo-0.280.0/README.md.bz2
--- /usr/share/man/
--- /usr/share/man/man1/
>>> /usr/share/man/man1/mimetype.1.bz2
>>> /usr/share/man/man1/mimeopen.1.bz2
--- /usr/bin/
>>> /usr/bin/mimetype
>>> /usr/bin/mimeopen
>>> dev-perl/File-MimeInfo-0.280.0 merged.
>>> Regenerating /etc/ld.so.cache...
