[32;01m * [39;49;00mPackage:    dev-perl/HTML-Tagset-3.200.0-r1
[32;01m * [39;49;00mRepository: gentoo
[32;01m * [39;49;00mMaintainer: perl@gentoo.org
[32;01m * [39;49;00mUSE:        abi_x86_64 amd64 elibc_glibc kernel_linux userland_GNU
[32;01m * [39;49;00mFEATURES:   network-sandbox preserve-libs sandbox splitdebug test userpriv usersandbox
>>> Unpacking source...
>>> Unpacking HTML-Tagset-3.20.tar.gz to /tmp/portage/dev-perl/HTML-Tagset-3.200.0-r1/work
>>> Source unpacked in /tmp/portage/dev-perl/HTML-Tagset-3.200.0-r1/work
>>> Preparing source in /tmp/portage/dev-perl/HTML-Tagset-3.200.0-r1/work/HTML-Tagset-3.20 ...
>>> Source prepared.
>>> Configuring source in /tmp/portage/dev-perl/HTML-Tagset-3.200.0-r1/work/HTML-Tagset-3.20 ...
perl: warning: Setting locale failed.
perl: warning: Please check that your locale settings:
	LANGUAGE = (unset),
	LC_ALL = (unset),
	LC_MESSAGES = "C",
	LANG = "it_IT.UTF-8"
    are supported and installed on your system.
perl: warning: Falling back to the standard locale ("C").
 [32;01m*[0m Using ExtUtils::MakeMaker
 [32;01m*[0m perl Makefile.PL PREFIX=/usr INSTALLDIRS=vendor INSTALLMAN3DIR=none DESTDIR=/tmp/portage/dev-perl/HTML-Tagset-3.200.0-r1/image/
perl: warning: Setting locale failed.
perl: warning: Please check that your locale settings:
	LANGUAGE = (unset),
	LC_ALL = (unset),
	LC_MESSAGES = "C",
	LANG = "it_IT.UTF-8"
    are supported and installed on your system.
perl: warning: Falling back to the standard locale ("C").
Checking if your kit is complete...
Looks good
Generating a Unix-style Makefile
Writing Makefile for HTML::Tagset
Writing MYMETA.yml and MYMETA.json
>>> Source configured.
>>> Compiling source in /tmp/portage/dev-perl/HTML-Tagset-3.200.0-r1/work/HTML-Tagset-3.20 ...
 [32;01m*[0m emake OTHERLDFLAGS=-Wl,-O1 -Wl,--as-needed -Wl,--defsym=__gentoo_check_ldflags__=0 -Wl,--hash-style=gnu -Wl,-z,norelro
make -j12 'OTHERLDFLAGS=-Wl,-O1 -Wl,--as-needed -Wl,--defsym=__gentoo_check_ldflags__=0 -Wl,--hash-style=gnu -Wl,-z,norelro' 
perl: warning: Setting locale failed.
perl: warning: Please check that your locale settings:
	LANGUAGE = (unset),
	LC_ALL = (unset),
	LC_MESSAGES = "C",
	LANG = "it_IT.UTF-8"
    are supported and installed on your system.
perl: warning: Falling back to the standard locale ("C").
perl: warning: Setting locale failed.
perl: warning: Please check that your locale settings:
	LANGUAGE = (unset),
	LC_ALL = (unset),
	LC_MESSAGES = "C",
	LANG = "it_IT.UTF-8"
    are supported and installed on your system.
perl: warning: Falling back to the standard locale ("C").
perl: warning: Setting locale failed.
perl: warning: Please check that your locale settings:
	LANGUAGE = (unset),
	LC_ALL = (unset),
	LC_MESSAGES = "C",
	LANG = "it_IT.UTF-8"
    are supported and installed on your system.
perl: warning: Falling back to the standard locale ("C").
perl: warning: Setting locale failed.
perl: warning: Please check that your locale settings:
	LANGUAGE = (unset),
	LC_ALL = (unset),
	LC_MESSAGES = "C",
	LANG = "it_IT.UTF-8"
    are supported and installed on your system.
perl: warning: Falling back to the standard locale ("C").
perl: warning: Setting locale failed.
perl: warning: Please check that your locale settings:
	LANGUAGE = (unset),
	LC_ALL = (unset),
	LC_MESSAGES = "C",
	LANG = "it_IT.UTF-8"
    are supported and installed on your system.
perl: warning: Falling back to the standard locale ("C").
perl: warning: Setting locale failed.
perl: warning: Please check that your locale settings:
	LANGUAGE = (unset),
	LC_ALL = (unset),
	LC_MESSAGES = "C",
	LANG = "it_IT.UTF-8"
    are supported and installed on your system.
perl: warning: Falling back to the standard locale ("C").
perl: warning: Setting locale failed.
perl: warning: Setting locale failed.
perl: warning: Please check that your locale settings:
perl: warning: Please check that your locale settings:
	LANGUAGE = (unset),
	LANGUAGE = (unset),
	LC_ALL = (unset),
	LC_ALL = (unset),
	LC_MESSAGES = "C",
	LC_MESSAGES = "C",
	LANG = "it_IT.UTF-8"
	LANG = "it_IT.UTF-8"
    are supported and installed on your system.
    are supported and installed on your system.
perl: warning: Falling back to the standard locale ("C").
perl: warning: Falling back to the standard locale ("C").
perl: warning: Setting locale failed.
perl: warning: Please check that your locale settings:
	LANGUAGE = (unset),
	LC_ALL = (unset),
	LC_MESSAGES = "C",
	LANG = "it_IT.UTF-8"
    are supported and installed on your system.
perl: warning: Falling back to the standard locale ("C").
cp Tagset.pm blib/lib/HTML/Tagset.pm
>>> Source compiled.
>>> Test phase: dev-perl/HTML-Tagset-3.200.0-r1
make -j12 test TEST_VERBOSE=0 
PERL_DL_NONLAZY=1 "/usr/bin/perl" "-MExtUtils::Command::MM" "-MTest::Harness" "-e" "undef *Test::Harness::Switches; test_harness(0, 'blib/lib', 'blib/arch')" t/*.t
perl: warning: Setting locale failed.
perl: warning: Please check that your locale settings:
	LANGUAGE = (unset),
	LC_ALL = (unset),
	LC_MESSAGES = "C",
	LANG = "it_IT.UTF-8"
    are supported and installed on your system.
perl: warning: Falling back to the standard locale ("C").
perl: warning: Setting locale failed.
perl: warning: Please check that your locale settings:
	LANGUAGE = (unset),
	LC_ALL = (unset),
	LC_MESSAGES = "C",
	LANG = "it_IT.UTF-8"
    are supported and installed on your system.
perl: warning: Falling back to the standard locale ("C").
t/00_about_verbose.t .. perl: warning: Setting locale failed.
perl: warning: Please check that your locale settings:
	LANGUAGE = (unset),
	LC_ALL = (unset),
	LC_MESSAGES = "C",
	LANG = "it_IT.UTF-8"
    are supported and installed on your system.
perl: warning: Falling back to the standard locale ("C").
t/00_about_verbose.t .. 1/2                              t/00_about_verbose.t .. ok
t/01_old_junk.t ....... perl: warning: Setting locale failed.
perl: warning: Please check that your locale settings:
	LANGUAGE = (unset),
	LC_ALL = (unset),
	LC_MESSAGES = "C",
	LANG = "it_IT.UTF-8"
    are supported and installed on your system.
perl: warning: Falling back to the standard locale ("C").
t/01_old_junk.t ....... 1/1                              t/01_old_junk.t ....... ok
t/pod.t ............... perl: warning: Setting locale failed.
perl: warning: Please check that your locale settings:
	LANGUAGE = (unset),
	LC_ALL = (unset),
	LC_MESSAGES = "C",
	LANG = "it_IT.UTF-8"
    are supported and installed on your system.
perl: warning: Falling back to the standard locale ("C").
                             t/pod.t ............... skipped: Test::Pod 1.14 required for testing POD
All tests successful.
Files=3, Tests=3,  0 wallclock secs ( 0.02 usr  0.01 sys +  0.04 cusr  0.01 csys =  0.08 CPU)
Result: PASS
>>> Completed testing dev-perl/HTML-Tagset-3.200.0-r1

>>> Install dev-perl/HTML-Tagset-3.200.0-r1 into /tmp/portage/dev-perl/HTML-Tagset-3.200.0-r1/image/
make -j12 pure_install 
perl: warning: Setting locale failed.
perl: warning: Please check that your locale settings:
	LANGUAGE = (unset),
	LC_ALL = (unset),
	LC_MESSAGES = "C",
	LANG = "it_IT.UTF-8"
    are supported and installed on your system.
perl: warning: Falling back to the standard locale ("C").
Installing /tmp/portage/dev-perl/HTML-Tagset-3.200.0-r1/image/usr/lib64/perl5/vendor_perl/5.30.2/HTML/Tagset.pm
>>> Completed installing dev-perl/HTML-Tagset-3.200.0-r1 into /tmp/portage/dev-perl/HTML-Tagset-3.200.0-r1/image/

 [32;01m*[0m Final size of build directory: 172 KiB
 [32;01m*[0m Final size of installed tree:   64 KiB

./
./usr/
./usr/share/
./usr/share/doc/
./usr/share/doc/HTML-Tagset-3.200.0-r1/
./usr/share/doc/HTML-Tagset-3.200.0-r1/README.bz2
./usr/share/doc/HTML-Tagset-3.200.0-r1/Changes.bz2
./usr/lib64/
./usr/lib64/perl5/
./usr/lib64/perl5/vendor_perl/
./usr/lib64/perl5/vendor_perl/5.30.2/
./usr/lib64/perl5/vendor_perl/5.30.2/HTML/
./usr/lib64/perl5/vendor_perl/5.30.2/HTML/Tagset.pm
>>> Done.
 [32;01m*[39;49;00m checking 3 files for package collisions
>>> Merging dev-perl/HTML-Tagset-3.200.0-r1 to /
--- /usr/
--- /usr/lib64/
--- /usr/lib64/perl5/
--- /usr/lib64/perl5/vendor_perl/
--- /usr/lib64/perl5/vendor_perl/5.30.2/
>>> /usr/lib64/perl5/vendor_perl/5.30.2/HTML/
>>> /usr/lib64/perl5/vendor_perl/5.30.2/HTML/Tagset.pm
--- /usr/share/
--- /usr/share/doc/
>>> /usr/share/doc/HTML-Tagset-3.200.0-r1/
>>> /usr/share/doc/HTML-Tagset-3.200.0-r1/Changes.bz2
>>> /usr/share/doc/HTML-Tagset-3.200.0-r1/README.bz2
>>> dev-perl/HTML-Tagset-3.200.0-r1 merged.
>>> Regenerating /etc/ld.so.cache...
