[32;01m * [39;49;00mPackage:    dev-perl/Sub-Uplevel-0.280.0
[32;01m * [39;49;00mRepository: gentoo
[32;01m * [39;49;00mMaintainer: perl@gentoo.org
[32;01m * [39;49;00mUSE:        abi_x86_64 amd64 elibc_glibc kernel_linux test userland_GNU
[32;01m * [39;49;00mFEATURES:   network-sandbox preserve-libs sandbox splitdebug test userpriv usersandbox
>>> Unpacking source...
>>> Unpacking Sub-Uplevel-0.2800.tar.gz to /tmp/portage/dev-perl/Sub-Uplevel-0.280.0/work
>>> Source unpacked in /tmp/portage/dev-perl/Sub-Uplevel-0.280.0/work
>>> Preparing source in /tmp/portage/dev-perl/Sub-Uplevel-0.280.0/work/Sub-Uplevel-0.2800 ...
>>> Source prepared.
>>> Configuring source in /tmp/portage/dev-perl/Sub-Uplevel-0.280.0/work/Sub-Uplevel-0.2800 ...
perl: warning: Setting locale failed.
perl: warning: Please check that your locale settings:
	LANGUAGE = (unset),
	LC_ALL = (unset),
	LC_COLLATE = "C",
	LC_MESSAGES = "C",
	LANG = "it_IT.UTF-8"
    are supported and installed on your system.
perl: warning: Falling back to the standard locale ("C").
 [32;01m*[0m Using ExtUtils::MakeMaker
 [32;01m*[0m perl Makefile.PL PREFIX=/usr INSTALLDIRS=vendor INSTALLMAN3DIR=none DESTDIR=/tmp/portage/dev-perl/Sub-Uplevel-0.280.0/image/
perl: warning: Setting locale failed.
perl: warning: Please check that your locale settings:
	LANGUAGE = (unset),
	LC_ALL = (unset),
	LC_COLLATE = "C",
	LC_MESSAGES = "C",
	LANG = "it_IT.UTF-8"
    are supported and installed on your system.
perl: warning: Falling back to the standard locale ("C").
Checking if your kit is complete...
Looks good
Generating a Unix-style Makefile
Writing Makefile for Sub::Uplevel
Writing MYMETA.yml and MYMETA.json
>>> Source configured.
>>> Compiling source in /tmp/portage/dev-perl/Sub-Uplevel-0.280.0/work/Sub-Uplevel-0.2800 ...
 [32;01m*[0m emake OTHERLDFLAGS=-Wl,-O1 -Wl,--as-needed -Wl,--defsym=__gentoo_check_ldflags__=0 -Wl,--hash-style=gnu -Wl,-z,norelro
make -j12 'OTHERLDFLAGS=-Wl,-O1 -Wl,--as-needed -Wl,--defsym=__gentoo_check_ldflags__=0 -Wl,--hash-style=gnu -Wl,-z,norelro' 
perl: warning: Setting locale failed.
perl: warning: Please check that your locale settings:
	LANGUAGE = (unset),
	LC_ALL = (unset),
	LC_COLLATE = "C",
	LC_MESSAGES = "C",
	LANG = "it_IT.UTF-8"
    are supported and installed on your system.
perl: warning: Falling back to the standard locale ("C").
perl: warning: Setting locale failed.
perl: warning: Please check that your locale settings:
	LANGUAGE = (unset),
	LC_ALL = (unset),
	LC_COLLATE = "C",
	LC_MESSAGES = "C",
	LANG = "it_IT.UTF-8"
    are supported and installed on your system.
perl: warning: Setting locale failed.
perl: warning: Please check that your locale settings:
perl: warning: Falling back to the standard locale ("C").
	LANGUAGE = (unset),
	LC_ALL = (unset),
	LC_COLLATE = "C",
	LC_MESSAGES = "C",
	LANG = "it_IT.UTF-8"
    are supported and installed on your system.
perl: warning: Falling back to the standard locale ("C").
perl: warning: Setting locale failed.
perl: warning: Please check that your locale settings:
	LANGUAGE = (unset),
	LC_ALL = (unset),
	LC_COLLATE = "C",
	LC_MESSAGES = "C",
	LANG = "it_IT.UTF-8"
    are supported and installed on your system.
perl: warning: Falling back to the standard locale ("C").
perl: warning: Setting locale failed.
perl: warning: Please check that your locale settings:
	LANGUAGE = (unset),
	LC_ALL = (unset),
	LC_COLLATE = "C",
	LC_MESSAGES = "C",
	LANG = "it_IT.UTF-8"
    are supported and installed on your system.
perl: warning: Falling back to the standard locale ("C").
perl: warning: Setting locale failed.
perl: warning: Please check that your locale settings:
	LANGUAGE = (unset),
	LC_ALL = (unset),
	LC_COLLATE = "C",
	LC_MESSAGES = "C",
	LANG = "it_IT.UTF-8"
    are supported and installed on your system.
perl: warning: Falling back to the standard locale ("C").
perl: warning: Setting locale failed.
perl: warning: Please check that your locale settings:
perl: warning: Setting locale failed.
	LANGUAGE = (unset),
	LC_ALL = (unset),
perl: warning: Please check that your locale settings:
	LC_COLLATE = "C",
	LC_MESSAGES = "C",
	LANGUAGE = (unset),
	LANG = "it_IT.UTF-8"
	LC_ALL = (unset),
    are supported and installed on your system.
	LC_COLLATE = "C",
	LC_MESSAGES = "C",
perl: warning: Falling back to the standard locale ("C").
	LANG = "it_IT.UTF-8"
    are supported and installed on your system.
perl: warning: Falling back to the standard locale ("C").
perl: warning: Setting locale failed.
perl: warning: Please check that your locale settings:
	LANGUAGE = (unset),
	LC_ALL = (unset),
	LC_COLLATE = "C",
	LC_MESSAGES = "C",
	LANG = "it_IT.UTF-8"
    are supported and installed on your system.
perl: warning: Falling back to the standard locale ("C").
cp lib/Sub/Uplevel.pm blib/lib/Sub/Uplevel.pm
>>> Source compiled.
>>> Test phase: dev-perl/Sub-Uplevel-0.280.0
 [32;01m*[0m Test::Harness Jobs=12
make -j12 test TEST_VERBOSE=0 
PERL_DL_NONLAZY=1 "/usr/bin/perl" "-MExtUtils::Command::MM" "-MTest::Harness" "-e" "undef *Test::Harness::Switches; test_harness(0, 'blib/lib', 'blib/arch')" t/*.t
perl: warning: Setting locale failed.
perl: warning: Please check that your locale settings:
	LANGUAGE = (unset),
	LC_ALL = (unset),
	LC_COLLATE = "C",
	LC_MESSAGES = "C",
	LANG = "it_IT.UTF-8"
    are supported and installed on your system.
perl: warning: Falling back to the standard locale ("C").
perl: warning: Setting locale failed.
perl: warning: Please check that your locale settings:
	LANGUAGE = (unset),
	LC_ALL = (unset),
	LC_COLLATE = "C",
	LC_MESSAGES = "C",
	LANG = "it_IT.UTF-8"
    are supported and installed on your system.
perl: warning: Falling back to the standard locale ("C").
perl: warning: Setting locale failed.
perl: warning: Please check that your locale settings:
	LANGUAGE = (unset),
	LC_ALL = (unset),
	LC_COLLATE = "C",
	LC_MESSAGES = "C",
	LANG = "it_IT.UTF-8"
    are supported and installed on your system.
perl: warning: Falling back to the standard locale ("C").
perl: warning: Setting locale failed.
perl: warning: Please check that your locale settings:
	LANGUAGE = (unset),
	LC_ALL = (unset),
	LC_COLLATE = "C",
	LC_MESSAGES = "C",
	LANG = "it_IT.UTF-8"
    are supported and installed on your system.
perl: warning: Falling back to the standard locale ("C").
perl: warning: Setting locale failed.
perl: warning: Please check that your locale settings:
	LANGUAGE = (unset),
	LC_ALL = (unset),
	LC_COLLATE = "C",
	LC_MESSAGES = "C",
	LANG = "it_IT.UTF-8"
    are supported and installed on your system.
perl: warning: Falling back to the standard locale ("C").
perl: warning: Setting locale failed.
perl: warning: Please check that your locale settings:
	LANGUAGE = (unset),
	LC_ALL = (unset),
	LC_COLLATE = "C",
	LC_MESSAGES = "C",
	LANG = "it_IT.UTF-8"
    are supported and installed on your system.
perl: warning: Falling back to the standard locale ("C").
perl: warning: Setting locale failed.
perl: warning: Please check that your locale settings:
	LANGUAGE = (unset),
	LC_ALL = (unset),
	LC_COLLATE = "C",
	LC_MESSAGES = "C",
	LANG = "it_IT.UTF-8"
    are supported and installed on your system.
perl: warning: Falling back to the standard locale ("C").
===(       1;0  0/1  1/1   0/23    0/104  0/7   0/10  0/3  0/5  ... )======(       2;0  0/1  1/1   1/23    0/104  0/7   0/10  0/3  0/5  ... )===                                                                        t/01_die_check.t ............. ok
===(       2;0  0/1   1/23    0/104  0/7   0/10  0/3  0/5  0/1  0/? )======(       4;0  0/1   2/23    1/104  0/7   0/10  0/3  0/5  0/1  0/? )======(       6;0  0/1   3/23    1/104  1/7   0/10  0/3  0/5  0/1  0/? )======(       8;0  0/1   3/23    2/104  1/7   1/10  0/3  0/5  0/1  0/? )======(      10;0  0/1   3/23    2/104  2/7   1/10  1/3  0/5  0/1  0/? )======(      12;0  0/1   3/23    2/104  2/7   2/10  1/3  1/5  0/1  0/? )===perl: warning: Setting locale failed.
perl: warning: Please check that your locale settings:
	LANGUAGE = (unset),
	LC_ALL = (unset),
	LC_COLLATE = "C",
	LC_MESSAGES = "C",
	LANG = "it_IT.UTF-8"
    are supported and installed on your system.
perl: warning: Falling back to the standard locale ("C").
perl: warning: Setting locale failed.
perl: warning: Please check that your locale settings:
	LANGUAGE = (unset),
	LC_ALL = (unset),
	LC_COLLATE = "C",
	LC_MESSAGES = "C",
	LANG = "it_IT.UTF-8"
    are supported and installed on your system.
perl: warning: Falling back to the standard locale ("C").
                                                                        t/06_db_args.t ............... ok
===(      24;0  0/1   5/23    4/104  4/7   4/10  3/5  0/1  0/3 )===========(      34;0  0/1   7/23    6/104  6/7   6/10  4/5  1/1  0/3 )===========(      36;0  0/1   7/23    6/104  6/7   6/10  5/5  1/1  1/3 )========                                                                        t/08_exporter.t .............. ok
===(      36;0  0/1   7/23    6/104  6/7   6/10  5/5  1/3 )=============                                                                        t/04_honor_later_override.t .. ok
===(      42;0  0/1   9/23    8/104   7/10  5/5  1/3 )==================perl: warning: Setting locale failed.
perl: warning: Please check that your locale settings:
	LANGUAGE = (unset),
	LC_ALL = (unset),
	LC_COLLATE = "C",
	LC_MESSAGES = "C",
	LANG = "it_IT.UTF-8"
    are supported and installed on your system.
perl: warning: Falling back to the standard locale ("C").
                                                                        t/07_uplevel_too_high.t ...... ok
===(      48;0  0/1  11/23   10/104   9/10  1/3 )=======================                                                                        t/05_honor_prior_override.t .. ok
===(      53;0  0/1  13/23   12/104  1/3 )==============================                                                                        t/09_emptylist.t ............. ok
===(      63;0  0/1  17/23   16/104 )===================================perl: warning: Setting locale failed.
perl: warning: Please check that your locale settings:
	LANGUAGE = (unset),
	LC_ALL = (unset),
	LC_COLLATE = "C",
	LC_MESSAGES = "C",
	LANG = "it_IT.UTF-8"
    are supported and installed on your system.
perl: warning: Falling back to the standard locale ("C").
                                                                        t/02_uplevel.t ............... ok
===(      75;0  0/1   22/104 )==========================================perl: warning: Setting locale failed.
perl: warning: Please check that your locale settings:
	LANGUAGE = (unset),
	LC_ALL = (unset),
	LC_COLLATE = "C",
	LC_MESSAGES = "C",
	LANG = "it_IT.UTF-8"
    are supported and installed on your system.
perl: warning: Falling back to the standard locale ("C").
                                                                        t/03_nested_uplevels.t ....... ok
t/00-report-prereqs.t ........ # 
# Versions for all modules listed in MYMETA.json (including optional ones):
# 
# === Configure Requires ===
# 
#     Module              Want Have
#     ------------------- ---- ----
#     ExtUtils::MakeMaker 6.17 7.34
# 
# === Build Requires ===
# 
#     Module              Want Have
#     ------------------- ---- ----
#     ExtUtils::MakeMaker  any 7.34
# 
# === Test Requires ===
# 
#     Module              Want     Have
#     ------------------- ---- --------
#     Exporter             any     5.73
#     ExtUtils::MakeMaker  any     7.34
#     File::Spec           any     3.78
#     Test::More           any 1.302162
#     lib                  any     0.65
# 
# === Test Recommends ===
# 
#     Module         Want     Have
#     ---------- -------- --------
#     CPAN::Meta 2.120900 2.150010
# 
# === Runtime Requires ===
# 
#     Module   Want Have
#     -------- ---- ----
#     Carp      any 1.50
#     constant  any 1.33
#     strict    any 1.11
#     warnings  any 1.44
# 
t/00-report-prereqs.t ........ 1/1                                     t/00-report-prereqs.t ........ ok
All tests successful.
Files=10, Tests=158,  0 wallclock secs ( 0.03 usr  0.02 sys +  0.50 cusr  0.11 csys =  0.66 CPU)
Result: PASS
>>> Completed testing dev-perl/Sub-Uplevel-0.280.0

>>> Install dev-perl/Sub-Uplevel-0.280.0 into /tmp/portage/dev-perl/Sub-Uplevel-0.280.0/image/
make -j12 pure_install 
perl: warning: Setting locale failed.
perl: warning: Please check that your locale settings:
	LANGUAGE = (unset),
	LC_ALL = (unset),
	LC_COLLATE = "C",
	LC_MESSAGES = "C",
	LANG = "it_IT.UTF-8"
    are supported and installed on your system.
perl: warning: Falling back to the standard locale ("C").
Installing /tmp/portage/dev-perl/Sub-Uplevel-0.280.0/image/usr/lib64/perl5/vendor_perl/5.30.2/Sub/Uplevel.pm
 [32;01m*[0m Fixing packlist file /usr/lib64/perl5/vendor_perl/5.30.2/x86_64-linux/auto/Sub/Uplevel/.packlist
>>> Completed installing dev-perl/Sub-Uplevel-0.280.0 into /tmp/portage/dev-perl/Sub-Uplevel-0.280.0/image/

 [32;01m*[0m Final size of build directory: 348 KiB
 [32;01m*[0m Final size of installed tree:   96 KiB

./
./usr/
./usr/share/
./usr/share/doc/
./usr/share/doc/Sub-Uplevel-0.280.0/
./usr/share/doc/Sub-Uplevel-0.280.0/README.bz2
./usr/share/doc/Sub-Uplevel-0.280.0/Changes.bz2
./usr/lib64/
./usr/lib64/perl5/
./usr/lib64/perl5/vendor_perl/
./usr/lib64/perl5/vendor_perl/5.30.2/
./usr/lib64/perl5/vendor_perl/5.30.2/x86_64-linux/
./usr/lib64/perl5/vendor_perl/5.30.2/x86_64-linux/auto/
./usr/lib64/perl5/vendor_perl/5.30.2/x86_64-linux/auto/Sub/
./usr/lib64/perl5/vendor_perl/5.30.2/x86_64-linux/auto/Sub/Uplevel/
./usr/lib64/perl5/vendor_perl/5.30.2/x86_64-linux/auto/Sub/Uplevel/.packlist
./usr/lib64/perl5/vendor_perl/5.30.2/Sub/
./usr/lib64/perl5/vendor_perl/5.30.2/Sub/Uplevel.pm
>>> Done.
 [32;01m*[39;49;00m checking 4 files for package collisions
>>> Merging dev-perl/Sub-Uplevel-0.280.0 to /
--- /usr/
--- /usr/lib64/
--- /usr/lib64/perl5/
--- /usr/lib64/perl5/vendor_perl/
--- /usr/lib64/perl5/vendor_perl/5.30.2/
>>> /usr/lib64/perl5/vendor_perl/5.30.2/Sub/
>>> /usr/lib64/perl5/vendor_perl/5.30.2/Sub/Uplevel.pm
--- /usr/lib64/perl5/vendor_perl/5.30.2/x86_64-linux/
--- /usr/lib64/perl5/vendor_perl/5.30.2/x86_64-linux/auto/
--- /usr/lib64/perl5/vendor_perl/5.30.2/x86_64-linux/auto/Sub/
>>> /usr/lib64/perl5/vendor_perl/5.30.2/x86_64-linux/auto/Sub/Uplevel/
>>> /usr/lib64/perl5/vendor_perl/5.30.2/x86_64-linux/auto/Sub/Uplevel/.packlist
--- /usr/share/
--- /usr/share/doc/
>>> /usr/share/doc/Sub-Uplevel-0.280.0/
>>> /usr/share/doc/Sub-Uplevel-0.280.0/Changes.bz2
>>> /usr/share/doc/Sub-Uplevel-0.280.0/README.bz2
>>> dev-perl/Sub-Uplevel-0.280.0 merged.
>>> Regenerating /etc/ld.so.cache...
