[32;01m * [39;49;00mPackage:    dev-perl/XML-SAX-Base-1.90.0
[32;01m * [39;49;00mRepository: gentoo
[32;01m * [39;49;00mMaintainer: perl@gentoo.org
[32;01m * [39;49;00mUSE:        abi_x86_64 amd64 elibc_glibc kernel_linux test userland_GNU
[32;01m * [39;49;00mFEATURES:   network-sandbox preserve-libs sandbox splitdebug test userpriv usersandbox
>>> Unpacking source...
>>> Unpacking XML-SAX-Base-1.09.tar.gz to /tmp/portage/dev-perl/XML-SAX-Base-1.90.0/work
>>> Source unpacked in /tmp/portage/dev-perl/XML-SAX-Base-1.90.0/work
>>> Preparing source in /tmp/portage/dev-perl/XML-SAX-Base-1.90.0/work/XML-SAX-Base-1.09 ...
>>> Source prepared.
>>> Configuring source in /tmp/portage/dev-perl/XML-SAX-Base-1.90.0/work/XML-SAX-Base-1.09 ...
perl: warning: Setting locale failed.
perl: warning: Please check that your locale settings:
	LANGUAGE = (unset),
	LC_ALL = (unset),
	LC_COLLATE = "C",
	LC_MESSAGES = "C",
	LANG = "it_IT.UTF-8"
    are supported and installed on your system.
perl: warning: Falling back to the standard locale ("C").
 [32;01m*[0m Using ExtUtils::MakeMaker
 [32;01m*[0m perl Makefile.PL PREFIX=/usr INSTALLDIRS=vendor INSTALLMAN3DIR=none DESTDIR=/tmp/portage/dev-perl/XML-SAX-Base-1.90.0/image/
perl: warning: Setting locale failed.
perl: warning: Please check that your locale settings:
	LANGUAGE = (unset),
	LC_ALL = (unset),
	LC_COLLATE = "C",
	LC_MESSAGES = "C",
	LANG = "it_IT.UTF-8"
    are supported and installed on your system.
perl: warning: Falling back to the standard locale ("C").
Checking if your kit is complete...
Looks good
Generating a Unix-style Makefile
Writing Makefile for XML::SAX::Base
Writing MYMETA.yml and MYMETA.json
>>> Source configured.
>>> Compiling source in /tmp/portage/dev-perl/XML-SAX-Base-1.90.0/work/XML-SAX-Base-1.09 ...
 [32;01m*[0m emake OTHERLDFLAGS=-Wl,-O1 -Wl,--as-needed -Wl,--defsym=__gentoo_check_ldflags__=0 -Wl,--hash-style=gnu -Wl,-z,norelro
make -j12 'OTHERLDFLAGS=-Wl,-O1 -Wl,--as-needed -Wl,--defsym=__gentoo_check_ldflags__=0 -Wl,--hash-style=gnu -Wl,-z,norelro' 
perl: warning: Setting locale failed.
perl: warning: Please check that your locale settings:
	LANGUAGE = (unset),
	LC_ALL = (unset),
	LC_COLLATE = "C",
	LC_MESSAGES = "C",
	LANG = "it_IT.UTF-8"
    are supported and installed on your system.
perl: warning: Falling back to the standard locale ("C").
perl: warning: Setting locale failed.
perl: warning: Please check that your locale settings:
	LANGUAGE = (unset),
	LC_ALL = (unset),
	LC_COLLATE = "C",
	LC_MESSAGES = "C",
	LANG = "it_IT.UTF-8"
    are supported and installed on your system.
perl: warning: Falling back to the standard locale ("C").
perl: warning: Setting locale failed.
perl: warning: Please check that your locale settings:
	LANGUAGE = (unset),
	LC_ALL = (unset),
	LC_COLLATE = "C",
	LC_MESSAGES = "C",
	LANG = "it_IT.UTF-8"
    are supported and installed on your system.
perl: warning: Falling back to the standard locale ("C").
perl: warning: Setting locale failed.
perl: warning: Please check that your locale settings:
	LANGUAGE = (unset),
	LC_ALL = (unset),
	LC_COLLATE = "C",
	LC_MESSAGES = "C",
	LANG = "it_IT.UTF-8"
    are supported and installed on your system.
perl: warning: Falling back to the standard locale ("C").
perl: warning: Setting locale failed.
perl: warning: Please check that your locale settings:
	LANGUAGE = (unset),
	LC_ALL = (unset),
	LC_COLLATE = "C",
	LC_MESSAGES = "C",
	LANG = "it_IT.UTF-8"
    are supported and installed on your system.
perl: warning: Falling back to the standard locale ("C").
perl: warning: Setting locale failed.
perl: warning: Please check that your locale settings:
	LANGUAGE = (unset),
	LC_ALL = (unset),
	LC_COLLATE = "C",
	LC_MESSAGES = "C",
	LANG = "it_IT.UTF-8"
    are supported and installed on your system.
perl: warning: Falling back to the standard locale ("C").
perl: warning: Setting locale failed.
perl: warning: Please check that your locale settings:
	LANGUAGE = (unset),
	LC_ALL = (unset),
	LC_COLLATE = "C",
	LC_MESSAGES = "C",
	LANG = "it_IT.UTF-8"
    are supported and installed on your system.
perl: warning: Falling back to the standard locale ("C").
perl: warning: Setting locale failed.
perl: warning: Please check that your locale settings:
	LANGUAGE = (unset),
	LC_ALL = (unset),
	LC_COLLATE = "C",
	LC_MESSAGES = "C",
	LANG = "it_IT.UTF-8"
    are supported and installed on your system.
perl: warning: Falling back to the standard locale ("C").
perl: warning: Setting locale failed.
perl: warning: Please check that your locale settings:
	LANGUAGE = (unset),
	LC_ALL = (unset),
	LC_COLLATE = "C",
	LC_MESSAGES = "C",
	LANG = "it_IT.UTF-8"
    are supported and installed on your system.
perl: warning: Falling back to the standard locale ("C").
cp lib/XML/SAX/Exception.pm blib/lib/XML/SAX/Exception.pm
cp lib/XML/SAX/Base.pm blib/lib/XML/SAX/Base.pm
cp BuildSAXBase.pl blib/lib/XML/SAX/BuildSAXBase.pl
>>> Source compiled.
>>> Test phase: dev-perl/XML-SAX-Base-1.90.0
 [32;01m*[0m Test::Harness Jobs=12
make -j12 test TEST_VERBOSE=0 
PERL_DL_NONLAZY=1 "/usr/bin/perl" "-MExtUtils::Command::MM" "-MTest::Harness" "-e" "undef *Test::Harness::Switches; test_harness(0, 'blib/lib', 'blib/arch')" t/*.t
perl: warning: Setting locale failed.
perl: warning: Please check that your locale settings:
	LANGUAGE = (unset),
	LC_ALL = (unset),
	LC_COLLATE = "C",
	LC_MESSAGES = "C",
	LANG = "it_IT.UTF-8"
    are supported and installed on your system.
perl: warning: Falling back to the standard locale ("C").
perl: warning: Setting locale failed.
perl: warning: Please check that your locale settings:
	LANGUAGE = (unset),
	LC_ALL = (unset),
	LC_COLLATE = "C",
	LC_MESSAGES = "C",
	LANG = "it_IT.UTF-8"
    are supported and installed on your system.
perl: warning: Falling back to the standard locale ("C").
perl: warning: Setting locale failed.
perl: warning: Please check that your locale settings:
	LANGUAGE = (unset),
	LC_ALL = (unset),
	LC_COLLATE = "C",
	LC_MESSAGES = "C",
	LANG = "it_IT.UTF-8"
    are supported and installed on your system.
perl: warning: Falling back to the standard locale ("C").
perl: warning: Setting locale failed.
perl: warning: Please check that your locale settings:
	LANGUAGE = (unset),
	LC_ALL = (unset),
	LC_COLLATE = "C",
	LC_MESSAGES = "C",
	LANG = "it_IT.UTF-8"
    are supported and installed on your system.
perl: warning: Falling back to the standard locale ("C").
perl: warning: Setting locale failed.
perl: warning: Please check that your locale settings:
	LANGUAGE = (unset),
	LC_ALL = (unset),
	LC_COLLATE = "C",
	LC_MESSAGES = "C",
	LANG = "it_IT.UTF-8"
    are supported and installed on your system.
perl: warning: Falling back to the standard locale ("C").
perl: warning: Setting locale failed.
perl: warning: Please check that your locale settings:
	LANGUAGE = (unset),
	LC_ALL = (unset),
	LC_COLLATE = "C",
	LC_MESSAGES = "C",
	LANG = "it_IT.UTF-8"
    are supported and installed on your system.
perl: warning: Falling back to the standard locale ("C").
===(       1;0  1/1   0/14  0/1  0/1   0/12   0/12  0/7  0/8  0/... )======(       2;0  1/1   1/14  0/1  0/1   0/12   0/12  0/7  0/8  0/... )======(       3;0  1/1   1/14  1/1  0/1   0/12   0/12  0/7  0/8  0/... )======(       4;0  1/1   1/14  1/1  0/1   0/12   1/12  0/7  0/8  0/... )===perl: warning: Setting locale failed.
perl: warning: Please check that your locale settings:
	LANGUAGE = (unset),
	LC_ALL = (unset),
	LC_COLLATE = "C",
	LC_MESSAGES = "C",
	LANG = "it_IT.UTF-8"
    are supported and installed on your system.
perl: warning: Falling back to the standard locale ("C").
                                                                        t/00basic.t ............. ok
===(       4;0   1/14  1/1  0/1   0/12   1/12  0/7  0/8  0/5  0/... )===perl: warning: Setting locale failed.
perl: warning: Please check that your locale settings:
	LANGUAGE = (unset),
	LC_ALL = (unset),
	LC_COLLATE = "C",
	LC_MESSAGES = "C",
	LANG = "it_IT.UTF-8"
    are supported and installed on your system.
perl: warning: Falling back to the standard locale ("C").
                                                                        t/01simpledriver.t ...... ok
===(       5;0   2/14  0/1   0/12   1/12  0/7  0/8  0/5  0/4  0/... )======(       8;0   4/14  1/1   0/12   1/12  0/7  0/8  0/5  0/4  0/... )======(      10;0   4/14  1/1   1/12   2/12  0/7  0/8  0/5  0/4  0/... )===perl: warning: Setting locale failed.
perl: warning: Please check that your locale settings:
	LANGUAGE = (unset),
	LC_ALL = (unset),
	LC_COLLATE = "C",
	LC_MESSAGES = "C",
	LANG = "it_IT.UTF-8"
    are supported and installed on your system.
perl: warning: Falling back to the standard locale ("C").
perl: warning: Setting locale failed.
perl: warning: Please check that your locale settings:
	LANGUAGE = (unset),
	LC_ALL = (unset),
	LC_COLLATE = "C",
	LC_MESSAGES = "C",
	LANG = "it_IT.UTF-8"
    are supported and installed on your system.
perl: warning: Falling back to the standard locale ("C").
                                                                        t/02simplefilter.t ...... ok
===(      13;0   6/14   1/12   3/12  0/7  0/8  0/5  0/4  0/2   0... )===perl: warning: Setting locale failed.
perl: warning: Please check that your locale settings:
	LANGUAGE = (unset),
	LC_ALL = (unset),
	LC_COLLATE = "C",
	LC_MESSAGES = "C",
	LANG = "it_IT.UTF-8"
    are supported and installed on your system.
perl: warning: Falling back to the standard locale ("C").
===(      19;0   8/14   3/12   4/12  1/7  0/8  0/5  0/4  0/2   0... )======(      22;0   8/14   3/12   5/12  2/7  0/8  1/5  0/4  0/2   0... )======(      24;0   8/14   3/12   5/12  2/7  0/8  2/5  1/4  0/2   0... )===perl: warning: Setting locale failed.
perl: warning: Please check that your locale settings:
	LANGUAGE = (unset),
	LC_ALL = (unset),
	LC_COLLATE = "C",
	LC_MESSAGES = "C",
	LANG = "it_IT.UTF-8"
    are supported and installed on your system.
perl: warning: Falling back to the standard locale ("C").
===(      32;0  10/14   5/12   7/12  3/7  1/8  2/5  1/4  0/2   0... )======(      38;0  10/14   5/12   7/12  4/7  2/8  4/5  2/4  1/2   0... )======(      40;0  10/14   5/12   7/12  4/7  2/8  4/5  3/4  1/2   1... )===perl: warning: Setting locale failed.
perl: warning: Please check that your locale settings:
	LANGUAGE = (unset),
	LC_ALL = (unset),
	LC_COLLATE = "C",
	LC_MESSAGES = "C",
	LANG = "it_IT.UTF-8"
    are supported and installed on your system.
perl: warning: Falling back to the standard locale ("C").
                                                                        t/07declhdriver.t ....... ok
===(      54;0  12/14   7/12   9/12  6/7  4/8  4/4  2/2   2/10  ... )===                                                                        t/05dtdhdriver.t ........ ok
===(      62;0  14/14   9/12  11/12  5/8  4/4  2/2   2/10   0/16... )======(      63;0  14/14   9/12  11/12  5/8  4/4  2/2   2/10   1/16... )===perl: warning: Setting locale failed.
perl: warning: Please check that your locale settings:
	LANGUAGE = (unset),
	LC_ALL = (unset),
	LC_COLLATE = "C",
	LC_MESSAGES = "C",
	LANG = "it_IT.UTF-8"
    are supported and installed on your system.
perl: warning: Falling back to the standard locale ("C").
                                                                        t/01exception.t ......... ok
===(      63;0   9/12  11/12  5/8  4/4  2/2   2/10   1/16   0/33... )======(      65;0   9/12  11/12  5/8  4/4  2/2   2/10   2/16   1/33... )===perl: warning: Setting locale failed.
perl: warning: Please check that your locale settings:
	LANGUAGE = (unset),
	LC_ALL = (unset),
	LC_COLLATE = "C",
	LC_MESSAGES = "C",
	LANG = "it_IT.UTF-8"
    are supported and installed on your system.
perl: warning: Falling back to the standard locale ("C").
                                                                        t/04chfilter.t .......... ok
===(      69;0  11/12  5/8  4/4  2/2   2/10   2/16   2/33  0/3  ... )======(      72;0  11/12  5/8  4/4  2/2   2/10   3/16   3/33  1/3  ... )===perl: warning: Setting locale failed.
perl: warning: Please check that your locale settings:
	LANGUAGE = (unset),
	LC_ALL = (unset),
	LC_COLLATE = "C",
	LC_MESSAGES = "C",
	LANG = "it_IT.UTF-8"
    are supported and installed on your system.
perl: warning: Falling back to the standard locale ("C").
                                                                        t/03chdriver.t .......... ok
===(      75;0  5/8  4/4  2/2   2/10   3/16   4/33  2/3  0/?  0/... )===                                                                        t/13handlerswitch.t ..... ok
===(      79;0  5/8  4/4  2/2   2/10   4/16   6/33  0/?  0/?  0/... )===perl: warning: Setting locale failed.
perl: warning: Please check that your locale settings:
	LANGUAGE = (unset),
	LC_ALL = (unset),
	LC_COLLATE = "C",
	LC_MESSAGES = "C",
	LANG = "it_IT.UTF-8"
    are supported and installed on your system.
perl: warning: Falling back to the standard locale ("C").
perl: warning: Setting locale failed.
perl: warning: Please check that your locale settings:
	LANGUAGE = (unset),
	LC_ALL = (unset),
	LC_COLLATE = "C",
	LC_MESSAGES = "C",
	LANG = "it_IT.UTF-8"
    are supported and installed on your system.
perl: warning: Falling back to the standard locale ("C").
                                                                        t/08errorhdriver.t ...... ok
===(      84;0  7/8  2/2   2/10   5/16   8/33  0/?  0/3  0/2  0/? )=====                                                                        t/release-pod-syntax.t .. skipped: these tests are for release candidate testing
===(      86;0  7/8  2/2   2/10   6/16   9/33  0/?  0/3  0/2 )==========                                                                        t/06lexhdriver.t ........ ok
===(      90;0  2/2   2/10   7/16  11/33  0/3  0/3  0/2 )==================(      94;0  2/2   2/10   8/16  13/33  0/3  0/3  1/2 )===============                                                                        t/09resoldriver.t ....... ok
===(      94;0   2/10   8/16  13/33  0/3  0/3  1/2 )=======================(      99;0   2/10   9/16  15/33  0/3  1/3  2/2 )====================perl: warning: Setting locale failed.
perl: warning: Please check that your locale settings:
	LANGUAGE = (unset),
	LC_ALL = (unset),
	LC_COLLATE = "C",
	LC_MESSAGES = "C",
	LANG = "it_IT.UTF-8"
    are supported and installed on your system.
perl: warning: Falling back to the standard locale ("C").
                                                                        t/16gethandlers.t ....... ok
===(      99;0   2/10   9/16  15/33  0/3  1/3 )============================(     105;0   2/10  10/16  17/33  1/3  3/3 )=========================perl: warning: Setting locale failed.
perl: warning: Please check that your locale settings:
	LANGUAGE = (unset),
	LC_ALL = (unset),
	LC_COLLATE = "C",
	LC_MESSAGES = "C",
	LANG = "it_IT.UTF-8"
    are supported and installed on your system.
perl: warning: Falling back to the standard locale ("C").
                                                                        t/15parentswitch.t ...... ok
===(     112;0   4/10  12/16  19/33  2/3 )==============================perl: warning: Setting locale failed.
perl: warning: Please check that your locale settings:
	LANGUAGE = (unset),
	LC_ALL = (unset),
	LC_COLLATE = "C",
	LC_MESSAGES = "C",
	LANG = "it_IT.UTF-8"
    are supported and installed on your system.
perl: warning: Falling back to the standard locale ("C").
                                                                        t/14downstreamswitch.t .. ok
===(     116;0   4/10  13/16  21/33 )===================================                                                                        t/11sax1multiclass.t .... ok
===(     126;0   7/10  25/33 )==========================================                                                                        t/10dochdriver.t ........ ok
t/12sax2multiclass.t .... t/12sax2multiclass.t .... 30/33                                  t/12sax2multiclass.t .... ok
All tests successful.
Files=19, Tests=137,  0 wallclock secs ( 0.04 usr  0.02 sys +  0.39 cusr  0.06 csys =  0.51 CPU)
Result: PASS
>>> Completed testing dev-perl/XML-SAX-Base-1.90.0

>>> Install dev-perl/XML-SAX-Base-1.90.0 into /tmp/portage/dev-perl/XML-SAX-Base-1.90.0/image/
make -j12 pure_install 
perl: warning: Setting locale failed.
perl: warning: Please check that your locale settings:
	LANGUAGE = (unset),
	LC_ALL = (unset),
	LC_COLLATE = "C",
	LC_MESSAGES = "C",
	LANG = "it_IT.UTF-8"
    are supported and installed on your system.
perl: warning: Falling back to the standard locale ("C").
Installing /tmp/portage/dev-perl/XML-SAX-Base-1.90.0/image/usr/lib64/perl5/vendor_perl/5.30.2/XML/SAX/BuildSAXBase.pl
Installing /tmp/portage/dev-perl/XML-SAX-Base-1.90.0/image/usr/lib64/perl5/vendor_perl/5.30.2/XML/SAX/Base.pm
Installing /tmp/portage/dev-perl/XML-SAX-Base-1.90.0/image/usr/lib64/perl5/vendor_perl/5.30.2/XML/SAX/Exception.pm
 [32;01m*[0m Fixing packlist file /usr/lib64/perl5/vendor_perl/5.30.2/x86_64-linux/auto/XML/SAX/Base/.packlist
>>> Completed installing dev-perl/XML-SAX-Base-1.90.0 into /tmp/portage/dev-perl/XML-SAX-Base-1.90.0/image/

 [32;01m*[0m Final size of build directory: 572 KiB
 [32;01m*[0m Final size of installed tree:  244 KiB

./
./usr/
./usr/share/
./usr/share/doc/
./usr/share/doc/XML-SAX-Base-1.90.0/
./usr/share/doc/XML-SAX-Base-1.90.0/README.bz2
./usr/share/doc/XML-SAX-Base-1.90.0/Changes.bz2
./usr/lib64/
./usr/lib64/perl5/
./usr/lib64/perl5/vendor_perl/
./usr/lib64/perl5/vendor_perl/5.30.2/
./usr/lib64/perl5/vendor_perl/5.30.2/x86_64-linux/
./usr/lib64/perl5/vendor_perl/5.30.2/x86_64-linux/auto/
./usr/lib64/perl5/vendor_perl/5.30.2/x86_64-linux/auto/XML/
./usr/lib64/perl5/vendor_perl/5.30.2/x86_64-linux/auto/XML/SAX/
./usr/lib64/perl5/vendor_perl/5.30.2/x86_64-linux/auto/XML/SAX/Base/
./usr/lib64/perl5/vendor_perl/5.30.2/x86_64-linux/auto/XML/SAX/Base/.packlist
./usr/lib64/perl5/vendor_perl/5.30.2/XML/
./usr/lib64/perl5/vendor_perl/5.30.2/XML/SAX/
./usr/lib64/perl5/vendor_perl/5.30.2/XML/SAX/BuildSAXBase.pl
./usr/lib64/perl5/vendor_perl/5.30.2/XML/SAX/Base.pm
./usr/lib64/perl5/vendor_perl/5.30.2/XML/SAX/Exception.pm
>>> Done.
 [32;01m*[39;49;00m checking 6 files for package collisions
>>> Merging dev-perl/XML-SAX-Base-1.90.0 to /
--- /usr/
--- /usr/lib64/
--- /usr/lib64/perl5/
--- /usr/lib64/perl5/vendor_perl/
--- /usr/lib64/perl5/vendor_perl/5.30.2/
>>> /usr/lib64/perl5/vendor_perl/5.30.2/XML/
>>> /usr/lib64/perl5/vendor_perl/5.30.2/XML/SAX/
>>> /usr/lib64/perl5/vendor_perl/5.30.2/XML/SAX/Exception.pm
>>> /usr/lib64/perl5/vendor_perl/5.30.2/XML/SAX/Base.pm
>>> /usr/lib64/perl5/vendor_perl/5.30.2/XML/SAX/BuildSAXBase.pl
--- /usr/lib64/perl5/vendor_perl/5.30.2/x86_64-linux/
--- /usr/lib64/perl5/vendor_perl/5.30.2/x86_64-linux/auto/
>>> /usr/lib64/perl5/vendor_perl/5.30.2/x86_64-linux/auto/XML/
>>> /usr/lib64/perl5/vendor_perl/5.30.2/x86_64-linux/auto/XML/SAX/
>>> /usr/lib64/perl5/vendor_perl/5.30.2/x86_64-linux/auto/XML/SAX/Base/
>>> /usr/lib64/perl5/vendor_perl/5.30.2/x86_64-linux/auto/XML/SAX/Base/.packlist
--- /usr/share/
--- /usr/share/doc/
>>> /usr/share/doc/XML-SAX-Base-1.90.0/
>>> /usr/share/doc/XML-SAX-Base-1.90.0/Changes.bz2
>>> /usr/share/doc/XML-SAX-Base-1.90.0/README.bz2
>>> dev-perl/XML-SAX-Base-1.90.0 merged.
>>> Regenerating /etc/ld.so.cache...
