[32;01m * [39;49;00mPackage:    dev-perl/Path-Tiny-0.104.0
[32;01m * [39;49;00mRepository: gentoo
[32;01m * [39;49;00mMaintainer: perl@gentoo.org
[32;01m * [39;49;00mUSE:        abi_x86_64 amd64 elibc_glibc kernel_linux test userland_GNU
[32;01m * [39;49;00mFEATURES:   network-sandbox preserve-libs sandbox splitdebug test userpriv usersandbox
>>> Unpacking source...
>>> Unpacking Path-Tiny-0.104.tar.gz to /tmp/portage/dev-perl/Path-Tiny-0.104.0/work
>>> Source unpacked in /tmp/portage/dev-perl/Path-Tiny-0.104.0/work
>>> Preparing source in /tmp/portage/dev-perl/Path-Tiny-0.104.0/work/Path-Tiny-0.104 ...
>>> Source prepared.
>>> Configuring source in /tmp/portage/dev-perl/Path-Tiny-0.104.0/work/Path-Tiny-0.104 ...
perl: warning: Setting locale failed.
perl: warning: Please check that your locale settings:
	LANGUAGE = (unset),
	LC_ALL = (unset),
	LC_COLLATE = "C",
	LC_MESSAGES = "C",
	LANG = "it_IT.UTF-8"
    are supported and installed on your system.
perl: warning: Falling back to the standard locale ("C").
 [32;01m*[0m Using ExtUtils::MakeMaker
 [32;01m*[0m perl Makefile.PL PREFIX=/usr INSTALLDIRS=vendor INSTALLMAN3DIR=none DESTDIR=/tmp/portage/dev-perl/Path-Tiny-0.104.0/image/
perl: warning: Setting locale failed.
perl: warning: Please check that your locale settings:
	LANGUAGE = (unset),
	LC_ALL = (unset),
	LC_COLLATE = "C",
	LC_MESSAGES = "C",
	LANG = "it_IT.UTF-8"
    are supported and installed on your system.
perl: warning: Falling back to the standard locale ("C").
Checking if your kit is complete...
Looks good
Generating a Unix-style Makefile
Writing Makefile for Path::Tiny
Writing MYMETA.yml and MYMETA.json
>>> Source configured.
>>> Compiling source in /tmp/portage/dev-perl/Path-Tiny-0.104.0/work/Path-Tiny-0.104 ...
 [32;01m*[0m emake OTHERLDFLAGS=-Wl,-O1 -Wl,--as-needed -Wl,--defsym=__gentoo_check_ldflags__=0 -Wl,--hash-style=gnu -Wl,-z,norelro
make -j12 'OTHERLDFLAGS=-Wl,-O1 -Wl,--as-needed -Wl,--defsym=__gentoo_check_ldflags__=0 -Wl,--hash-style=gnu -Wl,-z,norelro' 
perl: warning: Setting locale failed.
perl: warning: Please check that your locale settings:
	LANGUAGE = (unset),
	LC_ALL = (unset),
	LC_COLLATE = "C",
	LC_MESSAGES = "C",
	LANG = "it_IT.UTF-8"
    are supported and installed on your system.
perl: warning: Falling back to the standard locale ("C").
perl: warning: Setting locale failed.
perl: warning: Please check that your locale settings:
	LANGUAGE = (unset),
	LC_ALL = (unset),
	LC_COLLATE = "C",
	LC_MESSAGES = "C",
	LANG = "it_IT.UTF-8"
    are supported and installed on your system.
perl: warning: Falling back to the standard locale ("C").
perl: warning: Setting locale failed.
perl: warning: Please check that your locale settings:
	LANGUAGE = (unset),
	LC_ALL = (unset),
	LC_COLLATE = "C",
	LC_MESSAGES = "C",
	LANG = "it_IT.UTF-8"
    are supported and installed on your system.
perl: warning: Falling back to the standard locale ("C").
perl: warning: Setting locale failed.
perl: warning: Setting locale failed.
perl: warning: Please check that your locale settings:
perl: warning: Please check that your locale settings:
	LANGUAGE = (unset),
	LANGUAGE = (unset),
	LC_ALL = (unset),
	LC_ALL = (unset),
	LC_COLLATE = "C",
	LC_MESSAGES = "C",
	LANG = "it_IT.UTF-8"
    are supported and installed on your system.
	LC_COLLATE = "C",
	LC_MESSAGES = "C",
	LANG = "it_IT.UTF-8"
perl: warning: Falling back to the standard locale ("C").
    are supported and installed on your system.
perl: warning: Falling back to the standard locale ("C").
perl: warning: Setting locale failed.
perl: warning: Please check that your locale settings:
	LANGUAGE = (unset),
	LC_ALL = (unset),
	LC_COLLATE = "C",
	LC_MESSAGES = "C",
	LANG = "it_IT.UTF-8"
    are supported and installed on your system.
perl: warning: Falling back to the standard locale ("C").
perl: warning: Setting locale failed.
perl: warning: Please check that your locale settings:
	LANGUAGE = (unset),
	LC_ALL = (unset),
	LC_COLLATE = "C",
	LC_MESSAGES = "C",
	LANG = "it_IT.UTF-8"
    are supported and installed on your system.
perl: warning: Falling back to the standard locale ("C").
perl: warning: Setting locale failed.
perl: warning: Please check that your locale settings:
	LANGUAGE = (unset),
	LC_ALL = (unset),
	LC_COLLATE = "C",
	LC_MESSAGES = "C",
	LANG = "it_IT.UTF-8"
    are supported and installed on your system.
perl: warning: Falling back to the standard locale ("C").
perl: warning: Setting locale failed.
perl: warning: Please check that your locale settings:
	LANGUAGE = (unset),
	LC_ALL = (unset),
	LC_COLLATE = "C",
	LC_MESSAGES = "C",
	LANG = "it_IT.UTF-8"
    are supported and installed on your system.
perl: warning: Falling back to the standard locale ("C").
cp lib/Path/Tiny.pm blib/lib/Path/Tiny.pm
>>> Source compiled.
>>> Test phase: dev-perl/Path-Tiny-0.104.0
 [32;01m*[0m Test::Harness Jobs=12
make -j12 test TEST_VERBOSE=0 
PERL_DL_NONLAZY=1 "/usr/bin/perl" "-MExtUtils::Command::MM" "-MTest::Harness" "-e" "undef *Test::Harness::Switches; test_harness(0, 'blib/lib', 'blib/arch')" t/*.t
perl: warning: Setting locale failed.
perl: warning: Please check that your locale settings:
	LANGUAGE = (unset),
	LC_ALL = (unset),
	LC_COLLATE = "C",
	LC_MESSAGES = "C",
	LANG = "it_IT.UTF-8"
    are supported and installed on your system.
perl: warning: Falling back to the standard locale ("C").
perl: warning: Setting locale failed.
perl: warning: Please check that your locale settings:
	LANGUAGE = (unset),
	LC_ALL = (unset),
	LC_COLLATE = "C",
	LC_MESSAGES = "C",
	LANG = "it_IT.UTF-8"
    are supported and installed on your system.
perl: warning: Falling back to the standard locale ("C").
perl: warning: Setting locale failed.
perl: warning: Please check that your locale settings:
	LANGUAGE = (unset),
	LC_ALL = (unset),
	LC_COLLATE = "C",
	LC_MESSAGES = "C",
	LANG = "it_IT.UTF-8"
    are supported and installed on your system.
perl: warning: Falling back to the standard locale ("C").
perl: warning: Setting locale failed.
perl: warning: Please check that your locale settings:
	LANGUAGE = (unset),
	LC_ALL = (unset),
	LC_COLLATE = "C",
	LC_MESSAGES = "C",
	LANG = "it_IT.UTF-8"
    are supported and installed on your system.
perl: warning: Falling back to the standard locale ("C").
===(       1;0  0/1  1/?  0/?  0/?  0/?  0/?  0/?  0/?  0/?  0/?... )===perl: warning: Setting locale failed.
perl: warning: Please check that your locale settings:
	LANGUAGE = (unset),
	LC_ALL = (unset),
	LC_COLLATE = "C",
	LC_MESSAGES = "C",
	LANG = "it_IT.UTF-8"
    are supported and installed on your system.
perl: warning: Falling back to the standard locale ("C").
===(       2;0  0/1  1/?  1/?  0/?  0/?  0/?  0/?  0/?  0/?  0/?... )===perl: warning: Setting locale failed.
perl: warning: Please check that your locale settings:
	LANGUAGE = (unset),
	LC_ALL = (unset),
	LC_COLLATE = "C",
	LC_MESSAGES = "C",
	LANG = "it_IT.UTF-8"
    are supported and installed on your system.
perl: warning: Falling back to the standard locale ("C").
===(       3;0  0/1  1/?  1/?  1/?  0/?  0/?  0/?  0/?  0/?  0/?... )======(       4;0  0/1  1/?  1/?  1/?  1/?  0/?  0/?  0/?  0/?  0/?... )======(       5;0  0/1  1/?  1/?  1/?  1/?  1/?  0/?  0/?  0/?  0/?... )===perl: warning: Setting locale failed.
perl: warning: Please check that your locale settings:
	LANGUAGE = (unset),
	LC_ALL = (unset),
	LC_COLLATE = "C",
	LC_MESSAGES = "C",
	LANG = "it_IT.UTF-8"
    are supported and installed on your system.
perl: warning: Falling back to the standard locale ("C").
===(       6;0  0/1  1/?  1/?  1/?  1/?  1/?  1/?  0/?  0/?  0/?... )===perl: warning: Setting locale failed.
perl: warning: Please check that your locale settings:
	LANGUAGE = (unset),
	LC_ALL = (unset),
	LC_COLLATE = "C",
	LC_MESSAGES = "C",
	LANG = "it_IT.UTF-8"
    are supported and installed on your system.
perl: warning: Falling back to the standard locale ("C").
===(       7;0  0/1  1/?  1/?  1/?  1/?  1/?  1/?  1/?  0/?  0/?... )===perl: warning: Setting locale failed.
perl: warning: Please check that your locale settings:
	LANGUAGE = (unset),
	LC_ALL = (unset),
	LC_COLLATE = "C",
	LC_MESSAGES = "C",
	LANG = "it_IT.UTF-8"
    are supported and installed on your system.
perl: warning: Falling back to the standard locale ("C").
===(       8;0  0/1  1/?  1/?  1/?  1/?  1/?  1/?  1/?  1/?  0/?... )===perl: warning: Setting locale failed.
perl: warning: Please check that your locale settings:
	LANGUAGE = (unset),
	LC_ALL = (unset),
	LC_COLLATE = "C",
	LC_MESSAGES = "C",
	LANG = "it_IT.UTF-8"
    are supported and installed on your system.
perl: warning: Falling back to the standard locale ("C").
perl: warning: Setting locale failed.
perl: warning: Please check that your locale settings:
	LANGUAGE = (unset),
	LC_ALL = (unset),
	LC_COLLATE = "C",
	LC_MESSAGES = "C",
	LANG = "it_IT.UTF-8"
    are supported and installed on your system.
perl: warning: Falling back to the standard locale ("C").
                                                                        t/children.t ...................... ok
===(      28;0  0/1  5/?  5/?  4/?  3/?  3/?  3/?  2/?  0/?  0/?... )======(      41;0  0/1  6/6  7/?  6/?  5/?  5/?  5/?  3/?  1/?  0/?... )===                                                                        t/basename.t ...................... ok
===(      41;0  0/1  7/?  6/?  5/?  5/?  5/?  3/?  1/?  0/?  0/?... )===                                                                        t/exports.t ....................... ok
===(      50;0  0/1  9/?  8/?  7/?  7/?  4/?  1/?  0/?  0/?  0/?... )===perl: warning: Setting locale failed.
perl: warning: Please check that your locale settings:
	LANGUAGE = (unset),
	LC_ALL = (unset),
	LC_COLLATE = "C",
	LC_MESSAGES = "C",
	LANG = "it_IT.UTF-8"
    are supported and installed on your system.
perl: warning: Falling back to the standard locale ("C").
===(      54;0  0/1  11/?  9/?  7/?  7/?  4/?  1/?  0/?  0/?  0/... )===perl: warning: Setting locale failed.
perl: warning: Please check that your locale settings:
	LANGUAGE = (unset),
	LC_ALL = (unset),
	LC_COLLATE = "C",
	LC_MESSAGES = "C",
	LANG = "it_IT.UTF-8"
    are supported and installed on your system.
perl: warning: Falling back to the standard locale ("C").
                                                                        t/digest.t ........................ ok
===(      56;0  0/1  11/?  10/?  8/?  4/?  1/?  0/?  0/?  0/?  1... )======(      57;0  1/1  11/?  10/?  8/?  4/?  1/?  0/?  0/?  0/?  1... )===# 
# Versions for all modules listed in MYMETA.json (including optional ones):
# 
# === Configure Requires ===
# 
#     Module              Want Have
#     ------------------- ---- ----
#     ExtUtils::MakeMaker 6.17 7.34
# 
# === Configure Suggests ===
# 
#     Module      Want Have
#     -------- ------- ----
#     JSON::PP 2.27300 4.02
# 
# === Build Requires ===
# 
#     Module              Want Have
#     ------------------- ---- ----
#     ExtUtils::MakeMaker  any 7.34
# 
# === Test Requires ===
# 
#     Module                Want     Have
#     --------------------- ---- --------
#     ExtUtils::MakeMaker    any     7.34
#     File::Basename         any     2.85
#     File::Spec            0.86     3.78
#     File::Spec::Functions  any     3.78
#     File::Spec::Unix       any     3.78
#     File::Temp            0.19   0.2309
#     Test::More            0.96 1.302162
#     lib                    any     0.65
#     open                   any     1.11
# 
# === Test Recommends ===
# 
#     Module                 Want     Have
#     ------------------ -------- --------
#     CPAN::Meta         2.120900 2.150010
#     Test::FailWarnings      any    0.008
#     Test::MockRandom        any     1.01
# 
# === Runtime Requires ===
# 
#     Module      Want    Have
#     ----------- ---- -------
#     Carp         any    1.50
#     Cwd          any    3.78
#     Digest      1.03 1.17_01
#     Digest::SHA 5.45    6.02
#     Exporter    5.57    5.73
#     Fcntl        any    1.13
#     File::Copy   any    2.34
#     File::Glob   any    1.32
#     File::Path  2.07    2.16
#     File::Spec  0.86    3.78
#     File::Temp  0.19  0.2309
#     File::stat   any    1.08
#     constant     any    1.33
#     if           any  0.0608
#     overload     any    1.30
#     strict       any    1.11
#     warnings     any    1.44
# 
# === Runtime Recommends ===
# 
#     Module        Want Have
#     ------------- ---- ----
#     Unicode::UTF8 0.58 0.62
# 
                                                                        t/00-report-prereqs.t ............. ok
===(      58;0  11/?  10/?  8/?  4/?  1/?  0/?  0/?  0/?  2/?  0... )===perl: warning: Setting locale failed.
perl: warning: Please check that your locale settings:
	LANGUAGE = (unset),
	LC_ALL = (unset),
	LC_COLLATE = "C",
	LC_MESSAGES = "C",
	LANG = "it_IT.UTF-8"
    are supported and installed on your system.
perl: warning: Falling back to the standard locale ("C").
===(      66;0  13/?  12/?  9/?  4/?  1/?  0/?  0/?  0/?  4/?  0... )===perl: warning: Setting locale failed.
perl: warning: Please check that your locale settings:
	LANGUAGE = (unset),
	LC_ALL = (unset),
	LC_COLLATE = "C",
	LC_MESSAGES = "C",
	LANG = "it_IT.UTF-8"
    are supported and installed on your system.
perl: warning: Falling back to the standard locale ("C").
===(      78;0  15/?  14/?  11/?  6/?  1/?  0/?  0/?  0/?  6/?  ... )======(      82;0  15/?  14/?  12/?  8/?  1/?  1/?  0/?  0/?  6/?  ... )======(      83;0  15/?  14/?  12/?  8/?  1/?  1/?  1/?  0/?  6/?  ... )======(      87;0  16/?  14/?  12/?  8/?  1/?  1/?  1/?  0/?  7/?  ... )===                                                                        t/mkpath.t ........................ ok
===(      98;0  17/?  16/?  14/?  10/?  2/?  1/?  1/?  0/?  1/? ... )======(     100;0  18/?  16/?  14/?  10/?  2/?  1/?  1/?  1/?  1/? ... )===                                                                        t/overloading.t ................... ok
===(     105;0  19/?  18/?  15/?  10/?  2/?  1/?  1/?  1/?  1/? ... )===perl: warning: Setting locale failed.
perl: warning: Please check that your locale settings:
	LANGUAGE = (unset),
	LC_ALL = (unset),
	LC_COLLATE = "C",
	LC_MESSAGES = "C",
	LANG = "it_IT.UTF-8"
    are supported and installed on your system.
perl: warning: Falling back to the standard locale ("C").
                                                                        t/exception.t ..................... ok
===(     111;0  21/?  20/?  10/?  2/?  1/?  1/?  1/1  1/?  7/?  ... )===perl: warning: Setting locale failed.
perl: warning: Please check that your locale settings:
	LANGUAGE = (unset),
	LC_ALL = (unset),
	LC_COLLATE = "C",
	LC_MESSAGES = "C",
	LANG = "it_IT.UTF-8"
    are supported and installed on your system.
perl: warning: Falling back to the standard locale ("C").
perl: warning: Setting locale failed.
perl: warning: Please check that your locale settings:
	LANGUAGE = (unset),
	LC_ALL = (unset),
	LC_COLLATE = "C",
	LC_MESSAGES = "C",
	LANG = "it_IT.UTF-8"
    are supported and installed on your system.
perl: warning: Falling back to the standard locale ("C").
                                                                        t/locking.t ....................... ok
===(     112;0  22/?  20/?  10/?  2/?  1/?  1/?  1/?  7/?  0/?  ... )===perl: warning: Setting locale failed.
perl: warning: Please check that your locale settings:
	LANGUAGE = (unset),
	LC_ALL = (unset),
	LC_COLLATE = "C",
	LC_MESSAGES = "C",
	LANG = "it_IT.UTF-8"
    are supported and installed on your system.
perl: warning: Falling back to the standard locale ("C").
===(     120;0  24/?  22/?  10/?  2/?  1/?  1/?  2/?  9/?  0/?  ... )===perl: warning: Setting locale failed.
perl: warning: Please check that your locale settings:
	LANGUAGE = (unset),
	LC_ALL = (unset),
	LC_COLLATE = "C",
	LC_MESSAGES = "C",
	LANG = "it_IT.UTF-8"
    are supported and installed on your system.
perl: warning: Falling back to the standard locale ("C").
                                                                        t/mutable_tree_while_iterating.t .. ok
===(     125;0  25/?  22/?  11/?  2/?  2/?  2/?  9/?  0/?  0/?  ... )===perl: warning: Setting locale failed.
perl: warning: Please check that your locale settings:
	LANGUAGE = (unset),
	LC_ALL = (unset),
	LC_COLLATE = "C",
	LC_MESSAGES = "C",
	LANG = "it_IT.UTF-8"
    are supported and installed on your system.
perl: warning: Falling back to the standard locale ("C").
                                                                        t/normalize.t ..................... ok
===(     148;0  31/?  28/?  14/?  3/?  2/?  2/?  0/?  0/?  5/?  ... )===perl: warning: Setting locale failed.
perl: warning: Please check that your locale settings:
	LANGUAGE = (unset),
	LC_ALL = (unset),
	LC_COLLATE = "C",
	LC_MESSAGES = "C",
	LANG = "it_IT.UTF-8"
    are supported and installed on your system.
perl: warning: Falling back to the standard locale ("C").
===(     172;0  37/?  33/?  18/?  4/?  3/?  3/?  1/?  0/?  10/? ... )======(     178;0  37/?  34/?  20/?  4/?  4/?  3/?  1/?  0/?  11/? ... )======(     182;0  38/?  34/?  20/?  4/?  4/?  4/?  1/?  0/?  12/? ... )======(     189;0  39/?  36/?  22/?  4/?  4/?  4/?  1/?  1/?  13/? ... )===                                                                        t/symlinks.t ...................... ok
===(     211;0  44/?  40/?  26/?  5/?  5/?  5/?  1/?  1/?  18/? ... )======(     216;0  46/?  41/?  26/?  5/?  5/?  5/?  1/?  1/?  19/? ... )===perl: warning: Setting locale failed.
perl: warning: Please check that your locale settings:
	LANGUAGE = (unset),
	LC_ALL = (unset),
	LC_COLLATE = "C",
	LC_MESSAGES = "C",
	LANG = "it_IT.UTF-8"
    are supported and installed on your system.
perl: warning: Falling back to the standard locale ("C").
perl: warning: Setting locale failed.
perl: warning: Please check that your locale settings:
	LANGUAGE = (unset),
	LC_ALL = (unset),
	LC_COLLATE = "C",
	LC_MESSAGES = "C",
	LANG = "it_IT.UTF-8"
    are supported and installed on your system.
perl: warning: Falling back to the standard locale ("C").
                                                                        t/recurse.t ....................... ok
===(     301;0  66/?  62/?  39/?  9/?  8/?  8/?  1/?  32/?  4/? ... )======(     303;0  67/?  62/?  39/?  9/?  8/?  8/?  1/?  32/?  4/? ... )===perl: warning: Setting locale failed.
perl: warning: Please check that your locale settings:
	LANGUAGE = (unset),
	LC_ALL = (unset),
	LC_COLLATE = "C",
	LC_MESSAGES = "C",
	LANG = "it_IT.UTF-8"
    are supported and installed on your system.
perl: warning: Falling back to the standard locale ("C").
                                                                        t/rel-abs.t ....................... ok
===(     316;0  70/?  66/?  39/?  9/?  9/?  9/?  1/?  4/?  6/?  ... )===                                                                        t/visit.t ......................... ok
===(     317;0  71/?  66/?  39/?  9/?  9/?  9/?  1/?  4/?  6/?  ... )===perl: warning: Setting locale failed.
perl: warning: Please check that your locale settings:
	LANGUAGE = (unset),
	LC_ALL = (unset),
	LC_COLLATE = "C",
	LC_MESSAGES = "C",
	LANG = "it_IT.UTF-8"
    are supported and installed on your system.
perl: warning: Falling back to the standard locale ("C").
===(     330;0  75/?  70/?  39/?  10/?  9/?  9/?  2/?  5/?  7/? ... )===perl: warning: Setting locale failed.
perl: warning: Please check that your locale settings:
	LANGUAGE = (unset),
	LC_ALL = (unset),
	LC_COLLATE = "C",
	LC_MESSAGES = "C",
	LANG = "it_IT.UTF-8"
    are supported and installed on your system.
perl: warning: Falling back to the standard locale ("C").
                                                                        t/subsumes.t ...................... ok
===(     332;0  76/?  70/?  39/?  10/?  9/?  9/?  2/?  7/?  0/? ... )======(     333;0  76/?  70/?  39/?  10/?  9/?  9/?  2/?  7/?  1/? ... )===                                                                        t/zz-atomic.t ..................... ok
===(     340;0  78/?  72/?  39/?  10/?  10/?  10/?  2/?  7/?  3/? )=====                                                                        t/basic.t ......................... ok
===(     366;0  78/?  45/?  11/?  11/?  11/?  2/?  9/?  7/? )===========                                                                        t/temp.t .......................... ok
===(     381;0  84/?  46/?  12/?  11/?  11/?  3/?  12/? )===============                                                                        t/zzz-spec.t ...................... ok
===(     474;0  112/?  69/?  16/?  16/?  16/?  5/? )====================                                                                        t/filesystem.t .................... ok
===(     598;0  170/?  26/?  25/?  25/?  8/? )==========================                                                                        t/parent.t ........................ ok
===(     660;0  208/?  33/?  32/?  32/? )===============================perl: warning: Setting locale failed.
perl: warning: Please check that your locale settings:
	LANGUAGE = (unset),
	LC_ALL = (unset),
	LC_COLLATE = "C",
	LC_MESSAGES = "C",
	LANG = "it_IT.UTF-8"
    are supported and installed on your system.
perl: warning: Falling back to the standard locale ("C").
                                                                        t/input_output.t .................. ok
===(     866;0  342/?  56/?  56/? )=====================================                                                                        t/input_output_no_PU_UU.t ......... ok
===(     874;0  348/?  57/57 )==========================================                                                                        t/input_output_no_UU.t ............ ok
t/chmod.t ......................... t/chmod.t ......................... 351/? perl: warning: Setting locale failed.
perl: warning: Please check that your locale settings:
	LANGUAGE = (unset),
	LC_ALL = (unset),
	LC_COLLATE = "C",
	LC_MESSAGES = "C",
	LANG = "it_IT.UTF-8"
    are supported and installed on your system.
perl: warning: Falling back to the standard locale ("C").
                                            t/chmod.t ......................... ok
All tests successful.
Files=26, Tests=1700,  1 wallclock secs ( 0.15 usr  0.03 sys +  1.89 cusr  0.41 csys =  2.48 CPU)
Result: PASS
>>> Completed testing dev-perl/Path-Tiny-0.104.0

>>> Install dev-perl/Path-Tiny-0.104.0 into /tmp/portage/dev-perl/Path-Tiny-0.104.0/image/
make -j12 pure_install 
perl: warning: Setting locale failed.
perl: warning: Please check that your locale settings:
	LANGUAGE = (unset),
	LC_ALL = (unset),
	LC_COLLATE = "C",
	LC_MESSAGES = "C",
	LANG = "it_IT.UTF-8"
    are supported and installed on your system.
perl: warning: Falling back to the standard locale ("C").
Installing /tmp/portage/dev-perl/Path-Tiny-0.104.0/image/usr/lib64/perl5/vendor_perl/5.30.2/Path/Tiny.pm
 [32;01m*[0m Fixing packlist file /usr/lib64/perl5/vendor_perl/5.30.2/x86_64-linux/auto/Path/Tiny/.packlist
>>> Completed installing dev-perl/Path-Tiny-0.104.0 into /tmp/portage/dev-perl/Path-Tiny-0.104.0/image/

 [32;01m*[0m Final size of build directory: 736 KiB
 [32;01m*[0m Final size of installed tree:  236 KiB

./
./usr/
./usr/share/
./usr/share/doc/
./usr/share/doc/Path-Tiny-0.104.0/
./usr/share/doc/Path-Tiny-0.104.0/README.bz2
./usr/share/doc/Path-Tiny-0.104.0/Changes.bz2
./usr/lib64/
./usr/lib64/perl5/
./usr/lib64/perl5/vendor_perl/
./usr/lib64/perl5/vendor_perl/5.30.2/
./usr/lib64/perl5/vendor_perl/5.30.2/x86_64-linux/
./usr/lib64/perl5/vendor_perl/5.30.2/x86_64-linux/auto/
./usr/lib64/perl5/vendor_perl/5.30.2/x86_64-linux/auto/Path/
./usr/lib64/perl5/vendor_perl/5.30.2/x86_64-linux/auto/Path/Tiny/
./usr/lib64/perl5/vendor_perl/5.30.2/x86_64-linux/auto/Path/Tiny/.packlist
./usr/lib64/perl5/vendor_perl/5.30.2/Path/
./usr/lib64/perl5/vendor_perl/5.30.2/Path/Tiny.pm
>>> Done.
 [32;01m*[39;49;00m checking 4 files for package collisions
>>> Merging dev-perl/Path-Tiny-0.104.0 to /
--- /usr/
--- /usr/lib64/
--- /usr/lib64/perl5/
--- /usr/lib64/perl5/vendor_perl/
--- /usr/lib64/perl5/vendor_perl/5.30.2/
>>> /usr/lib64/perl5/vendor_perl/5.30.2/Path/
>>> /usr/lib64/perl5/vendor_perl/5.30.2/Path/Tiny.pm
--- /usr/lib64/perl5/vendor_perl/5.30.2/x86_64-linux/
--- /usr/lib64/perl5/vendor_perl/5.30.2/x86_64-linux/auto/
>>> /usr/lib64/perl5/vendor_perl/5.30.2/x86_64-linux/auto/Path/
>>> /usr/lib64/perl5/vendor_perl/5.30.2/x86_64-linux/auto/Path/Tiny/
>>> /usr/lib64/perl5/vendor_perl/5.30.2/x86_64-linux/auto/Path/Tiny/.packlist
--- /usr/share/
--- /usr/share/doc/
>>> /usr/share/doc/Path-Tiny-0.104.0/
>>> /usr/share/doc/Path-Tiny-0.104.0/Changes.bz2
>>> /usr/share/doc/Path-Tiny-0.104.0/README.bz2
>>> dev-perl/Path-Tiny-0.104.0 merged.
>>> Regenerating /etc/ld.so.cache...
