[32;01m * [39;49;00mPackage:    dev-perl/Net-SSLeay-1.880.0
[32;01m * [39;49;00mRepository: gentoo
[32;01m * [39;49;00mMaintainer: perl@gentoo.org
[32;01m * [39;49;00mUSE:        abi_x86_64 amd64 elibc_glibc kernel_linux test userland_GNU
[32;01m * [39;49;00mFEATURES:   network-sandbox preserve-libs sandbox splitdebug test userpriv usersandbox
>>> Unpacking source...
>>> Unpacking Net-SSLeay-1.88.tar.gz to /tmp/portage/dev-perl/Net-SSLeay-1.880.0/work
>>> Source unpacked in /tmp/portage/dev-perl/Net-SSLeay-1.880.0/work
>>> Preparing source in /tmp/portage/dev-perl/Net-SSLeay-1.880.0/work/Net-SSLeay-1.88 ...
 [32;01m*[0m Applying Net-SSLeay-1.88-fix-network-tests.patch ...
[A[263C [34;01m[ [32;01mok[34;01m ][0m
 [32;01m*[0m Applying Net-SSLeay-1.88-fix-libdir.patch ...
patching file Makefile.PL
Hunk #1 succeeded at 136 with fuzz 1 (offset -5 lines).
[A[263C [34;01m[ [32;01mok[34;01m ][0m
 [32;01m*[0m Removing un-needed t/local/01_pod.t
 [32;01m*[0m Removing un-needed t/local/02_pod_coverage.t
 [32;01m*[0m Removing un-needed t/local/kwalitee.t
 [32;01m*[0m Fixing Manifest
>>> Source prepared.
>>> Configuring source in /tmp/portage/dev-perl/Net-SSLeay-1.880.0/work/Net-SSLeay-1.88 ...
 [32;01m*[0m Network tests will be skipped without DIST_TEST_OVERRIDE=~network
perl: warning: Setting locale failed.
perl: warning: Please check that your locale settings:
	LANGUAGE = (unset),
	LC_ALL = (unset),
	LC_COLLATE = "C",
	LC_MESSAGES = "C",
	LANG = "it_IT.UTF-8"
    are supported and installed on your system.
perl: warning: Falling back to the standard locale ("C").
 [32;01m*[0m Using ExtUtils::MakeMaker
 [32;01m*[0m perl Makefile.PL PREFIX=/usr INSTALLDIRS=vendor INSTALLMAN3DIR=none DESTDIR=/tmp/portage/dev-perl/Net-SSLeay-1.880.0/image/
perl: warning: Setting locale failed.
perl: warning: Please check that your locale settings:
	LANGUAGE = (unset),
	LC_ALL = (unset),
	LC_COLLATE = "C",
	LC_MESSAGES = "C",
	LANG = "it_IT.UTF-8"
    are supported and installed on your system.
perl: warning: Falling back to the standard locale ("C").
*** Found OpenSSL-1.1.1g installed in /usr
*** Be sure to use the same compiler and options to compile your OpenSSL, perl,
    and Net::SSLeay. Mixing and matching compilers is not supported.
Checking if your kit is complete...
Looks good
Generating a Unix-style Makefile
Writing Makefile for Net::SSLeay
Writing MYMETA.yml and MYMETA.json
>>> Source configured.
>>> Compiling source in /tmp/portage/dev-perl/Net-SSLeay-1.880.0/work/Net-SSLeay-1.88 ...
 [32;01m*[0m emake OTHERLDFLAGS=-Wl,-O1 -Wl,--as-needed -Wl,--defsym=__gentoo_check_ldflags__=0 -Wl,--hash-style=gnu -Wl,-z,norelro OPTIMIZE=-O3 -march=native -pipe -g0 -fno-stack-protector -fno-stack-clash-protection -fstack-check=no -fno-stack-check OPENSSL_PREFIX=/usr
make -j12 'OTHERLDFLAGS=-Wl,-O1 -Wl,--as-needed -Wl,--defsym=__gentoo_check_ldflags__=0 -Wl,--hash-style=gnu -Wl,-z,norelro' 'OPTIMIZE=-O3 -march=native -pipe -g0 -fno-stack-protector -fno-stack-clash-protection -fstack-check=no -fno-stack-check' OPENSSL_PREFIX=/usr 
perl: warning: Setting locale failed.
perl: warning: Please check that your locale settings:
	LANGUAGE = (unset),
	LC_ALL = (unset),
	LC_COLLATE = "C",
	LC_MESSAGES = "C",
	LANG = "it_IT.UTF-8"
    are supported and installed on your system.
perl: warning: Falling back to the standard locale ("C").
perl: warning: Setting locale failed.
perl: warning: Please check that your locale settings:
	LANGUAGE = (unset),
	LC_ALL = (unset),
	LC_COLLATE = "C",
	LC_MESSAGES = "C",
	LANG = "it_IT.UTF-8"
    are supported and installed on your system.
perl: warning: Falling back to the standard locale ("C").
"/usr/bin/perl" "/usr/lib64/perl5/5.30.2/ExtUtils/xsubpp"  -typemap '/usr/lib64/perl5/5.30.2/ExtUtils/typemap' -typemap '/tmp/portage/dev-perl/Net-SSLeay-1.880.0/work/Net-SSLeay-1.88/typemap'  SSLeay.xs > SSLeay.xsc
perl: warning: Setting locale failed.
perl: warning: Please check that your locale settings:
	LANGUAGE = (unset),
	LC_ALL = (unset),
	LC_COLLATE = "C",
	LC_MESSAGES = "C",
	LANG = "it_IT.UTF-8"
    are supported and installed on your system.
perl: warning: Falling back to the standard locale ("C").
Running Mkbootstrap for SSLeay ()
perl: warning: Setting locale failed.
perl: warning: Please check that your locale settings:
	LANGUAGE = (unset),
	LC_ALL = (unset),
	LC_COLLATE = "C",
	LC_MESSAGES = "C",
	LANG = "it_IT.UTF-8"
    are supported and installed on your system.
perl: warning: Falling back to the standard locale ("C").
perl: warning: Setting locale failed.
perl: warning: Please check that your locale settings:
	LANGUAGE = (unset),
	LC_ALL = (unset),
	LC_COLLATE = "C",
	LC_MESSAGES = "C",
	LANG = "it_IT.UTF-8"
    are supported and installed on your system.
perl: warning: Falling back to the standard locale ("C").
perl: warning: Setting locale failed.
perl: warning: Please check that your locale settings:
	LANGUAGE = (unset),
	LC_ALL = (unset),
	LC_COLLATE = "C",
	LC_MESSAGES = "C",
	LANG = "it_IT.UTF-8"
    are supported and installed on your system.
perl: warning: Falling back to the standard locale ("C").
perl: warning: Setting locale failed.
perl: warning: Please check that your locale settings:
	LANGUAGE = (unset),
	LC_ALL = (unset),
	LC_COLLATE = "C",
	LC_MESSAGES = "C",
	LANG = "it_IT.UTF-8"
    are supported and installed on your system.
perl: warning: Falling back to the standard locale ("C").
perl: warning: Setting locale failed.
perl: warning: Please check that your locale settings:
	LANGUAGE = (unset),
	LC_ALL = (unset),
	LC_COLLATE = "C",
	LC_MESSAGES = "C",
	LANG = "it_IT.UTF-8"
    are supported and installed on your system.
perl: warning: Falling back to the standard locale ("C").
perl: warning: Setting locale failed.
perl: warning: Please check that your locale settings:
	LANGUAGE = (unset),
	LC_ALL = (unset),
	LC_COLLATE = "C",
	LC_MESSAGES = "C",
	LANG = "it_IT.UTF-8"
    are supported and installed on your system.
perl: warning: Falling back to the standard locale ("C").
perl: warning: Setting locale failed.
perl: warning: Please check that your locale settings:
	LANGUAGE = (unset),
	LC_ALL = (unset),
	LC_COLLATE = "C",
	LC_MESSAGES = "C",
	LANG = "it_IT.UTF-8"
    are supported and installed on your system.
perl: warning: Falling back to the standard locale ("C").
perl: warning: Setting locale failed.
perl: warning: Please check that your locale settings:
	LANGUAGE = (unset),
	LC_ALL = (unset),
	LC_COLLATE = "C",
	LC_MESSAGES = "C",
	LANG = "it_IT.UTF-8"
    are supported and installed on your system.
perl: warning: Falling back to the standard locale ("C").
chmod 644 "SSLeay.bs"
"/usr/bin/perl" -MExtUtils::Command::MM -e 'cp_nonempty' -- SSLeay.bs blib/arch/auto/Net/SSLeay/SSLeay.bs 644
perl: warning: Setting locale failed.
perl: warning: Please check that your locale settings:
	LANGUAGE = (unset),
	LC_ALL = (unset),
	LC_COLLATE = "C",
	LC_MESSAGES = "C",
	LANG = "it_IT.UTF-8"
    are supported and installed on your system.
perl: warning: Falling back to the standard locale ("C").
cp lib/Net/SSLeay.pod blib/lib/Net/SSLeay.pod
cp lib/Net/SSLeay/Handle.pm blib/lib/Net/SSLeay/Handle.pm
cp lib/Net/SSLeay.pm blib/lib/Net/SSLeay.pm
AutoSplitting blib/lib/Net/SSLeay.pm (blib/lib/auto/Net/SSLeay)
blib/lib/Net/SSLeay.pm: some names are not unique when truncated to 8 characters:
 directory blib/lib/auto/Net/SSLeay:
  do_https3.al, do_https2.al, do_https4.al, do_https.al truncate to do_https
  do_httpx3.al, do_httpx2.al, do_httpx4.al truncate to do_httpx
  get_https.al, get_https3.al, get_https4.al, get_http.al, get_http3.al, get_http4.al, get_httpx.al, get_httpx3.al, get_httpx4.al truncate to get_http
  head_https.al, head_https3.al, head_https4.al, head_http.al, head_http3.al, head_http4.al, head_httpx.al, head_httpx3.al, head_httpx4.al truncate to head_htt
  post_https.al, post_https3.al, post_https4.al, post_http.al, post_http3.al, post_http4.al, post_httpx.al, post_httpx3.al, post_httpx4.al truncate to post_htt
  put_https.al, put_https3.al, put_https4.al, put_http.al, put_http3.al, put_http4.al, put_httpx.al, put_httpx3.al, put_httpx4.al truncate to put_http
  ssl_read_all.al, ssl_read_until.al, ssl_read_CRLF.al truncate to ssl_read
  ssl_write_all.al, ssl_write_CRLF.al truncate to ssl_writ
  tcp_read_all.al, tcp_read_until.al, tcp_read_CRLF.al truncate to tcp_read
  tcp_write_all.al, tcp_write_CRLF.al truncate to tcp_writ
mv SSLeay.xsc SSLeay.c
x86_64-pc-linux-gnu-gcc -c   -fwrapv -fno-strict-aliasing -pipe -D_LARGEFILE_SOURCE -D_FILE_OFFSET_BITS=64 -O3 -march=native -pipe -g0 -fno-stack-protector -fno-stack-clash-protection -fstack-check=no -fno-stack-check   -DVERSION=\"1.88\" -DXS_VERSION=\"1.88\" -fPIC "-I/usr/lib64/perl5/5.30.2/x86_64-linux/CORE"   SSLeay.c
[01m[KSSLeay.xs:[m[K In function '[01m[KXS_Net__SSLeay_CTX_tlsv1_new[m[K':
[01m[KSSLeay.xs:1890:6:[m[K [01;35m[Kwarning: [m[K'[01m[KTLSv1_method[m[K' is deprecated [[01;35m[K-Wdeprecated-declarations[m[K]
 1890 |      [01;35m[KRETVAL[m[K = SSL_CTX_new (TLSv1_method());
      |      [01;35m[K^~~~~~[m[K
In file included from [01m[K/usr/include/openssl/opensslconf.h:10[m[K,
                 from [01m[K/usr/include/openssl/e_os2.h:13[m[K,
                 from [01m[K/usr/include/openssl/err.h:13[m[K,
                 from [01m[KSSLeay.xs:163[m[K:
[01m[K/usr/include/openssl/ssl.h:1877:1:[m[K [01;36m[Knote: [m[Kdeclared here
 1877 | [01;36m[KDEPRECATEDIN_1_1_0[m[K(__owur const SSL_METHOD *TLSv1_method(void)) /* TLSv1.0 */
      | [01;36m[K^~~~~~~~~~~~~~~~~~[m[K
[01m[KSSLeay.xs:[m[K In function '[01m[KXS_Net__SSLeay_CTX_tlsv1_1_new[m[K':
[01m[KSSLeay.xs:1899:6:[m[K [01;35m[Kwarning: [m[K'[01m[KTLSv1_1_method[m[K' is deprecated [[01;35m[K-Wdeprecated-declarations[m[K]
 1899 |      [01;35m[KRETVAL[m[K = SSL_CTX_new (TLSv1_1_method());
      |      [01;35m[K^~~~~~[m[K
In file included from [01m[K/usr/include/openssl/opensslconf.h:10[m[K,
                 from [01m[K/usr/include/openssl/e_os2.h:13[m[K,
                 from [01m[K/usr/include/openssl/err.h:13[m[K,
                 from [01m[KSSLeay.xs:163[m[K:
[01m[K/usr/include/openssl/ssl.h:1883:1:[m[K [01;36m[Knote: [m[Kdeclared here
 1883 | [01;36m[KDEPRECATEDIN_1_1_0[m[K(__owur const SSL_METHOD *TLSv1_1_method(void)) /* TLSv1.1 */
      | [01;36m[K^~~~~~~~~~~~~~~~~~[m[K
[01m[KSSLeay.xs:[m[K In function '[01m[KXS_Net__SSLeay_CTX_tlsv1_2_new[m[K':
[01m[KSSLeay.xs:1910:6:[m[K [01;35m[Kwarning: [m[K'[01m[KTLSv1_2_method[m[K' is deprecated [[01;35m[K-Wdeprecated-declarations[m[K]
 1910 |      [01;35m[KRETVAL[m[K = SSL_CTX_new (TLSv1_2_method());
      |      [01;35m[K^~~~~~[m[K
In file included from [01m[K/usr/include/openssl/opensslconf.h:10[m[K,
                 from [01m[K/usr/include/openssl/e_os2.h:13[m[K,
                 from [01m[K/usr/include/openssl/err.h:13[m[K,
                 from [01m[KSSLeay.xs:163[m[K:
[01m[K/usr/include/openssl/ssl.h:1889:1:[m[K [01;36m[Knote: [m[Kdeclared here
 1889 | [01;36m[KDEPRECATEDIN_1_1_0[m[K(__owur const SSL_METHOD *TLSv1_2_method(void)) /* TLSv1.2 */
      | [01;36m[K^~~~~~~~~~~~~~~~~~[m[K
[01m[KSSLeay.xs:[m[K In function '[01m[KXS_Net__SSLeay_RAND_pseudo_bytes[m[K':
[01m[KSSLeay.xs:3064:9:[m[K [01;35m[Kwarning: [m[K'[01m[KRAND_pseudo_bytes[m[K' is deprecated [[01;35m[K-Wdeprecated-declarations[m[K]
 3064 |         [01;35m[Krc[m[K = RAND_pseudo_bytes(random, num);
      |         [01;35m[K^~[m[K
In file included from [01m[K/usr/include/openssl/opensslconf.h:10[m[K,
                 from [01m[K/usr/include/openssl/e_os2.h:13[m[K,
                 from [01m[K/usr/include/openssl/err.h:13[m[K,
                 from [01m[KSSLeay.xs:163[m[K:
[01m[K/usr/include/openssl/rand.h:44:1:[m[K [01;36m[Knote: [m[Kdeclared here
   44 | [01;36m[KDEPRECATEDIN_1_1_0[m[K(int RAND_pseudo_bytes(unsigned char *buf, int num))
      | [01;36m[K^~~~~~~~~~~~~~~~~~[m[K
[01m[KSSLeay.c:[m[K In function '[01m[KXS_Net__SSLeay_X509_CRL_get_lastUpdate[m[K':
[01m[KSSLeay.c:7021:2:[m[K [01;35m[Kwarning: [m[K'[01m[KX509_CRL_get_lastUpdate[m[K' is deprecated [[01;35m[K-Wdeprecated-declarations[m[K]
 7021 |  [01;35m[KRETVAL[m[K = X509_CRL_get_lastUpdate(x);
      |  [01;35m[K^~~~~~[m[K
In file included from [01m[K/usr/include/openssl/opensslconf.h:10[m[K,
                 from [01m[K/usr/include/openssl/e_os2.h:13[m[K,
                 from [01m[K/usr/include/openssl/err.h:13[m[K,
                 from [01m[KSSLeay.xs:163[m[K:
[01m[K/usr/include/openssl/x509.h:727:1:[m[K [01;36m[Knote: [m[Kdeclared here
  727 | [01;36m[KDEPRECATEDIN_1_1_0[m[K(ASN1_TIME *X509_CRL_get_lastUpdate(X509_CRL *crl))
      | [01;36m[K^~~~~~~~~~~~~~~~~~[m[K
[01m[KSSLeay.c:[m[K In function '[01m[KXS_Net__SSLeay_X509_CRL_get_nextUpdate[m[K':
[01m[KSSLeay.c:7040:2:[m[K [01;35m[Kwarning: [m[K'[01m[KX509_CRL_get_nextUpdate[m[K' is deprecated [[01;35m[K-Wdeprecated-declarations[m[K]
 7040 |  [01;35m[KRETVAL[m[K = X509_CRL_get_nextUpdate(x);
      |  [01;35m[K^~~~~~[m[K
In file included from [01m[K/usr/include/openssl/opensslconf.h:10[m[K,
                 from [01m[K/usr/include/openssl/e_os2.h:13[m[K,
                 from [01m[K/usr/include/openssl/err.h:13[m[K,
                 from [01m[KSSLeay.xs:163[m[K:
[01m[K/usr/include/openssl/x509.h:728:1:[m[K [01;36m[Knote: [m[Kdeclared here
  728 | [01;36m[KDEPRECATEDIN_1_1_0[m[K(ASN1_TIME *X509_CRL_get_nextUpdate(X509_CRL *crl))
      | [01;36m[K^~~~~~~~~~~~~~~~~~[m[K
[01m[KSSLeay.xs:[m[K In function '[01m[KXS_Net__SSLeay_X509_get_subjectAltNames[m[K':
[01m[KSSLeay.xs:3774:26:[m[K [01;35m[Kwarning: [m[K'[01m[KASN1_STRING_data[m[K' is deprecated [[01;35m[K-Wdeprecated-declarations[m[K]
 3774 |                          [01;35m[KPUSHs[m[K(sv_2mortal(newSVpv((const char*)ASN1_STRING_data(subjAltNameDN->d.otherName->value->value.utf8string), ASN1_STRING_length(subjAltNameDN->d.otherName->value->value.utf8string))));
      |                          [01;35m[K^~~~~[m[K
In file included from [01m[K/usr/include/openssl/opensslconf.h:10[m[K,
                 from [01m[K/usr/include/openssl/e_os2.h:13[m[K,
                 from [01m[K/usr/include/openssl/err.h:13[m[K,
                 from [01m[KSSLeay.xs:163[m[K:
[01m[K/usr/include/openssl/asn1.h:554:1:[m[K [01;36m[Knote: [m[Kdeclared here
  554 | [01;36m[KDEPRECATEDIN_1_1_0[m[K(unsigned char *ASN1_STRING_data(ASN1_STRING *x))
      | [01;36m[K^~~~~~~~~~~~~~~~~~[m[K
[01m[KSSLeay.xs:3783:26:[m[K [01;35m[Kwarning: [m[K'[01m[KASN1_STRING_data[m[K' is deprecated [[01;35m[K-Wdeprecated-declarations[m[K]
 3783 |                          [01;35m[KPUSHs[m[K(sv_2mortal(newSVpv((const char*)ASN1_STRING_data(subjAltNameDN->d.ia5), ASN1_STRING_length(subjAltNameDN->d.ia5))));
      |                          [01;35m[K^~~~~[m[K
In file included from [01m[K/usr/include/openssl/opensslconf.h:10[m[K,
                 from [01m[K/usr/include/openssl/e_os2.h:13[m[K,
                 from [01m[K/usr/include/openssl/err.h:13[m[K,
                 from [01m[KSSLeay.xs:163[m[K:
[01m[K/usr/include/openssl/asn1.h:554:1:[m[K [01;36m[Knote: [m[Kdeclared here
  554 | [01;36m[KDEPRECATEDIN_1_1_0[m[K(unsigned char *ASN1_STRING_data(ASN1_STRING *x))
      | [01;36m[K^~~~~~~~~~~~~~~~~~[m[K
[01m[KSSLeay.xs:[m[K In function '[01m[KXS_Net__SSLeay_P_X509_get_crl_distribution_points[m[K':
[01m[KSSLeay.xs:3834:25:[m[K [01;35m[Kwarning: [m[K'[01m[KASN1_STRING_data[m[K' is deprecated [[01;35m[K-Wdeprecated-declarations[m[K]
 3834 |                         [01;35m[KXPUSHs[m[K(sv_2mortal(newSVpv((char*)ASN1_STRING_data(gn->d.ia5),ASN1_STRING_length(gn->d.ia5))));
      |                         [01;35m[K^~~~~~[m[K
In file included from [01m[K/usr/include/openssl/opensslconf.h:10[m[K,
                 from [01m[K/usr/include/openssl/e_os2.h:13[m[K,
                 from [01m[K/usr/include/openssl/err.h:13[m[K,
                 from [01m[KSSLeay.xs:163[m[K:
[01m[K/usr/include/openssl/asn1.h:554:1:[m[K [01;36m[Knote: [m[Kdeclared here
  554 | [01;36m[KDEPRECATEDIN_1_1_0[m[K(unsigned char *ASN1_STRING_data(ASN1_STRING *x))
      | [01;36m[K^~~~~~~~~~~~~~~~~~[m[K
[01m[KSSLeay.xs:[m[K In function '[01m[KXS_Net__SSLeay_P_X509_get_ocsp_uri[m[K':
[01m[KSSLeay.xs:3875:3:[m[K [01;35m[Kwarning: [m[K'[01m[KASN1_STRING_data[m[K' is deprecated [[01;35m[K-Wdeprecated-declarations[m[K]
 3875 |   [01;35m[KXPUSHs[m[K(sv_2mortal(newSVpv(
      |   [01;35m[K^~~~~~[m[K
In file included from [01m[K/usr/include/openssl/opensslconf.h:10[m[K,
                 from [01m[K/usr/include/openssl/e_os2.h:13[m[K,
                 from [01m[K/usr/include/openssl/err.h:13[m[K,
                 from [01m[KSSLeay.xs:163[m[K:
[01m[K/usr/include/openssl/asn1.h:554:1:[m[K [01;36m[Knote: [m[Kdeclared here
  554 | [01;36m[KDEPRECATEDIN_1_1_0[m[K(unsigned char *ASN1_STRING_data(ASN1_STRING *x))
      | [01;36m[K^~~~~~~~~~~~~~~~~~[m[K
[01m[KSSLeay.xs:[m[K In function '[01m[KXS_Net__SSLeay_P_ASN1_STRING_get[m[K':
[01m[KSSLeay.xs:4225:9:[m[K [01;35m[Kwarning: [m[K'[01m[KASN1_STRING_data[m[K' is deprecated [[01;35m[K-Wdeprecated-declarations[m[K]
 4225 |         [01;35m[Ku8[m[K = newSVpv((const char*)ASN1_STRING_data(s), ASN1_STRING_length(s));
      |         [01;35m[K^~[m[K
In file included from [01m[K/usr/include/openssl/opensslconf.h:10[m[K,
                 from [01m[K/usr/include/openssl/e_os2.h:13[m[K,
                 from [01m[K/usr/include/openssl/err.h:13[m[K,
                 from [01m[KSSLeay.xs:163[m[K:
[01m[K/usr/include/openssl/asn1.h:554:1:[m[K [01;36m[Knote: [m[Kdeclared here
  554 | [01;36m[KDEPRECATEDIN_1_1_0[m[K(unsigned char *ASN1_STRING_data(ASN1_STRING *x))
      | [01;36m[K^~~~~~~~~~~~~~~~~~[m[K
[01m[KSSLeay.c:[m[K In function '[01m[KXS_Net__SSLeay_TLSv1_method[m[K':
[01m[KSSLeay.c:10197:2:[m[K [01;35m[Kwarning: [m[K'[01m[KTLSv1_method[m[K' is deprecated [[01;35m[K-Wdeprecated-declarations[m[K]
10197 |  [01;35m[KRETVAL[m[K = TLSv1_method();
      |  [01;35m[K^~~~~~[m[K
In file included from [01m[K/usr/include/openssl/opensslconf.h:10[m[K,
                 from [01m[K/usr/include/openssl/e_os2.h:13[m[K,
                 from [01m[K/usr/include/openssl/err.h:13[m[K,
                 from [01m[KSSLeay.xs:163[m[K:
[01m[K/usr/include/openssl/ssl.h:1877:1:[m[K [01;36m[Knote: [m[Kdeclared here
 1877 | [01;36m[KDEPRECATEDIN_1_1_0[m[K(__owur const SSL_METHOD *TLSv1_method(void)) /* TLSv1.0 */
      | [01;36m[K^~~~~~~~~~~~~~~~~~[m[K
[01m[KSSLeay.c:[m[K In function '[01m[KXS_Net__SSLeay_TLSv1_server_method[m[K':
[01m[KSSLeay.c:10214:2:[m[K [01;35m[Kwarning: [m[K'[01m[KTLSv1_server_method[m[K' is deprecated [[01;35m[K-Wdeprecated-declarations[m[K]
10214 |  [01;35m[KRETVAL[m[K = TLSv1_server_method();
      |  [01;35m[K^~~~~~[m[K
In file included from [01m[K/usr/include/openssl/opensslconf.h:10[m[K,
                 from [01m[K/usr/include/openssl/e_os2.h:13[m[K,
                 from [01m[K/usr/include/openssl/err.h:13[m[K,
                 from [01m[KSSLeay.xs:163[m[K:
[01m[K/usr/include/openssl/ssl.h:1878:1:[m[K [01;36m[Knote: [m[Kdeclared here
 1878 | [01;36m[KDEPRECATEDIN_1_1_0[m[K(__owur const SSL_METHOD *TLSv1_server_method(void))
      | [01;36m[K^~~~~~~~~~~~~~~~~~[m[K
[01m[KSSLeay.c:[m[K In function '[01m[KXS_Net__SSLeay_TLSv1_client_method[m[K':
[01m[KSSLeay.c:10231:2:[m[K [01;35m[Kwarning: [m[K'[01m[KTLSv1_client_method[m[K' is deprecated [[01;35m[K-Wdeprecated-declarations[m[K]
10231 |  [01;35m[KRETVAL[m[K = TLSv1_client_method();
      |  [01;35m[K^~~~~~[m[K
In file included from [01m[K/usr/include/openssl/opensslconf.h:10[m[K,
                 from [01m[K/usr/include/openssl/e_os2.h:13[m[K,
                 from [01m[K/usr/include/openssl/err.h:13[m[K,
                 from [01m[KSSLeay.xs:163[m[K:
[01m[K/usr/include/openssl/ssl.h:1879:1:[m[K [01;36m[Knote: [m[Kdeclared here
 1879 | [01;36m[KDEPRECATEDIN_1_1_0[m[K(__owur const SSL_METHOD *TLSv1_client_method(void))
      | [01;36m[K^~~~~~~~~~~~~~~~~~[m[K
[01m[KSSLeay.c:[m[K In function '[01m[KXS_Net__SSLeay_TLSv1_1_method[m[K':
[01m[KSSLeay.c:10251:2:[m[K [01;35m[Kwarning: [m[K'[01m[KTLSv1_1_method[m[K' is deprecated [[01;35m[K-Wdeprecated-declarations[m[K]
10251 |  [01;35m[KRETVAL[m[K = TLSv1_1_method();
      |  [01;35m[K^~~~~~[m[K
In file included from [01m[K/usr/include/openssl/opensslconf.h:10[m[K,
                 from [01m[K/usr/include/openssl/e_os2.h:13[m[K,
                 from [01m[K/usr/include/openssl/err.h:13[m[K,
                 from [01m[KSSLeay.xs:163[m[K:
[01m[K/usr/include/openssl/ssl.h:1883:1:[m[K [01;36m[Knote: [m[Kdeclared here
 1883 | [01;36m[KDEPRECATEDIN_1_1_0[m[K(__owur const SSL_METHOD *TLSv1_1_method(void)) /* TLSv1.1 */
      | [01;36m[K^~~~~~~~~~~~~~~~~~[m[K
[01m[KSSLeay.c:[m[K In function '[01m[KXS_Net__SSLeay_TLSv1_1_server_method[m[K':
[01m[KSSLeay.c:10268:2:[m[K [01;35m[Kwarning: [m[K'[01m[KTLSv1_1_server_method[m[K' is deprecated [[01;35m[K-Wdeprecated-declarations[m[K]
10268 |  [01;35m[KRETVAL[m[K = TLSv1_1_server_method();
      |  [01;35m[K^~~~~~[m[K
In file included from [01m[K/usr/include/openssl/opensslconf.h:10[m[K,
                 from [01m[K/usr/include/openssl/e_os2.h:13[m[K,
                 from [01m[K/usr/include/openssl/err.h:13[m[K,
                 from [01m[KSSLeay.xs:163[m[K:
[01m[K/usr/include/openssl/ssl.h:1884:1:[m[K [01;36m[Knote: [m[Kdeclared here
 1884 | [01;36m[KDEPRECATEDIN_1_1_0[m[K(__owur const SSL_METHOD *TLSv1_1_server_method(void))
      | [01;36m[K^~~~~~~~~~~~~~~~~~[m[K
[01m[KSSLeay.c:[m[K In function '[01m[KXS_Net__SSLeay_TLSv1_1_client_method[m[K':
[01m[KSSLeay.c:10285:2:[m[K [01;35m[Kwarning: [m[K'[01m[KTLSv1_1_client_method[m[K' is deprecated [[01;35m[K-Wdeprecated-declarations[m[K]
10285 |  [01;35m[KRETVAL[m[K = TLSv1_1_client_method();
      |  [01;35m[K^~~~~~[m[K
In file included from [01m[K/usr/include/openssl/opensslconf.h:10[m[K,
                 from [01m[K/usr/include/openssl/e_os2.h:13[m[K,
                 from [01m[K/usr/include/openssl/err.h:13[m[K,
                 from [01m[KSSLeay.xs:163[m[K:
[01m[K/usr/include/openssl/ssl.h:1885:1:[m[K [01;36m[Knote: [m[Kdeclared here
 1885 | [01;36m[KDEPRECATEDIN_1_1_0[m[K(__owur const SSL_METHOD *TLSv1_1_client_method(void))
      | [01;36m[K^~~~~~~~~~~~~~~~~~[m[K
[01m[KSSLeay.c:[m[K In function '[01m[KXS_Net__SSLeay_TLSv1_2_method[m[K':
[01m[KSSLeay.c:10306:2:[m[K [01;35m[Kwarning: [m[K'[01m[KTLSv1_2_method[m[K' is deprecated [[01;35m[K-Wdeprecated-declarations[m[K]
10306 |  [01;35m[KRETVAL[m[K = TLSv1_2_method();
      |  [01;35m[K^~~~~~[m[K
In file included from [01m[K/usr/include/openssl/opensslconf.h:10[m[K,
                 from [01m[K/usr/include/openssl/e_os2.h:13[m[K,
                 from [01m[K/usr/include/openssl/err.h:13[m[K,
                 from [01m[KSSLeay.xs:163[m[K:
[01m[K/usr/include/openssl/ssl.h:1889:1:[m[K [01;36m[Knote: [m[Kdeclared here
 1889 | [01;36m[KDEPRECATEDIN_1_1_0[m[K(__owur const SSL_METHOD *TLSv1_2_method(void)) /* TLSv1.2 */
      | [01;36m[K^~~~~~~~~~~~~~~~~~[m[K
[01m[KSSLeay.c:[m[K In function '[01m[KXS_Net__SSLeay_TLSv1_2_server_method[m[K':
[01m[KSSLeay.c:10323:2:[m[K [01;35m[Kwarning: [m[K'[01m[KTLSv1_2_server_method[m[K' is deprecated [[01;35m[K-Wdeprecated-declarations[m[K]
10323 |  [01;35m[KRETVAL[m[K = TLSv1_2_server_method();
      |  [01;35m[K^~~~~~[m[K
In file included from [01m[K/usr/include/openssl/opensslconf.h:10[m[K,
                 from [01m[K/usr/include/openssl/e_os2.h:13[m[K,
                 from [01m[K/usr/include/openssl/err.h:13[m[K,
                 from [01m[KSSLeay.xs:163[m[K:
[01m[K/usr/include/openssl/ssl.h:1890:1:[m[K [01;36m[Knote: [m[Kdeclared here
 1890 | [01;36m[KDEPRECATEDIN_1_1_0[m[K(__owur const SSL_METHOD *TLSv1_2_server_method(void))
      | [01;36m[K^~~~~~~~~~~~~~~~~~[m[K
[01m[KSSLeay.c:[m[K In function '[01m[KXS_Net__SSLeay_TLSv1_2_client_method[m[K':
[01m[KSSLeay.c:10340:2:[m[K [01;35m[Kwarning: [m[K'[01m[KTLSv1_2_client_method[m[K' is deprecated [[01;35m[K-Wdeprecated-declarations[m[K]
10340 |  [01;35m[KRETVAL[m[K = TLSv1_2_client_method();
      |  [01;35m[K^~~~~~[m[K
In file included from [01m[K/usr/include/openssl/opensslconf.h:10[m[K,
                 from [01m[K/usr/include/openssl/e_os2.h:13[m[K,
                 from [01m[K/usr/include/openssl/err.h:13[m[K,
                 from [01m[KSSLeay.xs:163[m[K:
[01m[K/usr/include/openssl/ssl.h:1891:1:[m[K [01;36m[Knote: [m[Kdeclared here
 1891 | [01;36m[KDEPRECATEDIN_1_1_0[m[K(__owur const SSL_METHOD *TLSv1_2_client_method(void))
      | [01;36m[K^~~~~~~~~~~~~~~~~~[m[K
[01m[KSSLeay.xs:[m[K In function '[01m[KXS_Net__SSLeay_OCSP_response_results[m[K':
[01m[KSSLeay.xs:7305:33:[m[K [01;35m[Kwarning: [m[Kpassing argument 1 of '[01m[Ki2d_OCSP_CERTID[m[K' discards '[01m[Kconst[m[K' qualifier from pointer target type [[01;35m[K-Wdiscarded-qualifiers[m[K]
 7305 |       int len = i2d_OCSP_CERTID([01;35m[KOCSP_SINGLERESP_get0_id(sir)[m[K,NULL);
      |                                 [01;35m[K^~~~~~~~~~~~~~~~~~~~~~~~~~~~[m[K
In file included from [01m[K/usr/include/openssl/objects.h:15[m[K,
                 from [01m[K/usr/include/openssl/evp.h:28[m[K,
                 from [01m[K/usr/include/openssl/x509.h:18[m[K,
                 from [01m[K/usr/include/openssl/ssl.h:20[m[K,
                 from [01m[KSSLeay.xs:167[m[K:
[01m[K/usr/include/openssl/ocsp.h:330:1:[m[K [01;36m[Knote: [m[Kexpected '[01m[KOCSP_CERTID *[m[K' {aka '[01m[Kstruct ocsp_cert_id_st *[m[K'} but argument is of type '[01m[Kconst OCSP_CERTID *[m[K' {aka '[01m[Kconst struct ocsp_cert_id_st *[m[K'}
  330 | [01;36m[KD[m[KECLARE_ASN1_FUNCTIONS(OCSP_CERTID)
      | [01;36m[K^[m[K
[01m[KSSLeay.xs:7314:23:[m[K [01;35m[Kwarning: [m[Kpassing argument 1 of '[01m[Ki2d_OCSP_CERTID[m[K' discards '[01m[Kconst[m[K' qualifier from pointer target type [[01;35m[K-Wdiscarded-qualifiers[m[K]
 7314 |       i2d_OCSP_CERTID([01;35m[KOCSP_SINGLERESP_get0_id(sir)[m[K,&pi);
      |                       [01;35m[K^~~~~~~~~~~~~~~~~~~~~~~~~~~~[m[K
In file included from [01m[K/usr/include/openssl/objects.h:15[m[K,
                 from [01m[K/usr/include/openssl/evp.h:28[m[K,
                 from [01m[K/usr/include/openssl/x509.h:18[m[K,
                 from [01m[K/usr/include/openssl/ssl.h:20[m[K,
                 from [01m[KSSLeay.xs:167[m[K:
[01m[K/usr/include/openssl/ocsp.h:330:1:[m[K [01;36m[Knote: [m[Kexpected '[01m[KOCSP_CERTID *[m[K' {aka '[01m[Kstruct ocsp_cert_id_st *[m[K'} but argument is of type '[01m[Kconst OCSP_CERTID *[m[K' {aka '[01m[Kconst struct ocsp_cert_id_st *[m[K'}
  330 | [01;36m[KD[m[KECLARE_ASN1_FUNCTIONS(OCSP_CERTID)
      | [01;36m[K^[m[K
rm -f blib/arch/auto/Net/SSLeay/SSLeay.so
LD_RUN_PATH="/usr/lib64:/lib64" x86_64-pc-linux-gnu-gcc  -shared -O3 -march=native -pipe -g0 -fno-stack-protector -fno-stack-clash-protection -fstack-check=no -fno-stack-check -Wl,-O1 -Wl,--as-needed -Wl,--defsym=__gentoo_check_ldflags__=0 -Wl,--hash-style=gnu -Wl,-z,norelro  SSLeay.o -Wl,-O1 -Wl,--as-needed -Wl,--defsym=__gentoo_check_ldflags__=0 -Wl,--hash-style=gnu -Wl,-z,norelro -o blib/arch/auto/Net/SSLeay/SSLeay.so  \
   -lssl -lcrypto -lz   \
  
chmod 755 blib/arch/auto/Net/SSLeay/SSLeay.so
>>> Source compiled.
>>> Test phase: dev-perl/Net-SSLeay-1.880.0
 [32;01m*[0m Test::Harness Jobs=12
make -j12 test TEST_VERBOSE=0 
"/usr/bin/perl" -MExtUtils::Command::MM -e 'cp_nonempty' -- SSLeay.bs blib/arch/auto/Net/SSLeay/SSLeay.bs 644
perl: warning: Setting locale failed.
perl: warning: Please check that your locale settings:
	LANGUAGE = (unset),
	LC_ALL = (unset),
	LC_COLLATE = "C",
	LC_MESSAGES = "C",
	LANG = "it_IT.UTF-8"
    are supported and installed on your system.
perl: warning: Falling back to the standard locale ("C").
PERL_DL_NONLAZY=1 "/usr/bin/perl" "-MExtUtils::Command::MM" "-MTest::Harness" "-e" "undef *Test::Harness::Switches; test_harness(0, 'blib/lib', 'blib/arch')" t/local/*.t t/handle/local/*.t
perl: warning: Setting locale failed.
perl: warning: Please check that your locale settings:
	LANGUAGE = (unset),
	LC_ALL = (unset),
	LC_COLLATE = "C",
	LC_MESSAGES = "C",
	LANG = "it_IT.UTF-8"
    are supported and installed on your system.
perl: warning: Falling back to the standard locale ("C").
perl: warning: Setting locale failed.
perl: warning: Please check that your locale settings:
	LANGUAGE = (unset),
	LC_ALL = (unset),
	LC_COLLATE = "C",
	LC_MESSAGES = "C",
	LANG = "it_IT.UTF-8"
    are supported and installed on your system.
perl: warning: Falling back to the standard locale ("C").
perl: warning: Setting locale failed.
perl: warning: Please check that your locale settings:
	LANGUAGE = (unset),
	LC_ALL = (unset),
	LC_COLLATE = "C",
	LC_MESSAGES = "C",
	LANG = "it_IT.UTF-8"
    are supported and installed on your system.
perl: warning: Falling back to the standard locale ("C").
perl: warning: Setting locale failed.
perl: warning: Please check that your locale settings:
	LANGUAGE = (unset),
	LC_ALL = (unset),
	LC_COLLATE = "C",
	LC_MESSAGES = "C",
	LANG = "it_IT.UTF-8"
    are supported and installed on your system.
perl: warning: Falling back to the standard locale ("C").
perl: warning: Setting locale failed.
perl: warning: Please check that your locale settings:
	LANGUAGE = (unset),
	LC_ALL = (unset),
	LC_COLLATE = "C",
	LC_MESSAGES = "C",
	LANG = "it_IT.UTF-8"
    are supported and installed on your system.
perl: warning: Falling back to the standard locale ("C").
perl: warning: Setting locale failed.
perl: warning: Please check that your locale settings:
	LANGUAGE = (unset),
	LC_ALL = (unset),
	LC_COLLATE = "C",
	LC_MESSAGES = "C",
	LANG = "it_IT.UTF-8"
    are supported and installed on your system.
perl: warning: Falling back to the standard locale ("C").
perl: warning: Setting locale failed.
perl: warning: Please check that your locale settings:
	LANGUAGE = (unset),
	LC_ALL = (unset),
	LC_COLLATE = "C",
	LC_MESSAGES = "C",
	LANG = "it_IT.UTF-8"
    are supported and installed on your system.
perl: warning: Falling back to the standard locale ("C").
perl: warning: Setting locale failed.
perl: warning: Please check that your locale settings:
	LANGUAGE = (unset),
	LC_ALL = (unset),
	LC_COLLATE = "C",
	LC_MESSAGES = "C",
	LANG = "it_IT.UTF-8"
    are supported and installed on your system.
perl: warning: Falling back to the standard locale ("C").
===(       1;0  1/1  0/1   0/14   0/36  0/4    0/102   0/11   0/... )======(       2;0  1/1  1/1   0/14   0/36  0/4    0/102   0/11   0/... )===                                                                        t/handle/local/05_use.t ................ ok
===(       2;0  1/1   0/14   0/36  0/4    0/102   0/11   0/44   ... )===# 
# Testing Net::SSLeay 1.88
# 
# Perl information:
#   Version:         '5.030002'
#   Executable path: '/usr/bin/perl'
# 
# libssl information:
#   SSLEAY_VERSION:      'OpenSSL 1.1.1g  21 Apr 2020'
#   SSLEAY_CFLAGS:       'compiler: x86_64-pc-linux-gnu-gcc -fPIC -pthread -m64 -Wa,--noexecstack -O3 -march=native -pipe -g0 -fno-stack-protector -fno-stack-clash-protection -fstack-check=no -fno-stack-check -fno-strict-aliasing -Wa,--noexecstack -DOPENSSL_USE_NODELETE -DL_ENDIAN -DOPENSSL_PIC -DOPENSSL_CPUID_OBJ -DOPENSSL_IA32_SSE2 -DOPENSSL_BN_ASM_MONT -DOPENSSL_BN_ASM_MONT5 -DOPENSSL_BN_ASM_GF2m -DSHA1_ASM -DSHA256_ASM -DSHA512_ASM -DKECCAK1600_ASM -DRC4_ASM -DMD5_ASM -DAESNI_ASM -DVPAES_ASM -DGHASH_ASM -DECP_NISTZ256_ASM -DX25519_ASM -DPOLY1305_ASM -DZLIB -DNDEBUG  -DOPENSSL_NO_BUF_FREELISTS'
#   SSLEAY_BUILT_ON:     'built on: Fri May 15 02:11:35 2020 UTC'
#   SSLEAY_PLATFORM:     'platform: linux-x86_64'
#   SSLEAY_DIR:          'OPENSSLDIR: "/etc/ssl"'
#   OPENSSL_ENGINES_DIR: 'ENGINESDIR: "/usr/lib64/engines-1.1"'
                                                                        t/local/03_use.t ....................... ok
===(       2;0   0/14   0/36  0/4    0/102   0/11   0/44   0/52 ... )======(       3;0   1/14   0/36  0/4    0/102   0/11   0/44   0/52 ... )======(       4;0   1/14   1/36  0/4    0/102   0/11   0/44   0/52 ... )======(       6;0   2/14   1/36  1/4    0/102   0/11   0/44   0/52 ... )======(       8;0   2/14   2/36  1/4    1/102   0/11   0/44   0/52 ... )======(      10;0   2/14   2/36  2/4    1/102   1/11   0/44   0/52 ... )======(      11;0   2/14   2/36  2/4    1/102   1/11   1/44   0/52 ... )======(      13;0   2/14   2/36  2/4    1/102   2/11   1/44   1/52 ... )======(      15;0   2/14   2/36  2/4    1/102   2/11   2/44   1/52 ... )======(      17;0   2/14   2/36  2/4    1/102   2/11   2/44   2/52 ... )======(      18;0   2/14   2/36  2/4    1/102   2/11   2/44   2/52 ... )===perl: warning: Setting locale failed.
perl: warning: Please check that your locale settings:
	LANGUAGE = (unset),
	LC_ALL = (unset),
	LC_COLLATE = "C",
	LC_MESSAGES = "C",
	LANG = "it_IT.UTF-8"
    are supported and installed on your system.
perl: warning: Falling back to the standard locale ("C").
perl: warning: Setting locale failed.
perl: warning: Please check that your locale settings:
	LANGUAGE = (unset),
	LC_ALL = (unset),
	LC_COLLATE = "C",
	LC_MESSAGES = "C",
	LANG = "it_IT.UTF-8"
    are supported and installed on your system.
perl: warning: Falling back to the standard locale ("C").
===(      41;0   4/14   4/36  4/4    3/102   4/11   4/44   4/52 ... )======(      42;0   4/14   4/36  4/4    3/102   4/11   4/44   4/52 ... )===                                                                        t/local/06_tcpecho.t ................... ok
===(      45;0   6/14   5/36    3/102   4/11   4/44   4/52   3/5... )===perl: warning: Setting locale failed.
perl: warning: Please check that your locale settings:
	LANGUAGE = (unset),
	LC_ALL = (unset),
	LC_COLLATE = "C",
	LC_MESSAGES = "C",
	LANG = "it_IT.UTF-8"
    are supported and installed on your system.
perl: warning: Falling back to the standard locale ("C").
perl: warning: Setting locale failed.
perl: warning: Please check that your locale settings:
	LANGUAGE = (unset),
	LC_ALL = (unset),
	LC_COLLATE = "C",
	LC_MESSAGES = "C",
	LANG = "it_IT.UTF-8"
    are supported and installed on your system.
perl: warning: Falling back to the standard locale ("C").
                                                                        t/local/15_bio.t ....................... ok
===(      85;0  10/14   9/36    7/102   8/11   8/44   8/52   7/5... )===perl: warning: Setting locale failed.
perl: warning: Please check that your locale settings:
	LANGUAGE = (unset),
	LC_ALL = (unset),
	LC_COLLATE = "C",
	LC_MESSAGES = "C",
	LANG = "it_IT.UTF-8"
    are supported and installed on your system.
perl: warning: Falling back to the standard locale ("C").
                                                                        t/local/08_pipe.t ...................... ok
===(     116;0  14/14  13/36   11/102  11/44  10/52   9/53    9/... )===perl: warning: Setting locale failed.
perl: warning: Please check that your locale settings:
	LANGUAGE = (unset),
	LC_ALL = (unset),
	LC_COLLATE = "C",
	LC_MESSAGES = "C",
	LANG = "it_IT.UTF-8"
    are supported and installed on your system.
perl: warning: Falling back to the standard locale ("C").
                                                                        t/local/04_basic.t ..................... ok
===(     118;0  13/36   11/102  11/44  10/52   9/53    9/417    ... )===                                                                        t/local/30_error.t ..................... ok
===(     120;0  13/36   11/102  11/44  10/52   9/53    9/417    ... )===perl: warning: Setting locale failed.
perl: warning: Please check that your locale settings:
	LANGUAGE = (unset),
	LC_ALL = (unset),
	LC_COLLATE = "C",
	LC_MESSAGES = "C",
	LANG = "it_IT.UTF-8"
    are supported and installed on your system.
perl: warning: Falling back to the standard locale ("C").
perl: warning: Setting locale failed.
perl: warning: Please check that your locale settings:
	LANGUAGE = (unset),
	LC_ALL = (unset),
	LC_COLLATE = "C",
	LC_MESSAGES = "C",
	LANG = "it_IT.UTF-8"
    are supported and installed on your system.
perl: warning: Falling back to the standard locale ("C").
perl: warning: Setting locale failed.
perl: warning: Please check that your locale settings:
	LANGUAGE = (unset),
	LC_ALL = (unset),
	LC_COLLATE = "C",
	LC_MESSAGES = "C",
	LANG = "it_IT.UTF-8"
    are supported and installed on your system.
perl: warning: Falling back to the standard locale ("C").
===(     145;0  17/36   15/102  15/44  14/52  12/53   11/417   1... )======(     148;0  17/36   15/102  15/44  14/52  13/53   12/417   1... )===                                                                        t/local/35_ephemeral.t ................. skipped: libressl and OpenSSL 1.1 removed support for ephemeral/temporary RSA private keys
===(     151;0  17/36   15/102  15/44  14/52  13/53   13/417   1... )======(     153;0  17/36   15/102  15/44  14/52  13/53   13/417   1... )===perl: warning: Setting locale failed.
perl: warning: Please check that your locale settings:
	LANGUAGE = (unset),
	LC_ALL = (unset),
	LC_COLLATE = "C",
	LC_MESSAGES = "C",
	LANG = "it_IT.UTF-8"
    are supported and installed on your system.
perl: warning: Falling back to the standard locale ("C").
===(     205;0  23/36   21/102  21/44  20/52  19/53   19/417   2... )===                                                                        t/local/05_passwd_cb.t ................. ok
===(     316;0   33/102  33/44  32/52  31/53   31/417   32/553  ... )===perl: warning: Setting locale failed.
perl: warning: Please check that your locale settings:
	LANGUAGE = (unset),
	LC_ALL = (unset),
	LC_COLLATE = "C",
	LC_MESSAGES = "C",
	LANG = "it_IT.UTF-8"
    are supported and installed on your system.
perl: warning: Falling back to the standard locale ("C").
===(     366;0   39/102  39/44  38/52  37/53   37/417   39/553  ... )===perl: warning: Setting locale failed.
perl: warning: Please check that your locale settings:
	LANGUAGE = (unset),
	LC_ALL = (unset),
	LC_COLLATE = "C",
	LC_MESSAGES = "C",
	LANG = "it_IT.UTF-8"
    are supported and installed on your system.
perl: warning: Falling back to the standard locale ("C").
                                                                        t/local/09_ctx_new.t ................... ok
===(     410;0   45/102  43/52  41/53   41/417   43/553   1/14  ... )===perl: warning: Setting locale failed.
perl: warning: Please check that your locale settings:
	LANGUAGE = (unset),
	LC_ALL = (unset),
	LC_COLLATE = "C",
	LC_MESSAGES = "C",
	LANG = "it_IT.UTF-8"
    are supported and installed on your system.
perl: warning: Falling back to the standard locale ("C").
===(     447;0   49/102  47/52  45/53   45/417   48/553   2/14  ... )===perl: warning: Setting locale failed.
perl: warning: Please check that your locale settings:
	LANGUAGE = (unset),
	LC_ALL = (unset),
	LC_COLLATE = "C",
	LC_MESSAGES = "C",
	LANG = "it_IT.UTF-8"
    are supported and installed on your system.
perl: warning: Falling back to the standard locale ("C").
                                                                        t/local/10_rand.t ...................... ok
===(     493;0   55/102  50/53   49/417   52/553   4/14    40/10... )===                                                                        t/local/34_x509_crl.t .................. ok
===(     520;0   59/102  52/53   51/417   55/553   6/14    43/10... )===                                                                        t/local/37_asn1_time.t ................. ok
===(     523;0   59/102  52/53   51/417   56/553   7/14    43/10... )======(     526;0   59/102  52/53   51/417   57/553   7/14    43/10... )===perl: warning: Setting locale failed.
perl: warning: Please check that your locale settings:
	LANGUAGE = (unset),
	LC_ALL = (unset),
	LC_COLLATE = "C",
	LC_MESSAGES = "C",
	LANG = "it_IT.UTF-8"
    are supported and installed on your system.
perl: warning: Falling back to the standard locale ("C").
                                                                        t/local/11_read.t ...................... ok
===(     531;0   61/102   51/417   57/553   7/14    44/1016    2... )======(     542;0   63/102   51/417   58/553   9/14    45/1016    3... )===perl: warning: Setting locale failed.
perl: warning: Please check that your locale settings:
	LANGUAGE = (unset),
	LC_ALL = (unset),
	LC_COLLATE = "C",
	LC_MESSAGES = "C",
	LANG = "it_IT.UTF-8"
    are supported and installed on your system.
perl: warning: Falling back to the standard locale ("C").
===(     543;0   63/102   51/417   58/553   9/14    45/1016    3... )======(     553;0   63/102   53/417   60/553  10/14    46/1016    3... )===perl: warning: Setting locale failed.
perl: warning: Please check that your locale settings:
	LANGUAGE = (unset),
	LC_ALL = (unset),
	LC_COLLATE = "C",
	LC_MESSAGES = "C",
	LANG = "it_IT.UTF-8"
    are supported and installed on your system.
perl: warning: Falling back to the standard locale ("C").
                                                                        t/local/31_rsa_generate_key.t .......... ok
===(     598;0   68/102   57/417   64/553    51/1016    6/123   ... )===                                                                        t/local/41_alpn_support.t .............. ok
===(     621;0   70/102   59/417   67/553    53/1016    8/123   ... )===                                                                        t/local/40_npn_support.t ............... ok
===(     623;0   70/102   59/417   68/553    53/1016    8/123   ... )===                                                                        t/local/38_priv-key.t .................. ok
===(     625;0   70/102   59/417   69/553    53/1016    8/123   ... )======(     630;0   70/102   59/417   70/553    54/1016    8/123   ... )===perl: warning: Setting locale failed.
perl: warning: Please check that your locale settings:
	LANGUAGE = (unset),
	LC_ALL = (unset),
	LC_COLLATE = "C",
	LC_MESSAGES = "C",
	LANG = "it_IT.UTF-8"
    are supported and installed on your system.
perl: warning: Falling back to the standard locale ("C").
perl: warning: Setting locale failed.
perl: warning: Please check that your locale settings:
	LANGUAGE = (unset),
	LC_ALL = (unset),
	LC_COLLATE = "C",
	LC_MESSAGES = "C",
	LANG = "it_IT.UTF-8"
    are supported and installed on your system.
perl: warning: Falling back to the standard locale ("C").
                                                                        t/local/42_info_callback.t ............. ok
===(     645;0   72/102   61/417   72/553    56/1016   10/123   ... )======(     648;0   72/102   61/417   73/553    56/1016   10/123   ... )======(     649;0   72/102   61/417   73/553    56/1016   10/123   ... )===perl: warning: Setting locale failed.
perl: warning: Please check that your locale settings:
	LANGUAGE = (unset),
	LC_ALL = (unset),
	LC_COLLATE = "C",
	LC_MESSAGES = "C",
	LANG = "it_IT.UTF-8"
    are supported and installed on your system.
perl: warning: Falling back to the standard locale ("C").
===(     685;0   76/102   65/417   77/553    60/1016   14/123   ... )======(     686;0   76/102   65/417   77/553    60/1016   14/123   ... )===                                                                        t/local/61_threads-cb-crash.t .......... skipped: your perl is not compiled with ithreads
===(     711;0   78/102   67/417   79/553    63/1016   16/123   ... )===perl: warning: Setting locale failed.
perl: warning: Please check that your locale settings:
	LANGUAGE = (unset),
	LC_ALL = (unset),
	LC_COLLATE = "C",
	LC_MESSAGES = "C",
	LANG = "it_IT.UTF-8"
    are supported and installed on your system.
perl: warning: Falling back to the standard locale ("C").
                                                                        t/local/39_pkcs12.t .................... ok
===(     749;0   82/102   69/417   82/553    66/1016   19/123   ... )===perl: warning: Setting locale failed.
perl: warning: Please check that your locale settings:
	LANGUAGE = (unset),
	LC_ALL = (unset),
	LC_COLLATE = "C",
	LC_MESSAGES = "C",
	LANG = "it_IT.UTF-8"
    are supported and installed on your system.
perl: warning: Falling back to the standard locale ("C").
perl: warning: Setting locale failed.
perl: warning: Please check that your locale settings:
	LANGUAGE = (unset),
	LC_ALL = (unset),
	LC_COLLATE = "C",
	LC_MESSAGES = "C",
	LANG = "it_IT.UTF-8"
    are supported and installed on your system.
perl: warning: Falling back to the standard locale ("C").
                                                                        t/local/62_threads-ctx_new-deadlock.t .. skipped: your perl is not compiled with ithreads
===(     797;0   86/102   73/417   87/553    71/1016   23/123   ... )======(     807;0   87/102   73/417   88/553    72/1016   23/123   ... )===perl: warning: Setting locale failed.
perl: warning: Please check that your locale settings:
	LANGUAGE = (unset),
	LC_ALL = (unset),
	LC_COLLATE = "C",
	LC_MESSAGES = "C",
	LANG = "it_IT.UTF-8"
    are supported and installed on your system.
perl: warning: Falling back to the standard locale ("C").
                                                                        t/local/63_ec_key_generate_key.t ....... ok
===(     850;0   91/102   77/417   92/553    76/1016   27/123   ... )======(     859;0   91/102   77/417   93/553    77/1016   27/123   ... )===perl: warning: Setting locale failed.
perl: warning: Please check that your locale settings:
	LANGUAGE = (unset),
	LC_ALL = (unset),
	LC_COLLATE = "C",
	LC_MESSAGES = "C",
	LANG = "it_IT.UTF-8"
    are supported and installed on your system.
perl: warning: Falling back to the standard locale ("C").
===(     924;0   98/102   83/417   99/553    83/1016   33/123   ... )===                                                                        t/local/07_sslecho.t ................... ok
===(     971;0   87/417  103/553    87/1016   38/123   76/103  3... )===perl: warning: Setting locale failed.
perl: warning: Please check that your locale settings:
	LANGUAGE = (unset),
	LC_ALL = (unset),
	LC_COLLATE = "C",
	LC_MESSAGES = "C",
	LANG = "it_IT.UTF-8"
    are supported and installed on your system.
perl: warning: Falling back to the standard locale ("C").
                                                                        t/local/43_misc_functions.t ............ ok
===(     995;0   89/417  106/553    89/1016   40/123   79/103  3... )===perl: warning: Setting locale failed.
perl: warning: Please check that your locale settings:
	LANGUAGE = (unset),
	LC_ALL = (unset),
	LC_COLLATE = "C",
	LC_MESSAGES = "C",
	LANG = "it_IT.UTF-8"
    are supported and installed on your system.
perl: warning: Falling back to the standard locale ("C").
perl: warning: Setting locale failed.
perl: warning: Please check that your locale settings:
	LANGUAGE = (unset),
	LC_ALL = (unset),
	LC_COLLATE = "C",
	LC_MESSAGES = "C",
	LANG = "it_IT.UTF-8"
    are supported and installed on your system.
perl: warning: Falling back to the standard locale ("C").
===(    1044;0   93/417  111/553    94/1016   44/123   85/103  3... )===                                                                        t/local/64_ticket_sharing.t ............ ok
===(    1051;0   93/417  111/553    94/1016   46/123   85/103  3... )===                                                                        t/local/45_exporter.t .................. ok
===(    1053;0   93/417  112/553    94/1016   46/123   86/103  3... )===                                                                        t/local/65_ticket_sharing_2.t .......... ok
===(    1080;0   95/417  115/553    97/1016   49/123   90/103  3... )===                                                                        t/local/65_security_level.t ............ ok
===(    1134;0  101/417  122/553   104/1016   55/123   98/103  4... )===                                                                        t/local/36_verify.t .................... ok
===(    1166;0  105/417  127/553   108/1016   59/123  51/58   55... )======(    1180;0  107/417  130/553   110/1016   61/123  53/58   57... )===                                                                        t/local/44_sess.t ...................... ok
===(    1208;0  111/417  134/553   115/1016   66/123   62/203  1/8 )====                                                                        t/local/33_x509_create_cert.t .......... ok
===(    1496;0  167/417  191/553   172/1016  120/203  4/8 )=============perl: warning: Setting locale failed.
perl: warning: Please check that your locale settings:
	LANGUAGE = (unset),
	LC_ALL = (unset),
	LC_COLLATE = "C",
	LC_MESSAGES = "C",
	LANG = "it_IT.UTF-8"
    are supported and installed on your system.
perl: warning: Falling back to the standard locale ("C").
                                                                        t/local/50_digest.t .................... ok
===(    1830;0  249/417  274/553   255/1016  7/8 )======================                                                                        t/local/66_curves.t .................... ok
===(    1946;0  287/417  313/553   293/1016 )===========================perl: warning: Setting locale failed.
perl: warning: Please check that your locale settings:
	LANGUAGE = (unset),
	LC_ALL = (unset),
	LC_COLLATE = "C",
	LC_MESSAGES = "C",
	LANG = "it_IT.UTF-8"
    are supported and installed on your system.
perl: warning: Falling back to the standard locale ("C").
                                                                        t/local/20_autoload.t .................. ok
===(    2338;0  444/553   424/1016 )====================================                                                                        t/local/21_constants.t ................. ok
t/local/32_x509_get_cert_info.t ........ t/local/32_x509_get_cert_info.t ........ 535/1016 perl: warning: Setting locale failed.
perl: warning: Please check that your locale settings:
	LANGUAGE = (unset),
	LC_ALL = (unset),
	LC_COLLATE = "C",
	LC_MESSAGES = "C",
	LANG = "it_IT.UTF-8"
    are supported and installed on your system.
perl: warning: Falling back to the standard locale ("C").
                                                    t/local/32_x509_get_cert_info.t ........ ok
All tests successful.
Files=37, Tests=3039,  1 wallclock secs ( 0.18 usr  0.05 sys +  2.59 cusr  0.57 csys =  3.39 CPU)
Result: PASS
>>> Completed testing dev-perl/Net-SSLeay-1.880.0

>>> Install dev-perl/Net-SSLeay-1.880.0 into /tmp/portage/dev-perl/Net-SSLeay-1.880.0/image/
make -j12 pure_install 
"/usr/bin/perl" -MExtUtils::Command::MM -e 'cp_nonempty' -- SSLeay.bs blib/arch/auto/Net/SSLeay/SSLeay.bs 644
perl: warning: Setting locale failed.
perl: warning: Please check that your locale settings:
	LANGUAGE = (unset),
	LC_ALL = (unset),
	LC_COLLATE = "C",
	LC_MESSAGES = "C",
	LANG = "it_IT.UTF-8"
    are supported and installed on your system.
perl: warning: Falling back to the standard locale ("C").
perl: warning: Setting locale failed.
perl: warning: Please check that your locale settings:
	LANGUAGE = (unset),
	LC_ALL = (unset),
	LC_COLLATE = "C",
	LC_MESSAGES = "C",
	LANG = "it_IT.UTF-8"
    are supported and installed on your system.
perl: warning: Falling back to the standard locale ("C").
Files found in blib/arch: installing files in blib/lib into architecture dependent library tree
Installing /tmp/portage/dev-perl/Net-SSLeay-1.880.0/image/usr/lib64/perl5/vendor_perl/5.30.2/x86_64-linux/auto/Net/SSLeay/SSLeay.so
Installing /tmp/portage/dev-perl/Net-SSLeay-1.880.0/image/usr/lib64/perl5/vendor_perl/5.30.2/x86_64-linux/auto/Net/SSLeay/do_https3.al
Installing /tmp/portage/dev-perl/Net-SSLeay-1.880.0/image/usr/lib64/perl5/vendor_perl/5.30.2/x86_64-linux/auto/Net/SSLeay/get_https3.al
Installing /tmp/portage/dev-perl/Net-SSLeay-1.880.0/image/usr/lib64/perl5/vendor_perl/5.30.2/x86_64-linux/auto/Net/SSLeay/tcp_write_CRLF.al
Installing /tmp/portage/dev-perl/Net-SSLeay-1.880.0/image/usr/lib64/perl5/vendor_perl/5.30.2/x86_64-linux/auto/Net/SSLeay/httpx_cat.al
Installing /tmp/portage/dev-perl/Net-SSLeay-1.880.0/image/usr/lib64/perl5/vendor_perl/5.30.2/x86_64-linux/auto/Net/SSLeay/autosplit.ix
Installing /tmp/portage/dev-perl/Net-SSLeay-1.880.0/image/usr/lib64/perl5/vendor_perl/5.30.2/x86_64-linux/auto/Net/SSLeay/ssl_read_all.al
Installing /tmp/portage/dev-perl/Net-SSLeay-1.880.0/image/usr/lib64/perl5/vendor_perl/5.30.2/x86_64-linux/auto/Net/SSLeay/put_https.al
Installing /tmp/portage/dev-perl/Net-SSLeay-1.880.0/image/usr/lib64/perl5/vendor_perl/5.30.2/x86_64-linux/auto/Net/SSLeay/ssl_write_all.al
Installing /tmp/portage/dev-perl/Net-SSLeay-1.880.0/image/usr/lib64/perl5/vendor_perl/5.30.2/x86_64-linux/auto/Net/SSLeay/get_https4.al
Installing /tmp/portage/dev-perl/Net-SSLeay-1.880.0/image/usr/lib64/perl5/vendor_perl/5.30.2/x86_64-linux/auto/Net/SSLeay/head_httpx4.al
Installing /tmp/portage/dev-perl/Net-SSLeay-1.880.0/image/usr/lib64/perl5/vendor_perl/5.30.2/x86_64-linux/auto/Net/SSLeay/post_http.al
Installing /tmp/portage/dev-perl/Net-SSLeay-1.880.0/image/usr/lib64/perl5/vendor_perl/5.30.2/x86_64-linux/auto/Net/SSLeay/do_https.al
Installing /tmp/portage/dev-perl/Net-SSLeay-1.880.0/image/usr/lib64/perl5/vendor_perl/5.30.2/x86_64-linux/auto/Net/SSLeay/tcp_read_CRLF.al
Installing /tmp/portage/dev-perl/Net-SSLeay-1.880.0/image/usr/lib64/perl5/vendor_perl/5.30.2/x86_64-linux/auto/Net/SSLeay/get_https.al
Installing /tmp/portage/dev-perl/Net-SSLeay-1.880.0/image/usr/lib64/perl5/vendor_perl/5.30.2/x86_64-linux/auto/Net/SSLeay/want_write.al
Installing /tmp/portage/dev-perl/Net-SSLeay-1.880.0/image/usr/lib64/perl5/vendor_perl/5.30.2/x86_64-linux/auto/Net/SSLeay/put_http4.al
Installing /tmp/portage/dev-perl/Net-SSLeay-1.880.0/image/usr/lib64/perl5/vendor_perl/5.30.2/x86_64-linux/auto/Net/SSLeay/http_cat.al
Installing /tmp/portage/dev-perl/Net-SSLeay-1.880.0/image/usr/lib64/perl5/vendor_perl/5.30.2/x86_64-linux/auto/Net/SSLeay/do_httpx3.al
Installing /tmp/portage/dev-perl/Net-SSLeay-1.880.0/image/usr/lib64/perl5/vendor_perl/5.30.2/x86_64-linux/auto/Net/SSLeay/open_tcp_connection.al
Installing /tmp/portage/dev-perl/Net-SSLeay-1.880.0/image/usr/lib64/perl5/vendor_perl/5.30.2/x86_64-linux/auto/Net/SSLeay/dump_peer_certificate.al
Installing /tmp/portage/dev-perl/Net-SSLeay-1.880.0/image/usr/lib64/perl5/vendor_perl/5.30.2/x86_64-linux/auto/Net/SSLeay/do_https4.al
Installing /tmp/portage/dev-perl/Net-SSLeay-1.880.0/image/usr/lib64/perl5/vendor_perl/5.30.2/x86_64-linux/auto/Net/SSLeay/tcp_read_until.al
Installing /tmp/portage/dev-perl/Net-SSLeay-1.880.0/image/usr/lib64/perl5/vendor_perl/5.30.2/x86_64-linux/auto/Net/SSLeay/want_nothing.al
Installing /tmp/portage/dev-perl/Net-SSLeay-1.880.0/image/usr/lib64/perl5/vendor_perl/5.30.2/x86_64-linux/auto/Net/SSLeay/want_read.al
Installing /tmp/portage/dev-perl/Net-SSLeay-1.880.0/image/usr/lib64/perl5/vendor_perl/5.30.2/x86_64-linux/auto/Net/SSLeay/ssl_write_CRLF.al
Installing /tmp/portage/dev-perl/Net-SSLeay-1.880.0/image/usr/lib64/perl5/vendor_perl/5.30.2/x86_64-linux/auto/Net/SSLeay/head_http3.al
Installing /tmp/portage/dev-perl/Net-SSLeay-1.880.0/image/usr/lib64/perl5/vendor_perl/5.30.2/x86_64-linux/auto/Net/SSLeay/do_https2.al
Installing /tmp/portage/dev-perl/Net-SSLeay-1.880.0/image/usr/lib64/perl5/vendor_perl/5.30.2/x86_64-linux/auto/Net/SSLeay/https_cat.al
Installing /tmp/portage/dev-perl/Net-SSLeay-1.880.0/image/usr/lib64/perl5/vendor_perl/5.30.2/x86_64-linux/auto/Net/SSLeay/set_cert_and_key.al
Installing /tmp/portage/dev-perl/Net-SSLeay-1.880.0/image/usr/lib64/perl5/vendor_perl/5.30.2/x86_64-linux/auto/Net/SSLeay/do_httpx4.al
Installing /tmp/portage/dev-perl/Net-SSLeay-1.880.0/image/usr/lib64/perl5/vendor_perl/5.30.2/x86_64-linux/auto/Net/SSLeay/get_httpx4.al
Installing /tmp/portage/dev-perl/Net-SSLeay-1.880.0/image/usr/lib64/perl5/vendor_perl/5.30.2/x86_64-linux/auto/Net/SSLeay/want_X509_lookup.al
Installing /tmp/portage/dev-perl/Net-SSLeay-1.880.0/image/usr/lib64/perl5/vendor_perl/5.30.2/x86_64-linux/auto/Net/SSLeay/new_x_ctx.al
Installing /tmp/portage/dev-perl/Net-SSLeay-1.880.0/image/usr/lib64/perl5/vendor_perl/5.30.2/x86_64-linux/auto/Net/SSLeay/post_https.al
Installing /tmp/portage/dev-perl/Net-SSLeay-1.880.0/image/usr/lib64/perl5/vendor_perl/5.30.2/x86_64-linux/auto/Net/SSLeay/post_http4.al
Installing /tmp/portage/dev-perl/Net-SSLeay-1.880.0/image/usr/lib64/perl5/vendor_perl/5.30.2/x86_64-linux/auto/Net/SSLeay/head_https4.al
Installing /tmp/portage/dev-perl/Net-SSLeay-1.880.0/image/usr/lib64/perl5/vendor_perl/5.30.2/x86_64-linux/auto/Net/SSLeay/put_https4.al
Installing /tmp/portage/dev-perl/Net-SSLeay-1.880.0/image/usr/lib64/perl5/vendor_perl/5.30.2/x86_64-linux/auto/Net/SSLeay/debug_read.al
Installing /tmp/portage/dev-perl/Net-SSLeay-1.880.0/image/usr/lib64/perl5/vendor_perl/5.30.2/x86_64-linux/auto/Net/SSLeay/get_http4.al
Installing /tmp/portage/dev-perl/Net-SSLeay-1.880.0/image/usr/lib64/perl5/vendor_perl/5.30.2/x86_64-linux/auto/Net/SSLeay/put_http.al
Installing /tmp/portage/dev-perl/Net-SSLeay-1.880.0/image/usr/lib64/perl5/vendor_perl/5.30.2/x86_64-linux/auto/Net/SSLeay/open_proxy_tcp_connection.al
Installing /tmp/portage/dev-perl/Net-SSLeay-1.880.0/image/usr/lib64/perl5/vendor_perl/5.30.2/x86_64-linux/auto/Net/SSLeay/post_https4.al
Installing /tmp/portage/dev-perl/Net-SSLeay-1.880.0/image/usr/lib64/perl5/vendor_perl/5.30.2/x86_64-linux/auto/Net/SSLeay/get_httpx.al
Installing /tmp/portage/dev-perl/Net-SSLeay-1.880.0/image/usr/lib64/perl5/vendor_perl/5.30.2/x86_64-linux/auto/Net/SSLeay/set_server_cert_and_key.al
Installing /tmp/portage/dev-perl/Net-SSLeay-1.880.0/image/usr/lib64/perl5/vendor_perl/5.30.2/x86_64-linux/auto/Net/SSLeay/put_httpx4.al
Installing /tmp/portage/dev-perl/Net-SSLeay-1.880.0/image/usr/lib64/perl5/vendor_perl/5.30.2/x86_64-linux/auto/Net/SSLeay/get_http.al
Installing /tmp/portage/dev-perl/Net-SSLeay-1.880.0/image/usr/lib64/perl5/vendor_perl/5.30.2/x86_64-linux/auto/Net/SSLeay/post_httpx3.al
Installing /tmp/portage/dev-perl/Net-SSLeay-1.880.0/image/usr/lib64/perl5/vendor_perl/5.30.2/x86_64-linux/auto/Net/SSLeay/do_httpx2.al
Installing /tmp/portage/dev-perl/Net-SSLeay-1.880.0/image/usr/lib64/perl5/vendor_perl/5.30.2/x86_64-linux/auto/Net/SSLeay/post_http3.al
Installing /tmp/portage/dev-perl/Net-SSLeay-1.880.0/image/usr/lib64/perl5/vendor_perl/5.30.2/x86_64-linux/auto/Net/SSLeay/post_httpx.al
Installing /tmp/portage/dev-perl/Net-SSLeay-1.880.0/image/usr/lib64/perl5/vendor_perl/5.30.2/x86_64-linux/auto/Net/SSLeay/sslcat.al
Installing /tmp/portage/dev-perl/Net-SSLeay-1.880.0/image/usr/lib64/perl5/vendor_perl/5.30.2/x86_64-linux/auto/Net/SSLeay/tcpcat.al
Installing /tmp/portage/dev-perl/Net-SSLeay-1.880.0/image/usr/lib64/perl5/vendor_perl/5.30.2/x86_64-linux/auto/Net/SSLeay/tcp_read_all.al
Installing /tmp/portage/dev-perl/Net-SSLeay-1.880.0/image/usr/lib64/perl5/vendor_perl/5.30.2/x86_64-linux/auto/Net/SSLeay/put_https3.al
Installing /tmp/portage/dev-perl/Net-SSLeay-1.880.0/image/usr/lib64/perl5/vendor_perl/5.30.2/x86_64-linux/auto/Net/SSLeay/put_httpx.al
Installing /tmp/portage/dev-perl/Net-SSLeay-1.880.0/image/usr/lib64/perl5/vendor_perl/5.30.2/x86_64-linux/auto/Net/SSLeay/head_http.al
Installing /tmp/portage/dev-perl/Net-SSLeay-1.880.0/image/usr/lib64/perl5/vendor_perl/5.30.2/x86_64-linux/auto/Net/SSLeay/make_headers.al
Installing /tmp/portage/dev-perl/Net-SSLeay-1.880.0/image/usr/lib64/perl5/vendor_perl/5.30.2/x86_64-linux/auto/Net/SSLeay/head_httpx.al
Installing /tmp/portage/dev-perl/Net-SSLeay-1.880.0/image/usr/lib64/perl5/vendor_perl/5.30.2/x86_64-linux/auto/Net/SSLeay/set_proxy.al
Installing /tmp/portage/dev-perl/Net-SSLeay-1.880.0/image/usr/lib64/perl5/vendor_perl/5.30.2/x86_64-linux/auto/Net/SSLeay/tcpxcat.al
Installing /tmp/portage/dev-perl/Net-SSLeay-1.880.0/image/usr/lib64/perl5/vendor_perl/5.30.2/x86_64-linux/auto/Net/SSLeay/randomize.al
Installing /tmp/portage/dev-perl/Net-SSLeay-1.880.0/image/usr/lib64/perl5/vendor_perl/5.30.2/x86_64-linux/auto/Net/SSLeay/ssl_read_CRLF.al
Installing /tmp/portage/dev-perl/Net-SSLeay-1.880.0/image/usr/lib64/perl5/vendor_perl/5.30.2/x86_64-linux/auto/Net/SSLeay/initialize.al
Installing /tmp/portage/dev-perl/Net-SSLeay-1.880.0/image/usr/lib64/perl5/vendor_perl/5.30.2/x86_64-linux/auto/Net/SSLeay/post_https3.al
Installing /tmp/portage/dev-perl/Net-SSLeay-1.880.0/image/usr/lib64/perl5/vendor_perl/5.30.2/x86_64-linux/auto/Net/SSLeay/put_http3.al
Installing /tmp/portage/dev-perl/Net-SSLeay-1.880.0/image/usr/lib64/perl5/vendor_perl/5.30.2/x86_64-linux/auto/Net/SSLeay/ssl_read_until.al
Installing /tmp/portage/dev-perl/Net-SSLeay-1.880.0/image/usr/lib64/perl5/vendor_perl/5.30.2/x86_64-linux/auto/Net/SSLeay/make_form.al
Installing /tmp/portage/dev-perl/Net-SSLeay-1.880.0/image/usr/lib64/perl5/vendor_perl/5.30.2/x86_64-linux/auto/Net/SSLeay/get_httpx3.al
Installing /tmp/portage/dev-perl/Net-SSLeay-1.880.0/image/usr/lib64/perl5/vendor_perl/5.30.2/x86_64-linux/auto/Net/SSLeay/post_httpx4.al
Installing /tmp/portage/dev-perl/Net-SSLeay-1.880.0/image/usr/lib64/perl5/vendor_perl/5.30.2/x86_64-linux/auto/Net/SSLeay/head_http4.al
Installing /tmp/portage/dev-perl/Net-SSLeay-1.880.0/image/usr/lib64/perl5/vendor_perl/5.30.2/x86_64-linux/auto/Net/SSLeay/get_http3.al
Installing /tmp/portage/dev-perl/Net-SSLeay-1.880.0/image/usr/lib64/perl5/vendor_perl/5.30.2/x86_64-linux/auto/Net/SSLeay/head_https.al
Installing /tmp/portage/dev-perl/Net-SSLeay-1.880.0/image/usr/lib64/perl5/vendor_perl/5.30.2/x86_64-linux/auto/Net/SSLeay/head_https3.al
Installing /tmp/portage/dev-perl/Net-SSLeay-1.880.0/image/usr/lib64/perl5/vendor_perl/5.30.2/x86_64-linux/auto/Net/SSLeay/tcp_write_all.al
Installing /tmp/portage/dev-perl/Net-SSLeay-1.880.0/image/usr/lib64/perl5/vendor_perl/5.30.2/x86_64-linux/auto/Net/SSLeay/put_httpx3.al
Installing /tmp/portage/dev-perl/Net-SSLeay-1.880.0/image/usr/lib64/perl5/vendor_perl/5.30.2/x86_64-linux/auto/Net/SSLeay/head_httpx3.al
Installing /tmp/portage/dev-perl/Net-SSLeay-1.880.0/image/usr/lib64/perl5/vendor_perl/5.30.2/x86_64-linux/Net/SSLeay.pm
Installing /tmp/portage/dev-perl/Net-SSLeay-1.880.0/image/usr/lib64/perl5/vendor_perl/5.30.2/x86_64-linux/Net/SSLeay.pod
Installing /tmp/portage/dev-perl/Net-SSLeay-1.880.0/image/usr/lib64/perl5/vendor_perl/5.30.2/x86_64-linux/Net/SSLeay/Handle.pm
 [32;01m*[0m Fixing packlist file /usr/lib64/perl5/vendor_perl/5.30.2/x86_64-linux/auto/Net/SSLeay/.packlist
>>> Completed installing dev-perl/Net-SSLeay-1.880.0 into /tmp/portage/dev-perl/Net-SSLeay-1.880.0/image/

 [32;01m*[0m Final size of build directory: 4676 KiB (4.5 MiB)
 [32;01m*[0m Final size of installed tree:  1444 KiB (1.4 MiB)

strip: x86_64-pc-linux-gnu-strip --strip-unneeded -N __gentoo_check_ldflags__ -R .comment -R .GCC.command.line -R .note.gnu.gold-version
   /usr/lib64/perl5/vendor_perl/5.30.2/x86_64-linux/auto/Net/SSLeay/SSLeay.so
./
./usr/
./usr/lib/
./usr/lib/debug/
./usr/lib/debug/usr/
./usr/lib/debug/usr/lib64/
./usr/lib/debug/usr/lib64/perl5/
./usr/lib/debug/usr/lib64/perl5/vendor_perl/
./usr/lib/debug/usr/lib64/perl5/vendor_perl/5.30.2/
./usr/lib/debug/usr/lib64/perl5/vendor_perl/5.30.2/x86_64-linux/
./usr/lib/debug/usr/lib64/perl5/vendor_perl/5.30.2/x86_64-linux/auto/
./usr/lib/debug/usr/lib64/perl5/vendor_perl/5.30.2/x86_64-linux/auto/Net/
./usr/lib/debug/usr/lib64/perl5/vendor_perl/5.30.2/x86_64-linux/auto/Net/SSLeay/
./usr/lib/debug/usr/lib64/perl5/vendor_perl/5.30.2/x86_64-linux/auto/Net/SSLeay/SSLeay.so.debug
./usr/share/
./usr/share/doc/
./usr/share/doc/Net-SSLeay-1.880.0/
./usr/share/doc/Net-SSLeay-1.880.0/README.bz2
./usr/share/doc/Net-SSLeay-1.880.0/README.OSX.bz2
./usr/share/doc/Net-SSLeay-1.880.0/README.Win32.bz2
./usr/share/doc/Net-SSLeay-1.880.0/Changes.bz2
./usr/share/doc/Net-SSLeay-1.880.0/README.VMS.bz2
./usr/lib64/
./usr/lib64/perl5/
./usr/lib64/perl5/vendor_perl/
./usr/lib64/perl5/vendor_perl/5.30.2/
./usr/lib64/perl5/vendor_perl/5.30.2/x86_64-linux/
./usr/lib64/perl5/vendor_perl/5.30.2/x86_64-linux/auto/
./usr/lib64/perl5/vendor_perl/5.30.2/x86_64-linux/auto/Net/
./usr/lib64/perl5/vendor_perl/5.30.2/x86_64-linux/auto/Net/SSLeay/
./usr/lib64/perl5/vendor_perl/5.30.2/x86_64-linux/auto/Net/SSLeay/do_https3.al
./usr/lib64/perl5/vendor_perl/5.30.2/x86_64-linux/auto/Net/SSLeay/get_https3.al
./usr/lib64/perl5/vendor_perl/5.30.2/x86_64-linux/auto/Net/SSLeay/tcp_write_CRLF.al
./usr/lib64/perl5/vendor_perl/5.30.2/x86_64-linux/auto/Net/SSLeay/httpx_cat.al
./usr/lib64/perl5/vendor_perl/5.30.2/x86_64-linux/auto/Net/SSLeay/autosplit.ix
./usr/lib64/perl5/vendor_perl/5.30.2/x86_64-linux/auto/Net/SSLeay/ssl_read_all.al
./usr/lib64/perl5/vendor_perl/5.30.2/x86_64-linux/auto/Net/SSLeay/put_https.al
./usr/lib64/perl5/vendor_perl/5.30.2/x86_64-linux/auto/Net/SSLeay/ssl_write_all.al
./usr/lib64/perl5/vendor_perl/5.30.2/x86_64-linux/auto/Net/SSLeay/get_https4.al
./usr/lib64/perl5/vendor_perl/5.30.2/x86_64-linux/auto/Net/SSLeay/head_httpx4.al
./usr/lib64/perl5/vendor_perl/5.30.2/x86_64-linux/auto/Net/SSLeay/post_http.al
./usr/lib64/perl5/vendor_perl/5.30.2/x86_64-linux/auto/Net/SSLeay/do_https.al
./usr/lib64/perl5/vendor_perl/5.30.2/x86_64-linux/auto/Net/SSLeay/tcp_read_CRLF.al
./usr/lib64/perl5/vendor_perl/5.30.2/x86_64-linux/auto/Net/SSLeay/get_https.al
./usr/lib64/perl5/vendor_perl/5.30.2/x86_64-linux/auto/Net/SSLeay/want_write.al
./usr/lib64/perl5/vendor_perl/5.30.2/x86_64-linux/auto/Net/SSLeay/SSLeay.so
./usr/lib64/perl5/vendor_perl/5.30.2/x86_64-linux/auto/Net/SSLeay/put_http4.al
./usr/lib64/perl5/vendor_perl/5.30.2/x86_64-linux/auto/Net/SSLeay/http_cat.al
./usr/lib64/perl5/vendor_perl/5.30.2/x86_64-linux/auto/Net/SSLeay/do_httpx3.al
./usr/lib64/perl5/vendor_perl/5.30.2/x86_64-linux/auto/Net/SSLeay/open_tcp_connection.al
./usr/lib64/perl5/vendor_perl/5.30.2/x86_64-linux/auto/Net/SSLeay/dump_peer_certificate.al
./usr/lib64/perl5/vendor_perl/5.30.2/x86_64-linux/auto/Net/SSLeay/do_https4.al
./usr/lib64/perl5/vendor_perl/5.30.2/x86_64-linux/auto/Net/SSLeay/tcp_read_until.al
./usr/lib64/perl5/vendor_perl/5.30.2/x86_64-linux/auto/Net/SSLeay/want_nothing.al
./usr/lib64/perl5/vendor_perl/5.30.2/x86_64-linux/auto/Net/SSLeay/want_read.al
./usr/lib64/perl5/vendor_perl/5.30.2/x86_64-linux/auto/Net/SSLeay/ssl_write_CRLF.al
./usr/lib64/perl5/vendor_perl/5.30.2/x86_64-linux/auto/Net/SSLeay/head_http3.al
./usr/lib64/perl5/vendor_perl/5.30.2/x86_64-linux/auto/Net/SSLeay/do_https2.al
./usr/lib64/perl5/vendor_perl/5.30.2/x86_64-linux/auto/Net/SSLeay/https_cat.al
./usr/lib64/perl5/vendor_perl/5.30.2/x86_64-linux/auto/Net/SSLeay/set_cert_and_key.al
./usr/lib64/perl5/vendor_perl/5.30.2/x86_64-linux/auto/Net/SSLeay/do_httpx4.al
./usr/lib64/perl5/vendor_perl/5.30.2/x86_64-linux/auto/Net/SSLeay/.packlist
./usr/lib64/perl5/vendor_perl/5.30.2/x86_64-linux/auto/Net/SSLeay/get_httpx4.al
./usr/lib64/perl5/vendor_perl/5.30.2/x86_64-linux/auto/Net/SSLeay/want_X509_lookup.al
./usr/lib64/perl5/vendor_perl/5.30.2/x86_64-linux/auto/Net/SSLeay/new_x_ctx.al
./usr/lib64/perl5/vendor_perl/5.30.2/x86_64-linux/auto/Net/SSLeay/post_https.al
./usr/lib64/perl5/vendor_perl/5.30.2/x86_64-linux/auto/Net/SSLeay/post_http4.al
./usr/lib64/perl5/vendor_perl/5.30.2/x86_64-linux/auto/Net/SSLeay/head_https4.al
./usr/lib64/perl5/vendor_perl/5.30.2/x86_64-linux/auto/Net/SSLeay/put_https4.al
./usr/lib64/perl5/vendor_perl/5.30.2/x86_64-linux/auto/Net/SSLeay/debug_read.al
./usr/lib64/perl5/vendor_perl/5.30.2/x86_64-linux/auto/Net/SSLeay/get_http4.al
./usr/lib64/perl5/vendor_perl/5.30.2/x86_64-linux/auto/Net/SSLeay/put_http.al
./usr/lib64/perl5/vendor_perl/5.30.2/x86_64-linux/auto/Net/SSLeay/open_proxy_tcp_connection.al
./usr/lib64/perl5/vendor_perl/5.30.2/x86_64-linux/auto/Net/SSLeay/post_https4.al
./usr/lib64/perl5/vendor_perl/5.30.2/x86_64-linux/auto/Net/SSLeay/get_httpx.al
./usr/lib64/perl5/vendor_perl/5.30.2/x86_64-linux/auto/Net/SSLeay/set_server_cert_and_key.al
./usr/lib64/perl5/vendor_perl/5.30.2/x86_64-linux/auto/Net/SSLeay/put_httpx4.al
./usr/lib64/perl5/vendor_perl/5.30.2/x86_64-linux/auto/Net/SSLeay/get_http.al
./usr/lib64/perl5/vendor_perl/5.30.2/x86_64-linux/auto/Net/SSLeay/post_httpx3.al
./usr/lib64/perl5/vendor_perl/5.30.2/x86_64-linux/auto/Net/SSLeay/do_httpx2.al
./usr/lib64/perl5/vendor_perl/5.30.2/x86_64-linux/auto/Net/SSLeay/post_http3.al
./usr/lib64/perl5/vendor_perl/5.30.2/x86_64-linux/auto/Net/SSLeay/post_httpx.al
./usr/lib64/perl5/vendor_perl/5.30.2/x86_64-linux/auto/Net/SSLeay/sslcat.al
./usr/lib64/perl5/vendor_perl/5.30.2/x86_64-linux/auto/Net/SSLeay/tcpcat.al
./usr/lib64/perl5/vendor_perl/5.30.2/x86_64-linux/auto/Net/SSLeay/tcp_read_all.al
./usr/lib64/perl5/vendor_perl/5.30.2/x86_64-linux/auto/Net/SSLeay/put_https3.al
./usr/lib64/perl5/vendor_perl/5.30.2/x86_64-linux/auto/Net/SSLeay/put_httpx.al
./usr/lib64/perl5/vendor_perl/5.30.2/x86_64-linux/auto/Net/SSLeay/head_http.al
./usr/lib64/perl5/vendor_perl/5.30.2/x86_64-linux/auto/Net/SSLeay/make_headers.al
./usr/lib64/perl5/vendor_perl/5.30.2/x86_64-linux/auto/Net/SSLeay/head_httpx.al
./usr/lib64/perl5/vendor_perl/5.30.2/x86_64-linux/auto/Net/SSLeay/set_proxy.al
./usr/lib64/perl5/vendor_perl/5.30.2/x86_64-linux/auto/Net/SSLeay/tcpxcat.al
./usr/lib64/perl5/vendor_perl/5.30.2/x86_64-linux/auto/Net/SSLeay/randomize.al
./usr/lib64/perl5/vendor_perl/5.30.2/x86_64-linux/auto/Net/SSLeay/ssl_read_CRLF.al
./usr/lib64/perl5/vendor_perl/5.30.2/x86_64-linux/auto/Net/SSLeay/initialize.al
./usr/lib64/perl5/vendor_perl/5.30.2/x86_64-linux/auto/Net/SSLeay/post_https3.al
./usr/lib64/perl5/vendor_perl/5.30.2/x86_64-linux/auto/Net/SSLeay/put_http3.al
./usr/lib64/perl5/vendor_perl/5.30.2/x86_64-linux/auto/Net/SSLeay/ssl_read_until.al
./usr/lib64/perl5/vendor_perl/5.30.2/x86_64-linux/auto/Net/SSLeay/make_form.al
./usr/lib64/perl5/vendor_perl/5.30.2/x86_64-linux/auto/Net/SSLeay/get_httpx3.al
./usr/lib64/perl5/vendor_perl/5.30.2/x86_64-linux/auto/Net/SSLeay/post_httpx4.al
./usr/lib64/perl5/vendor_perl/5.30.2/x86_64-linux/auto/Net/SSLeay/head_http4.al
./usr/lib64/perl5/vendor_perl/5.30.2/x86_64-linux/auto/Net/SSLeay/get_http3.al
./usr/lib64/perl5/vendor_perl/5.30.2/x86_64-linux/auto/Net/SSLeay/head_https.al
./usr/lib64/perl5/vendor_perl/5.30.2/x86_64-linux/auto/Net/SSLeay/head_https3.al
./usr/lib64/perl5/vendor_perl/5.30.2/x86_64-linux/auto/Net/SSLeay/tcp_write_all.al
./usr/lib64/perl5/vendor_perl/5.30.2/x86_64-linux/auto/Net/SSLeay/put_httpx3.al
./usr/lib64/perl5/vendor_perl/5.30.2/x86_64-linux/auto/Net/SSLeay/head_httpx3.al
./usr/lib64/perl5/vendor_perl/5.30.2/x86_64-linux/Net/
./usr/lib64/perl5/vendor_perl/5.30.2/x86_64-linux/Net/SSLeay.pm
./usr/lib64/perl5/vendor_perl/5.30.2/x86_64-linux/Net/SSLeay.pod
./usr/lib64/perl5/vendor_perl/5.30.2/x86_64-linux/Net/SSLeay/
./usr/lib64/perl5/vendor_perl/5.30.2/x86_64-linux/Net/SSLeay/Handle.pm
>>> Done.
 [32;01m*[39;49;00m checking 87 files for package collisions
>>> Merging dev-perl/Net-SSLeay-1.880.0 to /
--- /usr/
--- /usr/lib64/
--- /usr/lib64/perl5/
--- /usr/lib64/perl5/vendor_perl/
--- /usr/lib64/perl5/vendor_perl/5.30.2/
--- /usr/lib64/perl5/vendor_perl/5.30.2/x86_64-linux/
>>> /usr/lib64/perl5/vendor_perl/5.30.2/x86_64-linux/Net/
>>> /usr/lib64/perl5/vendor_perl/5.30.2/x86_64-linux/Net/SSLeay/
>>> /usr/lib64/perl5/vendor_perl/5.30.2/x86_64-linux/Net/SSLeay/Handle.pm
>>> /usr/lib64/perl5/vendor_perl/5.30.2/x86_64-linux/Net/SSLeay.pod
>>> /usr/lib64/perl5/vendor_perl/5.30.2/x86_64-linux/Net/SSLeay.pm
--- /usr/lib64/perl5/vendor_perl/5.30.2/x86_64-linux/auto/
>>> /usr/lib64/perl5/vendor_perl/5.30.2/x86_64-linux/auto/Net/
>>> /usr/lib64/perl5/vendor_perl/5.30.2/x86_64-linux/auto/Net/SSLeay/
>>> /usr/lib64/perl5/vendor_perl/5.30.2/x86_64-linux/auto/Net/SSLeay/head_httpx3.al
>>> /usr/lib64/perl5/vendor_perl/5.30.2/x86_64-linux/auto/Net/SSLeay/put_httpx3.al
>>> /usr/lib64/perl5/vendor_perl/5.30.2/x86_64-linux/auto/Net/SSLeay/tcp_write_all.al
>>> /usr/lib64/perl5/vendor_perl/5.30.2/x86_64-linux/auto/Net/SSLeay/head_https3.al
>>> /usr/lib64/perl5/vendor_perl/5.30.2/x86_64-linux/auto/Net/SSLeay/head_https.al
>>> /usr/lib64/perl5/vendor_perl/5.30.2/x86_64-linux/auto/Net/SSLeay/get_http3.al
>>> /usr/lib64/perl5/vendor_perl/5.30.2/x86_64-linux/auto/Net/SSLeay/head_http4.al
>>> /usr/lib64/perl5/vendor_perl/5.30.2/x86_64-linux/auto/Net/SSLeay/post_httpx4.al
>>> /usr/lib64/perl5/vendor_perl/5.30.2/x86_64-linux/auto/Net/SSLeay/get_httpx3.al
>>> /usr/lib64/perl5/vendor_perl/5.30.2/x86_64-linux/auto/Net/SSLeay/make_form.al
>>> /usr/lib64/perl5/vendor_perl/5.30.2/x86_64-linux/auto/Net/SSLeay/ssl_read_until.al
>>> /usr/lib64/perl5/vendor_perl/5.30.2/x86_64-linux/auto/Net/SSLeay/put_http3.al
>>> /usr/lib64/perl5/vendor_perl/5.30.2/x86_64-linux/auto/Net/SSLeay/post_https3.al
>>> /usr/lib64/perl5/vendor_perl/5.30.2/x86_64-linux/auto/Net/SSLeay/initialize.al
>>> /usr/lib64/perl5/vendor_perl/5.30.2/x86_64-linux/auto/Net/SSLeay/ssl_read_CRLF.al
>>> /usr/lib64/perl5/vendor_perl/5.30.2/x86_64-linux/auto/Net/SSLeay/randomize.al
>>> /usr/lib64/perl5/vendor_perl/5.30.2/x86_64-linux/auto/Net/SSLeay/tcpxcat.al
>>> /usr/lib64/perl5/vendor_perl/5.30.2/x86_64-linux/auto/Net/SSLeay/set_proxy.al
>>> /usr/lib64/perl5/vendor_perl/5.30.2/x86_64-linux/auto/Net/SSLeay/head_httpx.al
>>> /usr/lib64/perl5/vendor_perl/5.30.2/x86_64-linux/auto/Net/SSLeay/make_headers.al
>>> /usr/lib64/perl5/vendor_perl/5.30.2/x86_64-linux/auto/Net/SSLeay/head_http.al
>>> /usr/lib64/perl5/vendor_perl/5.30.2/x86_64-linux/auto/Net/SSLeay/put_httpx.al
>>> /usr/lib64/perl5/vendor_perl/5.30.2/x86_64-linux/auto/Net/SSLeay/put_https3.al
>>> /usr/lib64/perl5/vendor_perl/5.30.2/x86_64-linux/auto/Net/SSLeay/tcp_read_all.al
>>> /usr/lib64/perl5/vendor_perl/5.30.2/x86_64-linux/auto/Net/SSLeay/tcpcat.al
>>> /usr/lib64/perl5/vendor_perl/5.30.2/x86_64-linux/auto/Net/SSLeay/sslcat.al
>>> /usr/lib64/perl5/vendor_perl/5.30.2/x86_64-linux/auto/Net/SSLeay/post_httpx.al
>>> /usr/lib64/perl5/vendor_perl/5.30.2/x86_64-linux/auto/Net/SSLeay/post_http3.al
>>> /usr/lib64/perl5/vendor_perl/5.30.2/x86_64-linux/auto/Net/SSLeay/do_httpx2.al
>>> /usr/lib64/perl5/vendor_perl/5.30.2/x86_64-linux/auto/Net/SSLeay/post_httpx3.al
>>> /usr/lib64/perl5/vendor_perl/5.30.2/x86_64-linux/auto/Net/SSLeay/get_http.al
>>> /usr/lib64/perl5/vendor_perl/5.30.2/x86_64-linux/auto/Net/SSLeay/put_httpx4.al
>>> /usr/lib64/perl5/vendor_perl/5.30.2/x86_64-linux/auto/Net/SSLeay/set_server_cert_and_key.al
>>> /usr/lib64/perl5/vendor_perl/5.30.2/x86_64-linux/auto/Net/SSLeay/get_httpx.al
>>> /usr/lib64/perl5/vendor_perl/5.30.2/x86_64-linux/auto/Net/SSLeay/post_https4.al
>>> /usr/lib64/perl5/vendor_perl/5.30.2/x86_64-linux/auto/Net/SSLeay/open_proxy_tcp_connection.al
>>> /usr/lib64/perl5/vendor_perl/5.30.2/x86_64-linux/auto/Net/SSLeay/put_http.al
>>> /usr/lib64/perl5/vendor_perl/5.30.2/x86_64-linux/auto/Net/SSLeay/get_http4.al
>>> /usr/lib64/perl5/vendor_perl/5.30.2/x86_64-linux/auto/Net/SSLeay/debug_read.al
>>> /usr/lib64/perl5/vendor_perl/5.30.2/x86_64-linux/auto/Net/SSLeay/put_https4.al
>>> /usr/lib64/perl5/vendor_perl/5.30.2/x86_64-linux/auto/Net/SSLeay/head_https4.al
>>> /usr/lib64/perl5/vendor_perl/5.30.2/x86_64-linux/auto/Net/SSLeay/post_http4.al
>>> /usr/lib64/perl5/vendor_perl/5.30.2/x86_64-linux/auto/Net/SSLeay/post_https.al
>>> /usr/lib64/perl5/vendor_perl/5.30.2/x86_64-linux/auto/Net/SSLeay/new_x_ctx.al
>>> /usr/lib64/perl5/vendor_perl/5.30.2/x86_64-linux/auto/Net/SSLeay/want_X509_lookup.al
>>> /usr/lib64/perl5/vendor_perl/5.30.2/x86_64-linux/auto/Net/SSLeay/get_httpx4.al
>>> /usr/lib64/perl5/vendor_perl/5.30.2/x86_64-linux/auto/Net/SSLeay/.packlist
>>> /usr/lib64/perl5/vendor_perl/5.30.2/x86_64-linux/auto/Net/SSLeay/do_httpx4.al
>>> /usr/lib64/perl5/vendor_perl/5.30.2/x86_64-linux/auto/Net/SSLeay/set_cert_and_key.al
>>> /usr/lib64/perl5/vendor_perl/5.30.2/x86_64-linux/auto/Net/SSLeay/https_cat.al
>>> /usr/lib64/perl5/vendor_perl/5.30.2/x86_64-linux/auto/Net/SSLeay/do_https2.al
>>> /usr/lib64/perl5/vendor_perl/5.30.2/x86_64-linux/auto/Net/SSLeay/head_http3.al
>>> /usr/lib64/perl5/vendor_perl/5.30.2/x86_64-linux/auto/Net/SSLeay/ssl_write_CRLF.al
>>> /usr/lib64/perl5/vendor_perl/5.30.2/x86_64-linux/auto/Net/SSLeay/want_read.al
>>> /usr/lib64/perl5/vendor_perl/5.30.2/x86_64-linux/auto/Net/SSLeay/want_nothing.al
>>> /usr/lib64/perl5/vendor_perl/5.30.2/x86_64-linux/auto/Net/SSLeay/tcp_read_until.al
>>> /usr/lib64/perl5/vendor_perl/5.30.2/x86_64-linux/auto/Net/SSLeay/do_https4.al
>>> /usr/lib64/perl5/vendor_perl/5.30.2/x86_64-linux/auto/Net/SSLeay/dump_peer_certificate.al
>>> /usr/lib64/perl5/vendor_perl/5.30.2/x86_64-linux/auto/Net/SSLeay/open_tcp_connection.al
>>> /usr/lib64/perl5/vendor_perl/5.30.2/x86_64-linux/auto/Net/SSLeay/do_httpx3.al
>>> /usr/lib64/perl5/vendor_perl/5.30.2/x86_64-linux/auto/Net/SSLeay/http_cat.al
>>> /usr/lib64/perl5/vendor_perl/5.30.2/x86_64-linux/auto/Net/SSLeay/put_http4.al
>>> /usr/lib64/perl5/vendor_perl/5.30.2/x86_64-linux/auto/Net/SSLeay/SSLeay.so
>>> /usr/lib64/perl5/vendor_perl/5.30.2/x86_64-linux/auto/Net/SSLeay/want_write.al
>>> /usr/lib64/perl5/vendor_perl/5.30.2/x86_64-linux/auto/Net/SSLeay/get_https.al
>>> /usr/lib64/perl5/vendor_perl/5.30.2/x86_64-linux/auto/Net/SSLeay/tcp_read_CRLF.al
>>> /usr/lib64/perl5/vendor_perl/5.30.2/x86_64-linux/auto/Net/SSLeay/do_https.al
>>> /usr/lib64/perl5/vendor_perl/5.30.2/x86_64-linux/auto/Net/SSLeay/post_http.al
>>> /usr/lib64/perl5/vendor_perl/5.30.2/x86_64-linux/auto/Net/SSLeay/head_httpx4.al
>>> /usr/lib64/perl5/vendor_perl/5.30.2/x86_64-linux/auto/Net/SSLeay/get_https4.al
>>> /usr/lib64/perl5/vendor_perl/5.30.2/x86_64-linux/auto/Net/SSLeay/ssl_write_all.al
>>> /usr/lib64/perl5/vendor_perl/5.30.2/x86_64-linux/auto/Net/SSLeay/put_https.al
>>> /usr/lib64/perl5/vendor_perl/5.30.2/x86_64-linux/auto/Net/SSLeay/ssl_read_all.al
>>> /usr/lib64/perl5/vendor_perl/5.30.2/x86_64-linux/auto/Net/SSLeay/autosplit.ix
>>> /usr/lib64/perl5/vendor_perl/5.30.2/x86_64-linux/auto/Net/SSLeay/httpx_cat.al
>>> /usr/lib64/perl5/vendor_perl/5.30.2/x86_64-linux/auto/Net/SSLeay/tcp_write_CRLF.al
>>> /usr/lib64/perl5/vendor_perl/5.30.2/x86_64-linux/auto/Net/SSLeay/get_https3.al
>>> /usr/lib64/perl5/vendor_perl/5.30.2/x86_64-linux/auto/Net/SSLeay/do_https3.al
--- /usr/share/
--- /usr/share/doc/
>>> /usr/share/doc/Net-SSLeay-1.880.0/
>>> /usr/share/doc/Net-SSLeay-1.880.0/README.VMS.bz2
>>> /usr/share/doc/Net-SSLeay-1.880.0/Changes.bz2
>>> /usr/share/doc/Net-SSLeay-1.880.0/README.Win32.bz2
>>> /usr/share/doc/Net-SSLeay-1.880.0/README.OSX.bz2
>>> /usr/share/doc/Net-SSLeay-1.880.0/README.bz2
--- /usr/lib/
--- /usr/lib/debug/
--- /usr/lib/debug/usr/
--- /usr/lib/debug/usr/lib64/
--- /usr/lib/debug/usr/lib64/perl5/
--- /usr/lib/debug/usr/lib64/perl5/vendor_perl/
--- /usr/lib/debug/usr/lib64/perl5/vendor_perl/5.30.2/
--- /usr/lib/debug/usr/lib64/perl5/vendor_perl/5.30.2/x86_64-linux/
--- /usr/lib/debug/usr/lib64/perl5/vendor_perl/5.30.2/x86_64-linux/auto/
>>> /usr/lib/debug/usr/lib64/perl5/vendor_perl/5.30.2/x86_64-linux/auto/Net/
>>> /usr/lib/debug/usr/lib64/perl5/vendor_perl/5.30.2/x86_64-linux/auto/Net/SSLeay/
>>> /usr/lib/debug/usr/lib64/perl5/vendor_perl/5.30.2/x86_64-linux/auto/Net/SSLeay/SSLeay.so.debug
>>> dev-perl/Net-SSLeay-1.880.0 merged.
>>> Regenerating /etc/ld.so.cache...
