[32;01m * [39;49;00mPackage:    dev-perl/HTML-Parser-3.720.0
[32;01m * [39;49;00mRepository: gentoo
[32;01m * [39;49;00mMaintainer: perl@gentoo.org
[32;01m * [39;49;00mUSE:        abi_x86_64 amd64 elibc_glibc kernel_linux test userland_GNU
[32;01m * [39;49;00mFEATURES:   network-sandbox preserve-libs sandbox splitdebug test userpriv usersandbox
>>> Unpacking source...
>>> Unpacking HTML-Parser-3.72.tar.gz to /tmp/portage/dev-perl/HTML-Parser-3.720.0/work
>>> Source unpacked in /tmp/portage/dev-perl/HTML-Parser-3.720.0/work
>>> Preparing source in /tmp/portage/dev-perl/HTML-Parser-3.720.0/work/HTML-Parser-3.72 ...
>>> Source prepared.
>>> Configuring source in /tmp/portage/dev-perl/HTML-Parser-3.720.0/work/HTML-Parser-3.72 ...
perl: warning: Setting locale failed.
perl: warning: Please check that your locale settings:
	LANGUAGE = (unset),
	LC_ALL = (unset),
	LC_COLLATE = "C",
	LC_MESSAGES = "C",
	LANG = "it_IT.UTF-8"
    are supported and installed on your system.
perl: warning: Falling back to the standard locale ("C").
 [32;01m*[0m Using ExtUtils::MakeMaker
 [32;01m*[0m perl Makefile.PL PREFIX=/usr INSTALLDIRS=vendor INSTALLMAN3DIR=none DESTDIR=/tmp/portage/dev-perl/HTML-Parser-3.720.0/image/
perl: warning: Setting locale failed.
perl: warning: Please check that your locale settings:
	LANGUAGE = (unset),
	LC_ALL = (unset),
	LC_COLLATE = "C",
	LC_MESSAGES = "C",
	LANG = "it_IT.UTF-8"
    are supported and installed on your system.
perl: warning: Falling back to the standard locale ("C").
Checking if your kit is complete...
Looks good
Generating a Unix-style Makefile
Writing Makefile for HTML::Parser
Writing MYMETA.yml and MYMETA.json
>>> Source configured.
>>> Compiling source in /tmp/portage/dev-perl/HTML-Parser-3.720.0/work/HTML-Parser-3.72 ...
 [32;01m*[0m emake OTHERLDFLAGS=-Wl,-O1 -Wl,--as-needed -Wl,--defsym=__gentoo_check_ldflags__=0 -Wl,--hash-style=gnu -Wl,-z,norelro
make -j12 'OTHERLDFLAGS=-Wl,-O1 -Wl,--as-needed -Wl,--defsym=__gentoo_check_ldflags__=0 -Wl,--hash-style=gnu -Wl,-z,norelro' 
perl: warning: Setting locale failed.
perl: warning: Please check that your locale settings:
	LANGUAGE = (unset),
	LC_ALL = (unset),
	LC_COLLATE = "C",
	LC_MESSAGES = "C",
	LANG = "it_IT.UTF-8"
"/usr/bin/perl" "/usr/lib64/perl5/5.30.2/ExtUtils/xsubpp"  -typemap '/usr/lib64/perl5/5.30.2/ExtUtils/typemap' -typemap '/tmp/portage/dev-perl/HTML-Parser-3.720.0/work/HTML-Parser-3.72/typemap'  Parser.xs > Parser.xsc
    are supported and installed on your system.
perl: warning: Falling back to the standard locale ("C").
perl: warning: Setting locale failed.
perl: warning: Please check that your locale settings:
	LANGUAGE = (unset),
	LC_ALL = (unset),
	LC_COLLATE = "C",
	LC_MESSAGES = "C",
	LANG = "it_IT.UTF-8"
    are supported and installed on your system.
perl: warning: Falling back to the standard locale ("C").
perl: warning: Setting locale failed.
perl: warning: Setting locale failed.
perl: warning: Please check that your locale settings:
	LANGUAGE = (unset),
	LC_ALL = (unset),
	LC_COLLATE = "C",
	LC_MESSAGES = "C",
	LANG = "it_IT.UTF-8"
    are supported and installed on your system.
perl: warning: Falling back to the standard locale ("C").
"/usr/bin/perl" mkhctype >hctype.h
Running Mkbootstrap for Parser ()
perl: warning: Please check that your locale settings:
	LANGUAGE = (unset),
	LC_ALL = (unset),
	LC_COLLATE = "C",
	LC_MESSAGES = "C",
	LANG = "it_IT.UTF-8"
    are supported and installed on your system.
perl: warning: Falling back to the standard locale ("C").
perl: warning: Setting locale failed.
perl: warning: Please check that your locale settings:
	LANGUAGE = (unset),
	LC_ALL = (unset),
	LC_COLLATE = "C",
	LC_MESSAGES = "C",
	LANG = "it_IT.UTF-8"
    are supported and installed on your system.
perl: warning: Falling back to the standard locale ("C").
perl: warning: Setting locale failed.
perl: warning: Please check that your locale settings:
	LANGUAGE = (unset),
	LC_ALL = (unset),
	LC_COLLATE = "C",
	LC_MESSAGES = "C",
	LANG = "it_IT.UTF-8"
    are supported and installed on your system.
perl: warning: Falling back to the standard locale ("C").
perl: warning: Setting locale failed.
perl: warning: Please check that your locale settings:
	LANGUAGE = (unset),
	LC_ALL = (unset),
	LC_COLLATE = "C",
	LC_MESSAGES = "C",
	LANG = "it_IT.UTF-8"
    are supported and installed on your system.
perl: warning: Falling back to the standard locale ("C").
perl: warning: Setting locale failed.
perl: warning: Please check that your locale settings:
	LANGUAGE = (unset),
	LC_ALL = (unset),
	LC_COLLATE = "C",
	LC_MESSAGES = "C",
	LANG = "it_IT.UTF-8"
    are supported and installed on your system.
perl: warning: Falling back to the standard locale ("C").
perl: warning: Setting locale failed.
perl: warning: Please check that your locale settings:
	LANGUAGE = (unset),
	LC_ALL = (unset),
	LC_COLLATE = "C",
	LC_MESSAGES = "C",
	LANG = "it_IT.UTF-8"
    are supported and installed on your system.
perl: warning: Falling back to the standard locale ("C").
perl: warning: Setting locale failed.
perl: warning: Please check that your locale settings:
	LANGUAGE = (unset),
	LC_ALL = (unset),
	LC_COLLATE = "C",
	LC_MESSAGES = "C",
	LANG = "it_IT.UTF-8"
    are supported and installed on your system.
perl: warning: Falling back to the standard locale ("C").
perl: warning: Setting locale failed.
perl: warning: Please check that your locale settings:
	LANGUAGE = (unset),
	LC_ALL = (unset),
	LC_COLLATE = "C",
	LC_MESSAGES = "C",
	LANG = "it_IT.UTF-8"
    are supported and installed on your system.
perl: warning: Falling back to the standard locale ("C").
"/usr/bin/perl" mkpfunc >pfunc.h
perl: warning: Setting locale failed.
perl: warning: Please check that your locale settings:
	LANGUAGE = (unset),
	LC_ALL = (unset),
	LC_COLLATE = "C",
	LC_MESSAGES = "C",
	LANG = "it_IT.UTF-8"
    are supported and installed on your system.
perl: warning: Falling back to the standard locale ("C").
perl: warning: Setting locale failed.
perl: warning: Please check that your locale settings:
	LANGUAGE = (unset),
	LC_ALL = (unset),
	LC_COLLATE = "C",
	LC_MESSAGES = "C",
	LANG = "it_IT.UTF-8"
    are supported and installed on your system.
perl: warning: Falling back to the standard locale ("C").
chmod 644 "Parser.bs"
"/usr/bin/perl" -MExtUtils::Command::MM -e 'cp_nonempty' -- Parser.bs blib/arch/auto/HTML/Parser/Parser.bs 644
cp lib/HTML/TokeParser.pm blib/lib/HTML/TokeParser.pm
perl: warning: Setting locale failed.
perl: warning: Please check that your locale settings:
	LANGUAGE = (unset),
	LC_ALL = (unset),
	LC_COLLATE = "C",
	LC_MESSAGES = "C",
	LANG = "it_IT.UTF-8"
    are supported and installed on your system.
perl: warning: Falling back to the standard locale ("C").
cp lib/HTML/HeadParser.pm blib/lib/HTML/HeadParser.pm
cp lib/HTML/LinkExtor.pm blib/lib/HTML/LinkExtor.pm
cp lib/HTML/PullParser.pm blib/lib/HTML/PullParser.pm
cp lib/HTML/Filter.pm blib/lib/HTML/Filter.pm
cp lib/HTML/Entities.pm blib/lib/HTML/Entities.pm
cp Parser.pm blib/lib/HTML/Parser.pm
mv Parser.xsc Parser.c
x86_64-pc-linux-gnu-gcc -c   -fwrapv -fno-strict-aliasing -pipe -D_LARGEFILE_SOURCE -D_FILE_OFFSET_BITS=64 -O3 -march=native -pipe -g0 -fno-stack-protector -fno-stack-clash-protection -fstack-check=no -fno-stack-check   -DVERSION=\"3.72\" -DXS_VERSION=\"3.72\" -fPIC "-I/usr/lib64/perl5/5.30.2/x86_64-linux/CORE"  -DMARKED_SECTION Parser.c
rm -f blib/arch/auto/HTML/Parser/Parser.so
x86_64-pc-linux-gnu-gcc  -shared -O3 -march=native -pipe -g0 -fno-stack-protector -fno-stack-clash-protection -fstack-check=no -fno-stack-check -Wl,-O1 -Wl,--as-needed -Wl,--defsym=__gentoo_check_ldflags__=0 -Wl,--hash-style=gnu -Wl,-z,norelro  Parser.o -Wl,-O1 -Wl,--as-needed -Wl,--defsym=__gentoo_check_ldflags__=0 -Wl,--hash-style=gnu -Wl,-z,norelro -o blib/arch/auto/HTML/Parser/Parser.so  \
      \
  
chmod 755 blib/arch/auto/HTML/Parser/Parser.so
>>> Source compiled.
>>> Test phase: dev-perl/HTML-Parser-3.720.0
 [32;01m*[0m Removing un-needed t/pod.t
 [32;01m*[0m Fixing Manifest
 [32;01m*[0m Test::Harness Jobs=12
make -j12 test TEST_VERBOSE=0 
"/usr/bin/perl" -MExtUtils::Command::MM -e 'cp_nonempty' -- Parser.bs blib/arch/auto/HTML/Parser/Parser.bs 644
perl: warning: Setting locale failed.
perl: warning: Please check that your locale settings:
	LANGUAGE = (unset),
	LC_ALL = (unset),
	LC_COLLATE = "C",
	LC_MESSAGES = "C",
	LANG = "it_IT.UTF-8"
    are supported and installed on your system.
perl: warning: Falling back to the standard locale ("C").
PERL_DL_NONLAZY=1 "/usr/bin/perl" "-MExtUtils::Command::MM" "-MTest::Harness" "-e" "undef *Test::Harness::Switches; test_harness(0, 'blib/lib', 'blib/arch')" t/*.t
perl: warning: Setting locale failed.
perl: warning: Please check that your locale settings:
	LANGUAGE = (unset),
	LC_ALL = (unset),
	LC_COLLATE = "C",
	LC_MESSAGES = "C",
	LANG = "it_IT.UTF-8"
    are supported and installed on your system.
perl: warning: Falling back to the standard locale ("C").
perl: warning: Setting locale failed.
perl: warning: Please check that your locale settings:
	LANGUAGE = (unset),
	LC_ALL = (unset),
	LC_COLLATE = "C",
	LC_MESSAGES = "C",
	LANG = "it_IT.UTF-8"
    are supported and installed on your system.
perl: warning: Falling back to the standard locale ("C").
perl: warning: Setting locale failed.
perl: warning: Please check that your locale settings:
	LANGUAGE = (unset),
	LC_ALL = (unset),
	LC_COLLATE = "C",
	LC_MESSAGES = "C",
	LANG = "it_IT.UTF-8"
    are supported and installed on your system.
perl: warning: Falling back to the standard locale ("C").
perl: warning: Setting locale failed.
perl: warning: Please check that your locale settings:
	LANGUAGE = (unset),
	LC_ALL = (unset),
	LC_COLLATE = "C",
	LC_MESSAGES = "C",
	LANG = "it_IT.UTF-8"
    are supported and installed on your system.
perl: warning: Falling back to the standard locale ("C").
perl: warning: Setting locale failed.
perl: warning: Please check that your locale settings:
	LANGUAGE = (unset),
	LC_ALL = (unset),
	LC_COLLATE = "C",
	LC_MESSAGES = "C",
	LANG = "it_IT.UTF-8"
    are supported and installed on your system.
perl: warning: Falling back to the standard locale ("C").
perl: warning: Setting locale failed.
perl: warning: Please check that your locale settings:
	LANGUAGE = (unset),
	LC_ALL = (unset),
	LC_COLLATE = "C",
	LC_MESSAGES = "C",
	LANG = "it_IT.UTF-8"
    are supported and installed on your system.
perl: warning: Falling back to the standard locale ("C").
perl: warning: Setting locale failed.
perl: warning: Please check that your locale settings:
	LANGUAGE = (unset),
	LC_ALL = (unset),
	LC_COLLATE = "C",
	LC_MESSAGES = "C",
	LANG = "it_IT.UTF-8"
    are supported and installed on your system.
perl: warning: Falling back to the standard locale ("C").
perl: warning: Setting locale failed.
perl: warning: Please check that your locale settings:
	LANGUAGE = (unset),
	LC_ALL = (unset),
	LC_COLLATE = "C",
	LC_MESSAGES = "C",
	LANG = "it_IT.UTF-8"
    are supported and installed on your system.
perl: warning: Falling back to the standard locale ("C").
perl: warning: Setting locale failed.
perl: warning: Please check that your locale settings:
	LANGUAGE = (unset),
	LC_ALL = (unset),
	LC_COLLATE = "C",
	LC_MESSAGES = "C",
	LANG = "it_IT.UTF-8"
    are supported and installed on your system.
perl: warning: Falling back to the standard locale ("C").
===(       1;0  1/4  0/6  0/8  0/2  0/2   0/47  0/8   0/27  0/1 ... )======(       2;0  1/4  1/6  0/8  0/2  0/2   0/47  0/8   0/27  0/1 ... )======(       4;0  2/4  1/6  1/8  0/2  0/2   0/47  0/8   0/27  0/1 ... )======(       6;0  2/4  2/6  1/8  1/2  0/2   0/47  0/8   0/27  0/1 ... )======(       8;0  2/4  2/6  2/8  1/2  1/2   0/47  0/8   0/27  0/1 ... )======(      10;0  2/4  2/6  2/8  2/2  1/2   1/47  0/8   0/27  0/1 ... )======(      12;0  2/4  2/6  2/8  2/2  2/2   1/47  1/8   0/27  0/1 ... )======(      14;0  2/4  2/6  2/8  2/2  2/2   2/47  1/8   1/27  0/1 ... )======(      16;0  2/4  2/6  2/8  2/2  2/2   2/47  2/8   1/27  1/1 ... )======(      18;0  2/4  2/6  2/8  2/2  2/2   2/47  2/8   2/27  1/1 ... )===perl: warning: Setting locale failed.
perl: warning: Please check that your locale settings:
	LANGUAGE = (unset),
	LC_ALL = (unset),
	LC_COLLATE = "C",
	LC_MESSAGES = "C",
	LANG = "it_IT.UTF-8"
    are supported and installed on your system.
perl: warning: Falling back to the standard locale ("C").
                                                                        t/argspec2.t ......... ok
===(      24;0  4/4  4/6  3/8  2/2   2/47  2/8   2/27  1/1  0/3 ... )===                                                                        t/api_version.t ...... ok
===(      24;0  4/6  3/8  2/2   2/47  2/8   2/27  1/1  0/3  2/2 ... )===                                                                        t/attr-encoded.t ..... ok
===(      28;0  6/6  5/8   2/47  2/8   2/27  1/1  0/3  2/2  0/3 ... )===                                                                        t/argspec-bad.t ...... ok
===(      28;0  5/8   2/47  2/8   2/27  1/1  0/3  2/2  0/3  0/? ... )===perl: warning: Setting locale failed.
perl: warning: Please check that your locale settings:
	LANGUAGE = (unset),
	LC_ALL = (unset),
	LC_COLLATE = "C",
	LC_MESSAGES = "C",
	LANG = "it_IT.UTF-8"
    are supported and installed on your system.
perl: warning: Falling back to the standard locale ("C").
perl: warning: Setting locale failed.
perl: warning: Please check that your locale settings:
	LANGUAGE = (unset),
	LC_ALL = (unset),
	LC_COLLATE = "C",
	LC_MESSAGES = "C",
	LANG = "it_IT.UTF-8"
    are supported and installed on your system.
perl: warning: Falling back to the standard locale ("C").
                                                                        t/comment.t .......... ok
===(      35;0  7/8   4/47  4/8   3/27  0/3  2/2  0/3  0/?  0/2 ... )======(      36;0  7/8   4/47  4/8   3/27  0/3  2/2  0/3  0/?  1/2 ... )======(      37;0  7/8   4/47  4/8   3/27  0/3  2/2  0/3  0/?  1/2 ... )===perl: warning: Setting locale failed.
perl: warning: Please check that your locale settings:
	LANGUAGE = (unset),
	LC_ALL = (unset),
	LC_COLLATE = "C",
	LC_MESSAGES = "C",
	LANG = "it_IT.UTF-8"
    are supported and installed on your system.
perl: warning: Falling back to the standard locale ("C").
                                                                        t/argspec.t .......... ok
===(      38;0   4/47  4/8   3/27  0/3  2/2  0/3  0/6  1/2   1/2... )======(      40;0   4/47  4/8   3/27  0/3  2/2  0/3  0/6  2/2   1/2... )===                                                                        t/dtext.t ............ ok
===(      42;0   4/47  4/8   3/27  0/3  2/2  0/3  0/6   2/20  2/... )===perl: warning: Setting locale failed.
perl: warning: Please check that your locale settings:
	LANGUAGE = (unset),
	LC_ALL = (unset),
	LC_COLLATE = "C",
	LC_MESSAGES = "C",
	LANG = "it_IT.UTF-8"
    are supported and installed on your system.
perl: warning: Falling back to the standard locale ("C").
===(      53;0   6/47  6/8   5/27  1/3  2/2  0/3  0/6   4/20  4/... )===perl: warning: Setting locale failed.
perl: warning: Please check that your locale settings:
	LANGUAGE = (unset),
	LC_ALL = (unset),
	LC_COLLATE = "C",
	LC_MESSAGES = "C",
	LANG = "it_IT.UTF-8"
    are supported and installed on your system.
perl: warning: Falling back to the standard locale ("C").
                                                                        t/declaration.t ...... ok
===(      53;0   6/47  6/8   5/27  1/3  0/3  0/6   4/20  4/9   0... )======(      56;0   6/47  6/8   5/27  1/3  0/3  0/6   5/20  5/9   0... )======(      57;0   6/47  6/8   5/27  1/3  0/3  0/6   5/20  5/9   1... )======(      59;0   6/47  6/8   5/27  1/3  0/3  0/6   5/20  6/9   1... )======(      68;0   8/47  8/8   7/27  1/3  1/3  0/6   6/20  6/9   2... )======(      74;0   8/47  8/8   7/27  1/3  2/3  1/6   7/20  7/9   3... )===perl: warning: Setting locale failed.
perl: warning: Please check that your locale settings:
	LANGUAGE = (unset),
	LC_ALL = (unset),
	LC_COLLATE = "C",
	LC_MESSAGES = "C",
	LANG = "it_IT.UTF-8"
    are supported and installed on your system.
perl: warning: Falling back to the standard locale ("C").
                                                                        t/case-sensitive.t ... ok
===(      78;0   9/47   7/27  1/3  2/3  1/6   8/20  8/9   3/12  ... )===perl: warning: Setting locale failed.
perl: warning: Please check that your locale settings:
	LANGUAGE = (unset),
	LC_ALL = (unset),
	LC_COLLATE = "C",
	LC_MESSAGES = "C",
	LANG = "it_IT.UTF-8"
    are supported and installed on your system.
perl: warning: Falling back to the standard locale ("C").
                                                                        t/entities2.t ........ ok
===(      84;0   9/47   7/27  1/3  2/3  2/6   9/20   4/12  2/3  ... )===                                                                        t/filter.t ........... ok
===(      94;0  11/47   8/27  1/3  2/3  3/6  11/20   5/12  6/6  ... )===perl: warning: Setting locale failed.
perl: warning: Please check that your locale settings:
	LANGUAGE = (unset),
	LC_ALL = (unset),
	LC_COLLATE = "C",
	LC_MESSAGES = "C",
	LANG = "it_IT.UTF-8"
    are supported and installed on your system.
perl: warning: Falling back to the standard locale ("C").
                                                                        t/handler-eof.t ...... ok
===(      94;0  11/47   8/27  1/3  2/3  3/6  11/20   5/12  0/?  ... )===perl: warning: Setting locale failed.
perl: warning: Please check that your locale settings:
	LANGUAGE = (unset),
	LC_ALL = (unset),
	LC_COLLATE = "C",
	LC_MESSAGES = "C",
	LANG = "it_IT.UTF-8"
    are supported and installed on your system.
perl: warning: Falling back to the standard locale ("C").
perl: warning: Setting locale failed.
perl: warning: Please check that your locale settings:
	LANGUAGE = (unset),
	LC_ALL = (unset),
	LC_COLLATE = "C",
	LC_MESSAGES = "C",
	LANG = "it_IT.UTF-8"
    are supported and installed on your system.
perl: warning: Falling back to the standard locale ("C").
                                                                        t/default.t .......... ok
===(     105;0  13/47  10/27  1/3  5/6  13/20   7/12   0/11  0/1... )======(     106;0  13/47  10/27  1/3  5/6  13/20   7/12   0/11  0/1... )======(     108;0  13/47  10/27  1/3  5/6  14/20   7/12   0/11  0/1... )======(     111;0  13/47  10/27  1/3  6/6  14/20   8/12   1/11  0/1... )======(     114;0  14/47  10/27  1/3  6/6  15/20   8/12   1/11  1/1... )===perl: warning: Setting locale failed.
perl: warning: Please check that your locale settings:
	LANGUAGE = (unset),
	LC_ALL = (unset),
	LC_COLLATE = "C",
	LC_MESSAGES = "C",
	LANG = "it_IT.UTF-8"
    are supported and installed on your system.
perl: warning: Falling back to the standard locale ("C").
                                                                        t/document.t ......... ok
===(     122;0  15/47  12/27  3/3  15/20   9/12   2/11  1/1   1/... )======(     123;0  15/47  12/27  3/3  15/20   9/12   2/11  1/1   1/... )===perl: warning: Setting locale failed.
perl: warning: Please check that your locale settings:
	LANGUAGE = (unset),
	LC_ALL = (unset),
	LC_COLLATE = "C",
	LC_MESSAGES = "C",
	LANG = "it_IT.UTF-8"
    are supported and installed on your system.
perl: warning: Falling back to the standard locale ("C").
                                                                        t/headparser-http.t .. ok
===(     131;0  16/47  12/27  3/3  17/20  10/12   3/11   2/17  3... )===perl: warning: Setting locale failed.
perl: warning: Please check that your locale settings:
	LANGUAGE = (unset),
	LC_ALL = (unset),
	LC_COLLATE = "C",
	LC_MESSAGES = "C",
	LANG = "it_IT.UTF-8"
    are supported and installed on your system.
perl: warning: Falling back to the standard locale ("C").
                                                                        t/largetags.t ........ ok
===(     131;0  16/47  12/27  3/3  17/20  10/12   3/11   2/17  3... )===                                                                        t/ignore.t ........... ok
===(     141;0  18/47  13/27  3/3  19/20  11/12   4/11   4/17  0... )===                                                                        t/entities.t ......... ok
===(     146;0  19/47  13/27  3/3  12/12   5/11   5/17  0/?  0/?... )===perl: warning: Setting locale failed.
perl: warning: Please check that your locale settings:
	LANGUAGE = (unset),
	LC_ALL = (unset),
	LC_COLLATE = "C",
	LC_MESSAGES = "C",
	LANG = "it_IT.UTF-8"
    are supported and installed on your system.
perl: warning: Falling back to the standard locale ("C").
                                                                        t/filter-methods.t ... ok
===(     147;0  19/47  13/27  3/3   5/11   6/17  0/?  0/?  0/?  ... )===perl: warning: Setting locale failed.
perl: warning: Please check that your locale settings:
	LANGUAGE = (unset),
	LC_ALL = (unset),
	LC_COLLATE = "C",
	LC_MESSAGES = "C",
	LANG = "it_IT.UTF-8"
    are supported and installed on your system.
perl: warning: Falling back to the standard locale ("C").
perl: warning: Setting locale failed.
perl: warning: Please check that your locale settings:
	LANGUAGE = (unset),
	LC_ALL = (unset),
	LC_COLLATE = "C",
	LC_MESSAGES = "C",
	LANG = "it_IT.UTF-8"
    are supported and installed on your system.
perl: warning: Falling back to the standard locale ("C").
                                                                        t/crashme.t .......... ok
===(     154;0  21/47  15/27   6/11   8/17  0/?  0/?  0/?  0/?  ... )======(     156;0  21/47  15/27   6/11   9/17  0/?  0/?  0/?   0/14... )======(     157;0  21/47  15/27   6/11   9/17  0/?  0/?  0/?   0/14... )===                                                                        t/offset.t ........... ok
===(     159;0  22/47  15/27   7/11   9/17  0/5  0/4  0/?   0/14... )======(     160;0  22/47  15/27   7/11   9/17  0/5  0/4  0/?   1/14... )======(     163;0  22/47  15/27   7/11  10/17  0/5  0/4  0/?   1/14... )======(     164;0  22/47  15/27   7/11  10/17  0/5  1/4  0/?   1/14... )======(     166;0  22/47  15/27   8/11  10/17  1/5  1/4  0/?   1/14... )===perl: warning: Setting locale failed.
perl: warning: Please check that your locale settings:
	LANGUAGE = (unset),
	LC_ALL = (unset),
	LC_COLLATE = "C",
	LC_MESSAGES = "C",
	LANG = "it_IT.UTF-8"
    are supported and installed on your system.
perl: warning: Falling back to the standard locale ("C").
===(     175;0  24/47  17/27   8/11  11/17  1/5  1/4  1/5   2/14... )===                                                                        t/msie-compat.t ...... ok
===(     189;0  26/47  18/27  10/11  13/17  2/5  3/4  2/5   3/14... )======(     192;0  26/47  18/27  10/11  14/17  2/5  3/4  2/5   4/14... )======(     196;0  26/47  18/27  11/11  14/17  2/5  4/4  2/5   4/14... )===perl: warning: Setting locale failed.
perl: warning: Please check that your locale settings:
	LANGUAGE = (unset),
	LC_ALL = (unset),
	LC_COLLATE = "C",
	LC_MESSAGES = "C",
	LANG = "it_IT.UTF-8"
    are supported and installed on your system.
perl: warning: Falling back to the standard locale ("C").
                                                                        t/handler.t .......... ok
===(     206;0  28/47  20/27  15/17  2/5  4/4  4/5   5/14   5/10... )===perl: warning: Setting locale failed.
perl: warning: Please check that your locale settings:
	LANGUAGE = (unset),
	LC_ALL = (unset),
	LC_COLLATE = "C",
	LC_MESSAGES = "C",
	LANG = "it_IT.UTF-8"
    are supported and installed on your system.
perl: warning: Falling back to the standard locale ("C").
                                                                        t/linkextor-rel.t .... ok
===(     210;0  28/47  20/27  16/17  2/5  4/5   6/14   6/10  1/6... )===                                                                        t/headparser.t ....... ok
===(     220;0  30/47  21/27  3/5  5/5   7/14   7/10  2/6  4/7  ... )===perl: warning: Setting locale failed.
perl: warning: Please check that your locale settings:
	LANGUAGE = (unset),
	LC_ALL = (unset),
	LC_COLLATE = "C",
	LC_MESSAGES = "C",
	LANG = "it_IT.UTF-8"
    are supported and installed on your system.
perl: warning: Falling back to the standard locale ("C").
                                                                        t/magic.t ............ ok
===(     225;0  31/47  21/27  3/5   8/14   8/10  3/6  5/7  0/?  ... )===perl: warning: Setting locale failed.
perl: warning: Please check that your locale settings:
	LANGUAGE = (unset),
	LC_ALL = (unset),
	LC_COLLATE = "C",
	LC_MESSAGES = "C",
	LANG = "it_IT.UTF-8"
    are supported and installed on your system.
perl: warning: Falling back to the standard locale ("C").
perl: warning: Setting locale failed.
perl: warning: Please check that your locale settings:
	LANGUAGE = (unset),
	LC_ALL = (unset),
	LC_COLLATE = "C",
	LC_MESSAGES = "C",
	LANG = "it_IT.UTF-8"
    are supported and installed on your system.
perl: warning: Falling back to the standard locale ("C").
perl: warning: Setting locale failed.
perl: warning: Please check that your locale settings:
	LANGUAGE = (unset),
	LC_ALL = (unset),
	LC_COLLATE = "C",
	LC_MESSAGES = "C",
	LANG = "it_IT.UTF-8"
    are supported and installed on your system.
perl: warning: Falling back to the standard locale ("C").
perl: warning: Setting locale failed.
perl: warning: Please check that your locale settings:
	LANGUAGE = (unset),
	LC_ALL = (unset),
	LC_COLLATE = "C",
	LC_MESSAGES = "C",
	LANG = "it_IT.UTF-8"
    are supported and installed on your system.
perl: warning: Falling back to the standard locale ("C").
perl: warning: Setting locale failed.
perl: warning: Please check that your locale settings:
	LANGUAGE = (unset),
	LC_ALL = (unset),
	LC_COLLATE = "C",
	LC_MESSAGES = "C",
	LANG = "it_IT.UTF-8"
    are supported and installed on your system.
perl: warning: Falling back to the standard locale ("C").
                                                                        t/parser.t ........... ok
===(     239;0  33/47  23/27  4/5  11/14  10/10  5/6  0/3   0/12... )======(     241;0  33/47  23/27  4/5  12/14  10/10  5/6  1/3   0/12... )===perl: warning: Setting locale failed.
perl: warning: Please check that your locale settings:
	LANGUAGE = (unset),
	LC_ALL = (unset),
	LC_COLLATE = "C",
	LC_MESSAGES = "C",
	LANG = "it_IT.UTF-8"
    are supported and installed on your system.
perl: warning: Falling back to the standard locale ("C").
                                                                        t/options.t .......... ok
===(     241;0  33/47  23/27  4/5  12/14  5/6  1/3   0/12  0/3  ... )======(     244;0  33/47  23/27  4/5  13/14  5/6  2/3   0/12  1/3  ... )======(     245;0  33/47  23/27  4/5  13/14  5/6  2/3   1/12  1/3  ... )===perl: warning: Setting locale failed.
perl: warning: Please check that your locale settings:
	LANGUAGE = (unset),
	LC_ALL = (unset),
	LC_COLLATE = "C",
	LC_MESSAGES = "C",
	LANG = "it_IT.UTF-8"
    are supported and installed on your system.
perl: warning: Falling back to the standard locale ("C").
                                                                        t/parsefile.t ........ ok
===(     253;0  35/47  25/27  5/5  14/14  3/3   1/12  1/3  0/1  ... )===perl: warning: Setting locale failed.
perl: warning: Please check that your locale settings:
	LANGUAGE = (unset),
	LC_ALL = (unset),
	LC_COLLATE = "C",
	LC_MESSAGES = "C",
	LANG = "it_IT.UTF-8"
    are supported and installed on your system.
perl: warning: Falling back to the standard locale ("C").
                                                                        t/marked-sect.t ...... ok
===(     253;0  35/47  25/27  5/5  3/3   1/12  1/3  0/1  0/?  0/... )======(     254;0  35/47  25/27  5/5  3/3   1/12  1/3  1/1  0/?  0/... )======(     255;0  35/47  25/27  5/5  3/3   1/12  1/3  1/1  0/?  1/... )===                                                                        t/plaintext.t ........ ok
===(     255;0  35/47  25/27  5/5   1/12  1/3  1/1  0/?  1/1  0/... )===                                                                        t/script.t ........... ok
===(     255;0  35/47  25/27  5/5   1/12  1/3  0/?  1/1  0/?  0/... )===                                                                        t/stack-realloc.t .... ok
===(     255;0  35/47  25/27  5/5   1/12  1/3  0/?  0/?  0/?  0/... )===perl: warning: Setting locale failed.
perl: warning: Please check that your locale settings:
	LANGUAGE = (unset),
	LC_ALL = (unset),
	LC_COLLATE = "C",
	LC_MESSAGES = "C",
	LANG = "it_IT.UTF-8"
    are supported and installed on your system.
perl: warning: Falling back to the standard locale ("C").
===(     262;0  37/47  27/27  5/5   2/12  2/3  0/4  1/1  0/?  0/... )======(     263;0  37/47  27/27  5/5   2/12  2/3  1/4  1/1  0/?   0... )===perl: warning: Setting locale failed.
perl: warning: Please check that your locale settings:
	LANGUAGE = (unset),
	LC_ALL = (unset),
	LC_COLLATE = "C",
	LC_MESSAGES = "C",
	LANG = "it_IT.UTF-8"
    are supported and installed on your system.
perl: warning: Falling back to the standard locale ("C").
                                                                        t/linkextor-base.t ... ok
===(     265;0  37/47  27/27   3/12  3/3  1/4  1/1  0/?   0/17  ... )======(     266;0  37/47  27/27   3/12  3/3  1/4  1/1  0/?   0/17  ... )======(     267;0  37/47  27/27   3/12  3/3  1/4  1/1  0/?   0/17  ... )===perl: warning: Setting locale failed.
perl: warning: Please check that your locale settings:
	LANGUAGE = (unset),
	LC_ALL = (unset),
	LC_COLLATE = "C",
	LC_MESSAGES = "C",
	LANG = "it_IT.UTF-8"
    are supported and installed on your system.
perl: warning: Falling back to the standard locale ("C").
                                                                        t/textarea.t ......... ok
===(     267;0  37/47  27/27   3/12  3/3  1/4  0/?   0/17   1/26... )======(     268;0  37/47  27/27   3/12  3/3  1/4  0/?   1/17   1/26... )======(     270;0  37/47  27/27   3/12  3/3  1/4  0/?   1/17   1/26... )===                                                                        t/pullparser.t ....... ok
===(     271;0  37/47  27/27   3/12  1/4  0/?   1/17   2/26  2/3... )===perl: warning: Setting locale failed.
perl: warning: Please check that your locale settings:
	LANGUAGE = (unset),
	LC_ALL = (unset),
	LC_COLLATE = "C",
	LC_MESSAGES = "C",
	LANG = "it_IT.UTF-8"
    are supported and installed on your system.
perl: warning: Falling back to the standard locale ("C").
                                                                        t/threads.t .......... skipped: Not configured for threads
===(     276;0  37/47  27/27   4/12  1/4   2/17   3/26  3/3  2/2... )===                                                                        t/unbroken-text.t .... ok
===(     277;0  37/47  27/27   4/12  1/4   3/17   3/26  2/2  0/?... )===perl: warning: Setting locale failed.
perl: warning: Please check that your locale settings:
	LANGUAGE = (unset),
	LC_ALL = (unset),
	LC_COLLATE = "C",
	LC_MESSAGES = "C",
	LANG = "it_IT.UTF-8"
    are supported and installed on your system.
perl: warning: Falling back to the standard locale ("C").
                                                                        t/unicode-bom.t ...... ok
===(     278;0  37/47  27/27   4/12  1/4   4/17   3/26  0/?  0/? )======                                                                        t/cases.t ............ ok
===(     284;0  39/47   5/12  2/4   5/17   4/26  0/?  0/? )=============perl: warning: Setting locale failed.
perl: warning: Please check that your locale settings:
	LANGUAGE = (unset),
	LC_ALL = (unset),
	LC_COLLATE = "C",
	LC_MESSAGES = "C",
	LANG = "it_IT.UTF-8"
    are supported and installed on your system.
perl: warning: Falling back to the standard locale ("C").
perl: warning: Setting locale failed.
perl: warning: Please check that your locale settings:
	LANGUAGE = (unset),
	LC_ALL = (unset),
	LC_COLLATE = "C",
	LC_MESSAGES = "C",
	LANG = "it_IT.UTF-8"
    are supported and installed on your system.
perl: warning: Falling back to the standard locale ("C").
===(     297;0  41/47   7/12  4/4   8/17   7/26    0/107  1/8 )============(     299;0  41/47   8/12  4/4   8/17   7/26    1/107  1/8 )=========perl: warning: Setting locale failed.
perl: warning: Please check that your locale settings:
	LANGUAGE = (unset),
	LC_ALL = (unset),
	LC_COLLATE = "C",
	LC_MESSAGES = "C",
	LANG = "it_IT.UTF-8"
    are supported and installed on your system.
perl: warning: Falling back to the standard locale ("C").
                                                                        t/skipped-text.t ..... ok
===(     300;0  42/47   8/12   8/17   7/26    1/107  1/8 )==============                                                                        t/process.t .......... ok
===(     325;0  46/47  13/17  12/26    3/107  6/8 )=====================perl: warning: Setting locale failed.
perl: warning: Please check that your locale settings:
	LANGUAGE = (unset),
	LC_ALL = (unset),
	LC_COLLATE = "C",
	LC_MESSAGES = "C",
	LANG = "it_IT.UTF-8"
    are supported and installed on your system.
perl: warning: Falling back to the standard locale ("C").
                                                                        t/callback.t ......... ok
===(     330;0  14/17  13/26    4/107  7/8 )============================                                                                        t/xml-mode.t ......... ok
===(     335;0  15/17  15/26    5/107 )=================================perl: warning: Setting locale failed.
perl: warning: Please check that your locale settings:
	LANGUAGE = (unset),
	LC_ALL = (unset),
	LC_COLLATE = "C",
	LC_MESSAGES = "C",
	LANG = "it_IT.UTF-8"
    are supported and installed on your system.
perl: warning: Falling back to the standard locale ("C").
                                                                        t/tokeparser.t ....... ok
===(     340;0  17/26    6/107 )========================================perl: warning: Setting locale failed.
perl: warning: Please check that your locale settings:
	LANGUAGE = (unset),
	LC_ALL = (unset),
	LC_COLLATE = "C",
	LC_MESSAGES = "C",
	LANG = "it_IT.UTF-8"
    are supported and installed on your system.
perl: warning: Falling back to the standard locale ("C").
                                                                        t/uentities.t ........ ok
t/unicode.t .......... t/unicode.t .......... 12/107                                 t/unicode.t .......... ok
All tests successful.
Files=47, Tests=450,  0 wallclock secs ( 0.11 usr  0.03 sys +  1.85 cusr  0.42 csys =  2.41 CPU)
Result: PASS
>>> Completed testing dev-perl/HTML-Parser-3.720.0

>>> Install dev-perl/HTML-Parser-3.720.0 into /tmp/portage/dev-perl/HTML-Parser-3.720.0/image/
make -j12 pure_install 
"/usr/bin/perl" -MExtUtils::Command::MM -e 'cp_nonempty' -- Parser.bs blib/arch/auto/HTML/Parser/Parser.bs 644
perl: warning: Setting locale failed.
perl: warning: Please check that your locale settings:
	LANGUAGE = (unset),
	LC_ALL = (unset),
	LC_COLLATE = "C",
	LC_MESSAGES = "C",
	LANG = "it_IT.UTF-8"
    are supported and installed on your system.
perl: warning: Falling back to the standard locale ("C").
perl: warning: Setting locale failed.
perl: warning: Please check that your locale settings:
	LANGUAGE = (unset),
	LC_ALL = (unset),
	LC_COLLATE = "C",
	LC_MESSAGES = "C",
	LANG = "it_IT.UTF-8"
    are supported and installed on your system.
perl: warning: Falling back to the standard locale ("C").
Files found in blib/arch: installing files in blib/lib into architecture dependent library tree
Installing /tmp/portage/dev-perl/HTML-Parser-3.720.0/image/usr/lib64/perl5/vendor_perl/5.30.2/x86_64-linux/auto/HTML/Parser/Parser.so
Installing /tmp/portage/dev-perl/HTML-Parser-3.720.0/image/usr/lib64/perl5/vendor_perl/5.30.2/x86_64-linux/HTML/PullParser.pm
Installing /tmp/portage/dev-perl/HTML-Parser-3.720.0/image/usr/lib64/perl5/vendor_perl/5.30.2/x86_64-linux/HTML/TokeParser.pm
Installing /tmp/portage/dev-perl/HTML-Parser-3.720.0/image/usr/lib64/perl5/vendor_perl/5.30.2/x86_64-linux/HTML/Parser.pm
Installing /tmp/portage/dev-perl/HTML-Parser-3.720.0/image/usr/lib64/perl5/vendor_perl/5.30.2/x86_64-linux/HTML/Entities.pm
Installing /tmp/portage/dev-perl/HTML-Parser-3.720.0/image/usr/lib64/perl5/vendor_perl/5.30.2/x86_64-linux/HTML/Filter.pm
Installing /tmp/portage/dev-perl/HTML-Parser-3.720.0/image/usr/lib64/perl5/vendor_perl/5.30.2/x86_64-linux/HTML/LinkExtor.pm
Installing /tmp/portage/dev-perl/HTML-Parser-3.720.0/image/usr/lib64/perl5/vendor_perl/5.30.2/x86_64-linux/HTML/HeadParser.pm
 [32;01m*[0m Fixing packlist file /usr/lib64/perl5/vendor_perl/5.30.2/x86_64-linux/auto/HTML/Parser/.packlist
>>> Completed installing dev-perl/HTML-Parser-3.720.0 into /tmp/portage/dev-perl/HTML-Parser-3.720.0/image/

 [32;01m*[0m Final size of build directory: 912 KiB
 [32;01m*[0m Final size of installed tree:  276 KiB

strip: x86_64-pc-linux-gnu-strip --strip-unneeded -N __gentoo_check_ldflags__ -R .comment -R .GCC.command.line -R .note.gnu.gold-version
   /usr/lib64/perl5/vendor_perl/5.30.2/x86_64-linux/auto/HTML/Parser/Parser.so
./
./usr/
./usr/lib/
./usr/lib/debug/
./usr/lib/debug/usr/
./usr/lib/debug/usr/lib64/
./usr/lib/debug/usr/lib64/perl5/
./usr/lib/debug/usr/lib64/perl5/vendor_perl/
./usr/lib/debug/usr/lib64/perl5/vendor_perl/5.30.2/
./usr/lib/debug/usr/lib64/perl5/vendor_perl/5.30.2/x86_64-linux/
./usr/lib/debug/usr/lib64/perl5/vendor_perl/5.30.2/x86_64-linux/auto/
./usr/lib/debug/usr/lib64/perl5/vendor_perl/5.30.2/x86_64-linux/auto/HTML/
./usr/lib/debug/usr/lib64/perl5/vendor_perl/5.30.2/x86_64-linux/auto/HTML/Parser/
./usr/lib/debug/usr/lib64/perl5/vendor_perl/5.30.2/x86_64-linux/auto/HTML/Parser/Parser.so.debug
./usr/share/
./usr/share/doc/
./usr/share/doc/HTML-Parser-3.720.0/
./usr/share/doc/HTML-Parser-3.720.0/TODO.bz2
./usr/share/doc/HTML-Parser-3.720.0/README.bz2
./usr/share/doc/HTML-Parser-3.720.0/Changes.bz2
./usr/lib64/
./usr/lib64/perl5/
./usr/lib64/perl5/vendor_perl/
./usr/lib64/perl5/vendor_perl/5.30.2/
./usr/lib64/perl5/vendor_perl/5.30.2/x86_64-linux/
./usr/lib64/perl5/vendor_perl/5.30.2/x86_64-linux/HTML/
./usr/lib64/perl5/vendor_perl/5.30.2/x86_64-linux/HTML/PullParser.pm
./usr/lib64/perl5/vendor_perl/5.30.2/x86_64-linux/HTML/TokeParser.pm
./usr/lib64/perl5/vendor_perl/5.30.2/x86_64-linux/HTML/Parser.pm
./usr/lib64/perl5/vendor_perl/5.30.2/x86_64-linux/HTML/Entities.pm
./usr/lib64/perl5/vendor_perl/5.30.2/x86_64-linux/HTML/Filter.pm
./usr/lib64/perl5/vendor_perl/5.30.2/x86_64-linux/HTML/LinkExtor.pm
./usr/lib64/perl5/vendor_perl/5.30.2/x86_64-linux/HTML/HeadParser.pm
./usr/lib64/perl5/vendor_perl/5.30.2/x86_64-linux/auto/
./usr/lib64/perl5/vendor_perl/5.30.2/x86_64-linux/auto/HTML/
./usr/lib64/perl5/vendor_perl/5.30.2/x86_64-linux/auto/HTML/Parser/
./usr/lib64/perl5/vendor_perl/5.30.2/x86_64-linux/auto/HTML/Parser/.packlist
./usr/lib64/perl5/vendor_perl/5.30.2/x86_64-linux/auto/HTML/Parser/Parser.so
>>> Done.
 [32;01m*[39;49;00m checking 13 files for package collisions
>>> Merging dev-perl/HTML-Parser-3.720.0 to /
--- /usr/
--- /usr/lib64/
--- /usr/lib64/perl5/
--- /usr/lib64/perl5/vendor_perl/
--- /usr/lib64/perl5/vendor_perl/5.30.2/
>>> /usr/lib64/perl5/vendor_perl/5.30.2/x86_64-linux/
>>> /usr/lib64/perl5/vendor_perl/5.30.2/x86_64-linux/auto/
>>> /usr/lib64/perl5/vendor_perl/5.30.2/x86_64-linux/auto/HTML/
>>> /usr/lib64/perl5/vendor_perl/5.30.2/x86_64-linux/auto/HTML/Parser/
>>> /usr/lib64/perl5/vendor_perl/5.30.2/x86_64-linux/auto/HTML/Parser/Parser.so
>>> /usr/lib64/perl5/vendor_perl/5.30.2/x86_64-linux/auto/HTML/Parser/.packlist
>>> /usr/lib64/perl5/vendor_perl/5.30.2/x86_64-linux/HTML/
>>> /usr/lib64/perl5/vendor_perl/5.30.2/x86_64-linux/HTML/HeadParser.pm
>>> /usr/lib64/perl5/vendor_perl/5.30.2/x86_64-linux/HTML/LinkExtor.pm
>>> /usr/lib64/perl5/vendor_perl/5.30.2/x86_64-linux/HTML/Filter.pm
>>> /usr/lib64/perl5/vendor_perl/5.30.2/x86_64-linux/HTML/Entities.pm
>>> /usr/lib64/perl5/vendor_perl/5.30.2/x86_64-linux/HTML/Parser.pm
>>> /usr/lib64/perl5/vendor_perl/5.30.2/x86_64-linux/HTML/TokeParser.pm
>>> /usr/lib64/perl5/vendor_perl/5.30.2/x86_64-linux/HTML/PullParser.pm
--- /usr/share/
--- /usr/share/doc/
>>> /usr/share/doc/HTML-Parser-3.720.0/
>>> /usr/share/doc/HTML-Parser-3.720.0/Changes.bz2
>>> /usr/share/doc/HTML-Parser-3.720.0/README.bz2
>>> /usr/share/doc/HTML-Parser-3.720.0/TODO.bz2
--- /usr/lib/
--- /usr/lib/debug/
--- /usr/lib/debug/usr/
--- /usr/lib/debug/usr/lib64/
--- /usr/lib/debug/usr/lib64/perl5/
--- /usr/lib/debug/usr/lib64/perl5/vendor_perl/
>>> /usr/lib/debug/usr/lib64/perl5/vendor_perl/5.30.2/
>>> /usr/lib/debug/usr/lib64/perl5/vendor_perl/5.30.2/x86_64-linux/
>>> /usr/lib/debug/usr/lib64/perl5/vendor_perl/5.30.2/x86_64-linux/auto/
>>> /usr/lib/debug/usr/lib64/perl5/vendor_perl/5.30.2/x86_64-linux/auto/HTML/
>>> /usr/lib/debug/usr/lib64/perl5/vendor_perl/5.30.2/x86_64-linux/auto/HTML/Parser/
>>> /usr/lib/debug/usr/lib64/perl5/vendor_perl/5.30.2/x86_64-linux/auto/HTML/Parser/Parser.so.debug
>>> dev-perl/HTML-Parser-3.720.0 merged.
>>> Regenerating /etc/ld.so.cache...
