[32;01m * [39;49;00mPackage:    dev-perl/XML-XPath-1.420.0
[32;01m * [39;49;00mRepository: gentoo
[32;01m * [39;49;00mMaintainer: perl@gentoo.org
[32;01m * [39;49;00mUSE:        abi_x86_64 amd64 elibc_glibc kernel_linux test userland_GNU
[32;01m * [39;49;00mFEATURES:   network-sandbox preserve-libs sandbox splitdebug test userpriv usersandbox
>>> Unpacking source...
>>> Unpacking XML-XPath-1.42.tar.gz to /tmp/portage/dev-perl/XML-XPath-1.420.0/work
>>> Source unpacked in /tmp/portage/dev-perl/XML-XPath-1.420.0/work
>>> Preparing source in /tmp/portage/dev-perl/XML-XPath-1.420.0/work/XML-XPath-1.42 ...
>>> Source prepared.
>>> Configuring source in /tmp/portage/dev-perl/XML-XPath-1.420.0/work/XML-XPath-1.42 ...
perl: warning: Setting locale failed.
perl: warning: Please check that your locale settings:
	LANGUAGE = (unset),
	LC_ALL = (unset),
	LC_COLLATE = "C",
	LC_MESSAGES = "C",
	LANG = "it_IT.UTF-8"
    are supported and installed on your system.
perl: warning: Falling back to the standard locale ("C").
 [32;01m*[0m Using ExtUtils::MakeMaker
 [32;01m*[0m perl Makefile.PL PREFIX=/usr INSTALLDIRS=vendor INSTALLMAN3DIR=none DESTDIR=/tmp/portage/dev-perl/XML-XPath-1.420.0/image/
perl: warning: Setting locale failed.
perl: warning: Please check that your locale settings:
	LANGUAGE = (unset),
	LC_ALL = (unset),
	LC_COLLATE = "C",
	LC_MESSAGES = "C",
	LANG = "it_IT.UTF-8"
    are supported and installed on your system.
perl: warning: Falling back to the standard locale ("C").
Checking if your kit is complete...
Looks good
Generating a Unix-style Makefile
Writing Makefile for XML::XPath
Writing MYMETA.yml and MYMETA.json
>>> Source configured.
>>> Compiling source in /tmp/portage/dev-perl/XML-XPath-1.420.0/work/XML-XPath-1.42 ...
 [32;01m*[0m emake OTHERLDFLAGS=-Wl,-O1 -Wl,--as-needed -Wl,--defsym=__gentoo_check_ldflags__=0 -Wl,--hash-style=gnu -Wl,-z,norelro
make -j12 'OTHERLDFLAGS=-Wl,-O1 -Wl,--as-needed -Wl,--defsym=__gentoo_check_ldflags__=0 -Wl,--hash-style=gnu -Wl,-z,norelro' 
perl: warning: Setting locale failed.
perl: warning: Setting locale failed.
perl: warning: Please check that your locale settings:
perl: warning: Please check that your locale settings:
	LANGUAGE = (unset),
	LANGUAGE = (unset),
	LC_ALL = (unset),
	LC_COLLATE = "C",
	LC_ALL = (unset),
	LC_COLLATE = "C",
	LC_MESSAGES = "C",
	LANG = "it_IT.UTF-8"
	LC_MESSAGES = "C",
	LANG = "it_IT.UTF-8"
    are supported and installed on your system.
    are supported and installed on your system.
perl: warning: Falling back to the standard locale ("C").
perl: warning: Falling back to the standard locale ("C").
perl: warning: Setting locale failed.
perl: warning: Please check that your locale settings:
	LANGUAGE = (unset),
	LC_ALL = (unset),
	LC_COLLATE = "C",
	LC_MESSAGES = "C",
	LANG = "it_IT.UTF-8"
    are supported and installed on your system.
perl: warning: Falling back to the standard locale ("C").
perl: warning: Setting locale failed.
perl: warning: Please check that your locale settings:
	LANGUAGE = (unset),
	LC_ALL = (unset),
perl: warning: Setting locale failed.
	LC_COLLATE = "C",
perl: warning: Please check that your locale settings:
	LC_MESSAGES = "C",
	LANGUAGE = (unset),
	LANG = "it_IT.UTF-8"
	LC_ALL = (unset),
    are supported and installed on your system.
	LC_COLLATE = "C",
	LC_MESSAGES = "C",
	LANG = "it_IT.UTF-8"
    are supported and installed on your system.
perl: warning: Falling back to the standard locale ("C").
perl: warning: Falling back to the standard locale ("C").
perl: warning: Setting locale failed.
perl: warning: Please check that your locale settings:
	LANGUAGE = (unset),
	LC_ALL = (unset),
	LC_COLLATE = "C",
	LC_MESSAGES = "C",
	LANG = "it_IT.UTF-8"
    are supported and installed on your system.
perl: warning: Falling back to the standard locale ("C").
perl: warning: Setting locale failed.
perl: warning: Please check that your locale settings:
	LANGUAGE = (unset),
	LC_ALL = (unset),
	LC_COLLATE = "C",
	LC_MESSAGES = "C",
	LANG = "it_IT.UTF-8"
    are supported and installed on your system.
perl: warning: Falling back to the standard locale ("C").
perl: warning: Setting locale failed.
perl: warning: Please check that your locale settings:
	LANGUAGE = (unset),
	LC_ALL = (unset),
	LC_COLLATE = "C",
	LC_MESSAGES = "C",
	LANG = "it_IT.UTF-8"
    are supported and installed on your system.
perl: warning: Falling back to the standard locale ("C").
perl: warning: Setting locale failed.
perl: warning: Please check that your locale settings:
	LANGUAGE = (unset),
	LC_ALL = (unset),
	LC_COLLATE = "C",
	LC_MESSAGES = "C",
	LANG = "it_IT.UTF-8"
    are supported and installed on your system.
perl: warning: Falling back to the standard locale ("C").
cp lib/XML/XPath/PerlSAX.pm blib/lib/XML/XPath/PerlSAX.pm
cp lib/XML/XPath/Function.pm blib/lib/XML/XPath/Function.pm
cp lib/XML/XPath/Node/PI.pm blib/lib/XML/XPath/Node/PI.pm
cp lib/XML/XPath/XMLParser.pm blib/lib/XML/XPath/XMLParser.pm
cp lib/XML/XPath/Variable.pm blib/lib/XML/XPath/Variable.pm
cp lib/XML/XPath/Builder.pm blib/lib/XML/XPath/Builder.pm
cp lib/XML/XPath/Literal.pm blib/lib/XML/XPath/Literal.pm
cp lib/XML/XPath/Step.pm blib/lib/XML/XPath/Step.pm
cp lib/XML/XPath/Node.pm blib/lib/XML/XPath/Node.pm
cp lib/XML/XPath/Node/Attribute.pm blib/lib/XML/XPath/Node/Attribute.pm
cp lib/XML/XPath/Node/Element.pm blib/lib/XML/XPath/Node/Element.pm
cp lib/XML/XPath/Boolean.pm blib/lib/XML/XPath/Boolean.pm
cp lib/XML/XPath.pm blib/lib/XML/XPath.pm
cp lib/XML/XPath/Parser.pm blib/lib/XML/XPath/Parser.pm
cp lib/XML/XPath/Node/Namespace.pm blib/lib/XML/XPath/Node/Namespace.pm
cp lib/XML/XPath/Root.pm blib/lib/XML/XPath/Root.pm
cp lib/XML/XPath/LocationPath.pm blib/lib/XML/XPath/LocationPath.pm
cp lib/XML/XPath/Number.pm blib/lib/XML/XPath/Number.pm
cp lib/XML/XPath/Expr.pm blib/lib/XML/XPath/Expr.pm
cp lib/XML/XPath/NodeSet.pm blib/lib/XML/XPath/NodeSet.pm
cp lib/XML/XPath/Node/Text.pm blib/lib/XML/XPath/Node/Text.pm
cp lib/XML/XPath/Node/Comment.pm blib/lib/XML/XPath/Node/Comment.pm
cp examples/xpath blib/script/xpath
"/usr/bin/perl" -MExtUtils::MY -e 'MY->fixin(shift)' -- blib/script/xpath
perl: warning: Setting locale failed.
perl: warning: Please check that your locale settings:
	LANGUAGE = (unset),
	LC_ALL = (unset),
	LC_COLLATE = "C",
	LC_MESSAGES = "C",
	LANG = "it_IT.UTF-8"
    are supported and installed on your system.
perl: warning: Falling back to the standard locale ("C").
perl: warning: Setting locale failed.
perl: warning: Please check that your locale settings:
	LANGUAGE = (unset),
	LC_ALL = (unset),
	LC_COLLATE = "C",
	LC_MESSAGES = "C",
	LANG = "it_IT.UTF-8"
    are supported and installed on your system.
perl: warning: Falling back to the standard locale ("C").
Manifying 1 pod document
>>> Source compiled.
>>> Test phase: dev-perl/XML-XPath-1.420.0
 [32;01m*[0m Removing un-needed t/meta-json.t
 [32;01m*[0m Removing un-needed t/meta-yml.t
 [32;01m*[0m Fixing Manifest
 [32;01m*[0m Test::Harness Jobs=12
make -j12 test TEST_VERBOSE=0 
PERL_DL_NONLAZY=1 "/usr/bin/perl" "-MExtUtils::Command::MM" "-MTest::Harness" "-e" "undef *Test::Harness::Switches; test_harness(0, 'blib/lib', 'blib/arch')" t/*.t
perl: warning: Setting locale failed.
perl: warning: Please check that your locale settings:
	LANGUAGE = (unset),
	LC_ALL = (unset),
	LC_COLLATE = "C",
	LC_MESSAGES = "C",
	LANG = "it_IT.UTF-8"
    are supported and installed on your system.
perl: warning: Falling back to the standard locale ("C").
perl: warning: Setting locale failed.
perl: warning: Please check that your locale settings:
	LANGUAGE = (unset),
	LC_ALL = (unset),
	LC_COLLATE = "C",
	LC_MESSAGES = "C",
	LANG = "it_IT.UTF-8"
    are supported and installed on your system.
perl: warning: Falling back to the standard locale ("C").
perl: warning: Setting locale failed.
perl: warning: Please check that your locale settings:
	LANGUAGE = (unset),
	LC_ALL = (unset),
	LC_COLLATE = "C",
	LC_MESSAGES = "C",
	LANG = "it_IT.UTF-8"
    are supported and installed on your system.
perl: warning: Falling back to the standard locale ("C").
===(       1;0   0/22  1/5  0/4  0/5  0/4  0/6  0/5  0/7  0/5  0... )===perl: warning: Setting locale failed.
perl: warning: Please check that your locale settings:
	LANGUAGE = (unset),
	LC_ALL = (unset),
	LC_COLLATE = "C",
	LC_MESSAGES = "C",
	LANG = "it_IT.UTF-8"
    are supported and installed on your system.
perl: warning: Falling back to the standard locale ("C").
perl: warning: Setting locale failed.
perl: warning: Please check that your locale settings:
	LANGUAGE = (unset),
	LC_ALL = (unset),
	LC_COLLATE = "C",
	LC_MESSAGES = "C",
	LANG = "it_IT.UTF-8"
    are supported and installed on your system.
perl: warning: Falling back to the standard locale ("C").
===(       6;0   0/22  5/5  1/4  0/5  0/4  0/6  0/5  0/7  0/5  0... )===perl: warning: Setting locale failed.
perl: warning: Please check that your locale settings:
	LANGUAGE = (unset),
	LC_ALL = (unset),
	LC_COLLATE = "C",
	LC_MESSAGES = "C",
	LANG = "it_IT.UTF-8"
    are supported and installed on your system.
perl: warning: Falling back to the standard locale ("C").
===(       7;0   0/22  5/5  1/4  1/5  0/4  0/6  0/5  0/7  0/5  0... )======(       8;0   0/22  5/5  1/4  1/5  1/4  0/6  0/5  0/7  0/5  0... )======(       9;0   0/22  5/5  1/4  1/5  1/4  1/6  0/5  0/7  0/5  0... )===perl: warning: Setting locale failed.
perl: warning: Please check that your locale settings:
	LANGUAGE = (unset),
	LC_ALL = (unset),
	LC_COLLATE = "C",
	LC_MESSAGES = "C",
	LANG = "it_IT.UTF-8"
    are supported and installed on your system.
perl: warning: Falling back to the standard locale ("C").
===(      10;0   0/22  5/5  1/4  1/5  1/4  1/6  1/5  0/7  0/5  0... )===                                                                        t/01basic.t ................... ok
===(      10;0   0/22  1/4  1/5  1/4  1/6  1/5  0/7  0/5  0/5  0... )======(      20;0   0/22  3/4  3/5  3/4  3/6  2/5  1/7  0/5  0/5  0... )======(      21;0   0/22  3/4  3/5  3/4  3/6  2/5  1/7  1/5  0/5  0... )===perl: warning: Setting locale failed.
perl: warning: Please check that your locale settings:
	LANGUAGE = (unset),
	LC_ALL = (unset),
	LC_COLLATE = "C",
	LC_MESSAGES = "C",
	LANG = "it_IT.UTF-8"
    are supported and installed on your system.
perl: warning: Falling back to the standard locale ("C").
===(      24;0   0/22  3/4  3/5  3/4  3/6  2/5  2/7  2/5  1/5  0... )======(      25;0   0/22  3/4  3/5  3/4  3/6  2/5  2/7  2/5  1/5  1... )===perl: warning: Setting locale failed.
perl: warning: Please check that your locale settings:
	LANGUAGE = (unset),
	LC_ALL = (unset),
	LC_COLLATE = "C",
	LC_MESSAGES = "C",
	LANG = "it_IT.UTF-8"
    are supported and installed on your system.
perl: warning: Falling back to the standard locale ("C").
===(      26;0   0/22  3/4  3/5  3/4  3/6  2/5  2/7  2/5  1/5  1... )===                                                                        t/02descendant.t .............. ok
===(      28;0   0/22  4/5  3/4  3/6  2/5  2/7  2/5  1/5  1/5  1... )===                                                                        t/03star.t .................... ok
===(      30;0   0/22  4/4  3/6  2/5  2/7  2/5  1/5  1/5  1/6  0... )===perl: warning: Setting locale failed.
perl: warning: Please check that your locale settings:
	LANGUAGE = (unset),
	LC_ALL = (unset),
	LC_COLLATE = "C",
	LC_MESSAGES = "C",
	LANG = "it_IT.UTF-8"
    are supported and installed on your system.
perl: warning: Falling back to the standard locale ("C").
perl: warning: Setting locale failed.
perl: warning: Please check that your locale settings:
	LANGUAGE = (unset),
	LC_ALL = (unset),
	LC_COLLATE = "C",
	LC_MESSAGES = "C",
	LANG = "it_IT.UTF-8"
    are supported and installed on your system.
perl: warning: Falling back to the standard locale ("C").
                                                                        t/04pos.t ..................... ok
===(      30;0   0/22  3/6  2/5  2/7  2/5  1/5  1/5  1/6  0/6  0... )======(      31;0   1/22  3/6  2/5  2/7  2/5  1/5  1/5  1/6  0/6  0... )===perl: warning: Setting locale failed.
perl: warning: Please check that your locale settings:
	LANGUAGE = (unset),
	LC_ALL = (unset),
	LC_COLLATE = "C",
	LC_MESSAGES = "C",
	LANG = "it_IT.UTF-8"
    are supported and installed on your system.
perl: warning: Falling back to the standard locale ("C").
perl: warning: Setting locale failed.
perl: warning: Please check that your locale settings:
	LANGUAGE = (unset),
	LC_ALL = (unset),
	LC_COLLATE = "C",
	LC_MESSAGES = "C",
	LANG = "it_IT.UTF-8"
    are supported and installed on your system.
perl: warning: Falling back to the standard locale ("C").
perl: warning: Setting locale failed.
perl: warning: Please check that your locale settings:
	LANGUAGE = (unset),
	LC_ALL = (unset),
	LC_COLLATE = "C",
	LC_MESSAGES = "C",
	LANG = "it_IT.UTF-8"
    are supported and installed on your system.
perl: warning: Falling back to the standard locale ("C").
                                                                        t/05attrib.t .................. ok
===(      50;0   4/22  5/5  4/7  4/5  3/5  3/5  3/6  0/6  0/6  0... )===                                                                        t/06attrib_val.t .............. ok
===(      52;0   6/22  4/7  4/5  3/5  3/5  3/6  0/6  0/6  0/4  0... )===perl: warning: Setting locale failed.
perl: warning: Please check that your locale settings:
	LANGUAGE = (unset),
	LC_ALL = (unset),
	LC_COLLATE = "C",
	LC_MESSAGES = "C",
	LANG = "it_IT.UTF-8"
    are supported and installed on your system.
perl: warning: Falling back to the standard locale ("C").
perl: warning: Setting locale failed.
perl: warning: Please check that your locale settings:
	LANGUAGE = (unset),
	LC_ALL = (unset),
	LC_COLLATE = "C",
	LC_MESSAGES = "C",
	LANG = "it_IT.UTF-8"
    are supported and installed on your system.
perl: warning: Falling back to the standard locale ("C").
                                                                        t/08name.t .................... ok
===(      58;0   8/22  6/7  4/5  3/5  3/6  0/6  0/6  0/4  0/5  0... )======(      60;0   9/22  6/7  4/5  3/5  3/6  1/6  0/6  0/4  0/5  0... )===perl: warning: Setting locale failed.
perl: warning: Please check that your locale settings:
	LANGUAGE = (unset),
	LC_ALL = (unset),
	LC_COLLATE = "C",
	LC_MESSAGES = "C",
	LANG = "it_IT.UTF-8"
    are supported and installed on your system.
perl: warning: Falling back to the standard locale ("C").
                                                                        t/07count.t ................... ok
===(      62;0  10/22  4/5  3/5  3/6  1/6  0/6  0/4  0/5  0/6  0... )======(      66;0  12/22  4/5  3/5  3/6  2/6  1/6  0/4  0/5  0/6  0... )===perl: warning: Setting locale failed.
perl: warning: Please check that your locale settings:
	LANGUAGE = (unset),
	LC_ALL = (unset),
	LC_COLLATE = "C",
	LC_MESSAGES = "C",
	LANG = "it_IT.UTF-8"
    are supported and installed on your system.
perl: warning: Falling back to the standard locale ("C").
===(      68;1  12/22  5/5  4/5  3/6  2/6  1/6  0/4  0/5  0/6  0... )===                                                                        t/09a_string_length.t ......... ok
===(      68;1  12/22  4/5  3/6  2/6  1/6  0/4  0/5  0/6  0/7  0... )======(      74;1  14/22  4/5  3/6  3/6  3/6  1/4  0/5  0/6  0/7  0... )===perl: warning: Setting locale failed.
perl: warning: Please check that your locale settings:
	LANGUAGE = (unset),
	LC_ALL = (unset),
	LC_COLLATE = "C",
	LC_MESSAGES = "C",
	LANG = "it_IT.UTF-8"
    are supported and installed on your system.
perl: warning: Falling back to the standard locale ("C").
                                                                        t/09string_length.t ........... ok
===(      76;1  14/22  4/6  3/6  3/6  1/4  0/5  0/6  0/7  0/4  0... )======(      82;1  16/22  4/6  4/6  4/6  2/4  1/5  0/6  0/7  0/4  0... )===perl: warning: Setting locale failed.
perl: warning: Please check that your locale settings:
	LANGUAGE = (unset),
	LC_ALL = (unset),
	LC_COLLATE = "C",
	LC_MESSAGES = "C",
	LANG = "it_IT.UTF-8"
    are supported and installed on your system.
perl: warning: Falling back to the standard locale ("C").
                                                                        t/12axisdescendant.t .......... ok
===(      94;1  18/22  6/6  6/6  4/4  3/5  0/6  0/7  0/4  0/4  0... )===perl: warning: Setting locale failed.
perl: warning: Please check that your locale settings:
	LANGUAGE = (unset),
	LC_ALL = (unset),
	LC_COLLATE = "C",
	LC_MESSAGES = "C",
	LANG = "it_IT.UTF-8"
    are supported and installed on your system.
perl: warning: Falling back to the standard locale ("C").
                                                                        t/11axischild.t ............... ok
===(      95;1  19/22  6/6  4/4  3/5  0/6  0/7  0/4  0/4  0/4  0... )===                                                                        t/13axisparent.t .............. ok
===(      97;1  21/22  6/6  3/5  0/6  0/7  0/4  0/4  0/4  0/?  0... )===# Testing XML::XPath 1.42, Perl 5.030002, /usr/bin/perl
                                                                        t/00load.t .................... ok
===(      98;1  6/6  3/5  0/6  0/7  0/4  0/4  0/4  0/?  0/?  0/?... )===perl: warning: Setting locale failed.
perl: warning: Please check that your locale settings:
	LANGUAGE = (unset),
	LC_ALL = (unset),
	LC_COLLATE = "C",
	LC_MESSAGES = "C",
	LANG = "it_IT.UTF-8"
    are supported and installed on your system.
perl: warning: Falling back to the standard locale ("C").
===(     100;1  6/6  4/5  0/6  1/7  0/4  0/4  0/4  0/?   0/11  0... )===                                                                        t/10pipe.t .................... ok
===(     102;1  5/5  0/6  2/7  0/4  0/4  0/4  0/4   0/11  0/?  0... )===                                                                        t/14axisancestor.t ............ ok
===(     102;1  0/6  2/7  0/4  0/4  0/4  0/4   0/11  0/4  0/5  0... )======(     103;1  1/6  2/7  0/4  0/4  0/4  0/4   0/11  0/4  0/5  0... )======(     107;1  2/6  4/7  0/4  1/4  0/4  0/4   0/11  0/4  0/5  0... )===perl: warning: Setting locale failed.
perl: warning: Please check that your locale settings:
	LANGUAGE = (unset),
	LC_ALL = (unset),
	LC_COLLATE = "C",
	LC_MESSAGES = "C",
	LANG = "it_IT.UTF-8"
    are supported and installed on your system.
perl: warning: Falling back to the standard locale ("C").
===(     110;1  3/6  5/7  1/4  1/4  0/4  0/4   0/11  0/4  0/5  0... )===perl: warning: Setting locale failed.
perl: warning: Please check that your locale settings:
	LANGUAGE = (unset),
	LC_ALL = (unset),
	LC_COLLATE = "C",
	LC_MESSAGES = "C",
	LANG = "it_IT.UTF-8"
    are supported and installed on your system.
perl: warning: Falling back to the standard locale ("C").
                                                                        t/16axisprec_sib.t ............ ok
===(     120;1  6/6  3/4  4/4  0/4  0/4   0/11  0/4  0/5  0/9  0... )===                                                                        t/15axisfol_sib.t ............. ok
===(     120;1  3/4  4/4  0/4  0/4   0/11  0/4  0/5  0/9  0/4  0... )======(     121;1  3/4  4/4  0/4  0/4   1/11  0/4  0/5  0/9  0/4  0... )===perl: warning: Setting locale failed.
perl: warning: Please check that your locale settings:
	LANGUAGE = (unset),
	LC_ALL = (unset),
	LC_COLLATE = "C",
	LC_MESSAGES = "C",
	LANG = "it_IT.UTF-8"
    are supported and installed on your system.
perl: warning: Falling back to the standard locale ("C").
===(     122;1  3/4  4/4  0/4  0/4   1/11  0/4  0/5  1/9  0/4  0... )===perl: warning: Setting locale failed.
perl: warning: Please check that your locale settings:
	LANGUAGE = (unset),
	LC_ALL = (unset),
	LC_COLLATE = "C",
	LC_MESSAGES = "C",
	LANG = "it_IT.UTF-8"
    are supported and installed on your system.
perl: warning: Falling back to the standard locale ("C").
                                                                        t/18axispreceding.t ........... ok
===(     123;1  4/4  0/4  0/4   1/11  0/4  0/5  1/9  0/4  0/4  0... )===                                                                        t/17axisfollowing.t ........... ok
===(     125;1  0/4  0/4   2/11  0/4  0/5  2/9  0/4  0/4  0/3  0... )======(     128;1  0/4  0/4   3/11  0/4  1/5  3/9  0/4  0/4  0/3  0... )======(     131;1  1/4  0/4   3/11  0/4  2/5  4/9  0/4  0/4  0/3  0... )===perl: warning: Setting locale failed.
perl: warning: Please check that your locale settings:
	LANGUAGE = (unset),
	LC_ALL = (unset),
	LC_COLLATE = "C",
	LC_MESSAGES = "C",
	LANG = "it_IT.UTF-8"
    are supported and installed on your system.
perl: warning: Falling back to the standard locale ("C").
===(     134;1  2/4  0/4   4/11  1/4  2/5  4/9  0/4  0/4  0/3  0... )======(     142;1  3/4  1/4   5/11  2/4  4/5  6/9  0/4  0/4  0/3  0... )===perl: warning: Setting locale failed.
perl: warning: Please check that your locale settings:
	LANGUAGE = (unset),
	LC_ALL = (unset),
	LC_COLLATE = "C",
	LC_MESSAGES = "C",
	LANG = "it_IT.UTF-8"
    are supported and installed on your system.
perl: warning: Falling back to the standard locale ("C").
===(     149;1  4/4  2/4   6/11  4/4  4/5  7/9  1/4  0/4  0/3  0... )======(     152;1  4/4  2/4   7/11  4/4  5/5  7/9  1/4  1/4  0/3  0... )===                                                                        t/23func.t .................... ok
===(     153;1  4/4  2/4   7/11  4/4  8/9  1/4  1/4  0/3  0/5  0... )===perl: warning: Setting locale failed.
perl: warning: Please check that your locale settings:
	LANGUAGE = (unset),
	LC_ALL = (unset),
	LC_COLLATE = "C",
	LC_MESSAGES = "C",
	LANG = "it_IT.UTF-8"
    are supported and installed on your system.
perl: warning: Falling back to the standard locale ("C").
                                                                        t/22name_select.t ............. ok
===(     154;1  4/4  2/4   7/11  9/9  1/4  1/4  0/3  0/5  0/4  0... )===                                                                        t/24namespaces.t .............. ok
===(     154;1  4/4  2/4   7/11  1/4  1/4  0/3  0/5  0/4  0/4  0... )===perl: warning: Setting locale failed.
perl: warning: Please check that your locale settings:
	LANGUAGE = (unset),
	LC_ALL = (unset),
	LC_COLLATE = "C",
	LC_MESSAGES = "C",
	LANG = "it_IT.UTF-8"
    are supported and installed on your system.
perl: warning: Falling back to the standard locale ("C").
===(     158;1  4/4  2/4   8/11  2/4  2/4  1/3  0/5  0/4  0/4  0... )===                                                                        t/19axisd_or_s.t .............. ok
===(     158;1  2/4   8/11  2/4  2/4  1/3  0/5  0/4  0/4  0/3  0... )======(     162;1  2/4   9/11  3/4  3/4  1/3  1/5  0/4  0/4  0/3  0... )===perl: warning: Setting locale failed.
perl: warning: Please check that your locale settings:
	LANGUAGE = (unset),
	LC_ALL = (unset),
	LC_COLLATE = "C",
	LC_MESSAGES = "C",
	LANG = "it_IT.UTF-8"
    are supported and installed on your system.
perl: warning: Falling back to the standard locale ("C").
                                                                        t/25scope.t ................... ok
===(     170;1  4/4  10/11  4/4  3/3  2/5  0/4  0/4  0/3  0/1  0... )======(     171;1  4/4  10/11  4/4  3/3  2/5  0/4  0/4  0/3  0/1  1... )======(     172;1  4/4  10/11  4/4  3/3  2/5  0/4  0/4  0/3  1/1  1... )======(     174;1  4/4  11/11  4/4  3/3  2/5  0/4  0/4  1/3  1/1  1... )===perl: warning: Setting locale failed.
perl: warning: Please check that your locale settings:
	LANGUAGE = (unset),
	LC_ALL = (unset),
	LC_COLLATE = "C",
	LC_MESSAGES = "C",
	LANG = "it_IT.UTF-8"
    are supported and installed on your system.
perl: warning: Falling back to the standard locale ("C").
                                                                        t/26predicate.t ............... ok
===(     174;1  4/4  11/11  3/3  2/5  0/4  0/4  1/3  1/1  1/5  0... )===                                                                        t/32duplicate_nodes.t ......... ok
===(     175;1  4/4  11/11  3/3  2/5  0/4  0/4  1/3  2/5  0/?  0... )===perl: warning: Setting locale failed.
perl: warning: Please check that your locale settings:
	LANGUAGE = (unset),
	LC_ALL = (unset),
	LC_COLLATE = "C",
	LC_MESSAGES = "C",
	LANG = "it_IT.UTF-8"
    are supported and installed on your system.
perl: warning: Falling back to the standard locale ("C").
                                                                        t/21allnodes.t ................ ok
===(     176;1  4/4  3/3  2/5  0/4  0/4  1/3  3/5  0/?  0/?  0/?... )===perl: warning: Setting locale failed.
perl: warning: Please check that your locale settings:
	LANGUAGE = (unset),
	LC_ALL = (unset),
	LC_COLLATE = "C",
	LC_MESSAGES = "C",
	LANG = "it_IT.UTF-8"
    are supported and installed on your system.
perl: warning: Falling back to the standard locale ("C").
                                                                        t/27asxml.t ................... ok
===(     180;1  4/4  3/5  0/4  0/4  2/3  5/5  0/?  0/?  0/?  0/?... )===perl: warning: Setting locale failed.
perl: warning: Please check that your locale settings:
	LANGUAGE = (unset),
	LC_ALL = (unset),
	LC_COLLATE = "C",
	LC_MESSAGES = "C",
	LANG = "it_IT.UTF-8"
    are supported and installed on your system.
perl: warning: Falling back to the standard locale ("C").
                                                                        t/33getnodetext.t ............. ok
===(     180;1  4/4  3/5  0/4  0/4  2/3  0/?  0/?  0/?  0/?  0/?... )======(     183;1  4/4  4/5  1/4  0/4  3/3  0/?  0/3  0/?  0/?  0/?... )===                                                                        t/31dots.t .................... ok
===(     184;1  4/4  5/5  1/4  0/4  0/?  0/3  0/?  0/?  0/?  0/?... )===perl: warning: Setting locale failed.
perl: warning: Please check that your locale settings:
	LANGUAGE = (unset),
	LC_ALL = (unset),
	LC_COLLATE = "C",
	LC_MESSAGES = "C",
	LANG = "it_IT.UTF-8"
    are supported and installed on your system.
perl: warning: Falling back to the standard locale ("C").
                                                                        t/28ancestor2.t ............... ok
===(     184;1  4/4  1/4  0/4  0/3  0/3  0/?  0/?  0/?  0/?  0/?... )======(     186;1  4/4  2/4  1/4  0/3  0/3  0/?  0/?  0/?  0/?  0/?... )===perl: warning: Setting locale failed.
perl: warning: Please check that your locale settings:
	LANGUAGE = (unset),
	LC_ALL = (unset),
	LC_COLLATE = "C",
	LC_MESSAGES = "C",
	LANG = "it_IT.UTF-8"
    are supported and installed on your system.
perl: warning: Falling back to the standard locale ("C").
perl: warning: Setting locale failed.
perl: warning: Please check that your locale settings:
	LANGUAGE = (unset),
	LC_ALL = (unset),
	LC_COLLATE = "C",
	LC_MESSAGES = "C",
	LANG = "it_IT.UTF-8"
    are supported and installed on your system.
perl: warning: Falling back to the standard locale ("C").
perl: warning: Setting locale failed.
perl: warning: Please check that your locale settings:
	LANGUAGE = (unset),
	LC_ALL = (unset),
	LC_COLLATE = "C",
	LC_MESSAGES = "C",
	LANG = "it_IT.UTF-8"
    are supported and installed on your system.
perl: warning: Falling back to the standard locale ("C").
                                                                        t/20axisa_or_s.t .............. ok
===(     187;1  3/4  1/4  0/3  0/3  0/?  0/?  0/?  0/5  0/5  0/7... )======(     188;1  3/4  1/4  1/3  0/3   0/12  0/3  0/5  0/5  0/5  0... )===perl: warning: Setting locale failed.
perl: warning: Please check that your locale settings:
	LANGUAGE = (unset),
	LC_ALL = (unset),
	LC_COLLATE = "C",
	LC_MESSAGES = "C",
	LANG = "it_IT.UTF-8"
    are supported and installed on your system.
perl: warning: Falling back to the standard locale ("C").
===(     191;1  4/4  2/4  1/3  0/3   0/12  0/3  0/5  0/5  0/5  0... )======(     192;1  4/4  2/4  1/3  0/3   0/12  0/3  0/5  1/5  0/5  0... )===                                                                        t/29desc_with_predicate.t ..... ok
===(     192;1  2/4  1/3  0/3   0/12  0/3  0/5  1/5  0/5  0/7  1... )======(     193;1  2/4  1/3  0/3   0/12  0/3  0/5  1/5  1/5  0/7  1... )======(     194;1  2/4  1/3  0/3   0/12  1/3  0/5  1/5  1/5  0/7  1... )======(     195;1  2/4  1/3  0/3   0/12  1/3  1/5  1/5  1/5  0/7  1... )======(     196;1  2/4  1/3  0/3   0/12  1/3  1/5  1/5  1/5  1/7  1... )======(     197;1  2/4  1/3  0/3   1/12  1/3  1/5  1/5  1/5  1/7  1... )===                                                                        t/42create_node.t ............. ok
===(     201;1  3/4  2/3  0/3   1/12  1/3  1/5  2/5  1/5  1/7  0... )===perl: warning: Setting locale failed.
perl: warning: Please check that your locale settings:
	LANGUAGE = (unset),
	LC_ALL = (unset),
	LC_COLLATE = "C",
	LC_MESSAGES = "C",
	LANG = "it_IT.UTF-8"
    are supported and installed on your system.
perl: warning: Falling back to the standard locale ("C").
                                                                        t/30lang.t .................... ok
===(     212;1  3/3  0/3   2/12  2/3  2/5  4/5  3/5  3/7  0/?  0... )===perl: warning: Setting locale failed.
perl: warning: Please check that your locale settings:
	LANGUAGE = (unset),
	LC_ALL = (unset),
	LC_COLLATE = "C",
	LC_MESSAGES = "C",
	LANG = "it_IT.UTF-8"
    are supported and installed on your system.
perl: warning: Falling back to the standard locale ("C").
                                                                        t/34non_abbreviated_attrib.t .. ok
===(     217;1  0/3   3/12  3/3  3/5  4/5  4/5  4/7  0/?  0/6  0... )===perl: warning: Setting locale failed.
perl: warning: Please check that your locale settings:
	LANGUAGE = (unset),
	LC_ALL = (unset),
	LC_COLLATE = "C",
	LC_MESSAGES = "C",
	LANG = "it_IT.UTF-8"
    are supported and installed on your system.
perl: warning: Falling back to the standard locale ("C").
                                                                        t/37concat.t .................. ok
===(     218;1  0/3   3/12  3/5  4/5  5/5  4/7  0/?  0/6  0/?  0... )===                                                                        t/40substring_before.t ........ ok
===(     218;1  0/3   3/12  3/5  4/5  4/7  0/?  0/6  0/?  0/?  0... )======(     219;1  1/3   3/12  3/5  4/5  4/7  0/?  0/6  0/?  0/?  0... )======(     223;1  1/3   4/12  4/5  4/5  5/7  0/?  0/6  1/?  0/?  0... )======(     225;1  1/3   4/12  4/5  5/5  5/7  0/5  1/6  1/?  0/?  0... )===perl: warning: Setting locale failed.
perl: warning: Please check that your locale settings:
	LANGUAGE = (unset),
	LC_ALL = (unset),
	LC_COLLATE = "C",
	LC_MESSAGES = "C",
	LANG = "it_IT.UTF-8"
    are supported and installed on your system.
perl: warning: Falling back to the standard locale ("C").
                                                                        t/39contains.t ................ ok
===(     226;1  1/3   4/12  4/5  6/7  0/5  1/6  1/?  0/?  0/?  0... )======(     232;1  2/3   5/12  5/5  7/7  1/5  1/6  2/?  0/?  0/?  0... )===                                                                        t/41substring_after.t ......... ok
===(     233;1  2/3   5/12  5/5  1/5  2/6  2/?  0/?  0/?  0/?  0... )===perl: warning: Setting locale failed.
perl: warning: Please check that your locale settings:
	LANGUAGE = (unset),
	LC_ALL = (unset),
	LC_COLLATE = "C",
	LC_MESSAGES = "C",
	LANG = "it_IT.UTF-8"
    are supported and installed on your system.
perl: warning: Falling back to the standard locale ("C").
                                                                        t/38starts_with.t ............. ok
===(     234;1  3/3   5/12  1/5  2/6  2/?  0/?  0/?  0/?  0/?  0... )===perl: warning: Setting locale failed.
perl: warning: Please check that your locale settings:
	LANGUAGE = (unset),
	LC_ALL = (unset),
	LC_COLLATE = "C",
	LC_MESSAGES = "C",
	LANG = "it_IT.UTF-8"
    are supported and installed on your system.
perl: warning: Falling back to the standard locale ("C").
                                                                        t/35namespace_uri.t ........... ok
===(     234;1   5/12  1/5  2/6  2/?  0/?  0/?  0/?  0/?  0/?  0... )===perl: warning: Setting locale failed.
perl: warning: Please check that your locale settings:
	LANGUAGE = (unset),
	LC_ALL = (unset),
	LC_COLLATE = "C",
	LC_MESSAGES = "C",
	LANG = "it_IT.UTF-8"
    are supported and installed on your system.
perl: warning: Falling back to the standard locale ("C").
perl: warning: Setting locale failed.
perl: warning: Please check that your locale settings:
	LANGUAGE = (unset),
	LC_ALL = (unset),
	LC_COLLATE = "C",
	LC_MESSAGES = "C",
	LANG = "it_IT.UTF-8"
    are supported and installed on your system.
perl: warning: Falling back to the standard locale ("C").
===(     239;1   6/12  2/5  3/6  3/?  0/?  0/?  0/?  1/?  0/?  0... )======(     240;1   6/12  2/5  3/6  3/?  0/?  0/?  0/?  1/?  1/?  0... )======(     243;1   6/12  2/5  4/6  4/?  1/?  0/?  0/?  1/?  1/?  0... )======(     244;1   6/12  2/5  4/6  4/?  1/?  1/?  0/?  1/?  1/?  0... )======(     247;1   7/12  3/5  4/6  4/?  1/?  1/?  1/?  1/?  1/?  0... )======(     249;1   7/12  3/5  4/6  4/?  1/?  1/?  1/?  2/?  1/?  1... )===perl: warning: Setting locale failed.
perl: warning: Please check that your locale settings:
	LANGUAGE = (unset),
	LC_ALL = (unset),
	LC_COLLATE = "C",
	LC_MESSAGES = "C",
	LANG = "it_IT.UTF-8"
    are supported and installed on your system.
perl: warning: Falling back to the standard locale ("C").
                                                                        t/43op_div.t .................. ok
===(     268;1  10/12  6/6  7/?  3/?  4/?  3/?  2/?  2/2  2/3  0... )===perl: warning: Setting locale failed.
perl: warning: Please check that your locale settings:
	LANGUAGE = (unset),
	LC_ALL = (unset),
	LC_COLLATE = "C",
	LC_MESSAGES = "C",
	LANG = "it_IT.UTF-8"
    are supported and installed on your system.
perl: warning: Falling back to the standard locale ("C").
                                                                        t/50xmlxpathparsercache.t ..... ok
===(     274;1  11/12  6/6  8/?  3/?  5/?  4/?  3/?  3/3  0/8  0... )======(     276;1  11/12  6/6  8/?  3/?  5/?  4/4  4/?  3/3  1/8  0... )===                                                                        t/51elementname.t ............. ok
===(     276;1  11/12  6/6  8/?  3/?  5/?  4/4  4/?  1/8  0/5  0... )===perl: warning: Setting locale failed.
perl: warning: Please check that your locale settings:
	LANGUAGE = (unset),
	LC_ALL = (unset),
	LC_COLLATE = "C",
	LC_MESSAGES = "C",
	LANG = "it_IT.UTF-8"
    are supported and installed on your system.
perl: warning: Falling back to the standard locale ("C").
                                                                        t/48translate.t ............... ok
===(     277;1  11/12  6/6  8/?  3/?  5/?  5/?  1/8  0/5  0/?  0/? )=======(     278;1  11/12  6/6  8/?  3/?  5/?  5/5  1/8  1/5  0/?  0/? )====                                                                        t/44test_compare.t ............ ok
===(     282;1  12/12  9/?  3/?  6/?  5/5  2/8  1/5  0/?  0/? )=========                                                                        t/49literal.t ................. ok
===(     282;1  12/12  9/?  3/?  6/?  2/8  1/5  0/?  0/? )==============perl: warning: Setting locale failed.
perl: warning: Please check that your locale settings:
	LANGUAGE = (unset),
	LC_ALL = (unset),
	LC_COLLATE = "C",
	LC_MESSAGES = "C",
	LANG = "it_IT.UTF-8"
    are supported and installed on your system.
perl: warning: Falling back to the standard locale ("C").
                                                                        t/36substring.t ............... ok
===(     284;1  9/?  3/?  6/?  3/8  2/5  0/?  0/? )=====================perl: warning: Setting locale failed.
perl: warning: Please check that your locale settings:
	LANGUAGE = (unset),
	LC_ALL = (unset),
	LC_COLLATE = "C",
	LC_MESSAGES = "C",
	LANG = "it_IT.UTF-8"
    are supported and installed on your system.
perl: warning: Falling back to the standard locale ("C").
perl: warning: Setting locale failed.
perl: warning: Please check that your locale settings:
	LANGUAGE = (unset),
	LC_ALL = (unset),
	LC_COLLATE = "C",
	LC_MESSAGES = "C",
	LANG = "it_IT.UTF-8"
    are supported and installed on your system.
perl: warning: Falling back to the standard locale ("C").
                                                                        t/46context.t ................. ok
===(     289;1  11/?  7/?  4/8  3/5  0/?  0/7 )=========================perl: warning: Setting locale failed.
perl: warning: Please check that your locale settings:
	LANGUAGE = (unset),
	LC_ALL = (unset),
	LC_COLLATE = "C",
	LC_MESSAGES = "C",
	LANG = "it_IT.UTF-8"
    are supported and installed on your system.
perl: warning: Falling back to the standard locale ("C").
                                                                        t/rdf.t ....................... ok
===(     296;1  13/?  8/8  6/8  0/7  0/7 )==============================perl: warning: Setting locale failed.
perl: warning: Please check that your locale settings:
	LANGUAGE = (unset),
	LC_ALL = (unset),
	LC_COLLATE = "C",
	LC_MESSAGES = "C",
	LANG = "it_IT.UTF-8"
    are supported and installed on your system.
perl: warning: Falling back to the standard locale ("C").
                                                                        t/47position.t ................ ok
===(     297;1  13/?  7/8  0/7  0/7 )======================================(     300;1  14/?  8/8  0/7  1/7 )===================================perl: warning: Setting locale failed.
perl: warning: Please check that your locale settings:
	LANGUAGE = (unset),
	LC_ALL = (unset),
	LC_COLLATE = "C",
	LC_MESSAGES = "C",
	LANG = "it_IT.UTF-8"
    are supported and installed on your system.
perl: warning: Falling back to the standard locale ("C").
                                                                        t/insert.t .................... ok
===(     302;1  15/?  0/7  2/7 )===========================================(     307;1  17/17  1/7  4/7 )=======================================perl: warning: Setting locale failed.
perl: warning: Please check that your locale settings:
	LANGUAGE = (unset),
	LC_ALL = (unset),
	LC_COLLATE = "C",
	LC_MESSAGES = "C",
	LANG = "it_IT.UTF-8"
    are supported and installed on your system.
perl: warning: Falling back to the standard locale ("C").
                                                                        t/45cmp_nodeset.t ............. ok
===(     309;1  1/7  6/7 )==============================================                                                                        t/stress.t .................... ok
t/remove.t .................... t/remove.t .................... 3/7 perl: warning: Setting locale failed.
perl: warning: Please check that your locale settings:
	LANGUAGE = (unset),
	LC_ALL = (unset),
	LC_COLLATE = "C",
	LC_MESSAGES = "C",
	LANG = "it_IT.UTF-8"
    are supported and installed on your system.
perl: warning: Falling back to the standard locale ("C").
                                     t/remove.t .................... ok
All tests successful.
Files=57, Tests=316,  1 wallclock secs ( 0.10 usr  0.07 sys +  2.83 cusr  0.58 csys =  3.58 CPU)
Result: PASS
>>> Completed testing dev-perl/XML-XPath-1.420.0

>>> Install dev-perl/XML-XPath-1.420.0 into /tmp/portage/dev-perl/XML-XPath-1.420.0/image/
make -j12 pure_install 
perl: warning: Setting locale failed.
perl: warning: Please check that your locale settings:
	LANGUAGE = (unset),
	LC_ALL = (unset),
	LC_COLLATE = "C",
	LC_MESSAGES = "C",
	LANG = "it_IT.UTF-8"
    are supported and installed on your system.
perl: warning: Falling back to the standard locale ("C").
Manifying 1 pod document
perl: warning: Setting locale failed.
perl: warning: Please check that your locale settings:
	LANGUAGE = (unset),
	LC_ALL = (unset),
	LC_COLLATE = "C",
	LC_MESSAGES = "C",
	LANG = "it_IT.UTF-8"
    are supported and installed on your system.
perl: warning: Falling back to the standard locale ("C").
Installing /tmp/portage/dev-perl/XML-XPath-1.420.0/image/usr/lib64/perl5/vendor_perl/5.30.2/XML/XPath.pm
Installing /tmp/portage/dev-perl/XML-XPath-1.420.0/image/usr/lib64/perl5/vendor_perl/5.30.2/XML/XPath/Expr.pm
Installing /tmp/portage/dev-perl/XML-XPath-1.420.0/image/usr/lib64/perl5/vendor_perl/5.30.2/XML/XPath/NodeSet.pm
Installing /tmp/portage/dev-perl/XML-XPath-1.420.0/image/usr/lib64/perl5/vendor_perl/5.30.2/XML/XPath/Boolean.pm
Installing /tmp/portage/dev-perl/XML-XPath-1.420.0/image/usr/lib64/perl5/vendor_perl/5.30.2/XML/XPath/Variable.pm
Installing /tmp/portage/dev-perl/XML-XPath-1.420.0/image/usr/lib64/perl5/vendor_perl/5.30.2/XML/XPath/LocationPath.pm
Installing /tmp/portage/dev-perl/XML-XPath-1.420.0/image/usr/lib64/perl5/vendor_perl/5.30.2/XML/XPath/Parser.pm
Installing /tmp/portage/dev-perl/XML-XPath-1.420.0/image/usr/lib64/perl5/vendor_perl/5.30.2/XML/XPath/PerlSAX.pm
Installing /tmp/portage/dev-perl/XML-XPath-1.420.0/image/usr/lib64/perl5/vendor_perl/5.30.2/XML/XPath/Number.pm
Installing /tmp/portage/dev-perl/XML-XPath-1.420.0/image/usr/lib64/perl5/vendor_perl/5.30.2/XML/XPath/Literal.pm
Installing /tmp/portage/dev-perl/XML-XPath-1.420.0/image/usr/lib64/perl5/vendor_perl/5.30.2/XML/XPath/XMLParser.pm
Installing /tmp/portage/dev-perl/XML-XPath-1.420.0/image/usr/lib64/perl5/vendor_perl/5.30.2/XML/XPath/Builder.pm
Installing /tmp/portage/dev-perl/XML-XPath-1.420.0/image/usr/lib64/perl5/vendor_perl/5.30.2/XML/XPath/Function.pm
Installing /tmp/portage/dev-perl/XML-XPath-1.420.0/image/usr/lib64/perl5/vendor_perl/5.30.2/XML/XPath/Step.pm
Installing /tmp/portage/dev-perl/XML-XPath-1.420.0/image/usr/lib64/perl5/vendor_perl/5.30.2/XML/XPath/Root.pm
Installing /tmp/portage/dev-perl/XML-XPath-1.420.0/image/usr/lib64/perl5/vendor_perl/5.30.2/XML/XPath/Node.pm
Installing /tmp/portage/dev-perl/XML-XPath-1.420.0/image/usr/lib64/perl5/vendor_perl/5.30.2/XML/XPath/Node/Comment.pm
Installing /tmp/portage/dev-perl/XML-XPath-1.420.0/image/usr/lib64/perl5/vendor_perl/5.30.2/XML/XPath/Node/Element.pm
Installing /tmp/portage/dev-perl/XML-XPath-1.420.0/image/usr/lib64/perl5/vendor_perl/5.30.2/XML/XPath/Node/PI.pm
Installing /tmp/portage/dev-perl/XML-XPath-1.420.0/image/usr/lib64/perl5/vendor_perl/5.30.2/XML/XPath/Node/Text.pm
Installing /tmp/portage/dev-perl/XML-XPath-1.420.0/image/usr/lib64/perl5/vendor_perl/5.30.2/XML/XPath/Node/Attribute.pm
Installing /tmp/portage/dev-perl/XML-XPath-1.420.0/image/usr/lib64/perl5/vendor_perl/5.30.2/XML/XPath/Node/Namespace.pm
Installing /tmp/portage/dev-perl/XML-XPath-1.420.0/image/usr/share/man/man1/xpath.1
Installing /tmp/portage/dev-perl/XML-XPath-1.420.0/image/usr/bin/xpath
 [32;01m*[0m Fixing packlist file /usr/lib64/perl5/vendor_perl/5.30.2/x86_64-linux/auto/XML/XPath/.packlist
>>> Completed installing dev-perl/XML-XPath-1.420.0 into /tmp/portage/dev-perl/XML-XPath-1.420.0/image/

 [32;01m*[0m Final size of build directory: 852 KiB
 [32;01m*[0m Final size of installed tree:  312 KiB

./
./usr/
./usr/bin/
./usr/bin/xpath
./usr/share/
./usr/share/man/
./usr/share/man/man1/
./usr/share/man/man1/xpath.1.bz2
./usr/share/doc/
./usr/share/doc/XML-XPath-1.420.0/
./usr/share/doc/XML-XPath-1.420.0/TODO.bz2
./usr/share/doc/XML-XPath-1.420.0/README.bz2
./usr/share/doc/XML-XPath-1.420.0/Changes.bz2
./usr/lib64/
./usr/lib64/perl5/
./usr/lib64/perl5/vendor_perl/
./usr/lib64/perl5/vendor_perl/5.30.2/
./usr/lib64/perl5/vendor_perl/5.30.2/x86_64-linux/
./usr/lib64/perl5/vendor_perl/5.30.2/x86_64-linux/auto/
./usr/lib64/perl5/vendor_perl/5.30.2/x86_64-linux/auto/XML/
./usr/lib64/perl5/vendor_perl/5.30.2/x86_64-linux/auto/XML/XPath/
./usr/lib64/perl5/vendor_perl/5.30.2/x86_64-linux/auto/XML/XPath/.packlist
./usr/lib64/perl5/vendor_perl/5.30.2/XML/
./usr/lib64/perl5/vendor_perl/5.30.2/XML/XPath/
./usr/lib64/perl5/vendor_perl/5.30.2/XML/XPath/Expr.pm
./usr/lib64/perl5/vendor_perl/5.30.2/XML/XPath/NodeSet.pm
./usr/lib64/perl5/vendor_perl/5.30.2/XML/XPath/Boolean.pm
./usr/lib64/perl5/vendor_perl/5.30.2/XML/XPath/Variable.pm
./usr/lib64/perl5/vendor_perl/5.30.2/XML/XPath/LocationPath.pm
./usr/lib64/perl5/vendor_perl/5.30.2/XML/XPath/Parser.pm
./usr/lib64/perl5/vendor_perl/5.30.2/XML/XPath/PerlSAX.pm
./usr/lib64/perl5/vendor_perl/5.30.2/XML/XPath/Number.pm
./usr/lib64/perl5/vendor_perl/5.30.2/XML/XPath/Literal.pm
./usr/lib64/perl5/vendor_perl/5.30.2/XML/XPath/XMLParser.pm
./usr/lib64/perl5/vendor_perl/5.30.2/XML/XPath/Builder.pm
./usr/lib64/perl5/vendor_perl/5.30.2/XML/XPath/Function.pm
./usr/lib64/perl5/vendor_perl/5.30.2/XML/XPath/Step.pm
./usr/lib64/perl5/vendor_perl/5.30.2/XML/XPath/Node/
./usr/lib64/perl5/vendor_perl/5.30.2/XML/XPath/Node/Comment.pm
./usr/lib64/perl5/vendor_perl/5.30.2/XML/XPath/Node/Element.pm
./usr/lib64/perl5/vendor_perl/5.30.2/XML/XPath/Node/PI.pm
./usr/lib64/perl5/vendor_perl/5.30.2/XML/XPath/Node/Text.pm
./usr/lib64/perl5/vendor_perl/5.30.2/XML/XPath/Node/Attribute.pm
./usr/lib64/perl5/vendor_perl/5.30.2/XML/XPath/Node/Namespace.pm
./usr/lib64/perl5/vendor_perl/5.30.2/XML/XPath/Root.pm
./usr/lib64/perl5/vendor_perl/5.30.2/XML/XPath/Node.pm
./usr/lib64/perl5/vendor_perl/5.30.2/XML/XPath.pm
>>> Done.
 [32;01m*[39;49;00m checking 28 files for package collisions
>>> Merging dev-perl/XML-XPath-1.420.0 to /
--- /usr/
--- /usr/lib64/
--- /usr/lib64/perl5/
--- /usr/lib64/perl5/vendor_perl/
--- /usr/lib64/perl5/vendor_perl/5.30.2/
--- /usr/lib64/perl5/vendor_perl/5.30.2/XML/
>>> /usr/lib64/perl5/vendor_perl/5.30.2/XML/XPath.pm
>>> /usr/lib64/perl5/vendor_perl/5.30.2/XML/XPath/
>>> /usr/lib64/perl5/vendor_perl/5.30.2/XML/XPath/Node.pm
>>> /usr/lib64/perl5/vendor_perl/5.30.2/XML/XPath/Root.pm
>>> /usr/lib64/perl5/vendor_perl/5.30.2/XML/XPath/Node/
>>> /usr/lib64/perl5/vendor_perl/5.30.2/XML/XPath/Node/Namespace.pm
>>> /usr/lib64/perl5/vendor_perl/5.30.2/XML/XPath/Node/Attribute.pm
>>> /usr/lib64/perl5/vendor_perl/5.30.2/XML/XPath/Node/Text.pm
>>> /usr/lib64/perl5/vendor_perl/5.30.2/XML/XPath/Node/PI.pm
>>> /usr/lib64/perl5/vendor_perl/5.30.2/XML/XPath/Node/Element.pm
>>> /usr/lib64/perl5/vendor_perl/5.30.2/XML/XPath/Node/Comment.pm
>>> /usr/lib64/perl5/vendor_perl/5.30.2/XML/XPath/Step.pm
>>> /usr/lib64/perl5/vendor_perl/5.30.2/XML/XPath/Function.pm
>>> /usr/lib64/perl5/vendor_perl/5.30.2/XML/XPath/Builder.pm
>>> /usr/lib64/perl5/vendor_perl/5.30.2/XML/XPath/XMLParser.pm
>>> /usr/lib64/perl5/vendor_perl/5.30.2/XML/XPath/Literal.pm
>>> /usr/lib64/perl5/vendor_perl/5.30.2/XML/XPath/Number.pm
>>> /usr/lib64/perl5/vendor_perl/5.30.2/XML/XPath/PerlSAX.pm
>>> /usr/lib64/perl5/vendor_perl/5.30.2/XML/XPath/Parser.pm
>>> /usr/lib64/perl5/vendor_perl/5.30.2/XML/XPath/LocationPath.pm
>>> /usr/lib64/perl5/vendor_perl/5.30.2/XML/XPath/Variable.pm
>>> /usr/lib64/perl5/vendor_perl/5.30.2/XML/XPath/Boolean.pm
>>> /usr/lib64/perl5/vendor_perl/5.30.2/XML/XPath/NodeSet.pm
>>> /usr/lib64/perl5/vendor_perl/5.30.2/XML/XPath/Expr.pm
--- /usr/lib64/perl5/vendor_perl/5.30.2/x86_64-linux/
--- /usr/lib64/perl5/vendor_perl/5.30.2/x86_64-linux/auto/
--- /usr/lib64/perl5/vendor_perl/5.30.2/x86_64-linux/auto/XML/
>>> /usr/lib64/perl5/vendor_perl/5.30.2/x86_64-linux/auto/XML/XPath/
>>> /usr/lib64/perl5/vendor_perl/5.30.2/x86_64-linux/auto/XML/XPath/.packlist
--- /usr/share/
--- /usr/share/doc/
>>> /usr/share/doc/XML-XPath-1.420.0/
>>> /usr/share/doc/XML-XPath-1.420.0/Changes.bz2
>>> /usr/share/doc/XML-XPath-1.420.0/README.bz2
>>> /usr/share/doc/XML-XPath-1.420.0/TODO.bz2
--- /usr/share/man/
--- /usr/share/man/man1/
>>> /usr/share/man/man1/xpath.1.bz2
--- /usr/bin/
>>> /usr/bin/xpath
>>> dev-perl/XML-XPath-1.420.0 merged.
>>> Regenerating /etc/ld.so.cache...
