[32;01m * [39;49;00mPackage:    dev-perl/IO-Socket-INET6-2.720.0-r1
[32;01m * [39;49;00mRepository: gentoo
[32;01m * [39;49;00mMaintainer: perl@gentoo.org
[32;01m * [39;49;00mUSE:        abi_x86_64 amd64 elibc_glibc kernel_linux userland_GNU
[32;01m * [39;49;00mFEATURES:   network-sandbox preserve-libs sandbox splitdebug test userpriv usersandbox
>>> Unpacking source...
>>> Unpacking IO-Socket-INET6-2.72.tar.gz to /tmp/portage/dev-perl/IO-Socket-INET6-2.720.0-r1/work
>>> Source unpacked in /tmp/portage/dev-perl/IO-Socket-INET6-2.720.0-r1/work
>>> Preparing source in /tmp/portage/dev-perl/IO-Socket-INET6-2.720.0-r1/work/IO-Socket-INET6-2.72 ...
>>> Source prepared.
>>> Configuring source in /tmp/portage/dev-perl/IO-Socket-INET6-2.720.0-r1/work/IO-Socket-INET6-2.72 ...
perl: warning: Setting locale failed.
perl: warning: Please check that your locale settings:
	LANGUAGE = (unset),
	LC_ALL = (unset),
	LC_COLLATE = "C",
	LC_MESSAGES = "C",
	LANG = "it_IT.UTF-8"
    are supported and installed on your system.
perl: warning: Falling back to the standard locale ("C").
 [32;01m*[0m Using Module::Build
 [32;01m*[0m perl Build.PL --installdirs=vendor --libdoc= --destdir=/tmp/portage/dev-perl/IO-Socket-INET6-2.720.0-r1/image/ --create_packlist=1
perl: warning: Setting locale failed.
perl: warning: Please check that your locale settings:
	LANGUAGE = (unset),
	LC_ALL = (unset),
	LC_COLLATE = "C",
	LC_MESSAGES = "C",
	LANG = "it_IT.UTF-8"
    are supported and installed on your system.
perl: warning: Falling back to the standard locale ("C").
perl: warning: Setting locale failed.
perl: warning: Please check that your locale settings:
	LANGUAGE = (unset),
	LC_ALL = (unset),
	LC_COLLATE = "C",
	LC_MESSAGES = "C",
	LANG = "it_IT.UTF-8"
    are supported and installed on your system.
perl: warning: Falling back to the standard locale ("C").
perl: warning: Setting locale failed.
perl: warning: Please check that your locale settings:
	LANGUAGE = (unset),
	LC_ALL = (unset),
	LC_COLLATE = "C",
	LC_MESSAGES = "C",
	LANG = "it_IT.UTF-8"
    are supported and installed on your system.
perl: warning: Falling back to the standard locale ("C").
Created MYMETA.yml and MYMETA.json
Creating new 'Build' script for 'IO-Socket-INET6' version '2.72'
>>> Source configured.
>>> Compiling source in /tmp/portage/dev-perl/IO-Socket-INET6-2.720.0-r1/work/IO-Socket-INET6-2.72 ...
perl: warning: Setting locale failed.
perl: warning: Please check that your locale settings:
	LANGUAGE = (unset),
	LC_ALL = (unset),
	LC_COLLATE = "C",
	LC_MESSAGES = "C",
	LANG = "it_IT.UTF-8"
    are supported and installed on your system.
perl: warning: Falling back to the standard locale ("C").
perl: warning: Setting locale failed.
perl: warning: Please check that your locale settings:
	LANGUAGE = (unset),
	LC_ALL = (unset),
	LC_COLLATE = "C",
	LC_MESSAGES = "C",
	LANG = "it_IT.UTF-8"
    are supported and installed on your system.
perl: warning: Falling back to the standard locale ("C").
perl: warning: Setting locale failed.
perl: warning: Please check that your locale settings:
	LANGUAGE = (unset),
	LC_ALL = (unset),
	LC_COLLATE = "C",
	LC_MESSAGES = "C",
	LANG = "it_IT.UTF-8"
    are supported and installed on your system.
perl: warning: Falling back to the standard locale ("C").
perl: warning: Setting locale failed.
perl: warning: Please check that your locale settings:
	LANGUAGE = (unset),
	LC_ALL = (unset),
	LC_COLLATE = "C",
	LC_MESSAGES = "C",
	LANG = "it_IT.UTF-8"
    are supported and installed on your system.
perl: warning: Falling back to the standard locale ("C").
Building IO-Socket-INET6
>>> Source compiled.
>>> Test phase: dev-perl/IO-Socket-INET6-2.720.0-r1
 [32;01m*[0m Removing un-needed t/pod-coverage.t
 [32;01m*[0m Removing un-needed t/pod.t
 [32;01m*[0m Removing un-needed t/style-trailing-space.t
 [32;01m*[0m Fixing Manifest
 [32;01m*[0m Test::Harness Jobs=12
perl: warning: Setting locale failed.
perl: warning: Please check that your locale settings:
	LANGUAGE = (unset),
	LC_ALL = (unset),
	LC_COLLATE = "C",
	LC_MESSAGES = "C",
	LANG = "it_IT.UTF-8"
    are supported and installed on your system.
perl: warning: Falling back to the standard locale ("C").
perl: warning: Setting locale failed.
perl: warning: Please check that your locale settings:
	LANGUAGE = (unset),
	LC_ALL = (unset),
	LC_COLLATE = "C",
	LC_MESSAGES = "C",
	LANG = "it_IT.UTF-8"
    are supported and installed on your system.
perl: warning: Falling back to the standard locale ("C").
perl: warning: Setting locale failed.
perl: warning: Please check that your locale settings:
	LANGUAGE = (unset),
	LC_ALL = (unset),
	LC_COLLATE = "C",
	LC_MESSAGES = "C",
	LANG = "it_IT.UTF-8"
    are supported and installed on your system.
perl: warning: Falling back to the standard locale ("C").
perl: warning: Setting locale failed.
perl: warning: Please check that your locale settings:
	LANGUAGE = (unset),
	LC_ALL = (unset),
	LC_COLLATE = "C",
	LC_MESSAGES = "C",
	LANG = "it_IT.UTF-8"
    are supported and installed on your system.
perl: warning: Falling back to the standard locale ("C").
perl: warning: Setting locale failed.
perl: warning: Please check that your locale settings:
	LANGUAGE = (unset),
	LC_ALL = (unset),
	LC_COLLATE = "C",
	LC_MESSAGES = "C",
	LANG = "it_IT.UTF-8"
    are supported and installed on your system.
perl: warning: Falling back to the standard locale ("C").
perl: warning: Setting locale failed.
perl: warning: Please check that your locale settings:
	LANGUAGE = (unset),
	LC_ALL = (unset),
	LC_COLLATE = "C",
	LC_MESSAGES = "C",
	LANG = "it_IT.UTF-8"
    are supported and installed on your system.
perl: warning: Falling back to the standard locale ("C").
perl: warning: Setting locale failed.
perl: warning: Please check that your locale settings:
	LANGUAGE = (unset),
	LC_ALL = (unset),
	LC_COLLATE = "C",
	LC_MESSAGES = "C",
	LANG = "it_IT.UTF-8"
    are supported and installed on your system.
perl: warning: Falling back to the standard locale ("C").
===(       1;0  1/2  0/1  0/4  0/8   0/20  0/7  0/? )======================(       2;0  1/2  1/1  0/4  0/8   0/20  0/7  0/? )======================(       4;0  2/2  1/1  1/4  0/8   0/20  0/7  0/? )===================perl: warning: Setting locale failed.
perl: warning: Please check that your locale settings:
	LANGUAGE = (unset),
	LC_ALL = (unset),
	LC_COLLATE = "C",
	LC_MESSAGES = "C",
	LANG = "it_IT.UTF-8"
    are supported and installed on your system.
perl: warning: Falling back to the standard locale ("C").
                                                                        t/configure6.t ........ ok
===(       4;0  2/2  1/4  0/8   0/20  0/7  0/? )========================                                                                        t/blocking.t .......... ok
===(       4;0  1/4  0/8   0/20  0/7  0/? )================================(       6;0  2/4  1/8   0/20  0/7  0/? )================================(       8;0  2/4  2/8   0/20  1/7  0/? )================================(       9;0  2/4  2/8   1/20  1/7  0/? )=============================perl: warning: Setting locale failed.
perl: warning: Please check that your locale settings:
	LANGUAGE = (unset),
	LC_ALL = (unset),
	LC_COLLATE = "C",
	LC_MESSAGES = "C",
	LANG = "it_IT.UTF-8"
    are supported and installed on your system.
perl: warning: Falling back to the standard locale ("C").
                                                                        t/host6.t ............. ok
===(      17;0  4/8   2/20  4/7  0/1 )=====================================(      22;0  6/8   3/20  5/7  1/1 )==================================                                                                        t/listen_port_only.t .. ok
===(      27;0  8/8   4/20  7/7 )=======================================perl: warning: Setting locale failed.
perl: warning: Please check that your locale settings:
	LANGUAGE = (unset),
	LC_ALL = (unset),
	LC_COLLATE = "C",
	LC_MESSAGES = "C",
	LANG = "it_IT.UTF-8"
    are supported and installed on your system.
perl: warning: Falling back to the standard locale ("C").
                                                                        t/io_multihomed6.t .... ok
===(      27;0   4/20  7/7 )============================================perl: warning: Setting locale failed.
perl: warning: Please check that your locale settings:
	LANGUAGE = (unset),
	LC_ALL = (unset),
	LC_COLLATE = "C",
	LC_MESSAGES = "C",
	LANG = "it_IT.UTF-8"
    are supported and installed on your system.
perl: warning: Falling back to the standard locale ("C").
                                                                        t/io_udp6.t ........... ok
t/io_sock6.t .......... t/io_sock6.t .......... 5/20 perl: warning: Setting locale failed.
perl: warning: Please check that your locale settings:
	LANGUAGE = (unset),
	LC_ALL = (unset),
	LC_COLLATE = "C",
	LC_MESSAGES = "C",
	LANG = "it_IT.UTF-8"
    are supported and installed on your system.
perl: warning: Falling back to the standard locale ("C").
t/io_sock6.t .......... 8/20 t/io_sock6.t .......... 10/20 t/io_sock6.t .......... 11/20                                t/io_sock6.t .......... ok
All tests successful.
Files=7, Tests=43, 20 wallclock secs ( 0.03 usr  0.00 sys +  0.22 cusr  0.07 csys =  0.32 CPU)
Result: PASS
>>> Completed testing dev-perl/IO-Socket-INET6-2.720.0-r1

>>> Install dev-perl/IO-Socket-INET6-2.720.0-r1 into /tmp/portage/dev-perl/IO-Socket-INET6-2.720.0-r1/image/
 [32;01m*[0m ./Build install --pure
perl: warning: Setting locale failed.
perl: warning: Please check that your locale settings:
	LANGUAGE = (unset),
	LC_ALL = (unset),
	LC_COLLATE = "C",
	LC_MESSAGES = "C",
	LANG = "it_IT.UTF-8"
    are supported and installed on your system.
perl: warning: Falling back to the standard locale ("C").
perl: warning: Setting locale failed.
perl: warning: Please check that your locale settings:
	LANGUAGE = (unset),
	LC_ALL = (unset),
	LC_COLLATE = "C",
	LC_MESSAGES = "C",
	LANG = "it_IT.UTF-8"
    are supported and installed on your system.
perl: warning: Falling back to the standard locale ("C").
perl: warning: Setting locale failed.
perl: warning: Please check that your locale settings:
	LANGUAGE = (unset),
	LC_ALL = (unset),
	LC_COLLATE = "C",
	LC_MESSAGES = "C",
	LANG = "it_IT.UTF-8"
    are supported and installed on your system.
perl: warning: Falling back to the standard locale ("C").
perl: warning: Setting locale failed.
perl: warning: Please check that your locale settings:
	LANGUAGE = (unset),
	LC_ALL = (unset),
	LC_COLLATE = "C",
	LC_MESSAGES = "C",
	LANG = "it_IT.UTF-8"
    are supported and installed on your system.
perl: warning: Falling back to the standard locale ("C").
Building IO-Socket-INET6
Installing /tmp/portage/dev-perl/IO-Socket-INET6-2.720.0-r1/image/usr/lib64/perl5/vendor_perl/5.30.2/IO/Socket/INET6.pm
Installing /tmp/portage/dev-perl/IO-Socket-INET6-2.720.0-r1/image/usr/share/man/man3/IO::Socket::INET6.3pm
 [32;01m*[0m Fixing packlist file /usr/lib64/perl5/vendor_perl/5.30.2/x86_64-linux/auto/IO/Socket/INET6/.packlist
 [32;01m*[0m Pruning surplus packlist entry /usr/share/man/man3/IO::Socket::INET6.3pm
>>> Completed installing dev-perl/IO-Socket-INET6-2.720.0-r1 into /tmp/portage/dev-perl/IO-Socket-INET6-2.720.0-r1/image/

 [32;01m*[0m Final size of build directory: 268 KiB
 [32;01m*[0m Final size of installed tree:  100 KiB

./
./usr/
./usr/share/
./usr/share/doc/
./usr/share/doc/IO-Socket-INET6-2.720.0-r1/
./usr/share/doc/IO-Socket-INET6-2.720.0-r1/README.bz2
./usr/share/doc/IO-Socket-INET6-2.720.0-r1/ChangeLog.bz2
./usr/lib64/
./usr/lib64/perl5/
./usr/lib64/perl5/vendor_perl/
./usr/lib64/perl5/vendor_perl/5.30.2/
./usr/lib64/perl5/vendor_perl/5.30.2/x86_64-linux/
./usr/lib64/perl5/vendor_perl/5.30.2/x86_64-linux/auto/
./usr/lib64/perl5/vendor_perl/5.30.2/x86_64-linux/auto/IO/
./usr/lib64/perl5/vendor_perl/5.30.2/x86_64-linux/auto/IO/Socket/
./usr/lib64/perl5/vendor_perl/5.30.2/x86_64-linux/auto/IO/Socket/INET6/
./usr/lib64/perl5/vendor_perl/5.30.2/x86_64-linux/auto/IO/Socket/INET6/.packlist
./usr/lib64/perl5/vendor_perl/5.30.2/IO/
./usr/lib64/perl5/vendor_perl/5.30.2/IO/Socket/
./usr/lib64/perl5/vendor_perl/5.30.2/IO/Socket/INET6.pm
>>> Done.
 [32;01m*[39;49;00m checking 4 files for package collisions
>>> Merging dev-perl/IO-Socket-INET6-2.720.0-r1 to /
--- /usr/
--- /usr/lib64/
--- /usr/lib64/perl5/
--- /usr/lib64/perl5/vendor_perl/
--- /usr/lib64/perl5/vendor_perl/5.30.2/
--- /usr/lib64/perl5/vendor_perl/5.30.2/IO/
>>> /usr/lib64/perl5/vendor_perl/5.30.2/IO/Socket/
>>> /usr/lib64/perl5/vendor_perl/5.30.2/IO/Socket/INET6.pm
--- /usr/lib64/perl5/vendor_perl/5.30.2/x86_64-linux/
--- /usr/lib64/perl5/vendor_perl/5.30.2/x86_64-linux/auto/
>>> /usr/lib64/perl5/vendor_perl/5.30.2/x86_64-linux/auto/IO/
>>> /usr/lib64/perl5/vendor_perl/5.30.2/x86_64-linux/auto/IO/Socket/
>>> /usr/lib64/perl5/vendor_perl/5.30.2/x86_64-linux/auto/IO/Socket/INET6/
>>> /usr/lib64/perl5/vendor_perl/5.30.2/x86_64-linux/auto/IO/Socket/INET6/.packlist
--- /usr/share/
--- /usr/share/doc/
>>> /usr/share/doc/IO-Socket-INET6-2.720.0-r1/
>>> /usr/share/doc/IO-Socket-INET6-2.720.0-r1/ChangeLog.bz2
>>> /usr/share/doc/IO-Socket-INET6-2.720.0-r1/README.bz2
>>> dev-perl/IO-Socket-INET6-2.720.0-r1 merged.
>>> Regenerating /etc/ld.so.cache...
