[32;01m * [39;49;00mPackage:    dev-perl/File-BaseDir-0.70.0
[32;01m * [39;49;00mRepository: gentoo
[32;01m * [39;49;00mMaintainer: perl@gentoo.org
[32;01m * [39;49;00mUSE:        abi_x86_64 amd64 elibc_glibc kernel_linux test userland_GNU
[32;01m * [39;49;00mFEATURES:   network-sandbox preserve-libs sandbox splitdebug test userpriv usersandbox
>>> Unpacking source...
>>> Unpacking File-BaseDir-0.07.tar.gz to /tmp/portage/dev-perl/File-BaseDir-0.70.0/work
>>> Source unpacked in /tmp/portage/dev-perl/File-BaseDir-0.70.0/work
>>> Preparing source in /tmp/portage/dev-perl/File-BaseDir-0.70.0/work/File-BaseDir-0.07 ...
>>> Source prepared.
>>> Configuring source in /tmp/portage/dev-perl/File-BaseDir-0.70.0/work/File-BaseDir-0.07 ...
perl: warning: Setting locale failed.
perl: warning: Please check that your locale settings:
	LANGUAGE = (unset),
	LC_ALL = (unset),
	LC_COLLATE = "C",
	LC_MESSAGES = "C",
	LANG = "it_IT.UTF-8"
    are supported and installed on your system.
perl: warning: Falling back to the standard locale ("C").
 [32;01m*[0m Using Module::Build
 [32;01m*[0m perl Build.PL --installdirs=vendor --libdoc= --destdir=/tmp/portage/dev-perl/File-BaseDir-0.70.0/image/ --create_packlist=1
perl: warning: Setting locale failed.
perl: warning: Please check that your locale settings:
	LANGUAGE = (unset),
	LC_ALL = (unset),
	LC_COLLATE = "C",
	LC_MESSAGES = "C",
	LANG = "it_IT.UTF-8"
    are supported and installed on your system.
perl: warning: Falling back to the standard locale ("C").
perl: warning: Setting locale failed.
perl: warning: Please check that your locale settings:
	LANGUAGE = (unset),
	LC_ALL = (unset),
	LC_COLLATE = "C",
	LC_MESSAGES = "C",
	LANG = "it_IT.UTF-8"
    are supported and installed on your system.
perl: warning: Falling back to the standard locale ("C").
perl: warning: Setting locale failed.
perl: warning: Please check that your locale settings:
	LANGUAGE = (unset),
	LC_ALL = (unset),
	LC_COLLATE = "C",
	LC_MESSAGES = "C",
	LANG = "it_IT.UTF-8"
    are supported and installed on your system.
perl: warning: Falling back to the standard locale ("C").
Created MYMETA.yml and MYMETA.json
Creating new 'Build' script for 'File-BaseDir' version '0.07'
>>> Source configured.
>>> Compiling source in /tmp/portage/dev-perl/File-BaseDir-0.70.0/work/File-BaseDir-0.07 ...
perl: warning: Setting locale failed.
perl: warning: Please check that your locale settings:
	LANGUAGE = (unset),
	LC_ALL = (unset),
	LC_COLLATE = "C",
	LC_MESSAGES = "C",
	LANG = "it_IT.UTF-8"
    are supported and installed on your system.
perl: warning: Falling back to the standard locale ("C").
perl: warning: Setting locale failed.
perl: warning: Please check that your locale settings:
	LANGUAGE = (unset),
	LC_ALL = (unset),
	LC_COLLATE = "C",
	LC_MESSAGES = "C",
	LANG = "it_IT.UTF-8"
    are supported and installed on your system.
perl: warning: Falling back to the standard locale ("C").
perl: warning: Setting locale failed.
perl: warning: Please check that your locale settings:
	LANGUAGE = (unset),
	LC_ALL = (unset),
	LC_COLLATE = "C",
	LC_MESSAGES = "C",
	LANG = "it_IT.UTF-8"
    are supported and installed on your system.
perl: warning: Falling back to the standard locale ("C").
perl: warning: Setting locale failed.
perl: warning: Please check that your locale settings:
	LANGUAGE = (unset),
	LC_ALL = (unset),
	LC_COLLATE = "C",
	LC_MESSAGES = "C",
	LANG = "it_IT.UTF-8"
    are supported and installed on your system.
perl: warning: Falling back to the standard locale ("C").
Building File-BaseDir
>>> Source compiled.
>>> Test phase: dev-perl/File-BaseDir-0.70.0
 [32;01m*[0m Removing un-needed t/05_pod_cover.t
 [32;01m*[0m Removing un-needed t/04_pod_ok.t
 [32;01m*[0m Fixing Manifest
perl: warning: Setting locale failed.
perl: warning: Please check that your locale settings:
	LANGUAGE = (unset),
	LC_ALL = (unset),
	LC_COLLATE = "C",
	LC_MESSAGES = "C",
	LANG = "it_IT.UTF-8"
    are supported and installed on your system.
perl: warning: Falling back to the standard locale ("C").
perl: warning: Setting locale failed.
perl: warning: Please check that your locale settings:
	LANGUAGE = (unset),
	LC_ALL = (unset),
	LC_COLLATE = "C",
	LC_MESSAGES = "C",
	LANG = "it_IT.UTF-8"
    are supported and installed on your system.
perl: warning: Falling back to the standard locale ("C").
perl: warning: Setting locale failed.
perl: warning: Please check that your locale settings:
	LANGUAGE = (unset),
	LC_ALL = (unset),
	LC_COLLATE = "C",
	LC_MESSAGES = "C",
	LANG = "it_IT.UTF-8"
    are supported and installed on your system.
perl: warning: Falling back to the standard locale ("C").
perl: warning: Setting locale failed.
perl: warning: Please check that your locale settings:
	LANGUAGE = (unset),
	LC_ALL = (unset),
	LC_COLLATE = "C",
	LC_MESSAGES = "C",
	LANG = "it_IT.UTF-8"
    are supported and installed on your system.
perl: warning: Falling back to the standard locale ("C").
perl: warning: Setting locale failed.
perl: warning: Please check that your locale settings:
	LANGUAGE = (unset),
	LC_ALL = (unset),
	LC_COLLATE = "C",
	LC_MESSAGES = "C",
	LANG = "it_IT.UTF-8"
    are supported and installed on your system.
perl: warning: Falling back to the standard locale ("C").
t/01_vars.t ....... perl: warning: Setting locale failed.
perl: warning: Please check that your locale settings:
	LANGUAGE = (unset),
	LC_ALL = (unset),
	LC_COLLATE = "C",
	LC_MESSAGES = "C",
	LANG = "it_IT.UTF-8"
    are supported and installed on your system.
perl: warning: Falling back to the standard locale ("C").
t/01_vars.t ....... 1/12                            t/01_vars.t ....... ok
t/02_lookup.t ..... perl: warning: Setting locale failed.
perl: warning: Please check that your locale settings:
	LANGUAGE = (unset),
	LC_ALL = (unset),
	LC_COLLATE = "C",
	LC_MESSAGES = "C",
	LANG = "it_IT.UTF-8"
    are supported and installed on your system.
perl: warning: Falling back to the standard locale ("C").
t/02_lookup.t ..... 1/17                            t/02_lookup.t ..... ok
t/03_OO.t ......... perl: warning: Setting locale failed.
perl: warning: Please check that your locale settings:
	LANGUAGE = (unset),
	LC_ALL = (unset),
	LC_COLLATE = "C",
	LC_MESSAGES = "C",
	LANG = "it_IT.UTF-8"
    are supported and installed on your system.
perl: warning: Falling back to the standard locale ("C").
t/03_OO.t ......... 1/6                          t/03_OO.t ......... ok
t/03_icontheme.t .. perl: warning: Setting locale failed.
perl: warning: Please check that your locale settings:
	LANGUAGE = (unset),
	LC_ALL = (unset),
	LC_COLLATE = "C",
	LC_MESSAGES = "C",
	LANG = "it_IT.UTF-8"
    are supported and installed on your system.
perl: warning: Falling back to the standard locale ("C").
t/03_icontheme.t .. 1/1                          t/03_icontheme.t .. ok
t/03_userdirs.t ... perl: warning: Setting locale failed.
perl: warning: Please check that your locale settings:
	LANGUAGE = (unset),
	LC_ALL = (unset),
	LC_COLLATE = "C",
	LC_MESSAGES = "C",
	LANG = "it_IT.UTF-8"
    are supported and installed on your system.
perl: warning: Falling back to the standard locale ("C").
                         t/03_userdirs.t ... skipped: "xdg-user-dir" executable not found. Install package "xdg-user-dirs".
All tests successful.
Files=5, Tests=36,  0 wallclock secs ( 0.03 usr  0.01 sys +  0.19 cusr  0.07 csys =  0.30 CPU)
Result: PASS
>>> Completed testing dev-perl/File-BaseDir-0.70.0

>>> Install dev-perl/File-BaseDir-0.70.0 into /tmp/portage/dev-perl/File-BaseDir-0.70.0/image/
 [32;01m*[0m ./Build install --pure
perl: warning: Setting locale failed.
perl: warning: Please check that your locale settings:
	LANGUAGE = (unset),
	LC_ALL = (unset),
	LC_COLLATE = "C",
	LC_MESSAGES = "C",
	LANG = "it_IT.UTF-8"
    are supported and installed on your system.
perl: warning: Falling back to the standard locale ("C").
perl: warning: Setting locale failed.
perl: warning: Please check that your locale settings:
	LANGUAGE = (unset),
	LC_ALL = (unset),
	LC_COLLATE = "C",
	LC_MESSAGES = "C",
	LANG = "it_IT.UTF-8"
    are supported and installed on your system.
perl: warning: Falling back to the standard locale ("C").
perl: warning: Setting locale failed.
perl: warning: Please check that your locale settings:
	LANGUAGE = (unset),
	LC_ALL = (unset),
	LC_COLLATE = "C",
	LC_MESSAGES = "C",
	LANG = "it_IT.UTF-8"
    are supported and installed on your system.
perl: warning: Falling back to the standard locale ("C").
perl: warning: Setting locale failed.
perl: warning: Please check that your locale settings:
	LANGUAGE = (unset),
	LC_ALL = (unset),
	LC_COLLATE = "C",
	LC_MESSAGES = "C",
	LANG = "it_IT.UTF-8"
    are supported and installed on your system.
perl: warning: Falling back to the standard locale ("C").
Building File-BaseDir
Installing /tmp/portage/dev-perl/File-BaseDir-0.70.0/image/usr/lib64/perl5/vendor_perl/5.30.2/File/IconTheme.pm
Installing /tmp/portage/dev-perl/File-BaseDir-0.70.0/image/usr/lib64/perl5/vendor_perl/5.30.2/File/UserDirs.pm
Installing /tmp/portage/dev-perl/File-BaseDir-0.70.0/image/usr/lib64/perl5/vendor_perl/5.30.2/File/BaseDir.pm
Installing /tmp/portage/dev-perl/File-BaseDir-0.70.0/image/usr/share/man/man3/File::BaseDir.3pm
Installing /tmp/portage/dev-perl/File-BaseDir-0.70.0/image/usr/share/man/man3/File::IconTheme.3pm
Installing /tmp/portage/dev-perl/File-BaseDir-0.70.0/image/usr/share/man/man3/File::UserDirs.3pm
 [32;01m*[0m Fixing packlist file /usr/lib64/perl5/vendor_perl/5.30.2/x86_64-linux/auto/File/BaseDir/.packlist
 [32;01m*[0m Pruning surplus packlist entry /usr/share/man/man3/File::BaseDir.3pm
 [32;01m*[0m Pruning surplus packlist entry /usr/share/man/man3/File::IconTheme.3pm
 [32;01m*[0m Pruning surplus packlist entry /usr/share/man/man3/File::UserDirs.3pm
>>> Completed installing dev-perl/File-BaseDir-0.70.0 into /tmp/portage/dev-perl/File-BaseDir-0.70.0/image/

 [32;01m*[0m Final size of build directory: 232 KiB
 [32;01m*[0m Final size of installed tree:   88 KiB

./
./usr/
./usr/share/
./usr/share/doc/
./usr/share/doc/File-BaseDir-0.70.0/
./usr/share/doc/File-BaseDir-0.70.0/README.bz2
./usr/share/doc/File-BaseDir-0.70.0/Changes.bz2
./usr/lib64/
./usr/lib64/perl5/
./usr/lib64/perl5/vendor_perl/
./usr/lib64/perl5/vendor_perl/5.30.2/
./usr/lib64/perl5/vendor_perl/5.30.2/x86_64-linux/
./usr/lib64/perl5/vendor_perl/5.30.2/x86_64-linux/auto/
./usr/lib64/perl5/vendor_perl/5.30.2/x86_64-linux/auto/File/
./usr/lib64/perl5/vendor_perl/5.30.2/x86_64-linux/auto/File/BaseDir/
./usr/lib64/perl5/vendor_perl/5.30.2/x86_64-linux/auto/File/BaseDir/.packlist
./usr/lib64/perl5/vendor_perl/5.30.2/File/
./usr/lib64/perl5/vendor_perl/5.30.2/File/IconTheme.pm
./usr/lib64/perl5/vendor_perl/5.30.2/File/UserDirs.pm
./usr/lib64/perl5/vendor_perl/5.30.2/File/BaseDir.pm
>>> Done.
 [32;01m*[39;49;00m checking 6 files for package collisions
>>> Merging dev-perl/File-BaseDir-0.70.0 to /
--- /usr/
--- /usr/lib64/
--- /usr/lib64/perl5/
--- /usr/lib64/perl5/vendor_perl/
--- /usr/lib64/perl5/vendor_perl/5.30.2/
--- /usr/lib64/perl5/vendor_perl/5.30.2/File/
>>> /usr/lib64/perl5/vendor_perl/5.30.2/File/BaseDir.pm
>>> /usr/lib64/perl5/vendor_perl/5.30.2/File/UserDirs.pm
>>> /usr/lib64/perl5/vendor_perl/5.30.2/File/IconTheme.pm
--- /usr/lib64/perl5/vendor_perl/5.30.2/x86_64-linux/
--- /usr/lib64/perl5/vendor_perl/5.30.2/x86_64-linux/auto/
--- /usr/lib64/perl5/vendor_perl/5.30.2/x86_64-linux/auto/File/
>>> /usr/lib64/perl5/vendor_perl/5.30.2/x86_64-linux/auto/File/BaseDir/
>>> /usr/lib64/perl5/vendor_perl/5.30.2/x86_64-linux/auto/File/BaseDir/.packlist
--- /usr/share/
--- /usr/share/doc/
>>> /usr/share/doc/File-BaseDir-0.70.0/
>>> /usr/share/doc/File-BaseDir-0.70.0/Changes.bz2
>>> /usr/share/doc/File-BaseDir-0.70.0/README.bz2
>>> dev-perl/File-BaseDir-0.70.0 merged.
>>> Regenerating /etc/ld.so.cache...
