[32;01m * [39;49;00mPackage:    dev-perl/XML-Twig-3.520.0
[32;01m * [39;49;00mRepository: gentoo
[32;01m * [39;49;00mMaintainer: perl@gentoo.org
[32;01m * [39;49;00mUSE:        abi_x86_64 amd64 elibc_glibc kernel_linux test userland_GNU
[32;01m * [39;49;00mFEATURES:   network-sandbox preserve-libs sandbox splitdebug test userpriv usersandbox
>>> Unpacking source...
>>> Unpacking XML-Twig-3.52.tar.gz to /tmp/portage/dev-perl/XML-Twig-3.520.0/work
>>> Source unpacked in /tmp/portage/dev-perl/XML-Twig-3.520.0/work
>>> Preparing source in /tmp/portage/dev-perl/XML-Twig-3.520.0/work/XML-Twig-3.52 ...
>>> Source prepared.
>>> Configuring source in /tmp/portage/dev-perl/XML-Twig-3.520.0/work/XML-Twig-3.52 ...
perl: warning: Setting locale failed.
perl: warning: Please check that your locale settings:
	LANGUAGE = (unset),
	LC_ALL = (unset),
	LC_COLLATE = "C",
	LC_MESSAGES = "C",
	LANG = "it_IT.UTF-8"
    are supported and installed on your system.
perl: warning: Falling back to the standard locale ("C").
 [32;01m*[0m Using ExtUtils::MakeMaker
 [32;01m*[0m perl Makefile.PL PREFIX=/usr INSTALLDIRS=vendor INSTALLMAN3DIR=none DESTDIR=/tmp/portage/dev-perl/XML-Twig-3.520.0/image/
perl: warning: Setting locale failed.
perl: warning: Please check that your locale settings:
	LANGUAGE = (unset),
	LC_ALL = (unset),
	LC_COLLATE = "C",
	LC_MESSAGES = "C",
	LANG = "it_IT.UTF-8"
    are supported and installed on your system.
perl: warning: Falling back to the standard locale ("C").
run 'perl Makefile.PL -y' to install all tools,
    'perl Makefile.PL -n' to skip installation
Do you want to install 'xml_pp' (XML pretty printer)? [y] y
Do you want to install 'xml_grep' (XML grep - grep XML files using XML::Twig's subset of XPath)? [y] y
Do you want to install 'xml_split' (split big XML files)? [y] y
Do you want to install 'xml_merge' (merge back files created by xml_split)? [y] y
Do you want to install 'xml_spellcheck' (spellcheck XML files skipping tags)? [y] y
Checking if your kit is complete...
Looks good
Generating a Unix-style Makefile
Writing Makefile for XML::Twig
Writing MYMETA.yml and MYMETA.json
>>> Source configured.
>>> Compiling source in /tmp/portage/dev-perl/XML-Twig-3.520.0/work/XML-Twig-3.52 ...
 [32;01m*[0m emake OTHERLDFLAGS=-Wl,-O1 -Wl,--as-needed -Wl,--defsym=__gentoo_check_ldflags__=0 -Wl,--hash-style=gnu -Wl,-z,norelro
make -j12 'OTHERLDFLAGS=-Wl,-O1 -Wl,--as-needed -Wl,--defsym=__gentoo_check_ldflags__=0 -Wl,--hash-style=gnu -Wl,-z,norelro' 
perl: warning: Setting locale failed.
perl: warning: Please check that your locale settings:
	LANGUAGE = (unset),
	LC_ALL = (unset),
	LC_COLLATE = "C",
	LC_MESSAGES = "C",
	LANG = "it_IT.UTF-8"
    are supported and installed on your system.
perl: warning: Falling back to the standard locale ("C").
"/usr/bin/perl" speedup Twig_pm.slow > Twig.pm
perl: warning: Setting locale failed.
perl: warning: Please check that your locale settings:
	LANGUAGE = (unset),
	LC_ALL = (unset),
	LC_COLLATE = "C",
	LC_MESSAGES = "C",
	LANG = "it_IT.UTF-8"
    are supported and installed on your system.
perl: warning: Falling back to the standard locale ("C").
perl: warning: Setting locale failed.
perl: warning: Please check that your locale settings:
	LANGUAGE = (unset),
	LC_ALL = (unset),
	LC_COLLATE = "C",
	LC_MESSAGES = "C",
	LANG = "it_IT.UTF-8"
    are supported and installed on your system.
perl: warning: Setting locale failed.
perl: warning: Falling back to the standard locale ("C").
perl: warning: Please check that your locale settings:
	LANGUAGE = (unset),
	LC_ALL = (unset),
	LC_COLLATE = "C",
	LC_MESSAGES = "C",
	LANG = "it_IT.UTF-8"
    are supported and installed on your system.
perl: warning: Falling back to the standard locale ("C").
perl: warning: Setting locale failed.
perl: warning: Please check that your locale settings:
	LANGUAGE = (unset),
	LC_ALL = (unset),
	LC_COLLATE = "C",
	LC_MESSAGES = "C",
	LANG = "it_IT.UTF-8"
    are supported and installed on your system.
perl: warning: Falling back to the standard locale ("C").
perl: warning: Setting locale failed.
perl: warning: Please check that your locale settings:
	LANGUAGE = (unset),
	LC_ALL = (unset),
	LC_COLLATE = "C",
	LC_MESSAGES = "C",
	LANG = "it_IT.UTF-8"
    are supported and installed on your system.
perl: warning: Falling back to the standard locale ("C").
perl: warning: Setting locale failed.
perl: warning: Please check that your locale settings:
	LANGUAGE = (unset),
	LC_ALL = (unset),
	LC_COLLATE = "C",
	LC_MESSAGES = "C",
	LANG = "it_IT.UTF-8"
    are supported and installed on your system.
perl: warning: Falling back to the standard locale ("C").
perl: warning: Setting locale failed.
perl: warning: Please check that your locale settings:
	LANGUAGE = (unset),
	LC_ALL = (unset),
	LC_COLLATE = "C",
	LC_MESSAGES = "C",
	LANG = "it_IT.UTF-8"
    are supported and installed on your system.
perl: warning: Falling back to the standard locale ("C").
perl: warning: Setting locale failed.
perl: warning: Please check that your locale settings:
	LANGUAGE = (unset),
	LC_ALL = (unset),
	LC_COLLATE = "C",
	LC_MESSAGES = "C",
	LANG = "it_IT.UTF-8"
    are supported and installed on your system.
perl: warning: Falling back to the standard locale ("C").
perl version is 5.030002
"/usr/bin/perl" -i_bak -p filter_for_5.005 Twig.pm Twig/XPath.pm
perl: warning: Setting locale failed.
perl: warning: Please check that your locale settings:
	LANGUAGE = (unset),
	LC_ALL = (unset),
	LC_COLLATE = "C",
	LC_MESSAGES = "C",
	LANG = "it_IT.UTF-8"
    are supported and installed on your system.
perl: warning: Falling back to the standard locale ("C").
"/usr/bin/perl" check_optional_modules
perl: warning: Setting locale failed.
perl: warning: Please check that your locale settings:
	LANGUAGE = (unset),
	LC_ALL = (unset),
	LC_COLLATE = "C",
	LC_MESSAGES = "C",
	LANG = "it_IT.UTF-8"
    are supported and installed on your system.
perl: warning: Falling back to the standard locale ("C").
perl: warning: Setting locale failed.
perl: warning: Please check that your locale settings:
	LANGUAGE = (unset),
	LC_ALL = (unset),
	LC_COLLATE = "C",
	LC_MESSAGES = "C",
	LANG = "it_IT.UTF-8"
    are supported and installed on your system.
perl: warning: Falling back to the standard locale ("C").
cp Twig/XPath.pm blib/lib/XML/Twig/XPath.pm
cp Twig.pm blib/lib/XML/Twig.pm
cp tools/xml_grep/xml_grep blib/script/xml_grep
cp tools/xml_merge/xml_merge blib/script/xml_merge
cp tools/xml_pp/xml_pp blib/script/xml_pp
"/usr/bin/perl" -MExtUtils::MY -e 'MY->fixin(shift)' -- blib/script/xml_grep
cp tools/xml_spellcheck/xml_spellcheck blib/script/xml_spellcheck
"/usr/bin/perl" -MExtUtils::MY -e 'MY->fixin(shift)' -- blib/script/xml_merge
"/usr/bin/perl" -MExtUtils::MY -e 'MY->fixin(shift)' -- blib/script/xml_pp
cp tools/xml_split/xml_split blib/script/xml_split
"/usr/bin/perl" -MExtUtils::MY -e 'MY->fixin(shift)' -- blib/script/xml_spellcheck
"/usr/bin/perl" -MExtUtils::MY -e 'MY->fixin(shift)' -- blib/script/xml_split
perl: warning: Setting locale failed.
perl: warning: Please check that your locale settings:
	LANGUAGE = (unset),
	LC_ALL = (unset),
	LC_COLLATE = "C",
	LC_MESSAGES = "C",
	LANG = "it_IT.UTF-8"
    are supported and installed on your system.
perl: warning: Falling back to the standard locale ("C").
perl: warning: Setting locale failed.
perl: warning: Please check that your locale settings:
	LANGUAGE = (unset),
	LC_ALL = (unset),
	LC_COLLATE = "C",
	LC_MESSAGES = "C",
	LANG = "it_IT.UTF-8"
    are supported and installed on your system.
perl: warning: Falling back to the standard locale ("C").
perl: warning: Setting locale failed.
perl: warning: Please check that your locale settings:
	LANGUAGE = (unset),
	LC_ALL = (unset),
	LC_COLLATE = "C",
	LC_MESSAGES = "C",
	LANG = "it_IT.UTF-8"
    are supported and installed on your system.
perl: warning: Falling back to the standard locale ("C").
perl: warning: Setting locale failed.
perl: warning: Please check that your locale settings:
	LANGUAGE = (unset),
	LC_ALL = (unset),
	LC_COLLATE = "C",
	LC_MESSAGES = "C",
	LANG = "it_IT.UTF-8"
    are supported and installed on your system.
perl: warning: Falling back to the standard locale ("C").
perl: warning: Setting locale failed.
perl: warning: Please check that your locale settings:
	LANGUAGE = (unset),
	LC_ALL = (unset),
	LC_COLLATE = "C",
	LC_MESSAGES = "C",
	LANG = "it_IT.UTF-8"
    are supported and installed on your system.
perl: warning: Falling back to the standard locale ("C").
perl: warning: Setting locale failed.
perl: warning: Please check that your locale settings:
	LANGUAGE = (unset),
	LC_ALL = (unset),
	LC_COLLATE = "C",
	LC_MESSAGES = "C",
	LANG = "it_IT.UTF-8"
    are supported and installed on your system.
perl: warning: Falling back to the standard locale ("C").
Manifying 5 pod documents
>>> Source compiled.
>>> Test phase: dev-perl/XML-Twig-3.520.0
 [32;01m*[0m Removing un-needed t/pod.t
 [32;01m*[0m Removing un-needed t/pod_coverage.t
 [32;01m*[0m Removing un-needed t/test_changes.t
 [32;01m*[0m Removing un-needed t/test_kwalitee.t
 [32;01m*[0m Removing un-needed t/test_meta_json.t
 [32;01m*[0m Fixing Manifest
 [32;01m*[0m Test::Harness Jobs=12
make -j12 test TEST_VERBOSE=0 
"/usr/bin/perl" speedup Twig_pm.slow > Twig.pm
perl: warning: Setting locale failed.
perl: warning: Please check that your locale settings:
	LANGUAGE = (unset),
	LC_ALL = (unset),
	LC_COLLATE = "C",
	LC_MESSAGES = "C",
	LANG = "it_IT.UTF-8"
    are supported and installed on your system.
perl: warning: Falling back to the standard locale ("C").
perl version is 5.030002
"/usr/bin/perl" -i_bak -p filter_for_5.005 Twig.pm Twig/XPath.pm
perl: warning: Setting locale failed.
perl: warning: Please check that your locale settings:
	LANGUAGE = (unset),
	LC_ALL = (unset),
	LC_COLLATE = "C",
	LC_MESSAGES = "C",
	LANG = "it_IT.UTF-8"
    are supported and installed on your system.
perl: warning: Falling back to the standard locale ("C").
"/usr/bin/perl" check_optional_modules
perl: warning: Setting locale failed.
perl: warning: Please check that your locale settings:
	LANGUAGE = (unset),
	LC_ALL = (unset),
	LC_COLLATE = "C",
	LC_MESSAGES = "C",
	LANG = "it_IT.UTF-8"
    are supported and installed on your system.
perl: warning: Falling back to the standard locale ("C").
perl: warning: Setting locale failed.
perl: warning: Please check that your locale settings:
	LANGUAGE = (unset),
	LC_ALL = (unset),
	LC_COLLATE = "C",
	LC_MESSAGES = "C",
	LANG = "it_IT.UTF-8"
    are supported and installed on your system.
perl: warning: Falling back to the standard locale ("C").
Skip blib/lib/XML/Twig.pm (unchanged)
Skip blib/lib/XML/Twig/XPath.pm (unchanged)
PERL_DL_NONLAZY=1 "/usr/bin/perl" "-MExtUtils::Command::MM" "-MTest::Harness" "-e" "undef *Test::Harness::Switches; test_harness(0, 'blib/lib', 'blib/arch')" t/*.t
perl: warning: Setting locale failed.
perl: warning: Please check that your locale settings:
	LANGUAGE = (unset),
	LC_ALL = (unset),
	LC_COLLATE = "C",
	LC_MESSAGES = "C",
	LANG = "it_IT.UTF-8"
    are supported and installed on your system.
perl: warning: Falling back to the standard locale ("C").
perl: warning: Setting locale failed.
perl: warning: Please check that your locale settings:
	LANGUAGE = (unset),
	LC_ALL = (unset),
	LC_COLLATE = "C",
	LC_MESSAGES = "C",
	LANG = "it_IT.UTF-8"
    are supported and installed on your system.
perl: warning: Falling back to the standard locale ("C").
perl: warning: Setting locale failed.
perl: warning: Please check that your locale settings:
	LANGUAGE = (unset),
	LC_ALL = (unset),
	LC_COLLATE = "C",
	LC_MESSAGES = "C",
	LANG = "it_IT.UTF-8"
    are supported and installed on your system.
perl: warning: Falling back to the standard locale ("C").
perl: warning: Setting locale failed.
perl: warning: Please check that your locale settings:
	LANGUAGE = (unset),
	LC_ALL = (unset),
	LC_COLLATE = "C",
	LC_MESSAGES = "C",
	LANG = "it_IT.UTF-8"
    are supported and installed on your system.
perl: warning: Falling back to the standard locale ("C").
perl: warning: Setting locale failed.
perl: warning: Please check that your locale settings:
	LANGUAGE = (unset),
	LC_ALL = (unset),
	LC_COLLATE = "C",
	LC_MESSAGES = "C",
	LANG = "it_IT.UTF-8"
    are supported and installed on your system.
perl: warning: Falling back to the standard locale ("C").
perl: warning: Setting locale failed.
perl: warning: Please check that your locale settings:
	LANGUAGE = (unset),
	LC_ALL = (unset),
	LC_COLLATE = "C",
	LC_MESSAGES = "C",
	LANG = "it_IT.UTF-8"
    are supported and installed on your system.
perl: warning: Falling back to the standard locale ("C").
perl: warning: Setting locale failed.
perl: warning: Please check that your locale settings:
	LANGUAGE = (unset),
	LC_ALL = (unset),
	LC_COLLATE = "C",
	LC_MESSAGES = "C",
	LANG = "it_IT.UTF-8"
    are supported and installed on your system.
perl: warning: Falling back to the standard locale ("C").
perl: warning: Setting locale failed.
perl: warning: Please check that your locale settings:
	LANGUAGE = (unset),
	LC_ALL = (unset),
	LC_COLLATE = "C",
	LC_MESSAGES = "C",
	LANG = "it_IT.UTF-8"
    are supported and installed on your system.
perl: warning: Falling back to the standard locale ("C").
perl: warning: Setting locale failed.
perl: warning: Please check that your locale settings:
	LANGUAGE = (unset),
	LC_ALL = (unset),
	LC_COLLATE = "C",
	LC_MESSAGES = "C",
	LANG = "it_IT.UTF-8"
    are supported and installed on your system.
perl: warning: Falling back to the standard locale ("C").
perl: warning: Setting locale failed.
perl: warning: Please check that your locale settings:
	LANGUAGE = (unset),
	LC_ALL = (unset),
	LC_COLLATE = "C",
	LC_MESSAGES = "C",
	LANG = "it_IT.UTF-8"
    are supported and installed on your system.
perl: warning: Falling back to the standard locale ("C").
===(       1;0   1/43   0/97   0/15   0/23   0/19   0/80   0/15 ... )======(       2;0   1/43   1/97   0/15   0/23   0/19   0/80   0/15 ... )======(       4;0   2/43   1/97   1/15   0/23   0/19   0/80   0/15 ... )======(       6;0   2/43   2/97   1/15   1/23   0/19   0/80   0/15 ... )======(       8;0   2/43   2/97   2/15   1/23   1/19   0/80   0/15 ... )======(       9;0   2/43   2/97   2/15   1/23   1/19   1/80   0/15 ... )======(      11;0   2/43   2/97   2/15   1/23   2/19   1/80   1/15 ... )======(      12;0   2/43   2/97   2/15   1/23   2/19   1/80   1/15 ... )===perl: warning: Setting locale failed.
perl: warning: Please check that your locale settings:
	LANGUAGE = (unset),
	LC_ALL = (unset),
	LC_COLLATE = "C",
	LC_MESSAGES = "C",
	LANG = "it_IT.UTF-8"
    are supported and installed on your system.
perl: warning: Falling back to the standard locale ("C").
===(      14;0   2/43   2/97   2/15   1/23   2/19   1/80   1/15 ... )======(      15;0   2/43   2/97   2/15   1/23   2/19   1/80   1/15 ... )======(      25;0   4/43   4/97   3/15   1/23   4/19   2/80   2/15 ... )===perl: warning: Setting locale failed.
perl: warning: Please check that your locale settings:
	LANGUAGE = (unset),
	LC_ALL = (unset),
	LC_COLLATE = "C",
	LC_MESSAGES = "C",
	LANG = "it_IT.UTF-8"
    are supported and installed on your system.
perl: warning: Falling back to the standard locale ("C").
                                                                        t/test_3_32.t ....................... ok
===(      27;0   4/43   4/97   3/15   1/23   4/19   2/80   3/15 ... )===perl: warning: Setting locale failed.
perl: warning: Please check that your locale settings:
	LANGUAGE = (unset),
	LC_ALL = (unset),
	LC_COLLATE = "C",
	LC_MESSAGES = "C",
	LANG = "it_IT.UTF-8"
    are supported and installed on your system.
perl: warning: Falling back to the standard locale ("C").
===(      75;0  10/43  10/97   8/15   7/23   9/19   6/80   9/15 ... )===perl: warning: Setting locale failed.
perl: warning: Please check that your locale settings:
	LANGUAGE = (unset),
	LC_ALL = (unset),
	LC_COLLATE = "C",
	LC_MESSAGES = "C",
	LANG = "it_IT.UTF-8"
    are supported and installed on your system.
perl: warning: Falling back to the standard locale ("C").
                                                                        t/test_3_35.t ....................... ok
===(     141;0  16/43  16/97  14/15  13/23  15/19  12/80  15/15 ... )===perl: warning: Setting locale failed.
perl: warning: Please check that your locale settings:
	LANGUAGE = (unset),
	LC_ALL = (unset),
	LC_COLLATE = "C",
	LC_MESSAGES = "C",
	LANG = "it_IT.UTF-8"
    are supported and installed on your system.
perl: warning: Falling back to the standard locale ("C").
perl: warning: Setting locale failed.
perl: warning: Please check that your locale settings:
	LANGUAGE = (unset),
	LC_ALL = (unset),
	LC_COLLATE = "C",
	LC_MESSAGES = "C",
	LANG = "it_IT.UTF-8"
    are supported and installed on your system.
perl: warning: Falling back to the standard locale ("C").
perl: warning: Setting locale failed.
perl: warning: Please check that your locale settings:
	LANGUAGE = (unset),
	LC_ALL = (unset),
	LC_COLLATE = "C",
	LC_MESSAGES = "C",
	LANG = "it_IT.UTF-8"
    are supported and installed on your system.
perl: warning: Falling back to the standard locale ("C").
                                                                        t/test2.t ........................... ok
===(     147;0  18/43  18/97  14/23  15/19  12/80  15/15  10/18 ... )===                                                                        t/test_3_24.t ....................... ok
===(     156;0  20/43  20/97  16/23  17/19  13/80  10/18  11/82 ... )======(     172;0  22/43  22/97  18/23  19/19  15/80  12/18  13/82 ... )===perl: warning: Setting locale failed.
perl: warning: Please check that your locale settings:
	LANGUAGE = (unset),
	LC_ALL = (unset),
	LC_COLLATE = "C",
	LC_MESSAGES = "C",
	LANG = "it_IT.UTF-8"
    are supported and installed on your system.
perl: warning: Falling back to the standard locale ("C").
perl: warning: Setting locale failed.
perl: warning: Please check that your locale settings:
	LANGUAGE = (unset),
	LC_ALL = (unset),
	LC_COLLATE = "C",
	LC_MESSAGES = "C",
	LANG = "it_IT.UTF-8"
    are supported and installed on your system.
perl: warning: Falling back to the standard locale ("C").
                                                                        t/test4.t ........................... ok
===(     179;0  24/43  24/97  19/23  15/80  12/18  13/82  10/87 ... )======(     183;0  26/43  25/97  19/23  15/80  12/18  13/82  10/87 ... )======(     196;0  26/43  26/97  21/23  17/80  14/18  15/82  12/87 ... )===perl: warning: Setting locale failed.
perl: warning: Please check that your locale settings:
	LANGUAGE = (unset),
	LC_ALL = (unset),
	LC_COLLATE = "C",
	LC_MESSAGES = "C",
	LANG = "it_IT.UTF-8"
    are supported and installed on your system.
perl: warning: Falling back to the standard locale ("C").
===(     209;0  28/43  28/97  23/23  19/80  15/18  15/82  12/87 ... )===                                                                        t/test3.t ........................... ok
===(     223;0  30/43  30/97  19/80  16/18  17/82  14/87   6/67 ... )===perl: warning: Setting locale failed.
perl: warning: Please check that your locale settings:
	LANGUAGE = (unset),
	LC_ALL = (unset),
	LC_COLLATE = "C",
	LC_MESSAGES = "C",
	LANG = "it_IT.UTF-8"
    are supported and installed on your system.
perl: warning: Falling back to the standard locale ("C").
===(     251;1  34/43  34/97  23/80  18/18  19/82  16/87   8/67 ... )===
need HTML::TreeBuilder 3.13+ to use set_inner_html method: skipping 4 tests
perl: warning: Setting locale failed.
perl: warning: Please check that your locale settings:
	LANGUAGE = (unset),
	LC_ALL = (unset),
	LC_COLLATE = "C",
	LC_MESSAGES = "C",
	LANG = "it_IT.UTF-8"
    are supported and installed on your system.
perl: warning: Falling back to the standard locale ("C").
perl: warning: Setting locale failed.
perl: warning: Please check that your locale settings:
	LANGUAGE = (unset),
	LC_ALL = (unset),
	LC_COLLATE = "C",
	LC_MESSAGES = "C",
	LANG = "it_IT.UTF-8"
    are supported and installed on your system.
perl: warning: Falling back to the standard locale ("C").
perl: warning: Setting locale failed.
perl: warning: Please check that your locale settings:
	LANGUAGE = (unset),
	LC_ALL = (unset),
	LC_COLLATE = "C",
	LC_MESSAGES = "C",
	LANG = "it_IT.UTF-8"
    are supported and installed on your system.
perl: warning: Falling back to the standard locale ("C").

HTML::TreeBuilder not available: skipping 5 tests
                                                                        t/test_3_26.t ....................... ok
===(     251;1  34/43  34/97  23/80  19/82  16/87   8/67   6/21 ... )======(     258;1  36/43  36/97  23/80  19/82  16/87   8/67   6/21 ... )===perl: warning: Setting locale failed.
perl: warning: Please check that your locale settings:
	LANGUAGE = (unset),
	LC_ALL = (unset),
	LC_COLLATE = "C",
	LC_MESSAGES = "C",
	LANG = "it_IT.UTF-8"
    are supported and installed on your system.
perl: warning: Falling back to the standard locale ("C").
===(     297;1  40/43  40/97  27/80  23/82  20/87  12/67  10/21 ... )===
: skipping 3 tests
                                                                        t/test_3_39.t ....................... ok
===(     316;1  42/43  41/97  29/80  25/82  22/87  14/67  12/21 ... )===                                                                        t/is_field.t ........................ ok
===(     318;1  42/97  29/80  25/82  22/87  14/67  12/21  10/96 ... )======(     324;1  44/97  29/80  25/82  22/87  14/67  12/21  11/96 ... )===                                                                        t/test_3_42.t ....................... ok
===(     325;1  44/97  30/80  25/82  22/87  14/67  12/21  11/96 ... )===perl: warning: Setting locale failed.
perl: warning: Please check that your locale settings:
	LANGUAGE = (unset),
	LC_ALL = (unset),
	LC_COLLATE = "C",
	LC_MESSAGES = "C",
	LANG = "it_IT.UTF-8"
    are supported and installed on your system.
perl: warning: Falling back to the standard locale ("C").
===(     343;1  46/97  32/80  27/82  24/87  16/67  14/21  13/96 ... )===perl: warning: Setting locale failed.
perl: warning: Please check that your locale settings:
	LANGUAGE = (unset),
	LC_ALL = (unset),
	LC_COLLATE = "C",
	LC_MESSAGES = "C",
	LANG = "it_IT.UTF-8"
    are supported and installed on your system.
perl: warning: Falling back to the standard locale ("C").
===(     360;1  48/97  34/80  29/82  26/87  17/67  15/21  15/96 ... )======(     402;1  53/97  38/80  33/82  30/87  22/67  20/21  19/96 ... )===                                                                        t/test_3_41.t ....................... ok
===(     407;1  54/97  39/80  33/82  30/87  22/67  20/21  20/96 ... )===                                                                        t/test_3_48.t ....................... ok
===(     409;1  55/97  39/80  33/82  30/87  22/67  20/21  20/96 ... )===perl: warning: Setting locale failed.
perl: warning: Please check that your locale settings:
	LANGUAGE = (unset),
	LC_ALL = (unset),
	LC_COLLATE = "C",
	LC_MESSAGES = "C",
	LANG = "it_IT.UTF-8"
    are supported and installed on your system.
perl: warning: Falling back to the standard locale ("C").
                                                                        t/test_3_47.t ....................... ok
===(     416;1  57/97  41/80  33/82  30/87  22/67  20/21  21/96 ... )======(     420;1  59/97  41/80  33/82  30/87  22/67  20/21  21/96 ... )======(     424;1  59/97  42/80  33/82  30/87  22/67  20/21  22/96 ... )===perl: warning: Setting locale failed.
perl: warning: Please check that your locale settings:
	LANGUAGE = (unset),
	LC_ALL = (unset),
	LC_COLLATE = "C",
	LC_MESSAGES = "C",
	LANG = "it_IT.UTF-8"
    are supported and installed on your system.
perl: warning: Falling back to the standard locale ("C").

LWP and/or HTML::TreeBuilder not available, cannot test safe_parseurl_html: skipping 1 tests
                                                                        t/test_3_38.t ....................... ok
===(     435;1  59/97  43/80  35/82  32/87  24/67  23/96  12/86 ... )===perl: warning: Setting locale failed.
perl: warning: Please check that your locale settings:
	LANGUAGE = (unset),
	LC_ALL = (unset),
	LC_COLLATE = "C",
	LC_MESSAGES = "C",
	LANG = "it_IT.UTF-8"
    are supported and installed on your system.
perl: warning: Falling back to the standard locale ("C").
perl: warning: Setting locale failed.
perl: warning: Please check that your locale settings:
	LANGUAGE = (unset),
	LC_ALL = (unset),
	LC_COLLATE = "C",
	LC_MESSAGES = "C",
	LANG = "it_IT.UTF-8"
    are supported and installed on your system.
perl: warning: Falling back to the standard locale ("C").
perl: warning: Setting locale failed.
perl: warning: Please check that your locale settings:
	LANGUAGE = (unset),
	LC_ALL = (unset),
	LC_COLLATE = "C",
	LC_MESSAGES = "C",
	LANG = "it_IT.UTF-8"
    are supported and installed on your system.
perl: warning: Falling back to the standard locale ("C").
===(     475;1  63/97  47/80  39/82  36/87  28/67  27/96  16/86 ... )======(     476;1  63/97  47/80  39/82  36/87  28/67  27/96  16/86 ... )===                                                                        t/test_attregexp_cond.t ............. ok
===(     531;1  69/97  53/80  43/82  40/87  32/67  32/96  21/86 ... )===                                                                        t/test_autoencoding_conversion.t .... ok
===(     537;1  71/97  53/80  43/82  40/87  32/67  33/96  21/86 ... )===perl: warning: Setting locale failed.
perl: warning: Please check that your locale settings:
	LANGUAGE = (unset),
	LC_ALL = (unset),
	LC_COLLATE = "C",
	LC_MESSAGES = "C",
	LANG = "it_IT.UTF-8"
    are supported and installed on your system.
perl: warning: Falling back to the standard locale ("C").

Text::Iconv not available: skipping 1 tests

option do_not_escape_amp_in_atts not available (it's only available in an old version of expat), no worries: skipping 1 tests
perl: warning: Setting locale failed.
perl: warning: Please check that your locale settings:
	LANGUAGE = (unset),
	LC_ALL = (unset),
	LC_COLLATE = "C",
	LC_MESSAGES = "C",
	LANG = "it_IT.UTF-8"
    are supported and installed on your system.
perl: warning: Falling back to the standard locale ("C").
perl: warning: Setting locale failed.
perl: warning: Please check that your locale settings:
	LANGUAGE = (unset),
	LC_ALL = (unset),
	LC_COLLATE = "C",
	LC_MESSAGES = "C",
	LANG = "it_IT.UTF-8"
    are supported and installed on your system.
perl: warning: Falling back to the standard locale ("C").
                                                                        t/test_3_45.t ....................... ok
===(     555;1  73/97  55/80  45/82  42/87  33/67  35/96  23/86 ... )======(     556;1  73/97  55/80  45/82  42/87  33/67  35/96  23/86 ... )======(     576;1  75/97  57/80  47/82  44/87  35/67  37/96  25/86 ... )===perl: warning: Setting locale failed.
perl: warning: Please check that your locale settings:
	LANGUAGE = (unset),
	LC_ALL = (unset),
	LC_COLLATE = "C",
	LC_MESSAGES = "C",
	LANG = "it_IT.UTF-8"
    are supported and installed on your system.
perl: warning: Falling back to the standard locale ("C").
                                                                        t/test_3_50.t ....................... ok
===(     607;1  79/97  60/80  49/82  46/87  37/67  40/96  28/86 ... )======(     611;1  80/97  60/80  49/82  46/87  37/67  40/96  28/86 ... )===perl: warning: Setting locale failed.
perl: warning: Please check that your locale settings:
	LANGUAGE = (unset),
	LC_ALL = (unset),
	LC_COLLATE = "C",
	LC_MESSAGES = "C",
	LANG = "it_IT.UTF-8"
    are supported and installed on your system.
perl: warning: Falling back to the standard locale ("C").
                                                                        t/test_bugs_3_15.t .................. ok
===(     736;1  91/97  72/80  61/82  58/87  49/67  52/96  40/86 ... )======(     741;1  93/97  72/80  61/82  58/87  49/67  52/96  40/86 ... )===perl: warning: Setting locale failed.
perl: warning: Please check that your locale settings:
	LANGUAGE = (unset),
	LC_ALL = (unset),
	LC_COLLATE = "C",
	LC_MESSAGES = "C",
	LANG = "it_IT.UTF-8"
    are supported and installed on your system.
perl: warning: Falling back to the standard locale ("C").
perl: warning: Setting locale failed.
perl: warning: Please check that your locale settings:
	LANGUAGE = (unset),
	LC_ALL = (unset),
	LC_COLLATE = "C",
	LC_MESSAGES = "C",
	LANG = "it_IT.UTF-8"
    are supported and installed on your system.
perl: warning: Falling back to the standard locale ("C").
perl: warning: Setting locale failed.
perl: warning: Please check that your locale settings:
	LANGUAGE = (unset),
	LC_ALL = (unset),
	LC_COLLATE = "C",
	LC_MESSAGES = "C",
	LANG = "it_IT.UTF-8"
    are supported and installed on your system.
perl: warning: Falling back to the standard locale ("C").
                                                                        t/test1.t ........................... ok
===(     801;1  78/80  67/82  64/87  55/67  58/96  46/86   38/66... )======(     802;1  78/80  67/82  64/87  55/67  58/96  46/86   38/66... )===                                                                        t/test5.t ........................... ok
===(     829;1  69/82  66/87  57/67  61/96  49/86   41/663   24/... )===perl: warning: Setting locale failed.
perl: warning: Please check that your locale settings:
	LANGUAGE = (unset),
	LC_ALL = (unset),
	LC_COLLATE = "C",
	LC_MESSAGES = "C",
	LANG = "it_IT.UTF-8"
    are supported and installed on your system.
perl: warning: Falling back to the standard locale ("C").
perl: warning: Setting locale failed.
perl: warning: Please check that your locale settings:
	LANGUAGE = (unset),
	LC_ALL = (unset),
	LC_COLLATE = "C",
	LC_MESSAGES = "C",
	LANG = "it_IT.UTF-8"
    are supported and installed on your system.
perl: warning: Falling back to the standard locale ("C").
===(     870;1  73/82  70/87  61/67  65/96  53/86   45/663   28/... )======(     895;1  75/82  72/87  63/67  67/96  55/86   48/663   30/... )===                                                                        t/test_cdata.t ...................... ok
===(     915;1  77/82  74/87  65/67  69/96  57/86   49/663   32/... )===                                                                        t/test_bugs_3_19.t .................. ok
===(     917;1  77/82  74/87  65/67  69/96  57/86   50/663   32/... )===perl: warning: Setting locale failed.
perl: warning: Please check that your locale settings:
	LANGUAGE = (unset),
	LC_ALL = (unset),
	LC_COLLATE = "C",
	LC_MESSAGES = "C",
	LANG = "it_IT.UTF-8"
    are supported and installed on your system.
perl: warning: Falling back to the standard locale ("C").

need HTML::Tidy to use the use_tidy method method: skipping 4 tests

HTML::Tidy not available: skipping 5 tests

HTML::Tidy not available, cannot test safe_parse.*_html methods with the use_tidy option: skipping 3 tests

need HTML::Tidy and LWP to test parse_html with the use_tidy option: skipping 3 tests

need HTML::TreeBuilder for additional HTML tests: skipping 3 tests

: skipping 1 tests
perl: warning: Setting locale failed.
perl: warning: Please check that your locale settings:
	LANGUAGE = (unset),
	LC_ALL = (unset),
	LC_COLLATE = "C",
	LC_MESSAGES = "C",
	LANG = "it_IT.UTF-8"
    are supported and installed on your system.
perl: warning: Falling back to the standard locale ("C").
                                                                        t/test_3_36.t ....................... ok
===(     952;1  81/82  77/87  73/96  61/86   54/663   35/158  20... )======(     954;1  81/82  77/87  73/96  61/86   54/663   35/158  20... )======(     956;1  81/82  77/87  73/96  61/86   55/663   35/158  20... )===
need HTML::TreeBuilder > 4.00 to test error display with HTML data: skipping 4 tests
                                                                        t/test_3_27.t ....................... ok
===(     969;1  78/87  75/96  63/86   56/663   36/158  22/25   1... )===perl: warning: Setting locale failed.
perl: warning: Please check that your locale settings:
	LANGUAGE = (unset),
	LC_ALL = (unset),
	LC_COLLATE = "C",
	LC_MESSAGES = "C",
	LANG = "it_IT.UTF-8"
    are supported and installed on your system.
perl: warning: Falling back to the standard locale ("C").
                                                                        t/test_bugs_3_21.t .................. ok
===(    1001;1  80/87  78/96  66/86   60/663   39/158   18/181  ... )===perl: warning: Setting locale failed.
perl: warning: Please check that your locale settings:
	LANGUAGE = (unset),
	LC_ALL = (unset),
	LC_COLLATE = "C",
	LC_MESSAGES = "C",
	LANG = "it_IT.UTF-8"
    are supported and installed on your system.
perl: warning: Falling back to the standard locale ("C").
                                                                        t/test_comment_handler.t ............ ok
===(    1004;1  80/87  78/96  66/86   61/663   39/158   19/181  ... )======(    1012;1  80/87  79/96  67/86   62/663   40/158   20/181  ... )===perl: warning: Setting locale failed.
perl: warning: Please check that your locale settings:
	LANGUAGE = (unset),
	LC_ALL = (unset),
	LC_COLLATE = "C",
	LC_MESSAGES = "C",
	LANG = "it_IT.UTF-8"
    are supported and installed on your system.
perl: warning: Falling back to the standard locale ("C").
===(    1019;1  81/87  80/96  68/86   63/663   40/158   20/181  ... )===perl: warning: Setting locale failed.
perl: warning: Please check that your locale settings:
	LANGUAGE = (unset),
	LC_ALL = (unset),
	LC_COLLATE = "C",
	LC_MESSAGES = "C",
	LANG = "it_IT.UTF-8"
    are supported and installed on your system.
perl: warning: Falling back to the standard locale ("C").
                                                                        t/test_drop_comments.t .............. ok
===(    1041;1  84/87  82/96  70/86   65/663   42/158   23/181  ... )======(    1046;1  84/87  82/96  70/86   66/663   42/158   24/181  ... )===                                                                        t/test_erase.t ...................... ok
===(    1056;1  85/87  84/96  72/86   67/663   43/158   24/181  ... )===perl: warning: Setting locale failed.
perl: warning: Please check that your locale settings:
	LANGUAGE = (unset),
	LC_ALL = (unset),
	LC_COLLATE = "C",
	LC_MESSAGES = "C",
	LANG = "it_IT.UTF-8"
    are supported and installed on your system.
perl: warning: Falling back to the standard locale ("C").
===(    1078;1  87/87  86/96  74/86   70/663   45/158   27/181  ... )===perl: warning: Setting locale failed.
perl: warning: Please check that your locale settings:
	LANGUAGE = (unset),
	LC_ALL = (unset),
	LC_COLLATE = "C",
	LC_MESSAGES = "C",
	LANG = "it_IT.UTF-8"
    are supported and installed on your system.
perl: warning: Falling back to the standard locale ("C").
perl: warning: Setting locale failed.
perl: warning: Please check that your locale settings:
	LANGUAGE = (unset),
	LC_ALL = (unset),
	LC_COLLATE = "C",
	LC_MESSAGES = "C",
	LANG = "it_IT.UTF-8"
    are supported and installed on your system.
perl: warning: Falling back to the standard locale ("C").
                                                                        t/test_entities.t ................... ok
===(    1086;1  87/87  88/96  75/86   71/663   46/158   27/181  ... )======(    1091;1  87/87  88/96  75/86   72/663   46/158   28/181  ... )======(    1095;1  87/87  89/96  76/86   72/663   47/158   28/181  ... )===
HTML::TreeBuilder not available, cannot test safe_parse.*_html methods: skipping 3 tests
                                                                        t/test_3_30.t ....................... ok
===(    1100;1  90/96  77/86   73/663   47/158   28/181  24/26  ... )===                                                                        t/test_even_more_coverage.t ......... ok
===(    1108;1  91/96  78/86   74/663   48/158   29/181  25/26  ... )===                                                                        t/test_class_selector.t ............. ok
===(    1109;1  91/96  78/86   74/663   48/158   30/181  25/26  ... )===                                                                        t/test_class_methods.t .............. ok
===(    1117;1  92/96  79/86   76/663   49/158   31/181    1/121... )===perl: warning: Setting locale failed.
perl: warning: Please check that your locale settings:
	LANGUAGE = (unset),
	LC_ALL = (unset),
	LC_COLLATE = "C",
	LC_MESSAGES = "C",
	LANG = "it_IT.UTF-8"
    are supported and installed on your system.
perl: warning: Falling back to the standard locale ("C").
                                                                        t/test_expand_external_entities.t ... ok
===(    1120;1  92/96  79/86   77/663   49/158   32/181    2/121... )===perl: warning: Setting locale failed.
perl: warning: Please check that your locale settings:
	LANGUAGE = (unset),
	LC_ALL = (unset),
	LC_COLLATE = "C",
	LC_MESSAGES = "C",
	LANG = "it_IT.UTF-8"
    are supported and installed on your system.
perl: warning: Falling back to the standard locale ("C").
===(    1128;2  94/96  80/86   79/663   50/158   33/181    3/121... )===perl: warning: Setting locale failed.
perl: warning: Please check that your locale settings:
	LANGUAGE = (unset),
	LC_ALL = (unset),
	LC_COLLATE = "C",
	LC_MESSAGES = "C",
	LANG = "it_IT.UTF-8"
    are supported and installed on your system.
perl: warning: Falling back to the standard locale ("C").
perl: warning: Setting locale failed.
perl: warning: Please check that your locale settings:
	LANGUAGE = (unset),
	LC_ALL = (unset),
	LC_COLLATE = "C",
	LC_MESSAGES = "C",
	LANG = "it_IT.UTF-8"
    are supported and installed on your system.
perl: warning: Falling back to the standard locale ("C").
===(    1134;2  94/96  81/86   80/663   51/158   35/181    3/121... )======(    1138;2  95/96  82/86   80/663   52/158   35/181    3/121... )===perl: warning: Setting locale failed.
perl: warning: Please check that your locale settings:
	LANGUAGE = (unset),
	LC_ALL = (unset),
	LC_COLLATE = "C",
	LC_MESSAGES = "C",
	LANG = "it_IT.UTF-8"
    are supported and installed on your system.
perl: warning: Falling back to the standard locale ("C").
===(    1143;2  96/96  83/86   81/663   52/158   35/181    3/121... )======(    1144;2  96/96  83/86   81/663   52/158   35/181    3/121... )======(    1145;2  96/96  83/86   81/663   52/158   35/181    3/121... )===perl: warning: Setting locale failed.
perl: warning: Please check that your locale settings:
	LANGUAGE = (unset),
	LC_ALL = (unset),
	LC_COLLATE = "C",
	LC_MESSAGES = "C",
	LANG = "it_IT.UTF-8"
    are supported and installed on your system.
perl: warning: Falling back to the standard locale ("C").
                                                                        t/test_3_40.t ....................... ok
===(    1154;2  83/86   82/663   53/158   37/181    4/121  1/1  ... )===perl: warning: Setting locale failed.
perl: warning: Please check that your locale settings:
	LANGUAGE = (unset),
	LC_ALL = (unset),
	LC_COLLATE = "C",
	LC_MESSAGES = "C",
	LANG = "it_IT.UTF-8"
    are supported and installed on your system.
perl: warning: Falling back to the standard locale ("C").
                                                                        t/test_ignore_elts.t ................ ok
===(    1163;2  84/86   84/663   54/158   38/181    4/121  0/7  ... )===perl: warning: Setting locale failed.
perl: warning: Please check that your locale settings:
	LANGUAGE = (unset),
	LC_ALL = (unset),
	LC_COLLATE = "C",
	LC_MESSAGES = "C",
	LANG = "it_IT.UTF-8"
    are supported and installed on your system.
perl: warning: Falling back to the standard locale ("C").
skipping, need IO::String
===(    1173;2  85/86   86/663   55/158   39/181    4/121  1/7  ... )===perl: warning: Setting locale failed.
perl: warning: Please check that your locale settings:
	LANGUAGE = (unset),
	LC_ALL = (unset),
	LC_COLLATE = "C",
	LC_MESSAGES = "C",
	LANG = "it_IT.UTF-8"
    are supported and installed on your system.
perl: warning: Falling back to the standard locale ("C").
perl: warning: Setting locale failed.
perl: warning: Please check that your locale settings:
	LANGUAGE = (unset),
	LC_ALL = (unset),
	LC_COLLATE = "C",
	LC_MESSAGES = "C",
	LANG = "it_IT.UTF-8"
    are supported and installed on your system.
perl: warning: Falling back to the standard locale ("C").
                                                                        t/test_need_3_args_open.t ........... ok
===(    1175;2  86/86   86/663   55/158   39/181    4/121  1/7  ... )======(    1180;2  86/86   87/663   55/158   40/181    5/121  1/7  ... )===                                                                        t/test_3_44.t ....................... ok
===(    1181;2   87/663   56/158   40/181    5/121  1/7   4/48  ... )===                                                                        t/test_need_io_scalar.t ............. ok
===(    1185;2   88/663   56/158   41/181    6/121  1/7   4/48  ... )===perl: warning: Setting locale failed.
perl: warning: Please check that your locale settings:
	LANGUAGE = (unset),
	LC_ALL = (unset),
	LC_COLLATE = "C",
	LC_MESSAGES = "C",
	LANG = "it_IT.UTF-8"
    are supported and installed on your system.
perl: warning: Falling back to the standard locale ("C").
===(    1196;2   90/663   57/158   42/181    7/121  2/7   5/48  ... )======(    1207;2   91/663   58/158   44/181    9/121  3/7   6/48  ... )===perl: warning: Setting locale failed.
perl: warning: Please check that your locale settings:
	LANGUAGE = (unset),
	LC_ALL = (unset),
	LC_COLLATE = "C",
	LC_MESSAGES = "C",
	LANG = "it_IT.UTF-8"
    are supported and installed on your system.
perl: warning: Falling back to the standard locale ("C").
perl: warning: Setting locale failed.
perl: warning: Please check that your locale settings:
	LANGUAGE = (unset),
	LC_ALL = (unset),
	LC_COLLATE = "C",
	LC_MESSAGES = "C",
	LANG = "it_IT.UTF-8"
    are supported and installed on your system.
perl: warning: Falling back to the standard locale ("C").
                                                                        t/test_new_features_3_15.t .......... ok
===(    1214;2   92/663   59/158   44/181    9/121  4/7   7/48  ... )===
need HTML::TreeBuilder 3.13+: skipping 1 tests

need HTML::Tidy: skipping 1 tests
test 4: possible memory leak parsing xml (32052 > 28116) (no weak references, disregard unless running with a _really_ old perl, like pre 5.8) at t/test_memory.t line 68, <STATUS> line 275.

note that memory leaks can happen even if the module itself doesn't leak, if running
tests under Devel::Cover for example. So do not panic if you get a warning here.
                                                                        t/test_memory.t ..................... ok
===(    1215;2   92/663   59/158   45/181    9/121  4/7   7/48  ... )======(    1220;2   93/663   59/158   46/181   10/121  4/7   7/48  ... )======(    1222;2   93/663   60/158   46/181   10/121  4/7   7/48  ... )===perl: warning: Setting locale failed.
perl: warning: Please check that your locale settings:
	LANGUAGE = (unset),
	LC_ALL = (unset),
	LC_COLLATE = "C",
	LC_MESSAGES = "C",
	LANG = "it_IT.UTF-8"
    are supported and installed on your system.
perl: warning: Falling back to the standard locale ("C").
                                                                        t/test_need_use_bytes.t ............. ok
===(    1224;2   94/663   60/158   46/181   10/121  4/7   8/48  ... )===perl: warning: Setting locale failed.
perl: warning: Please check that your locale settings:
	LANGUAGE = (unset),
	LC_ALL = (unset),
	LC_COLLATE = "C",
	LC_MESSAGES = "C",
	LANG = "it_IT.UTF-8"
    are supported and installed on your system.
perl: warning: Falling back to the standard locale ("C").
perl: warning: Setting locale failed.
perl: warning: Please check that your locale settings:
	LANGUAGE = (unset),
	LC_ALL = (unset),
	LC_COLLATE = "C",
	LC_MESSAGES = "C",
	LANG = "it_IT.UTF-8"
    are supported and installed on your system.
perl: warning: Falling back to the standard locale ("C").

need  HTML::TreeBuilder 3.13+ and LWP to test parse_html: skipping 3 tests

need HTML::TreeBuilder 3.13+: skipping 3 tests

cannot test html url parsing without LWP::Simple and HTML::TreeBuilder 3.13+: skipping 1 tests
===(    1244;2   96/663   62/158   49/181   12/121  6/7  10/48  ... )======(    1258;2   98/663   63/158   49/181   13/121  7/7  11/48  ... )===                                                                        t/test_keep_atts_order.t ............ ok
===(    1258;2   98/663   63/158   49/181   13/121  11/48  18/85... )======(    1264;2   99/663   63/158   50/181   14/121  11/48  19/85... )===                                                                        t/test_pi_handler.t ................. ok
===(    1281;2  100/663   65/158   52/181   15/121  13/48  20/85... )===perl: warning: Setting locale failed.
perl: warning: Please check that your locale settings:
	LANGUAGE = (unset),
	LC_ALL = (unset),
	LC_COLLATE = "C",
	LC_MESSAGES = "C",
	LANG = "it_IT.UTF-8"
    are supported and installed on your system.
perl: warning: Falling back to the standard locale ("C").
===(    1316;2  104/663   68/158   55/181   18/121  16/48  24/85... )===perl: warning: Setting locale failed.
perl: warning: Please check that your locale settings:
	LANGUAGE = (unset),
	LC_ALL = (unset),
	LC_COLLATE = "C",
	LC_MESSAGES = "C",
	LANG = "it_IT.UTF-8"
    are supported and installed on your system.
perl: warning: Falling back to the standard locale ("C").
skipping: XML::Simple is not installed
                                                                        t/test_simplify.t ................... ok
===(    1323;2  104/663   69/158   57/181   19/121  17/48  24/85... )======(    1336;2  106/663   70/158   58/181   20/121  18/48  26/85... )===perl: warning: Setting locale failed.
perl: warning: Please check that your locale settings:
	LANGUAGE = (unset),
	LC_ALL = (unset),
	LC_COLLATE = "C",
	LC_MESSAGES = "C",
	LANG = "it_IT.UTF-8"
    are supported and installed on your system.
perl: warning: Falling back to the standard locale ("C").
===(    1391;2  110/663   75/158   64/181   25/121  23/48  30/85... )===                                                                        t/test_safe_encode.t ................ ok
===(    1426;2  114/663   78/158   66/181   28/121  26/48  34/85... )===                                                                        t/test_spaces.t ..................... ok
===(    1427;2  114/663   78/158   67/181   28/121  26/48  34/85... )===perl: warning: Setting locale failed.
perl: warning: Please check that your locale settings:
	LANGUAGE = (unset),
	LC_ALL = (unset),
	LC_COLLATE = "C",
	LC_MESSAGES = "C",
	LANG = "it_IT.UTF-8"
    are supported and installed on your system.
perl: warning: Falling back to the standard locale ("C").
                                                                        t/test_pos.t ........................ ok
===(    1442;2  116/663   79/158   68/181   29/121  27/48  36/85... )===perl: warning: Setting locale failed.
perl: warning: Please check that your locale settings:
	LANGUAGE = (unset),
	LC_ALL = (unset),
	LC_COLLATE = "C",
	LC_MESSAGES = "C",
	LANG = "it_IT.UTF-8"
    are supported and installed on your system.
perl: warning: Falling back to the standard locale ("C").
                                                                        t/test_new_features_3_22.t .......... ok
===(    1473;2  120/663   82/158   71/181   32/121  30/48  40/85... )======(    1475;2  120/663   82/158   72/181   32/121  30/48  40/85... )======(    1484;2  122/663   83/158   72/181   33/121  31/48  41/85... )======(    1486;2  122/663   83/158   72/181   33/121  31/48  42/85... )===perl: warning: Setting locale failed.
perl: warning: Please check that your locale settings:
	LANGUAGE = (unset),
	LC_ALL = (unset),
	LC_COLLATE = "C",
	LC_MESSAGES = "C",
	LANG = "it_IT.UTF-8"
    are supported and installed on your system.
perl: warning: Falling back to the standard locale ("C").
perl: warning: Setting locale failed.
perl: warning: Please check that your locale settings:
	LANGUAGE = (unset),
	LC_ALL = (unset),
	LC_COLLATE = "C",
	LC_MESSAGES = "C",
	LANG = "it_IT.UTF-8"
    are supported and installed on your system.
perl: warning: Falling back to the standard locale ("C").
                                                                        t/test_variables.t .................. ok
===(    1549;2  128/663   89/158   78/181   39/121  37/48  47/85... )===perl: warning: Setting locale failed.
perl: warning: Please check that your locale settings:
	LANGUAGE = (unset),
	LC_ALL = (unset),
	LC_COLLATE = "C",
	LC_MESSAGES = "C",
	LANG = "it_IT.UTF-8"
    are supported and installed on your system.
perl: warning: Falling back to the standard locale ("C").
===(    1615;2  135/663   95/158   85/181   46/121  43/48  54/85... )===perl: warning: Setting locale failed.
perl: warning: Please check that your locale settings:
	LANGUAGE = (unset),
	LC_ALL = (unset),
	LC_COLLATE = "C",
	LC_MESSAGES = "C",
	LANG = "it_IT.UTF-8"
    are supported and installed on your system.
perl: warning: Falling back to the standard locale ("C").
                                                                        t/test_twig_roots.t ................. ok
===(    1621;2  136/663   96/158   85/181   46/121  44/48  55/85... )===perl: warning: Setting locale failed.
perl: warning: Please check that your locale settings:
	LANGUAGE = (unset),
	LC_ALL = (unset),
	LC_COLLATE = "C",
	LC_MESSAGES = "C",
	LANG = "it_IT.UTF-8"
    are supported and installed on your system.
perl: warning: Falling back to the standard locale ("C").
                                                                        t/test_new_features_3_18.t .......... ok
===(    1665;2  141/663  100/158   90/181   51/121  48/48  60/85... )===perl: warning: Setting locale failed.
perl: warning: Please check that your locale settings:
	LANGUAGE = (unset),
	LC_ALL = (unset),
	LC_COLLATE = "C",
	LC_MESSAGES = "C",
	LANG = "it_IT.UTF-8"
    are supported and installed on your system.
perl: warning: Falling back to the standard locale ("C").
                                                                        t/test_mark.t ....................... ok
===(    1673;2  142/663  101/158   91/181   52/121  61/85  45/85... )======(    1683;2  144/663  102/158   92/181   53/121  62/85  46/85... )===perl: warning: Setting locale failed.
perl: warning: Please check that your locale settings:
	LANGUAGE = (unset),
	LC_ALL = (unset),
	LC_COLLATE = "C",
	LC_MESSAGES = "C",
	LANG = "it_IT.UTF-8"
    are supported and installed on your system.
perl: warning: Falling back to the standard locale ("C").
perl: warning: Setting locale failed.
perl: warning: Please check that your locale settings:
	LANGUAGE = (unset),
	LC_ALL = (unset),
	LC_COLLATE = "C",
	LC_MESSAGES = "C",
	LANG = "it_IT.UTF-8"
    are supported and installed on your system.
perl: warning: Falling back to the standard locale ("C").
===(    1736;2  149/663  108/158   98/181   59/121  68/85  52/85... )===

### warning is normal here ###

file:test_with_lwp_no_file.xml File `test_with_lwp_no_file.xml' does not exist at t/test_with_lwp.t line 54.
                                                                        t/test_with_lwp.t ................... ok
===(    1751;2  151/663  109/158  100/181   61/121  70/85  53/85... )======(    1763;2  153/663  110/158  101/181   62/121  72/85  54/85... )===perl: warning: Setting locale failed.
perl: warning: Please check that your locale settings:
	LANGUAGE = (unset),
	LC_ALL = (unset),
	LC_COLLATE = "C",
	LC_MESSAGES = "C",
	LANG = "it_IT.UTF-8"
    are supported and installed on your system.
perl: warning: Falling back to the standard locale ("C").
===(    1792;2  156/663  113/158  105/181   66/121  75/85  57/85... )===                                                                        t/test_wrapped.t .................... ok
===(    1802;2  157/663  114/158  105/181   66/121  76/85  59/85... )======(    1808;2  158/663  114/158  106/181   67/121  77/85  59/85... )===perl: warning: Setting locale failed.
perl: warning: Please check that your locale settings:
	LANGUAGE = (unset),
	LC_ALL = (unset),
	LC_COLLATE = "C",
	LC_MESSAGES = "C",
	LANG = "it_IT.UTF-8"
    are supported and installed on your system.
perl: warning: Falling back to the standard locale ("C").
perl: warning: Setting locale failed.
perl: warning: Please check that your locale settings:
	LANGUAGE = (unset),
	LC_ALL = (unset),
	LC_COLLATE = "C",
	LC_MESSAGES = "C",
	LANG = "it_IT.UTF-8"
    are supported and installed on your system.
perl: warning: Falling back to the standard locale ("C").
perl: warning: Setting locale failed.
perl: warning: Please check that your locale settings:
	LANGUAGE = (unset),
	LC_ALL = (unset),
	LC_COLLATE = "C",
	LC_MESSAGES = "C",
	LANG = "it_IT.UTF-8"
    are supported and installed on your system.
perl: warning: Falling back to the standard locale ("C").
perl: warning: Setting locale failed.
perl: warning: Please check that your locale settings:
	LANGUAGE = (unset),
	LC_ALL = (unset),
	LC_COLLATE = "C",
	LC_MESSAGES = "C",
	LANG = "it_IT.UTF-8"
    are supported and installed on your system.
perl: warning: Falling back to the standard locale ("C").
===(    1837;3  161/663  117/158  108/181   69/121  80/85  63/85... )===                                                                        t/tests_3_23.t ...................... ok
===(    1866;3  164/663  120/158  112/181   73/121  83/85  65/85... )===                                                                        t/test_nav.t ........................ ok
===(    1888;3  167/663  122/158  115/181   76/121  67/85  45/65... )======(    1898;3  169/663  123/158  116/181   77/121  68/85  46/65... )===perl: warning: Setting locale failed.
perl: warning: Please check that your locale settings:
	LANGUAGE = (unset),
	LC_ALL = (unset),
	LC_COLLATE = "C",
	LC_MESSAGES = "C",
	LANG = "it_IT.UTF-8"
    are supported and installed on your system.
perl: warning: Falling back to the standard locale ("C").
perl: warning: Setting locale failed.
perl: warning: Please check that your locale settings:
	LANGUAGE = (unset),
	LC_ALL = (unset),
	LC_COLLATE = "C",
	LC_MESSAGES = "C",
	LANG = "it_IT.UTF-8"
    are supported and installed on your system.
perl: warning: Falling back to the standard locale ("C").
perl: warning: Setting locale failed.
perl: warning: Please check that your locale settings:
	LANGUAGE = (unset),
	LC_ALL = (unset),
	LC_COLLATE = "C",
	LC_MESSAGES = "C",
	LANG = "it_IT.UTF-8"
    are supported and installed on your system.
perl: warning: Falling back to the standard locale ("C").
perl: warning: Setting locale failed.
perl: warning: Please check that your locale settings:
	LANGUAGE = (unset),
	LC_ALL = (unset),
	LC_COLLATE = "C",
	LC_MESSAGES = "C",
	LANG = "it_IT.UTF-8"
    are supported and installed on your system.
perl: warning: Falling back to the standard locale ("C").
                                                                        t/xmlxpath_01basic.t ................ ok
===(    1939;3  173/663  127/158  120/181   81/121  73/85  51/65... )===perl: warning: Setting locale failed.
perl: warning: Please check that your locale settings:
	LANGUAGE = (unset),
	LC_ALL = (unset),
	LC_COLLATE = "C",
	LC_MESSAGES = "C",
	LANG = "it_IT.UTF-8"
    are supported and installed on your system.
perl: warning: Falling back to the standard locale ("C").
                                                                        t/test_xml_split_g.t ................ ok
===(    1943;3  174/663  127/158  121/181   82/121  73/85  52/65... )======(    1948;3  175/663  127/158  122/181   83/121  73/85  53/65... )======(    1953;3  176/663  128/158  122/181   83/121  74/85  53/65... )===perl: warning: Setting locale failed.
perl: warning: Please check that your locale settings:
	LANGUAGE = (unset),
	LC_ALL = (unset),
	LC_COLLATE = "C",
	LC_MESSAGES = "C",
	LANG = "it_IT.UTF-8"
    are supported and installed on your system.
perl: warning: Falling back to the standard locale ("C").
perl: warning: Setting locale failed.
perl: warning: Please check that your locale settings:
	LANGUAGE = (unset),
	LC_ALL = (unset),
	LC_COLLATE = "C",
	LC_MESSAGES = "C",
	LANG = "it_IT.UTF-8"
    are supported and installed on your system.
perl: warning: Falling back to the standard locale ("C").
perl: warning: Setting locale failed.
perl: warning: Please check that your locale settings:
	LANGUAGE = (unset),
	LC_ALL = (unset),
	LC_COLLATE = "C",
	LC_MESSAGES = "C",
	LANG = "it_IT.UTF-8"
    are supported and installed on your system.
perl: warning: Falling back to the standard locale ("C").
perl: warning: Setting locale failed.
perl: warning: Please check that your locale settings:
	LANGUAGE = (unset),
	LC_ALL = (unset),
	LC_COLLATE = "C",
	LC_MESSAGES = "C",
	LANG = "it_IT.UTF-8"
    are supported and installed on your system.
perl: warning: Falling back to the standard locale ("C").
                                                                        t/xmlxpath_02descendant.t ........... ok
===(    1985;3  179/663  131/158  126/181   87/121  77/85  57/65... )===                                                                        t/xmlxpath_03star.t ................. ok
===(    1994;3  181/663  132/158  127/181   88/121  78/85  58/65... )===perl: warning: Setting locale failed.
perl: warning: Please check that your locale settings:
	LANGUAGE = (unset),
	LC_ALL = (unset),
	LC_COLLATE = "C",
	LC_MESSAGES = "C",
	LANG = "it_IT.UTF-8"
    are supported and installed on your system.
perl: warning: Falling back to the standard locale ("C").
===(    2017;3  185/663  135/158  130/181   91/121  81/85  61/65... )===perl: warning: Setting locale failed.
perl: warning: Please check that your locale settings:
	LANGUAGE = (unset),
	LC_ALL = (unset),
	LC_COLLATE = "C",
	LC_MESSAGES = "C",
	LANG = "it_IT.UTF-8"
    are supported and installed on your system.
perl: warning: Falling back to the standard locale ("C").
===(    2018;3  185/663  135/158  130/181   91/121  81/85  61/65... )===perl: warning: Setting locale failed.
perl: warning: Please check that your locale settings:
	LANGUAGE = (unset),
	LC_ALL = (unset),
	LC_COLLATE = "C",
	LC_MESSAGES = "C",
	LANG = "it_IT.UTF-8"
    are supported and installed on your system.
perl: warning: Falling back to the standard locale ("C").
perl: warning: Setting locale failed.
perl: warning: Please check that your locale settings:
	LANGUAGE = (unset),
	LC_ALL = (unset),
	LC_COLLATE = "C",
	LC_MESSAGES = "C",
	LANG = "it_IT.UTF-8"
    are supported and installed on your system.
perl: warning: Falling back to the standard locale ("C").
                                                                        t/xmlxpath_04pos.t .................. ok
===(    2054;3  189/663  139/158  134/181   95/121  85/85  65/65... )===                                                                        t/test_unique_xpath.t ............... ok
===(    2055;3  189/663  139/158  135/181   95/121  85/85  10/59... )======(    2059;3  190/663  139/158  136/181   96/121  85/85  10/59... )===                                                                        t/test_new_features_3_16.t .......... ok
===(    2061;3  190/663  140/158  136/181   96/121  10/59  29/52... )======(    2070;3  192/663  141/158  137/181   97/121  10/59  30/52... )===                                                                        t/xmlxpath_05attrib.t ............... ok
===(    2070;3  192/663  141/158  137/181   97/121  10/59  30/52... )===perl: warning: Setting locale failed.
perl: warning: Please check that your locale settings:
	LANGUAGE = (unset),
	LC_ALL = (unset),
	LC_COLLATE = "C",
	LC_MESSAGES = "C",
	LANG = "it_IT.UTF-8"
    are supported and installed on your system.
perl: warning: Falling back to the standard locale ("C").
perl: warning: Setting locale failed.
perl: warning: Please check that your locale settings:
	LANGUAGE = (unset),
	LC_ALL = (unset),
	LC_COLLATE = "C",
	LC_MESSAGES = "C",
	LANG = "it_IT.UTF-8"
    are supported and installed on your system.
perl: warning: Falling back to the standard locale ("C").
                                                                        t/xmlxpath_06attrib_val.t ........... ok
===(    2094;3  196/663  144/158  140/181  100/121  11/59  33/52... )===perl: warning: Setting locale failed.
perl: warning: Please check that your locale settings:
	LANGUAGE = (unset),
	LC_ALL = (unset),
	LC_COLLATE = "C",
	LC_MESSAGES = "C",
	LANG = "it_IT.UTF-8"
    are supported and installed on your system.
perl: warning: Falling back to the standard locale ("C").
perl: warning: Setting locale failed.
perl: warning: Please check that your locale settings:
	LANGUAGE = (unset),
	LC_ALL = (unset),
	LC_COLLATE = "C",
	LC_MESSAGES = "C",
	LANG = "it_IT.UTF-8"
    are supported and installed on your system.
perl: warning: Falling back to the standard locale ("C").
===(    2109;3  198/663  146/158  143/181  102/121  12/59  35/52... )===                                                                        t/xmlxpath_07count.t ................ ok
===(    2111;3  199/663  146/158  143/181  103/121  12/59  35/52... )======(    2120;3  201/663  147/158  144/181  104/121  12/59  36/52... )===perl: warning: Setting locale failed.
perl: warning: Please check that your locale settings:
	LANGUAGE = (unset),
	LC_ALL = (unset),
	LC_COLLATE = "C",
	LC_MESSAGES = "C",
	LANG = "it_IT.UTF-8"
    are supported and installed on your system.
perl: warning: Falling back to the standard locale ("C").
===(    2133;3  203/663  149/158  146/181  106/121  12/59  38/52... )======(    2134;3  203/663  149/158  146/181  106/121  12/59  38/52... )===perl: warning: Setting locale failed.
perl: warning: Please check that your locale settings:
	LANGUAGE = (unset),
	LC_ALL = (unset),
	LC_COLLATE = "C",
	LC_MESSAGES = "C",
	LANG = "it_IT.UTF-8"
    are supported and installed on your system.
perl: warning: Falling back to the standard locale ("C").
                                                                        t/xmlxpath_09a_string_length.t ...... ok
===(    2141;3  203/663  150/158  148/181  107/121  12/59  39/52... )======(    2154;3  205/663  151/158  149/181  108/121  13/59  40/52... )===perl: warning: Setting locale failed.
perl: warning: Please check that your locale settings:
	LANGUAGE = (unset),
	LC_ALL = (unset),
	LC_COLLATE = "C",
	LC_MESSAGES = "C",
	LANG = "it_IT.UTF-8"
    are supported and installed on your system.
perl: warning: Falling back to the standard locale ("C").
perl: warning: Setting locale failed.
perl: warning: Please check that your locale settings:
	LANGUAGE = (unset),
	LC_ALL = (unset),
	LC_COLLATE = "C",
	LC_MESSAGES = "C",
	LANG = "it_IT.UTF-8"
    are supported and installed on your system.
perl: warning: Falling back to the standard locale ("C").
===(    2156;4  205/663  151/158  149/181  108/121  14/59  40/52... )===perl: warning: Setting locale failed.
perl: warning: Please check that your locale settings:
	LANGUAGE = (unset),
	LC_ALL = (unset),
	LC_COLLATE = "C",
	LC_MESSAGES = "C",
	LANG = "it_IT.UTF-8"
    are supported and installed on your system.
perl: warning: Falling back to the standard locale ("C").
                                                                        t/xmlxpath_08name.t ................. ok
===(    2169;4  207/663  153/158  151/181  110/121  14/59  42/52... )======(    2179;4  209/663  154/158  152/181  111/121  14/59  43/52... )===                                                                        t/xmlxpath_09string_length.t ........ ok
===(    2180;4  209/663  154/158  152/181  111/121  14/59  43/52... )===                                                                        t/xmlxpath_10pipe.t ................. ok
===(    2185;4  210/663  154/158  153/181  112/121  14/59  43/52... )===perl: warning: Setting locale failed.
perl: warning: Please check that your locale settings:
	LANGUAGE = (unset),
	LC_ALL = (unset),
	LC_COLLATE = "C",
	LC_MESSAGES = "C",
	LANG = "it_IT.UTF-8"
    are supported and installed on your system.
perl: warning: Falling back to the standard locale ("C").
===(    2201;4  212/663  156/158  156/181  114/121  14/59  45/52... )===                                                                        t/xmlxpath_13axisparent.t ........... ok
===(    2203;4  213/663  156/158  156/181  115/121  14/59  45/52... )===perl: warning: Setting locale failed.
perl: warning: Please check that your locale settings:
	LANGUAGE = (unset),
	LC_ALL = (unset),
	LC_COLLATE = "C",
	LC_MESSAGES = "C",
	LANG = "it_IT.UTF-8"
    are supported and installed on your system.
perl: warning: Falling back to the standard locale ("C").
                                                                        t/xmlxpath_12axisdescendant.t ....... ok
===(    2207;4  214/663  156/158  157/181  116/121  14/59  45/52... )===perl: warning: Setting locale failed.
perl: warning: Please check that your locale settings:
	LANGUAGE = (unset),
	LC_ALL = (unset),
	LC_COLLATE = "C",
	LC_MESSAGES = "C",
	LANG = "it_IT.UTF-8"
    are supported and installed on your system.
perl: warning: Falling back to the standard locale ("C").
perl: warning: Setting locale failed.
perl: warning: Please check that your locale settings:
	LANGUAGE = (unset),
	LC_ALL = (unset),
	LC_COLLATE = "C",
	LC_MESSAGES = "C",
	LANG = "it_IT.UTF-8"
    are supported and installed on your system.
perl: warning: Falling back to the standard locale ("C").
perl: warning: Setting locale failed.
perl: warning: Please check that your locale settings:
	LANGUAGE = (unset),
	LC_ALL = (unset),
	LC_COLLATE = "C",
	LC_MESSAGES = "C",
	LANG = "it_IT.UTF-8"
    are supported and installed on your system.
perl: warning: Falling back to the standard locale ("C").
perl: warning: Setting locale failed.
perl: warning: Please check that your locale settings:
	LANGUAGE = (unset),
	LC_ALL = (unset),
	LC_COLLATE = "C",
	LC_MESSAGES = "C",
	LANG = "it_IT.UTF-8"
    are supported and installed on your system.
perl: warning: Falling back to the standard locale ("C").
                                                                        t/test_bugs_3_18.t .................. ok
===(    2225;4  217/663  160/181  119/121  16/59  47/52  5/5  0/... )===perl: warning: Setting locale failed.
perl: warning: Please check that your locale settings:
	LANGUAGE = (unset),
	LC_ALL = (unset),
	LC_COLLATE = "C",
	LC_MESSAGES = "C",
	LANG = "it_IT.UTF-8"
    are supported and installed on your system.
perl: warning: Falling back to the standard locale ("C").
                                                                        t/xmlxpath_14axisancestor.t ......... ok
===(    2226;4  217/663  161/181  119/121  16/59  47/52  0/6  0/... )===perl: warning: Setting locale failed.
perl: warning: Please check that your locale settings:
	LANGUAGE = (unset),
	LC_ALL = (unset),
	LC_COLLATE = "C",
	LC_MESSAGES = "C",
	LANG = "it_IT.UTF-8"
    are supported and installed on your system.
perl: warning: Falling back to the standard locale ("C").
perl: warning: Setting locale failed.
perl: warning: Please check that your locale settings:
	LANGUAGE = (unset),
	LC_ALL = (unset),
	LC_COLLATE = "C",
	LC_MESSAGES = "C",
	LANG = "it_IT.UTF-8"
    are supported and installed on your system.
perl: warning: Falling back to the standard locale ("C").
                                                                        t/test_errors.t ..................... ok
===(    2236;4  220/663  164/181  16/59  49/52  0/6  0/7  0/4  0... )======(    2239;4  221/663  165/181  16/59  49/52  0/6  0/7  1/4  0... )======(    2240;4  221/663  165/181  16/59  49/52  0/6  1/7  1/4  0... )======(    2243;4  222/663  165/181  16/59  50/52  1/6  1/7  1/4  0... )======(    2245;4  222/663  165/181  17/59  50/52  1/6  1/7  1/4  1... )===perl: warning: Setting locale failed.
perl: warning: Please check that your locale settings:
	LANGUAGE = (unset),
	LC_ALL = (unset),
	LC_COLLATE = "C",
	LC_MESSAGES = "C",
	LANG = "it_IT.UTF-8"
    are supported and installed on your system.
perl: warning: Falling back to the standard locale ("C").
perl: warning: Setting locale failed.
perl: warning: Please check that your locale settings:
	LANGUAGE = (unset),
	LC_ALL = (unset),
	LC_COLLATE = "C",
	LC_MESSAGES = "C",
	LANG = "it_IT.UTF-8"
    are supported and installed on your system.
perl: warning: Falling back to the standard locale ("C").
perl: warning: Setting locale failed.
perl: warning: Please check that your locale settings:
	LANGUAGE = (unset),
	LC_ALL = (unset),
	LC_COLLATE = "C",
	LC_MESSAGES = "C",
	LANG = "it_IT.UTF-8"
    are supported and installed on your system.
perl: warning: Falling back to the standard locale ("C").
===(    2255;4  223/663  167/181  18/59  51/52  2/6  2/7  2/4  2... )===                                                                        t/test_xpath_cond.t ................. ok
===(    2266;4  224/663  168/181  18/59  4/6  4/7  4/4  3/4  2/4... )===perl: warning: Setting locale failed.
perl: warning: Please check that your locale settings:
	LANGUAGE = (unset),
	LC_ALL = (unset),
	LC_COLLATE = "C",
	LC_MESSAGES = "C",
	LANG = "it_IT.UTF-8"
    are supported and installed on your system.
perl: warning: Falling back to the standard locale ("C").
                                                                        t/xmlxpath_17axisfollowing.t ........ ok
===(    2270;4  225/663  169/181  18/59  4/6  4/7  4/4  3/4  0/4... )===                                                                        t/xmlxpath_18axispreceding.t ........ ok
===(    2272;4  226/663  170/181  18/59  4/6  4/7  3/4  0/4   0/... )======(    2274;4  226/663  171/181  18/59  4/6  4/7  3/4  0/4   1/... )===perl: warning: Setting locale failed.
perl: warning: Please check that your locale settings:
	LANGUAGE = (unset),
	LC_ALL = (unset),
	LC_COLLATE = "C",
	LC_MESSAGES = "C",
	LANG = "it_IT.UTF-8"
    are supported and installed on your system.
perl: warning: Falling back to the standard locale ("C").
perl: warning: Setting locale failed.
perl: warning: Please check that your locale settings:
	LANGUAGE = (unset),
	LC_ALL = (unset),
	LC_COLLATE = "C",
	LC_MESSAGES = "C",
	LANG = "it_IT.UTF-8"
    are supported and installed on your system.
perl: warning: Falling back to the standard locale ("C").
                                                                        t/xmlxpath_19axisd_or_s.t ........... ok
===(    2281;4  228/663  171/181  18/59  5/6  6/7  0/4   2/13  0... )======(    2285;4  229/663  172/181  18/59  5/6  6/7  0/4   3/13  1... )===                                                                        t/xmlxpath_16axisprec_sib.t ......... ok
===(    2289;4  230/663  172/181  19/59  6/6  0/4   3/13  1/4  0... )======(    2294;4  231/663  173/181  19/59  6/6  1/4   4/13  2/4  0... )===perl: warning: Setting locale failed.
perl: warning: Please check that your locale settings:
	LANGUAGE = (unset),
	LC_ALL = (unset),
	LC_COLLATE = "C",
	LC_MESSAGES = "C",
	LANG = "it_IT.UTF-8"
    are supported and installed on your system.
perl: warning: Falling back to the standard locale ("C").
                                                                        t/xmlxpath_15axisfol_sib.t .......... ok
===(    2295;4  232/663  173/181  19/59  1/4   4/13  2/4  0/5   ... )===perl: warning: Setting locale failed.
perl: warning: Please check that your locale settings:
	LANGUAGE = (unset),
	LC_ALL = (unset),
	LC_COLLATE = "C",
	LC_MESSAGES = "C",
	LANG = "it_IT.UTF-8"
    are supported and installed on your system.
perl: warning: Falling back to the standard locale ("C").
perl: warning: Setting locale failed.
perl: warning: Please check that your locale settings:
	LANGUAGE = (unset),
	LC_ALL = (unset),
	LC_COLLATE = "C",
	LC_MESSAGES = "C",
	LANG = "it_IT.UTF-8"
    are supported and installed on your system.
perl: warning: Falling back to the standard locale ("C").
perl: warning: Setting locale failed.
perl: warning: Please check that your locale settings:
	LANGUAGE = (unset),
	LC_ALL = (unset),
	LC_COLLATE = "C",
	LC_MESSAGES = "C",
	LANG = "it_IT.UTF-8"
    are supported and installed on your system.
perl: warning: Falling back to the standard locale ("C").
perl: warning: Setting locale failed.
perl: warning: Please check that your locale settings:
	LANGUAGE = (unset),
	LC_ALL = (unset),
	LC_COLLATE = "C",
	LC_MESSAGES = "C",
	LANG = "it_IT.UTF-8"
    are supported and installed on your system.
perl: warning: Falling back to the standard locale ("C").
                                                                        t/xmlxpath_22name_select.t .......... ok
===(    2309;4  235/663  176/181  20/59  3/4   7/13  0/5   0/15 ... )======(    2313;4  236/663  177/181  20/59  3/4   8/13  0/5   1/15 ... )======(    2316;4  237/663  177/181  20/59  4/4   8/13  0/5   1/15 ... )======(    2320;4  237/663  178/181  20/59  4/4   9/13  1/5   2/15 ... )===                                                                        t/xmlxpath_20axisa_or_s.t ........... ok
===(    2320;4  237/663  178/181  20/59   9/13  1/5   2/15  1/4 ... )===perl: warning: Setting locale failed.
perl: warning: Please check that your locale settings:
	LANGUAGE = (unset),
	LC_ALL = (unset),
	LC_COLLATE = "C",
	LC_MESSAGES = "C",
	LANG = "it_IT.UTF-8"
    are supported and installed on your system.
perl: warning: Falling back to the standard locale ("C").
===(    2337;4  240/663  181/181  20/59  12/13  3/5   4/15  4/4 ... )======(    2339;4  240/663  181/181  20/59  12/13  3/5   5/15  4/4 ... )===perl: warning: Setting locale failed.
perl: warning: Please check that your locale settings:
	LANGUAGE = (unset),
	LC_ALL = (unset),
	LC_COLLATE = "C",
	LC_MESSAGES = "C",
	LANG = "it_IT.UTF-8"
    are supported and installed on your system.
perl: warning: Falling back to the standard locale ("C").
                                                                        t/xmlxpath_25scope.t ................ ok
===(    2342;4  241/663  181/181  21/59  12/13  4/5   5/15  1/4 ... )===
need HTML::TreeBuilder 3.13+ and HTML::Entities::Numbered for this test: skipping 1 tests
perl: warning: Setting locale failed.
perl: warning: Please check that your locale settings:
	LANGUAGE = (unset),
	LC_ALL = (unset),
	LC_COLLATE = "C",
	LC_MESSAGES = "C",
	LANG = "it_IT.UTF-8"
    are supported and installed on your system.
perl: warning: Falling back to the standard locale ("C").
                                                                        t/test_bugs_3_22.t .................. ok
===(    2342;4  241/663  21/59  12/13  4/5   5/15  1/4  1/5  0/4... )======(    2350;4  243/663  21/59  13/13  5/5   6/15  2/4  2/5  1/4... )===perl: warning: Setting locale failed.
perl: warning: Please check that your locale settings:
	LANGUAGE = (unset),
	LC_ALL = (unset),
	LC_COLLATE = "C",
	LC_MESSAGES = "C",
	LANG = "it_IT.UTF-8"
    are supported and installed on your system.
perl: warning: Falling back to the standard locale ("C").
                                                                        t/xmlxpath_21allnodes.t ............. ok
===(    2352;4  243/663  21/59  5/5   7/15  2/4  3/5  1/4  0/4  ... )======(    2354;4  244/663  21/59  5/5   7/15  2/4  3/5  1/4  0/4  ... )===perl: warning: Setting locale failed.
perl: warning: Please check that your locale settings:
	LANGUAGE = (unset),
	LC_ALL = (unset),
	LC_COLLATE = "C",
	LC_MESSAGES = "C",
	LANG = "it_IT.UTF-8"
    are supported and installed on your system.
perl: warning: Falling back to the standard locale ("C").
                                                                        t/xmlxpath_23func.t ................. ok
===(    2357;4  244/663  21/59   8/15  3/4  4/5  1/4  0/4  0/1  ... )======(    2358;4  244/663  21/59   8/15  3/4  4/5  1/4  0/4  0/1  ... )======(    2363;4  245/663  21/59   9/15  4/4  4/5  1/4  0/4  1/1  ... )===                                                                        t/xmlxpath_28ancestor2.t ............ ok
===(    2368;4  246/663  21/59  10/15  4/4  2/4  0/4  1/1   3/75... )======(    2371;4  247/663  21/59  10/15  4/4  2/4  1/4  1/1   3/75... )===perl: warning: Setting locale failed.
perl: warning: Please check that your locale settings:
	LANGUAGE = (unset),
	LC_ALL = (unset),
	LC_COLLATE = "C",
	LC_MESSAGES = "C",
	LANG = "it_IT.UTF-8"
    are supported and installed on your system.
perl: warning: Falling back to the standard locale ("C").
                                                                        t/xmlxpath_26predicate.t ............ ok
===(    2372;4  247/663  21/59  10/15  2/4  1/4  1/1   4/75  2/6... )===perl: warning: Setting locale failed.
perl: warning: Please check that your locale settings:
	LANGUAGE = (unset),
	LC_ALL = (unset),
	LC_COLLATE = "C",
	LC_MESSAGES = "C",
	LANG = "it_IT.UTF-8"
    are supported and installed on your system.
perl: warning: Falling back to the standard locale ("C").
skipping, using variables in XPath requires XML::XPathEngine
                                                                        t/xmlxpath_31vars.t ................. ok
===(    2377;4  248/663  21/59  11/15  2/4  2/4   5/75  3/6  0/?... )===perl: warning: Setting locale failed.
perl: warning: Please check that your locale settings:
	LANGUAGE = (unset),
	LC_ALL = (unset),
	LC_COLLATE = "C",
	LC_MESSAGES = "C",
	LANG = "it_IT.UTF-8"
    are supported and installed on your system.
perl: warning: Falling back to the standard locale ("C").
                                                                        t/xmlxpath_30lang.t ................. ok
===(    2392;4  251/663  22/59  13/15  4/4   7/75  6/6    0/114 ... )===perl: warning: Setting locale failed.
perl: warning: Please check that your locale settings:
	LANGUAGE = (unset),
	LC_ALL = (unset),
	LC_COLLATE = "C",
	LC_MESSAGES = "C",
	LANG = "it_IT.UTF-8"
    are supported and installed on your system.
perl: warning: Falling back to the standard locale ("C").
                                                                        t/xmlxpath_nav.t .................... ok
===(    2392;4  251/663  22/59  13/15  4/4   7/75    0/114   0/1... )======(    2395;4  252/663  22/59  13/15  4/4   8/75    0/114   0/1... )===perl: warning: Setting locale failed.
perl: warning: Please check that your locale settings:
	LANGUAGE = (unset),
	LC_ALL = (unset),
	LC_COLLATE = "C",
	LC_MESSAGES = "C",
	LANG = "it_IT.UTF-8"
    are supported and installed on your system.
perl: warning: Falling back to the standard locale ("C").


Configuration:

perl: 5.030002
OS: linux - x86_64-linux
required
  XML::Parser              :             2.44 
  expat                    :            2.2.8 (required)
Strongly Recommended
  Scalar::Util             :              1.5 (for improved memory management)
  Encode                   :             3.01 (for encoding conversions)
Modules providing additional features
  XML::XPathEngine         :  <not available> (to use XML::Twig::XPath)
  XML::XPath               :             1.42 (to use XML::Twig::XPath if Tree::XPathEngine not available)
  LWP                      :             6.27 (for the parseurl method)
  HTML::TreeBuilder        :  <not available> (to use parse_html and parsefile_html)
  HTML::Entities::Numbered :  <not available> (to allow parsing of HTML containing named entities)
  HTML::Tidy               :  <not available> (to use parse_html and parsefile_html with the use_tidy option)
  HTML::Entities           :             3.69 (for the html_encode filter)
  Tie::IxHash              :             1.23 (for the keep_atts_order option)
  Text::Wrap               :        2013.0523 (to use the "wrapped" option for pretty_print)
Modules used only by the auto tests
  Test                     :             1.31 
  Test::Pod                :  <not available> 
  XML::Simple              :  <not available> 
  XML::Handler::YAWriter   :             0.23 
  XML::SAX::Writer         :             0.57 
  XML::Filter::BufferText  :             1.01 
  IO::Scalar               :  <not available> 
  IO::CaptureOutput        :  <not available> 


Please add this information to bug reports (you can run t/zz_dump_config.t to get it)

if you are upgrading the module from a previous version, make sure you read the
Changes file for bug fixes, new features and the occasional COMPATIBILITY WARNING

===(    2397;4  252/663  22/59  14/15  4/4   8/75    0/114   1/1... )===perl: warning: Setting locale failed.
perl: warning: Please check that your locale settings:
	LANGUAGE = (unset),
	LC_ALL = (unset),
	LC_COLLATE = "C",
	LC_MESSAGES = "C",
	LANG = "it_IT.UTF-8"
    are supported and installed on your system.
perl: warning: Falling back to the standard locale ("C").
                                                                        t/xmlxpath_29desc_with_predicate.t .. ok
===(    2398;4  253/663  22/59  14/15   8/75    0/114   1/12  0/... )===
can only test set_strict_namespaces with XML::XPathEngine 0.09+ installed: skipping 5 tests
                                                                        t/xmlxpath_24namespaces.t ........... ok
===(    2405;4  255/663  22/59  10/75    0/114   2/12  0/7   2/1... )======(    2412;4  257/663  22/59  12/75    1/114   3/12  0/7   3/1... )===perl: warning: Setting locale failed.
perl: warning: Please check that your locale settings:
	LANGUAGE = (unset),
	LC_ALL = (unset),
	LC_COLLATE = "C",
	LC_MESSAGES = "C",
	LANG = "it_IT.UTF-8"
    are supported and installed on your system.
perl: warning: Falling back to the standard locale ("C").
perl: warning: Setting locale failed.
perl: warning: Please check that your locale settings:
	LANGUAGE = (unset),
	LC_ALL = (unset),
	LC_COLLATE = "C",
	LC_MESSAGES = "C",
	LANG = "it_IT.UTF-8"
    are supported and installed on your system.
perl: warning: Falling back to the standard locale ("C").
===(    2420;4  258/663  23/59  13/75    2/114   4/12  0/7   5/1... )======(    2424;4  259/663  23/59  14/75    2/114   5/12  1/7   5/1... )===                                                                        t/zz_dump_config.t .................. ok
===(    2427;4  259/663  23/59  14/75    3/114   6/12  1/7   6/13 )=====perl: warning: Setting locale failed.
perl: warning: Please check that your locale settings:
	LANGUAGE = (unset),
	LC_ALL = (unset),
	LC_COLLATE = "C",
	LC_MESSAGES = "C",
	LANG = "it_IT.UTF-8"
    are supported and installed on your system.
perl: warning: Falling back to the standard locale ("C").
perl: warning: Setting locale failed.
perl: warning: Please check that your locale settings:
	LANGUAGE = (unset),
	LC_ALL = (unset),
	LC_COLLATE = "C",
	LC_MESSAGES = "C",
	LANG = "it_IT.UTF-8"
    are supported and installed on your system.
perl: warning: Falling back to the standard locale ("C").
===(    2462;5  265/663  24/59  20/75    9/114  11/12  7/7  11/13 )=====                                                                        t/xmlxpath_test_with_handlers.t ..... ok
===(    2468;5  266/663  24/59  21/75   10/114  12/12  13/13 )==========perl: warning: Setting locale failed.
perl: warning: Please check that your locale settings:
	LANGUAGE = (unset),
	LC_ALL = (unset),
	LC_COLLATE = "C",
	LC_MESSAGES = "C",
	LANG = "it_IT.UTF-8"
    are supported and installed on your system.
perl: warning: Falling back to the standard locale ("C").
                                                                        t/xmlxpath_xpath_cond.t ............. ok
===(    2471;5  267/663  24/59  22/75   11/114  12/12 )=================perl: warning: Setting locale failed.
perl: warning: Please check that your locale settings:
	LANGUAGE = (unset),
	LC_ALL = (unset),
	LC_COLLATE = "C",
	LC_MESSAGES = "C",
	LANG = "it_IT.UTF-8"
    are supported and installed on your system.
perl: warning: Falling back to the standard locale ("C").
                                                                        t/xmlxpath_test_twig_roots.t ........ ok
===(    2474;5  268/663  24/59  23/75   12/114 )========================                                                                        t/xmlxpath_additional.t ............. ok
===(    2632;5  321/663  24/59   65/114 )===============================perl: warning: Setting locale failed.
perl: warning: Please check that your locale settings:
	LANGUAGE = (unset),
	LC_ALL = (unset),
	LC_COLLATE = "C",
	LC_MESSAGES = "C",
	LANG = "it_IT.UTF-8"
    are supported and installed on your system.
perl: warning: Falling back to the standard locale ("C").
perl: warning: Setting locale failed.
perl: warning: Please check that your locale settings:
	LANGUAGE = (unset),
	LC_ALL = (unset),
	LC_COLLATE = "C",
	LC_MESSAGES = "C",
	LANG = "it_IT.UTF-8"
    are supported and installed on your system.
perl: warning: Falling back to the standard locale ("C").
perl: warning: Setting locale failed.
perl: warning: Please check that your locale settings:
	LANGUAGE = (unset),
	LC_ALL = (unset),
	LC_COLLATE = "C",
	LC_MESSAGES = "C",
	LANG = "it_IT.UTF-8"
    are supported and installed on your system.
perl: warning: Falling back to the standard locale ("C").
                                                                        t/xmlxpath_test1.t .................. ok
===(    2731;5  371/663  24/59 )========================================perl: warning: Setting locale failed.
perl: warning: Please check that your locale settings:
	LANGUAGE = (unset),
	LC_ALL = (unset),
	LC_COLLATE = "C",
	LC_MESSAGES = "C",
	LANG = "it_IT.UTF-8"
    are supported and installed on your system.
perl: warning: Falling back to the standard locale ("C").
perl: warning: Setting locale failed.
perl: warning: Please check that your locale settings:
	LANGUAGE = (unset),
	LC_ALL = (unset),
	LC_COLLATE = "C",
	LC_MESSAGES = "C",
	LANG = "it_IT.UTF-8"
    are supported and installed on your system.
perl: warning: Falling back to the standard locale ("C").
perl: warning: Setting locale failed.
perl: warning: Please check that your locale settings:
	LANGUAGE = (unset),
	LC_ALL = (unset),
	LC_COLLATE = "C",
	LC_MESSAGES = "C",
	LANG = "it_IT.UTF-8"
    are supported and installed on your system.
perl: warning: Falling back to the standard locale ("C").
perl: warning: Setting locale failed.
perl: warning: Please check that your locale settings:
	LANGUAGE = (unset),
	LC_ALL = (unset),
	LC_COLLATE = "C",
	LC_MESSAGES = "C",
	LANG = "it_IT.UTF-8"
    are supported and installed on your system.
perl: warning: Falling back to the standard locale ("C").

need Text::Iconv for those tests: skipping 3 tests

need Unicode::Map8 and Unicode::String for those tests: skipping 3 tests
                                                                        t/test_additional.t ................. ok
t/test_xml_split.t .................. t/test_xml_split.t .................. 25/59 perl: warning: Setting locale failed.
perl: warning: Please check that your locale settings:
	LANGUAGE = (unset),
	LC_ALL = (unset),
	LC_COLLATE = "C",
	LC_MESSAGES = "C",
	LANG = "it_IT.UTF-8"
    are supported and installed on your system.
perl: warning: Falling back to the standard locale ("C").
perl: warning: Setting locale failed.
perl: warning: Please check that your locale settings:
	LANGUAGE = (unset),
	LC_ALL = (unset),
	LC_COLLATE = "C",
	LC_MESSAGES = "C",
	LANG = "it_IT.UTF-8"
    are supported and installed on your system.
perl: warning: Falling back to the standard locale ("C").
perl: warning: Setting locale failed.
perl: warning: Please check that your locale settings:
	LANGUAGE = (unset),
	LC_ALL = (unset),
	LC_COLLATE = "C",
	LC_MESSAGES = "C",
	LANG = "it_IT.UTF-8"
    are supported and installed on your system.
perl: warning: Falling back to the standard locale ("C").
perl: warning: Setting locale failed.
perl: warning: Please check that your locale settings:
	LANGUAGE = (unset),
	LC_ALL = (unset),
	LC_COLLATE = "C",
	LC_MESSAGES = "C",
	LANG = "it_IT.UTF-8"
    are supported and installed on your system.
perl: warning: Falling back to the standard locale ("C").
perl: warning: Setting locale failed.
perl: warning: Please check that your locale settings:
	LANGUAGE = (unset),
	LC_ALL = (unset),
	LC_COLLATE = "C",
	LC_MESSAGES = "C",
	LANG = "it_IT.UTF-8"
    are supported and installed on your system.
perl: warning: Falling back to the standard locale ("C").
perl: warning: Setting locale failed.
perl: warning: Please check that your locale settings:
	LANGUAGE = (unset),
	LC_ALL = (unset),
	LC_COLLATE = "C",
	LC_MESSAGES = "C",
	LANG = "it_IT.UTF-8"
    are supported and installed on your system.
perl: warning: Falling back to the standard locale ("C").
perl: warning: Setting locale failed.
perl: warning: Please check that your locale settings:
	LANGUAGE = (unset),
	LC_ALL = (unset),
	LC_COLLATE = "C",
	LC_MESSAGES = "C",
	LANG = "it_IT.UTF-8"
    are supported and installed on your system.
perl: warning: Falling back to the standard locale ("C").
perl: warning: Setting locale failed.
perl: warning: Please check that your locale settings:
	LANGUAGE = (unset),
	LC_ALL = (unset),
	LC_COLLATE = "C",
	LC_MESSAGES = "C",
	LANG = "it_IT.UTF-8"
    are supported and installed on your system.
perl: warning: Falling back to the standard locale ("C").
perl: warning: Setting locale failed.
perl: warning: Please check that your locale settings:
	LANGUAGE = (unset),
	LC_ALL = (unset),
	LC_COLLATE = "C",
	LC_MESSAGES = "C",
	LANG = "it_IT.UTF-8"
    are supported and installed on your system.
perl: warning: Falling back to the standard locale ("C").
perl: warning: Setting locale failed.
perl: warning: Please check that your locale settings:
	LANGUAGE = (unset),
	LC_ALL = (unset),
	LC_COLLATE = "C",
	LC_MESSAGES = "C",
	LANG = "it_IT.UTF-8"
    are supported and installed on your system.
perl: warning: Falling back to the standard locale ("C").
t/test_xml_split.t .................. 35/59 perl: warning: Setting locale failed.
perl: warning: Please check that your locale settings:
	LANGUAGE = (unset),
	LC_ALL = (unset),
	LC_COLLATE = "C",
	LC_MESSAGES = "C",
	LANG = "it_IT.UTF-8"
    are supported and installed on your system.
perl: warning: Falling back to the standard locale ("C").
perl: warning: Setting locale failed.
perl: warning: Please check that your locale settings:
	LANGUAGE = (unset),
	LC_ALL = (unset),
	LC_COLLATE = "C",
	LC_MESSAGES = "C",
	LANG = "it_IT.UTF-8"
    are supported and installed on your system.
perl: warning: Falling back to the standard locale ("C").
perl: warning: Setting locale failed.
perl: warning: Please check that your locale settings:
	LANGUAGE = (unset),
	LC_ALL = (unset),
	LC_COLLATE = "C",
	LC_MESSAGES = "C",
	LANG = "it_IT.UTF-8"
    are supported and installed on your system.
perl: warning: Falling back to the standard locale ("C").
perl: warning: Setting locale failed.
perl: warning: Please check that your locale settings:
	LANGUAGE = (unset),
	LC_ALL = (unset),
	LC_COLLATE = "C",
	LC_MESSAGES = "C",
	LANG = "it_IT.UTF-8"
    are supported and installed on your system.
perl: warning: Falling back to the standard locale ("C").
perl: warning: Setting locale failed.
perl: warning: Please check that your locale settings:
	LANGUAGE = (unset),
	LC_ALL = (unset),
	LC_COLLATE = "C",
	LC_MESSAGES = "C",
	LANG = "it_IT.UTF-8"
    are supported and installed on your system.
perl: warning: Falling back to the standard locale ("C").
perl: warning: Setting locale failed.
perl: warning: Please check that your locale settings:
	LANGUAGE = (unset),
	LC_ALL = (unset),
	LC_COLLATE = "C",
	LC_MESSAGES = "C",
	LANG = "it_IT.UTF-8"
    are supported and installed on your system.
perl: warning: Falling back to the standard locale ("C").
perl: warning: Setting locale failed.
perl: warning: Please check that your locale settings:
	LANGUAGE = (unset),
	LC_ALL = (unset),
	LC_COLLATE = "C",
	LC_MESSAGES = "C",
	LANG = "it_IT.UTF-8"
    are supported and installed on your system.
perl: warning: Falling back to the standard locale ("C").
perl: warning: Setting locale failed.
perl: warning: Please check that your locale settings:
	LANGUAGE = (unset),
	LC_ALL = (unset),
	LC_COLLATE = "C",
	LC_MESSAGES = "C",
	LANG = "it_IT.UTF-8"
    are supported and installed on your system.
perl: warning: Falling back to the standard locale ("C").
perl: warning: Setting locale failed.
perl: warning: Please check that your locale settings:
	LANGUAGE = (unset),
	LC_ALL = (unset),
	LC_COLLATE = "C",
	LC_MESSAGES = "C",
	LANG = "it_IT.UTF-8"
    are supported and installed on your system.
perl: warning: Falling back to the standard locale ("C").
perl: warning: Setting locale failed.
perl: warning: Please check that your locale settings:
	LANGUAGE = (unset),
	LC_ALL = (unset),
	LC_COLLATE = "C",
	LC_MESSAGES = "C",
	LANG = "it_IT.UTF-8"
    are supported and installed on your system.
perl: warning: Falling back to the standard locale ("C").

need IO::CaptureOutput to test tool options: skipping 15 tests
                                             t/test_xml_split.t .................. ok
All tests successful.
Files=104, Tests=3058,  6 wallclock secs ( 0.30 usr  0.15 sys + 11.31 cusr  2.09 csys = 13.85 CPU)
Result: PASS
>>> Completed testing dev-perl/XML-Twig-3.520.0

>>> Install dev-perl/XML-Twig-3.520.0 into /tmp/portage/dev-perl/XML-Twig-3.520.0/image/
make -j12 pure_install 
"/usr/bin/perl" speedup Twig_pm.slow > Twig.pm
perl: warning: Setting locale failed.
perl: warning: Please check that your locale settings:
	LANGUAGE = (unset),
	LC_ALL = (unset),
	LC_COLLATE = "C",
	LC_MESSAGES = "C",
	LANG = "it_IT.UTF-8"
    are supported and installed on your system.
perl: warning: Falling back to the standard locale ("C").
perl version is 5.030002
"/usr/bin/perl" -i_bak -p filter_for_5.005 Twig.pm Twig/XPath.pm
perl: warning: Setting locale failed.
perl: warning: Please check that your locale settings:
	LANGUAGE = (unset),
	LC_ALL = (unset),
	LC_COLLATE = "C",
	LC_MESSAGES = "C",
	LANG = "it_IT.UTF-8"
    are supported and installed on your system.
perl: warning: Falling back to the standard locale ("C").
"/usr/bin/perl" check_optional_modules
perl: warning: Setting locale failed.
perl: warning: Please check that your locale settings:
	LANGUAGE = (unset),
	LC_ALL = (unset),
	LC_COLLATE = "C",
	LC_MESSAGES = "C",
	LANG = "it_IT.UTF-8"
    are supported and installed on your system.
perl: warning: Falling back to the standard locale ("C").
perl: warning: Setting locale failed.
perl: warning: Please check that your locale settings:
	LANGUAGE = (unset),
	LC_ALL = (unset),
	LC_COLLATE = "C",
	LC_MESSAGES = "C",
	LANG = "it_IT.UTF-8"
    are supported and installed on your system.
perl: warning: Falling back to the standard locale ("C").
Skip blib/lib/XML/Twig.pm (unchanged)
Skip blib/lib/XML/Twig/XPath.pm (unchanged)
perl: warning: Setting locale failed.
perl: warning: Please check that your locale settings:
	LANGUAGE = (unset),
	LC_ALL = (unset),
	LC_COLLATE = "C",
	LC_MESSAGES = "C",
	LANG = "it_IT.UTF-8"
    are supported and installed on your system.
perl: warning: Falling back to the standard locale ("C").
Manifying 5 pod documents
perl: warning: Setting locale failed.
perl: warning: Please check that your locale settings:
	LANGUAGE = (unset),
	LC_ALL = (unset),
	LC_COLLATE = "C",
	LC_MESSAGES = "C",
	LANG = "it_IT.UTF-8"
    are supported and installed on your system.
perl: warning: Falling back to the standard locale ("C").
Installing /tmp/portage/dev-perl/XML-Twig-3.520.0/image/usr/lib64/perl5/vendor_perl/5.30.2/XML/Twig.pm
Installing /tmp/portage/dev-perl/XML-Twig-3.520.0/image/usr/lib64/perl5/vendor_perl/5.30.2/XML/Twig/XPath.pm
Installing /tmp/portage/dev-perl/XML-Twig-3.520.0/image/usr/share/man/man1/xml_merge.1
Installing /tmp/portage/dev-perl/XML-Twig-3.520.0/image/usr/share/man/man1/xml_pp.1
Installing /tmp/portage/dev-perl/XML-Twig-3.520.0/image/usr/share/man/man1/xml_spellcheck.1
Installing /tmp/portage/dev-perl/XML-Twig-3.520.0/image/usr/share/man/man1/xml_split.1
Installing /tmp/portage/dev-perl/XML-Twig-3.520.0/image/usr/share/man/man1/xml_grep.1
Installing /tmp/portage/dev-perl/XML-Twig-3.520.0/image/usr/bin/xml_spellcheck
Installing /tmp/portage/dev-perl/XML-Twig-3.520.0/image/usr/bin/xml_grep
Installing /tmp/portage/dev-perl/XML-Twig-3.520.0/image/usr/bin/xml_split
Installing /tmp/portage/dev-perl/XML-Twig-3.520.0/image/usr/bin/xml_pp
Installing /tmp/portage/dev-perl/XML-Twig-3.520.0/image/usr/bin/xml_merge
 [32;01m*[0m Fixing packlist file /usr/lib64/perl5/vendor_perl/5.30.2/x86_64-linux/auto/XML/Twig/.packlist
>>> Completed installing dev-perl/XML-Twig-3.520.0 into /tmp/portage/dev-perl/XML-Twig-3.520.0/image/

 [32;01m*[0m Final size of build directory: 3660 KiB (3.5 MiB)
 [32;01m*[0m Final size of installed tree:   724 KiB

./
./usr/
./usr/bin/
./usr/bin/xml_spellcheck
./usr/bin/xml_grep
./usr/bin/xml_split
./usr/bin/xml_pp
./usr/bin/xml_merge
./usr/share/
./usr/share/man/
./usr/share/man/man1/
./usr/share/man/man1/xml_pp.1.bz2
./usr/share/man/man1/xml_merge.1.bz2
./usr/share/man/man1/xml_grep.1.bz2
./usr/share/man/man1/xml_spellcheck.1.bz2
./usr/share/man/man1/xml_split.1.bz2
./usr/share/doc/
./usr/share/doc/XML-Twig-3.520.0/
./usr/share/doc/XML-Twig-3.520.0/README.bz2
./usr/share/doc/XML-Twig-3.520.0/Changes.bz2
./usr/lib64/
./usr/lib64/perl5/
./usr/lib64/perl5/vendor_perl/
./usr/lib64/perl5/vendor_perl/5.30.2/
./usr/lib64/perl5/vendor_perl/5.30.2/x86_64-linux/
./usr/lib64/perl5/vendor_perl/5.30.2/x86_64-linux/auto/
./usr/lib64/perl5/vendor_perl/5.30.2/x86_64-linux/auto/XML/
./usr/lib64/perl5/vendor_perl/5.30.2/x86_64-linux/auto/XML/Twig/
./usr/lib64/perl5/vendor_perl/5.30.2/x86_64-linux/auto/XML/Twig/.packlist
./usr/lib64/perl5/vendor_perl/5.30.2/XML/
./usr/lib64/perl5/vendor_perl/5.30.2/XML/Twig/
./usr/lib64/perl5/vendor_perl/5.30.2/XML/Twig/XPath.pm
./usr/lib64/perl5/vendor_perl/5.30.2/XML/Twig.pm
>>> Done.
 [32;01m*[39;49;00m checking 15 files for package collisions
>>> Merging dev-perl/XML-Twig-3.520.0 to /
--- /usr/
--- /usr/lib64/
--- /usr/lib64/perl5/
--- /usr/lib64/perl5/vendor_perl/
--- /usr/lib64/perl5/vendor_perl/5.30.2/
--- /usr/lib64/perl5/vendor_perl/5.30.2/XML/
>>> /usr/lib64/perl5/vendor_perl/5.30.2/XML/Twig.pm
>>> /usr/lib64/perl5/vendor_perl/5.30.2/XML/Twig/
>>> /usr/lib64/perl5/vendor_perl/5.30.2/XML/Twig/XPath.pm
--- /usr/lib64/perl5/vendor_perl/5.30.2/x86_64-linux/
--- /usr/lib64/perl5/vendor_perl/5.30.2/x86_64-linux/auto/
--- /usr/lib64/perl5/vendor_perl/5.30.2/x86_64-linux/auto/XML/
>>> /usr/lib64/perl5/vendor_perl/5.30.2/x86_64-linux/auto/XML/Twig/
>>> /usr/lib64/perl5/vendor_perl/5.30.2/x86_64-linux/auto/XML/Twig/.packlist
--- /usr/share/
--- /usr/share/doc/
>>> /usr/share/doc/XML-Twig-3.520.0/
>>> /usr/share/doc/XML-Twig-3.520.0/Changes.bz2
>>> /usr/share/doc/XML-Twig-3.520.0/README.bz2
--- /usr/share/man/
--- /usr/share/man/man1/
>>> /usr/share/man/man1/xml_split.1.bz2
>>> /usr/share/man/man1/xml_spellcheck.1.bz2
>>> /usr/share/man/man1/xml_grep.1.bz2
>>> /usr/share/man/man1/xml_merge.1.bz2
>>> /usr/share/man/man1/xml_pp.1.bz2
--- /usr/bin/
>>> /usr/bin/xml_merge
>>> /usr/bin/xml_pp
>>> /usr/bin/xml_split
>>> /usr/bin/xml_grep
>>> /usr/bin/xml_spellcheck
>>> dev-perl/XML-Twig-3.520.0 merged.
>>> Regenerating /etc/ld.so.cache...
