[32;01m * [39;49;00mPackage:    dev-perl/Test-NoWarnings-1.40.0-r3
[32;01m * [39;49;00mRepository: gentoo
[32;01m * [39;49;00mMaintainer: perl@gentoo.org
[32;01m * [39;49;00mUSE:        abi_x86_64 amd64 elibc_glibc kernel_linux userland_GNU
[32;01m * [39;49;00mFEATURES:   network-sandbox preserve-libs sandbox splitdebug test userpriv usersandbox
>>> Unpacking source...
>>> Unpacking Test-NoWarnings-1.04.tar.gz to /tmp/portage/dev-perl/Test-NoWarnings-1.40.0-r3/work
>>> Source unpacked in /tmp/portage/dev-perl/Test-NoWarnings-1.40.0-r3/work
>>> Preparing source in /tmp/portage/dev-perl/Test-NoWarnings-1.40.0-r3/work/Test-NoWarnings-1.04 ...
>>> Source prepared.
>>> Configuring source in /tmp/portage/dev-perl/Test-NoWarnings-1.40.0-r3/work/Test-NoWarnings-1.04 ...
perl: warning: Setting locale failed.
perl: warning: Please check that your locale settings:
	LANGUAGE = (unset),
	LC_ALL = (unset),
	LC_MESSAGES = "C",
	LANG = "it_IT.UTF-8"
    are supported and installed on your system.
perl: warning: Falling back to the standard locale ("C").
 [32;01m*[0m Using ExtUtils::MakeMaker
 [32;01m*[0m perl Makefile.PL PREFIX=/usr INSTALLDIRS=vendor INSTALLMAN3DIR=none DESTDIR=/tmp/portage/dev-perl/Test-NoWarnings-1.40.0-r3/image/
perl: warning: Setting locale failed.
perl: warning: Please check that your locale settings:
	LANGUAGE = (unset),
	LC_ALL = (unset),
	LC_MESSAGES = "C",
	LANG = "it_IT.UTF-8"
    are supported and installed on your system.
perl: warning: Falling back to the standard locale ("C").
Checking if your kit is complete...
Looks good
Generating a Unix-style Makefile
Writing Makefile for Test::NoWarnings
Writing MYMETA.yml and MYMETA.json
>>> Source configured.
>>> Compiling source in /tmp/portage/dev-perl/Test-NoWarnings-1.40.0-r3/work/Test-NoWarnings-1.04 ...
 [32;01m*[0m emake OTHERLDFLAGS=-Wl,-O1 -Wl,--as-needed -Wl,--defsym=__gentoo_check_ldflags__=0 -Wl,--hash-style=gnu -Wl,-z,norelro
make -j12 'OTHERLDFLAGS=-Wl,-O1 -Wl,--as-needed -Wl,--defsym=__gentoo_check_ldflags__=0 -Wl,--hash-style=gnu -Wl,-z,norelro' 
perl: warning: Setting locale failed.
perl: warning: Please check that your locale settings:
	LANGUAGE = (unset),
	LC_ALL = (unset),
	LC_MESSAGES = "C",
	LANG = "it_IT.UTF-8"
    are supported and installed on your system.
perl: warning: Falling back to the standard locale ("C").
perl: warning: Setting locale failed.
perl: warning: Please check that your locale settings:
	LANGUAGE = (unset),
	LC_ALL = (unset),
	LC_MESSAGES = "C",
	LANG = "it_IT.UTF-8"
    are supported and installed on your system.
perl: warning: Falling back to the standard locale ("C").
perl: warning: Setting locale failed.
perl: warning: Please check that your locale settings:
	LANGUAGE = (unset),
	LC_ALL = (unset),
	LC_MESSAGES = "C",
	LANG = "it_IT.UTF-8"
    are supported and installed on your system.
perl: warning: Falling back to the standard locale ("C").
perl: warning: Setting locale failed.
perl: warning: Please check that your locale settings:
	LANGUAGE = (unset),
	LC_ALL = (unset),
	LC_MESSAGES = "C",
	LANG = "it_IT.UTF-8"
    are supported and installed on your system.
perl: warning: Falling back to the standard locale ("C").
perl: warning: Setting locale failed.
perl: warning: Please check that your locale settings:
	LANGUAGE = (unset),
	LC_ALL = (unset),
	LC_MESSAGES = "C",
	LANG = "it_IT.UTF-8"
    are supported and installed on your system.
perl: warning: Falling back to the standard locale ("C").
perl: warning: Setting locale failed.
perl: warning: Please check that your locale settings:
	LANGUAGE = (unset),
	LC_ALL = (unset),
	LC_MESSAGES = "C",
	LANG = "it_IT.UTF-8"
    are supported and installed on your system.
perl: warning: Falling back to the standard locale ("C").
perl: warning: Setting locale failed.
perl: warning: Please check that your locale settings:
	LANGUAGE = (unset),
	LC_ALL = (unset),
	LC_MESSAGES = "C",
	LANG = "it_IT.UTF-8"
    are supported and installed on your system.
perl: warning: Falling back to the standard locale ("C").
perl: warning: Setting locale failed.
perl: warning: Please check that your locale settings:
	LANGUAGE = (unset),
	LC_ALL = (unset),
	LC_MESSAGES = "C",
	LANG = "it_IT.UTF-8"
    are supported and installed on your system.
perl: warning: Falling back to the standard locale ("C").
perl: warning: Setting locale failed.
perl: warning: Please check that your locale settings:
	LANGUAGE = (unset),
	LC_ALL = (unset),
	LC_MESSAGES = "C",
	LANG = "it_IT.UTF-8"
    are supported and installed on your system.
perl: warning: Falling back to the standard locale ("C").
cp lib/Test/NoWarnings.pm blib/lib/Test/NoWarnings.pm
cp lib/Test/NoWarnings/Warning.pm blib/lib/Test/NoWarnings/Warning.pm
>>> Source compiled.
>>> Test phase: dev-perl/Test-NoWarnings-1.40.0-r3
perl: warning: Setting locale failed.
perl: warning: Please check that your locale settings:
	LANGUAGE = (unset),
	LC_ALL = (unset),
	LC_MESSAGES = "C",
	LANG = "it_IT.UTF-8"
    are supported and installed on your system.
perl: warning: Falling back to the standard locale ("C").
make -j12 test TEST_VERBOSE=0 
PERL_DL_NONLAZY=1 "/usr/bin/perl" "-MExtUtils::Command::MM" "-MTest::Harness" "-e" "undef *Test::Harness::Switches; test_harness(0, 'blib/lib', 'blib/arch')" t/*.t
perl: warning: Setting locale failed.
perl: warning: Please check that your locale settings:
	LANGUAGE = (unset),
	LC_ALL = (unset),
	LC_MESSAGES = "C",
	LANG = "it_IT.UTF-8"
    are supported and installed on your system.
perl: warning: Falling back to the standard locale ("C").
perl: warning: Setting locale failed.
perl: warning: Please check that your locale settings:
	LANGUAGE = (unset),
	LC_ALL = (unset),
	LC_MESSAGES = "C",
	LANG = "it_IT.UTF-8"
    are supported and installed on your system.
perl: warning: Falling back to the standard locale ("C").
t/01_compile.t ... perl: warning: Setting locale failed.
perl: warning: Please check that your locale settings:
	LANGUAGE = (unset),
	LC_ALL = (unset),
	LC_MESSAGES = "C",
	LANG = "it_IT.UTF-8"
    are supported and installed on your system.
perl: warning: Falling back to the standard locale ("C").
t/01_compile.t ... 1/4                         t/01_compile.t ... ok
t/02_none.t ...... perl: warning: Setting locale failed.
perl: warning: Please check that your locale settings:
	LANGUAGE = (unset),
	LC_ALL = (unset),
	LC_MESSAGES = "C",
	LANG = "it_IT.UTF-8"
    are supported and installed on your system.
perl: warning: Falling back to the standard locale ("C").
t/02_none.t ...... 1/?                          t/02_none.t ...... ok
t/03_end.t ....... perl: warning: Setting locale failed.
perl: warning: Please check that your locale settings:
	LANGUAGE = (unset),
	LC_ALL = (unset),
	LC_MESSAGES = "C",
	LANG = "it_IT.UTF-8"
    are supported and installed on your system.
perl: warning: Falling back to the standard locale ("C").
t/03_end.t ....... 1/6                         t/03_end.t ....... ok
t/04_no_tests.t .. perl: warning: Setting locale failed.
perl: warning: Please check that your locale settings:
	LANGUAGE = (unset),
	LC_ALL = (unset),
	LC_MESSAGES = "C",
	LANG = "it_IT.UTF-8"
    are supported and installed on your system.
perl: warning: Falling back to the standard locale ("C").
t/04_no_tests.t .. 1/1                         t/04_no_tests.t .. ok
t/05_no_end.t .... perl: warning: Setting locale failed.
perl: warning: Please check that your locale settings:
	LANGUAGE = (unset),
	LC_ALL = (unset),
	LC_MESSAGES = "C",
	LANG = "it_IT.UTF-8"
    are supported and installed on your system.
perl: warning: Falling back to the standard locale ("C").
t/05_no_end.t .... 1/2                         t/05_no_end.t .... ok
t/06_fork.t ...... perl: warning: Setting locale failed.
perl: warning: Please check that your locale settings:
	LANGUAGE = (unset),
	LC_ALL = (unset),
	LC_MESSAGES = "C",
	LANG = "it_IT.UTF-8"
    are supported and installed on your system.
perl: warning: Falling back to the standard locale ("C").
t/06_fork.t ...... 1/2                         t/06_fork.t ...... ok
All tests successful.
Files=6, Tests=46,  0 wallclock secs ( 0.02 usr  0.01 sys +  0.21 cusr  0.03 csys =  0.27 CPU)
Result: PASS
>>> Completed testing dev-perl/Test-NoWarnings-1.40.0-r3

>>> Install dev-perl/Test-NoWarnings-1.40.0-r3 into /tmp/portage/dev-perl/Test-NoWarnings-1.40.0-r3/image/
make -j12 pure_install 
perl: warning: Setting locale failed.
perl: warning: Please check that your locale settings:
	LANGUAGE = (unset),
	LC_ALL = (unset),
	LC_MESSAGES = "C",
	LANG = "it_IT.UTF-8"
    are supported and installed on your system.
perl: warning: Falling back to the standard locale ("C").
Installing /tmp/portage/dev-perl/Test-NoWarnings-1.40.0-r3/image/usr/lib64/perl5/vendor_perl/5.30.2/Test/NoWarnings.pm
Installing /tmp/portage/dev-perl/Test-NoWarnings-1.40.0-r3/image/usr/lib64/perl5/vendor_perl/5.30.2/Test/NoWarnings/Warning.pm
>>> Completed installing dev-perl/Test-NoWarnings-1.40.0-r3 into /tmp/portage/dev-perl/Test-NoWarnings-1.40.0-r3/image/

 [32;01m*[0m Final size of build directory: 244 KiB
 [32;01m*[0m Final size of installed tree:   68 KiB

./
./usr/
./usr/share/
./usr/share/doc/
./usr/share/doc/Test-NoWarnings-1.40.0-r3/
./usr/share/doc/Test-NoWarnings-1.40.0-r3/README.bz2
./usr/share/doc/Test-NoWarnings-1.40.0-r3/Changes.bz2
./usr/lib64/
./usr/lib64/perl5/
./usr/lib64/perl5/vendor_perl/
./usr/lib64/perl5/vendor_perl/5.30.2/
./usr/lib64/perl5/vendor_perl/5.30.2/Test/
./usr/lib64/perl5/vendor_perl/5.30.2/Test/NoWarnings/
./usr/lib64/perl5/vendor_perl/5.30.2/Test/NoWarnings/Warning.pm
./usr/lib64/perl5/vendor_perl/5.30.2/Test/NoWarnings.pm
>>> Done.
 [32;01m*[39;49;00m checking 4 files for package collisions
>>> Merging dev-perl/Test-NoWarnings-1.40.0-r3 to /
--- /usr/
--- /usr/lib64/
--- /usr/lib64/perl5/
--- /usr/lib64/perl5/vendor_perl/
--- /usr/lib64/perl5/vendor_perl/5.30.2/
--- /usr/lib64/perl5/vendor_perl/5.30.2/Test/
>>> /usr/lib64/perl5/vendor_perl/5.30.2/Test/NoWarnings.pm
>>> /usr/lib64/perl5/vendor_perl/5.30.2/Test/NoWarnings/
>>> /usr/lib64/perl5/vendor_perl/5.30.2/Test/NoWarnings/Warning.pm
--- /usr/share/
--- /usr/share/doc/
>>> /usr/share/doc/Test-NoWarnings-1.40.0-r3/
>>> /usr/share/doc/Test-NoWarnings-1.40.0-r3/Changes.bz2
>>> /usr/share/doc/Test-NoWarnings-1.40.0-r3/README.bz2
>>> dev-perl/Test-NoWarnings-1.40.0-r3 merged.
>>> Regenerating /etc/ld.so.cache...
