[32;01m * [39;49;00mPackage:    dev-perl/Encode-Locale-1.50.0
[32;01m * [39;49;00mRepository: gentoo
[32;01m * [39;49;00mMaintainer: perl@gentoo.org
[32;01m * [39;49;00mUSE:        abi_x86_64 amd64 elibc_glibc kernel_linux test userland_GNU
[32;01m * [39;49;00mFEATURES:   network-sandbox preserve-libs sandbox splitdebug test userpriv usersandbox
>>> Unpacking source...
>>> Unpacking Encode-Locale-1.05.tar.gz to /tmp/portage/dev-perl/Encode-Locale-1.50.0/work
>>> Source unpacked in /tmp/portage/dev-perl/Encode-Locale-1.50.0/work
>>> Preparing source in /tmp/portage/dev-perl/Encode-Locale-1.50.0/work/Encode-Locale-1.05 ...
>>> Source prepared.
>>> Configuring source in /tmp/portage/dev-perl/Encode-Locale-1.50.0/work/Encode-Locale-1.05 ...
perl: warning: Setting locale failed.
perl: warning: Please check that your locale settings:
	LANGUAGE = (unset),
	LC_ALL = (unset),
	LC_COLLATE = "C",
	LC_MESSAGES = "C",
	LANG = "it_IT.UTF-8"
    are supported and installed on your system.
perl: warning: Falling back to the standard locale ("C").
 [32;01m*[0m Using ExtUtils::MakeMaker
 [32;01m*[0m perl Makefile.PL PREFIX=/usr INSTALLDIRS=vendor INSTALLMAN3DIR=none DESTDIR=/tmp/portage/dev-perl/Encode-Locale-1.50.0/image/
perl: warning: Setting locale failed.
perl: warning: Please check that your locale settings:
	LANGUAGE = (unset),
	LC_ALL = (unset),
	LC_COLLATE = "C",
	LC_MESSAGES = "C",
	LANG = "it_IT.UTF-8"
    are supported and installed on your system.
perl: warning: Falling back to the standard locale ("C").
Checking if your kit is complete...
Looks good
Generating a Unix-style Makefile
Writing Makefile for Encode::Locale
Writing MYMETA.yml and MYMETA.json
>>> Source configured.
>>> Compiling source in /tmp/portage/dev-perl/Encode-Locale-1.50.0/work/Encode-Locale-1.05 ...
 [32;01m*[0m emake OTHERLDFLAGS=-Wl,-O1 -Wl,--as-needed -Wl,--defsym=__gentoo_check_ldflags__=0 -Wl,--hash-style=gnu -Wl,-z,norelro
make -j12 'OTHERLDFLAGS=-Wl,-O1 -Wl,--as-needed -Wl,--defsym=__gentoo_check_ldflags__=0 -Wl,--hash-style=gnu -Wl,-z,norelro' 
perl: warning: Setting locale failed.
perl: warning: Please check that your locale settings:
	LANGUAGE = (unset),
	LC_ALL = (unset),
	LC_COLLATE = "C",
	LC_MESSAGES = "C",
	LANG = "it_IT.UTF-8"
    are supported and installed on your system.
perl: warning: Falling back to the standard locale ("C").
perl: warning: Setting locale failed.
perl: warning: Please check that your locale settings:
	LANGUAGE = (unset),
	LC_ALL = (unset),
	LC_COLLATE = "C",
	LC_MESSAGES = "C",
	LANG = "it_IT.UTF-8"
    are supported and installed on your system.
perl: warning: Falling back to the standard locale ("C").
perl: warning: Setting locale failed.
perl: warning: Please check that your locale settings:
	LANGUAGE = (unset),
	LC_ALL = (unset),
	LC_COLLATE = "C",
	LC_MESSAGES = "C",
	LANG = "it_IT.UTF-8"
    are supported and installed on your system.
perl: warning: Falling back to the standard locale ("C").
perl: warning: Setting locale failed.
perl: warning: Please check that your locale settings:
	LANGUAGE = (unset),
	LC_ALL = (unset),
	LC_COLLATE = "C",
	LC_MESSAGES = "C",
	LANG = "it_IT.UTF-8"
    are supported and installed on your system.
perl: warning: Falling back to the standard locale ("C").
perl: warning: Setting locale failed.
perl: warning: Please check that your locale settings:
	LANGUAGE = (unset),
	LC_ALL = (unset),
	LC_COLLATE = "C",
	LC_MESSAGES = "C",
	LANG = "it_IT.UTF-8"
    are supported and installed on your system.
perl: warning: Falling back to the standard locale ("C").
perl: warning: Setting locale failed.
perl: warning: Please check that your locale settings:
	LANGUAGE = (unset),
	LC_ALL = (unset),
	LC_COLLATE = "C",
	LC_MESSAGES = "C",
	LANG = "it_IT.UTF-8"
    are supported and installed on your system.
perl: warning: Falling back to the standard locale ("C").
perl: warning: Setting locale failed.
perl: warning: Please check that your locale settings:
	LANGUAGE = (unset),
	LC_ALL = (unset),
	LC_COLLATE = "C",
	LC_MESSAGES = "C",
	LANG = "it_IT.UTF-8"
    are supported and installed on your system.
perl: warning: Falling back to the standard locale ("C").
perl: warning: Setting locale failed.
perl: warning: Please check that your locale settings:
	LANGUAGE = (unset),
	LC_ALL = (unset),
	LC_COLLATE = "C",
	LC_MESSAGES = "C",
	LANG = "it_IT.UTF-8"
    are supported and installed on your system.
perl: warning: Falling back to the standard locale ("C").
perl: warning: Setting locale failed.
perl: warning: Please check that your locale settings:
	LANGUAGE = (unset),
	LC_ALL = (unset),
	LC_COLLATE = "C",
	LC_MESSAGES = "C",
	LANG = "it_IT.UTF-8"
    are supported and installed on your system.
perl: warning: Falling back to the standard locale ("C").
cp lib/Encode/Locale.pm blib/lib/Encode/Locale.pm
>>> Source compiled.
>>> Test phase: dev-perl/Encode-Locale-1.50.0
 [32;01m*[0m Test::Harness Jobs=12
make -j12 test TEST_VERBOSE=0 
PERL_DL_NONLAZY=1 "/usr/bin/perl" "-MExtUtils::Command::MM" "-MTest::Harness" "-e" "undef *Test::Harness::Switches; test_harness(0, 'blib/lib', 'blib/arch')" t/*.t
perl: warning: Setting locale failed.
perl: warning: Please check that your locale settings:
	LANGUAGE = (unset),
	LC_ALL = (unset),
	LC_COLLATE = "C",
	LC_MESSAGES = "C",
	LANG = "it_IT.UTF-8"
    are supported and installed on your system.
perl: warning: Falling back to the standard locale ("C").
perl: warning: Setting locale failed.
perl: warning: Please check that your locale settings:
	LANGUAGE = (unset),
	LC_ALL = (unset),
	LC_COLLATE = "C",
	LC_MESSAGES = "C",
	LANG = "it_IT.UTF-8"
    are supported and installed on your system.
perl: warning: Falling back to the standard locale ("C").
perl: warning: Setting locale failed.
perl: warning: Please check that your locale settings:
	LANGUAGE = (unset),
	LC_ALL = (unset),
	LC_COLLATE = "C",
	LC_MESSAGES = "C",
	LANG = "it_IT.UTF-8"
    are supported and installed on your system.
perl: warning: Falling back to the standard locale ("C").
perl: warning: Setting locale failed.
perl: warning: Please check that your locale settings:
	LANGUAGE = (unset),
	LC_ALL = (unset),
	LC_COLLATE = "C",
	LC_MESSAGES = "C",
	LANG = "it_IT.UTF-8"
    are supported and installed on your system.
perl: warning: Falling back to the standard locale ("C").
# ENCODING_LOCALE is ANSI_X3.4-1968
===(       1;0  1/8  0/4   0/13  0/1  0/? )================================(       2;0  1/8  1/4   0/13  0/1  0/? )================================(       4;0  2/8  1/4   1/13  0/1  0/? )================================(       6;0  2/8  1/4   2/13  1/1  0/? )=============================perl: warning: Setting locale failed.
perl: warning: Please check that your locale settings:
	LANGUAGE = (unset),
	LC_ALL = (unset),
	LC_COLLATE = "C",
	LC_MESSAGES = "C",
	LANG = "it_IT.UTF-8"
    are supported and installed on your system.
perl: warning: Falling back to the standard locale ("C").
                                                                        t/tain.t ....... ok
===(      12;0  4/8  3/4   4/13  0/2 )==================================perl: warning: Setting locale failed.
perl: warning: Please check that your locale settings:
	LANGUAGE = (unset),
	LC_ALL = (unset),
	LC_COLLATE = "C",
	LC_MESSAGES = "C",
	LANG = "it_IT.UTF-8"
    are supported and installed on your system.
perl: warning: Falling back to the standard locale ("C").
===(      17;0  6/8  3/4   6/13  1/2 )==================================                                                                        t/alias.t ...... ok
===(      21;0  3/4   8/13  1/2 )=======================================                                                                        t/warn_once.t .. ok
===(      27;0  4/4  12/13 )============================================Wide character in print at /usr/lib64/perl5/5.30.1/Test2/Formatter/TAP.pm line 124.
Wide character in print at /usr/lib64/perl5/5.30.1/Test2/Formatter/TAP.pm line 124.
                                                                        t/arg.t ........ ok
t/env.t ........ perl: warning: Setting locale failed.
perl: warning: Please check that your locale settings:
	LANGUAGE = (unset),
	LC_ALL = (unset),
	LC_COLLATE = "C",
	LC_MESSAGES = "C",
	LANG = "it_IT.UTF-8"
    are supported and installed on your system.
perl: warning: Falling back to the standard locale ("C").
                    t/env.t ........ ok
All tests successful.

Test Summary Report
-------------------
t/arg.t      (Wstat: 0 Tests: 4 Failed: 0)
  TODO passed:   1-2
Files=5, Tests=28,  0 wallclock secs ( 0.03 usr  0.00 sys +  0.17 cusr  0.05 csys =  0.25 CPU)
Result: PASS
>>> Completed testing dev-perl/Encode-Locale-1.50.0

>>> Install dev-perl/Encode-Locale-1.50.0 into /tmp/portage/dev-perl/Encode-Locale-1.50.0/image/
make -j12 pure_install 
perl: warning: Setting locale failed.
perl: warning: Please check that your locale settings:
	LANGUAGE = (unset),
	LC_ALL = (unset),
	LC_COLLATE = "C",
	LC_MESSAGES = "C",
	LANG = "it_IT.UTF-8"
    are supported and installed on your system.
perl: warning: Falling back to the standard locale ("C").
Installing /tmp/portage/dev-perl/Encode-Locale-1.50.0/image/usr/lib64/perl5/vendor_perl/5.30.1/Encode/Locale.pm
 [32;01m*[0m Fixing packlist file /usr/lib64/perl5/vendor_perl/5.30.1/x86_64-linux/auto/Encode/Locale/.packlist
>>> Completed installing dev-perl/Encode-Locale-1.50.0 into /tmp/portage/dev-perl/Encode-Locale-1.50.0/image/

 [32;01m*[0m Final size of build directory: 192 KiB
 [32;01m*[0m Final size of installed tree:   84 KiB

./
./usr/
./usr/share/
./usr/share/doc/
./usr/share/doc/Encode-Locale-1.50.0/
./usr/share/doc/Encode-Locale-1.50.0/README.bz2
./usr/share/doc/Encode-Locale-1.50.0/Changes.bz2
./usr/lib64/
./usr/lib64/perl5/
./usr/lib64/perl5/vendor_perl/
./usr/lib64/perl5/vendor_perl/5.30.1/
./usr/lib64/perl5/vendor_perl/5.30.1/x86_64-linux/
./usr/lib64/perl5/vendor_perl/5.30.1/x86_64-linux/auto/
./usr/lib64/perl5/vendor_perl/5.30.1/x86_64-linux/auto/Encode/
./usr/lib64/perl5/vendor_perl/5.30.1/x86_64-linux/auto/Encode/Locale/
./usr/lib64/perl5/vendor_perl/5.30.1/x86_64-linux/auto/Encode/Locale/.packlist
./usr/lib64/perl5/vendor_perl/5.30.1/Encode/
./usr/lib64/perl5/vendor_perl/5.30.1/Encode/Locale.pm
>>> Done.
 [32;01m*[39;49;00m checking 4 files for package collisions
>>> Merging dev-perl/Encode-Locale-1.50.0 to /
--- /usr/
--- /usr/lib64/
--- /usr/lib64/perl5/
--- /usr/lib64/perl5/vendor_perl/
--- /usr/lib64/perl5/vendor_perl/5.30.1/
>>> /usr/lib64/perl5/vendor_perl/5.30.1/Encode/
>>> /usr/lib64/perl5/vendor_perl/5.30.1/Encode/Locale.pm
--- /usr/lib64/perl5/vendor_perl/5.30.1/x86_64-linux/
--- /usr/lib64/perl5/vendor_perl/5.30.1/x86_64-linux/auto/
>>> /usr/lib64/perl5/vendor_perl/5.30.1/x86_64-linux/auto/Encode/
>>> /usr/lib64/perl5/vendor_perl/5.30.1/x86_64-linux/auto/Encode/Locale/
>>> /usr/lib64/perl5/vendor_perl/5.30.1/x86_64-linux/auto/Encode/Locale/.packlist
--- /usr/share/
--- /usr/share/doc/
>>> /usr/share/doc/Encode-Locale-1.50.0/
>>> /usr/share/doc/Encode-Locale-1.50.0/Changes.bz2
>>> /usr/share/doc/Encode-Locale-1.50.0/README.bz2
>>> dev-perl/Encode-Locale-1.50.0 merged.
>>> Regenerating /etc/ld.so.cache...
