[32;01m * [39;49;00mPackage:    dev-perl/libxml-perl-0.80.0-r2
[32;01m * [39;49;00mRepository: gentoo
[32;01m * [39;49;00mMaintainer: perl@gentoo.org
[32;01m * [39;49;00mUSE:        abi_x86_64 amd64 elibc_glibc kernel_linux userland_GNU
[32;01m * [39;49;00mFEATURES:   network-sandbox preserve-libs sandbox splitdebug test userpriv usersandbox
>>> Unpacking source...
>>> Unpacking libxml-perl-0.08.tar.gz to /tmp/portage/dev-perl/libxml-perl-0.80.0-r2/work
>>> Source unpacked in /tmp/portage/dev-perl/libxml-perl-0.80.0-r2/work
>>> Preparing source in /tmp/portage/dev-perl/libxml-perl-0.80.0-r2/work/libxml-perl-0.08 ...
>>> Source prepared.
>>> Configuring source in /tmp/portage/dev-perl/libxml-perl-0.80.0-r2/work/libxml-perl-0.08 ...
perl: warning: Setting locale failed.
perl: warning: Please check that your locale settings:
	LANGUAGE = (unset),
	LC_ALL = (unset),
	LC_COLLATE = "C",
	LC_MESSAGES = "C",
	LANG = "it_IT.UTF-8"
    are supported and installed on your system.
perl: warning: Falling back to the standard locale ("C").
 [32;01m*[0m Using ExtUtils::MakeMaker
 [32;01m*[0m perl Makefile.PL PREFIX=/usr INSTALLDIRS=vendor INSTALLMAN3DIR=none DESTDIR=/tmp/portage/dev-perl/libxml-perl-0.80.0-r2/image/
perl: warning: Setting locale failed.
perl: warning: Please check that your locale settings:
	LANGUAGE = (unset),
	LC_ALL = (unset),
	LC_COLLATE = "C",
	LC_MESSAGES = "C",
	LANG = "it_IT.UTF-8"
    are supported and installed on your system.
perl: warning: Falling back to the standard locale ("C").
Checking if your kit is complete...
Looks good
Warning: NAME must be a package name
Generating a Unix-style Makefile
Writing Makefile for libxml-perl
Writing MYMETA.yml and MYMETA.json
>>> Source configured.
>>> Compiling source in /tmp/portage/dev-perl/libxml-perl-0.80.0-r2/work/libxml-perl-0.08 ...
 [32;01m*[0m emake OTHERLDFLAGS=-Wl,-O1 -Wl,--as-needed -Wl,--defsym=__gentoo_check_ldflags__=0 -Wl,--hash-style=gnu -Wl,-z,norelro
make -j12 'OTHERLDFLAGS=-Wl,-O1 -Wl,--as-needed -Wl,--defsym=__gentoo_check_ldflags__=0 -Wl,--hash-style=gnu -Wl,-z,norelro' 
perl: warning: Setting locale failed.
perl: warning: Please check that your locale settings:
	LANGUAGE = (unset),
	LC_ALL = (unset),
	LC_COLLATE = "C",
	LC_MESSAGES = "C",
	LANG = "it_IT.UTF-8"
    are supported and installed on your system.
perl: warning: Falling back to the standard locale ("C").
perl: warning: Setting locale failed.
perl: warning: Please check that your locale settings:
	LANGUAGE = (unset),
	LC_ALL = (unset),
	LC_COLLATE = "C",
	LC_MESSAGES = "C",
	LANG = "it_IT.UTF-8"
    are supported and installed on your system.
perl: warning: Falling back to the standard locale ("C").
perl: warning: Setting locale failed.
perl: warning: Please check that your locale settings:
	LANGUAGE = (unset),
	LC_ALL = (unset),
	LC_COLLATE = "C",
	LC_MESSAGES = "C",
	LANG = "it_IT.UTF-8"
    are supported and installed on your system.
perl: warning: Falling back to the standard locale ("C").
perl: warning: Setting locale failed.
perl: warning: Please check that your locale settings:
	LANGUAGE = (unset),
	LC_ALL = (unset),
	LC_COLLATE = "C",
	LC_MESSAGES = "C",
	LANG = "it_IT.UTF-8"
    are supported and installed on your system.
perl: warning: Falling back to the standard locale ("C").
perl: warning: Setting locale failed.
perl: warning: Please check that your locale settings:
	LANGUAGE = (unset),
	LC_ALL = (unset),
	LC_COLLATE = "C",
	LC_MESSAGES = "C",
	LANG = "it_IT.UTF-8"
    are supported and installed on your system.
perl: warning: Falling back to the standard locale ("C").
perl: warning: Setting locale failed.
perl: warning: Please check that your locale settings:
	LANGUAGE = (unset),
	LC_ALL = (unset),
	LC_COLLATE = "C",
	LC_MESSAGES = "C",
	LANG = "it_IT.UTF-8"
    are supported and installed on your system.
perl: warning: Falling back to the standard locale ("C").
perl: warning: Setting locale failed.
perl: warning: Please check that your locale settings:
	LANGUAGE = (unset),
	LC_ALL = (unset),
	LC_COLLATE = "C",
	LC_MESSAGES = "C",
	LANG = "it_IT.UTF-8"
    are supported and installed on your system.
perl: warning: Falling back to the standard locale ("C").
perl: warning: Setting locale failed.
perl: warning: Please check that your locale settings:
	LANGUAGE = (unset),
	LC_ALL = (unset),
	LC_COLLATE = "C",
	LC_MESSAGES = "C",
	LANG = "it_IT.UTF-8"
    are supported and installed on your system.
perl: warning: Falling back to the standard locale ("C").
perl: warning: Setting locale failed.
perl: warning: Please check that your locale settings:
	LANGUAGE = (unset),
	LC_ALL = (unset),
	LC_COLLATE = "C",
	LC_MESSAGES = "C",
	LANG = "it_IT.UTF-8"
    are supported and installed on your system.
perl: warning: Falling back to the standard locale ("C").
cp lib/Data/Grove/Parent.pm blib/lib/Data/Grove/Parent.pm
cp lib/XML/PatAct/MatchName.pm blib/lib/XML/PatAct/MatchName.pm
cp lib/XML/Handler/XMLWriter.pm blib/lib/XML/Handler/XMLWriter.pm
cp lib/XML/PatAct/ActionTempl.pm blib/lib/XML/PatAct/ActionTempl.pm
cp lib/XML/Parser/PerlSAX.pm blib/lib/XML/Parser/PerlSAX.pm
cp lib/XML/PatAct/Amsterdam.pm blib/lib/XML/PatAct/Amsterdam.pm
cp lib/XML/Handler/Sample.pm blib/lib/XML/Handler/Sample.pm
cp lib/XML/PatAct/ToObjects.pm blib/lib/XML/PatAct/ToObjects.pm
cp lib/XML/ESISParser.pm blib/lib/XML/ESISParser.pm
cp lib/Data/Grove/Visitor.pm blib/lib/Data/Grove/Visitor.pm
cp lib/Data/Grove.pm blib/lib/Data/Grove.pm
cp lib/XML/Perl2SAX.pm blib/lib/XML/Perl2SAX.pm
cp lib/XML/PatAct/PatternTempl.pm blib/lib/XML/PatAct/PatternTempl.pm
cp lib/XML/Handler/CanonXMLWriter.pm blib/lib/XML/Handler/CanonXMLWriter.pm
cp lib/XML/SAX2Perl.pm blib/lib/XML/SAX2Perl.pm
cp lib/XML/Handler/Subs.pm blib/lib/XML/Handler/Subs.pm
>>> Source compiled.
>>> Test phase: dev-perl/libxml-perl-0.80.0-r2
 [32;01m*[0m Test::Harness Jobs=12
make -j12 test TEST_VERBOSE=0 
PERL_DL_NONLAZY=1 "/usr/bin/perl" "-MExtUtils::Command::MM" "-MTest::Harness" "-e" "undef *Test::Harness::Switches; test_harness(0, 'blib/lib', 'blib/arch')" t/*.t
perl: warning: Setting locale failed.
perl: warning: Please check that your locale settings:
	LANGUAGE = (unset),
	LC_ALL = (unset),
	LC_COLLATE = "C",
	LC_MESSAGES = "C",
	LANG = "it_IT.UTF-8"
    are supported and installed on your system.
perl: warning: Falling back to the standard locale ("C").
perl: warning: Setting locale failed.
perl: warning: Please check that your locale settings:
	LANGUAGE = (unset),
	LC_ALL = (unset),
	LC_COLLATE = "C",
	LC_MESSAGES = "C",
	LANG = "it_IT.UTF-8"
    are supported and installed on your system.
perl: warning: Falling back to the standard locale ("C").
perl: warning: Setting locale failed.
perl: warning: Please check that your locale settings:
	LANGUAGE = (unset),
	LC_ALL = (unset),
	LC_COLLATE = "C",
	LC_MESSAGES = "C",
	LANG = "it_IT.UTF-8"
    are supported and installed on your system.
perl: warning: Falling back to the standard locale ("C").
===(       1;0  1/2  0/5  0/?  0/?  0/?  0/? )==========================perl: warning: Setting locale failed.
perl: warning: Please check that your locale settings:
	LANGUAGE = (unset),
	LC_ALL = (unset),
	LC_COLLATE = "C",
	LC_MESSAGES = "C",
	LANG = "it_IT.UTF-8"
    are supported and installed on your system.
perl: warning: Falling back to the standard locale ("C").
===(       2;0  1/2  1/5  0/2  0/?  0/?  0/? )=============================(       3;0  1/2  1/5  1/2   0/11  0/?  0/? )========================perl: warning: Setting locale failed.
perl: warning: Please check that your locale settings:
	LANGUAGE = (unset),
	LC_ALL = (unset),
	LC_COLLATE = "C",
	LC_MESSAGES = "C",
	LANG = "it_IT.UTF-8"
    are supported and installed on your system.
perl: warning: Falling back to the standard locale ("C").
===(       4;0  1/2  1/5  1/2   1/11   0/10  0/? )=========================(       5;0  1/2  1/5  1/2   1/11   1/10  0/? )======================                                                                        t/amsterdam.t ......... ok
===(       6;0  1/5  1/2   1/11   1/10  0/? )===========================perl: warning: Setting locale failed.
perl: warning: Please check that your locale settings:
	LANGUAGE = (unset),
	LC_ALL = (unset),
	LC_COLLATE = "C",
	LC_MESSAGES = "C",
	LANG = "it_IT.UTF-8"
    are supported and installed on your system.
perl: warning: Falling back to the standard locale ("C").
                                                                        t/schema.t ............ ok
===(       7;0  1/5   1/11   1/10  0/? )================================perl: warning: Setting locale failed.
perl: warning: Please check that your locale settings:
	LANGUAGE = (unset),
	LC_ALL = (unset),
	LC_COLLATE = "C",
	LC_MESSAGES = "C",
	LANG = "it_IT.UTF-8"
    are supported and installed on your system.
perl: warning: Falling back to the standard locale ("C").
===(      10;0  1/5   1/11   3/10   1/15 )==============================                                                                        t/canon_xml_writer.t .. ok
===(      23;0   5/11   7/10   2/15 )===================================perl: warning: Setting locale failed.
perl: warning: Please check that your locale settings:
	LANGUAGE = (unset),
	LC_ALL = (unset),
	LC_COLLATE = "C",
	LC_MESSAGES = "C",
	LANG = "it_IT.UTF-8"
    are supported and installed on your system.
perl: warning: Falling back to the standard locale ("C").
                                                                        t/subs.t .............. ok
===(      30;0   9/11   2/15 )==========================================                                                                        t/stream.t ............ ok
t/xp_sax.t ............ t/xp_sax.t ............ 3/15                                t/xp_sax.t ............ ok
All tests successful.
Files=6, Tests=45,  0 wallclock secs ( 0.02 usr  0.00 sys +  0.12 cusr  0.02 csys =  0.16 CPU)
Result: PASS
>>> Completed testing dev-perl/libxml-perl-0.80.0-r2

>>> Install dev-perl/libxml-perl-0.80.0-r2 into /tmp/portage/dev-perl/libxml-perl-0.80.0-r2/image/
make -j12 pure_install 
perl: warning: Setting locale failed.
perl: warning: Please check that your locale settings:
	LANGUAGE = (unset),
	LC_ALL = (unset),
	LC_COLLATE = "C",
	LC_MESSAGES = "C",
	LANG = "it_IT.UTF-8"
    are supported and installed on your system.
perl: warning: Falling back to the standard locale ("C").
Installing /tmp/portage/dev-perl/libxml-perl-0.80.0-r2/image/usr/lib64/perl5/vendor_perl/5.30.1/Data/Grove.pm
Installing /tmp/portage/dev-perl/libxml-perl-0.80.0-r2/image/usr/lib64/perl5/vendor_perl/5.30.1/Data/Grove/Visitor.pm
Installing /tmp/portage/dev-perl/libxml-perl-0.80.0-r2/image/usr/lib64/perl5/vendor_perl/5.30.1/Data/Grove/Parent.pm
Installing /tmp/portage/dev-perl/libxml-perl-0.80.0-r2/image/usr/lib64/perl5/vendor_perl/5.30.1/XML/SAX2Perl.pm
Installing /tmp/portage/dev-perl/libxml-perl-0.80.0-r2/image/usr/lib64/perl5/vendor_perl/5.30.1/XML/ESISParser.pm
Installing /tmp/portage/dev-perl/libxml-perl-0.80.0-r2/image/usr/lib64/perl5/vendor_perl/5.30.1/XML/Perl2SAX.pm
Installing /tmp/portage/dev-perl/libxml-perl-0.80.0-r2/image/usr/lib64/perl5/vendor_perl/5.30.1/XML/Parser/PerlSAX.pm
Installing /tmp/portage/dev-perl/libxml-perl-0.80.0-r2/image/usr/lib64/perl5/vendor_perl/5.30.1/XML/PatAct/ToObjects.pm
Installing /tmp/portage/dev-perl/libxml-perl-0.80.0-r2/image/usr/lib64/perl5/vendor_perl/5.30.1/XML/PatAct/Amsterdam.pm
Installing /tmp/portage/dev-perl/libxml-perl-0.80.0-r2/image/usr/lib64/perl5/vendor_perl/5.30.1/XML/PatAct/ActionTempl.pm
Installing /tmp/portage/dev-perl/libxml-perl-0.80.0-r2/image/usr/lib64/perl5/vendor_perl/5.30.1/XML/PatAct/MatchName.pm
Installing /tmp/portage/dev-perl/libxml-perl-0.80.0-r2/image/usr/lib64/perl5/vendor_perl/5.30.1/XML/PatAct/PatternTempl.pm
Installing /tmp/portage/dev-perl/libxml-perl-0.80.0-r2/image/usr/lib64/perl5/vendor_perl/5.30.1/XML/Handler/XMLWriter.pm
Installing /tmp/portage/dev-perl/libxml-perl-0.80.0-r2/image/usr/lib64/perl5/vendor_perl/5.30.1/XML/Handler/Subs.pm
Installing /tmp/portage/dev-perl/libxml-perl-0.80.0-r2/image/usr/lib64/perl5/vendor_perl/5.30.1/XML/Handler/Sample.pm
Installing /tmp/portage/dev-perl/libxml-perl-0.80.0-r2/image/usr/lib64/perl5/vendor_perl/5.30.1/XML/Handler/CanonXMLWriter.pm
 [32;01m*[0m Fixing packlist file /usr/lib64/perl5/vendor_perl/5.30.1/x86_64-linux/auto/libxml-perl/.packlist
>>> Completed installing dev-perl/libxml-perl-0.80.0-r2 into /tmp/portage/dev-perl/libxml-perl-0.80.0-r2/image/

 [32;01m*[0m Final size of build directory: 640 KiB
 [32;01m*[0m Final size of installed tree:  236 KiB

./
./usr/
./usr/share/
./usr/share/doc/
./usr/share/doc/libxml-perl-0.80.0-r2/
./usr/share/doc/libxml-perl-0.80.0-r2/README.bz2
./usr/share/doc/libxml-perl-0.80.0-r2/ChangeLog.bz2
./usr/share/doc/libxml-perl-0.80.0-r2/Changes.bz2
./usr/lib64/
./usr/lib64/perl5/
./usr/lib64/perl5/vendor_perl/
./usr/lib64/perl5/vendor_perl/5.30.1/
./usr/lib64/perl5/vendor_perl/5.30.1/x86_64-linux/
./usr/lib64/perl5/vendor_perl/5.30.1/x86_64-linux/auto/
./usr/lib64/perl5/vendor_perl/5.30.1/x86_64-linux/auto/libxml-perl/
./usr/lib64/perl5/vendor_perl/5.30.1/x86_64-linux/auto/libxml-perl/.packlist
./usr/lib64/perl5/vendor_perl/5.30.1/Data/
./usr/lib64/perl5/vendor_perl/5.30.1/Data/Grove/
./usr/lib64/perl5/vendor_perl/5.30.1/Data/Grove/Visitor.pm
./usr/lib64/perl5/vendor_perl/5.30.1/Data/Grove/Parent.pm
./usr/lib64/perl5/vendor_perl/5.30.1/Data/Grove.pm
./usr/lib64/perl5/vendor_perl/5.30.1/XML/
./usr/lib64/perl5/vendor_perl/5.30.1/XML/SAX2Perl.pm
./usr/lib64/perl5/vendor_perl/5.30.1/XML/ESISParser.pm
./usr/lib64/perl5/vendor_perl/5.30.1/XML/Parser/
./usr/lib64/perl5/vendor_perl/5.30.1/XML/Parser/PerlSAX.pm
./usr/lib64/perl5/vendor_perl/5.30.1/XML/PatAct/
./usr/lib64/perl5/vendor_perl/5.30.1/XML/PatAct/ToObjects.pm
./usr/lib64/perl5/vendor_perl/5.30.1/XML/PatAct/Amsterdam.pm
./usr/lib64/perl5/vendor_perl/5.30.1/XML/PatAct/ActionTempl.pm
./usr/lib64/perl5/vendor_perl/5.30.1/XML/PatAct/MatchName.pm
./usr/lib64/perl5/vendor_perl/5.30.1/XML/PatAct/PatternTempl.pm
./usr/lib64/perl5/vendor_perl/5.30.1/XML/Handler/
./usr/lib64/perl5/vendor_perl/5.30.1/XML/Handler/XMLWriter.pm
./usr/lib64/perl5/vendor_perl/5.30.1/XML/Handler/Subs.pm
./usr/lib64/perl5/vendor_perl/5.30.1/XML/Handler/Sample.pm
./usr/lib64/perl5/vendor_perl/5.30.1/XML/Handler/CanonXMLWriter.pm
./usr/lib64/perl5/vendor_perl/5.30.1/XML/Perl2SAX.pm
>>> Done.
 [32;01m*[39;49;00m checking 20 files for package collisions
>>> Merging dev-perl/libxml-perl-0.80.0-r2 to /
--- /usr/
--- /usr/lib64/
--- /usr/lib64/perl5/
--- /usr/lib64/perl5/vendor_perl/
--- /usr/lib64/perl5/vendor_perl/5.30.1/
>>> /usr/lib64/perl5/vendor_perl/5.30.1/XML/
>>> /usr/lib64/perl5/vendor_perl/5.30.1/XML/Perl2SAX.pm
>>> /usr/lib64/perl5/vendor_perl/5.30.1/XML/Handler/
>>> /usr/lib64/perl5/vendor_perl/5.30.1/XML/Handler/CanonXMLWriter.pm
>>> /usr/lib64/perl5/vendor_perl/5.30.1/XML/Handler/Sample.pm
>>> /usr/lib64/perl5/vendor_perl/5.30.1/XML/Handler/Subs.pm
>>> /usr/lib64/perl5/vendor_perl/5.30.1/XML/Handler/XMLWriter.pm
>>> /usr/lib64/perl5/vendor_perl/5.30.1/XML/PatAct/
>>> /usr/lib64/perl5/vendor_perl/5.30.1/XML/PatAct/PatternTempl.pm
>>> /usr/lib64/perl5/vendor_perl/5.30.1/XML/PatAct/MatchName.pm
>>> /usr/lib64/perl5/vendor_perl/5.30.1/XML/PatAct/ActionTempl.pm
>>> /usr/lib64/perl5/vendor_perl/5.30.1/XML/PatAct/Amsterdam.pm
>>> /usr/lib64/perl5/vendor_perl/5.30.1/XML/PatAct/ToObjects.pm
>>> /usr/lib64/perl5/vendor_perl/5.30.1/XML/Parser/
>>> /usr/lib64/perl5/vendor_perl/5.30.1/XML/Parser/PerlSAX.pm
>>> /usr/lib64/perl5/vendor_perl/5.30.1/XML/ESISParser.pm
>>> /usr/lib64/perl5/vendor_perl/5.30.1/XML/SAX2Perl.pm
>>> /usr/lib64/perl5/vendor_perl/5.30.1/Data/
>>> /usr/lib64/perl5/vendor_perl/5.30.1/Data/Grove.pm
>>> /usr/lib64/perl5/vendor_perl/5.30.1/Data/Grove/
>>> /usr/lib64/perl5/vendor_perl/5.30.1/Data/Grove/Parent.pm
>>> /usr/lib64/perl5/vendor_perl/5.30.1/Data/Grove/Visitor.pm
--- /usr/lib64/perl5/vendor_perl/5.30.1/x86_64-linux/
--- /usr/lib64/perl5/vendor_perl/5.30.1/x86_64-linux/auto/
>>> /usr/lib64/perl5/vendor_perl/5.30.1/x86_64-linux/auto/libxml-perl/
>>> /usr/lib64/perl5/vendor_perl/5.30.1/x86_64-linux/auto/libxml-perl/.packlist
--- /usr/share/
--- /usr/share/doc/
>>> /usr/share/doc/libxml-perl-0.80.0-r2/
>>> /usr/share/doc/libxml-perl-0.80.0-r2/Changes.bz2
>>> /usr/share/doc/libxml-perl-0.80.0-r2/ChangeLog.bz2
>>> /usr/share/doc/libxml-perl-0.80.0-r2/README.bz2
>>> dev-perl/libxml-perl-0.80.0-r2 merged.
>>> Regenerating /etc/ld.so.cache...
