[32;01m * [39;49;00mPackage:    dev-perl/HTTP-Daemon-6.60.0
[32;01m * [39;49;00mRepository: gentoo
[32;01m * [39;49;00mMaintainer: perl@gentoo.org
[32;01m * [39;49;00mUSE:        abi_x86_64 amd64 elibc_glibc kernel_linux test userland_GNU
[32;01m * [39;49;00mFEATURES:   network-sandbox preserve-libs sandbox splitdebug test userpriv usersandbox
>>> Unpacking source...
>>> Unpacking HTTP-Daemon-6.06.tar.gz to /tmp/portage/dev-perl/HTTP-Daemon-6.60.0/work
>>> Source unpacked in /tmp/portage/dev-perl/HTTP-Daemon-6.60.0/work
>>> Preparing source in /tmp/portage/dev-perl/HTTP-Daemon-6.60.0/work/HTTP-Daemon-6.06 ...
>>> Source prepared.
>>> Configuring source in /tmp/portage/dev-perl/HTTP-Daemon-6.60.0/work/HTTP-Daemon-6.06 ...
perl: warning: Setting locale failed.
perl: warning: Please check that your locale settings:
	LANGUAGE = (unset),
	LC_ALL = (unset),
	LC_COLLATE = "C",
	LC_MESSAGES = "C",
	LANG = "it_IT.UTF-8"
    are supported and installed on your system.
perl: warning: Falling back to the standard locale ("C").
 [32;01m*[0m Using Module::Build::Tiny
 [32;01m*[0m perl Build.PL --installdirs=vendor --libdoc= --destdir=/tmp/portage/dev-perl/HTTP-Daemon-6.60.0/image/ --create_packlist=1
perl: warning: Setting locale failed.
perl: warning: Please check that your locale settings:
	LANGUAGE = (unset),
	LC_ALL = (unset),
	LC_COLLATE = "C",
	LC_MESSAGES = "C",
	LANG = "it_IT.UTF-8"
    are supported and installed on your system.
perl: warning: Falling back to the standard locale ("C").
Creating new 'Build' script for 'HTTP-Daemon' version '6.06'
>>> Source configured.
>>> Compiling source in /tmp/portage/dev-perl/HTTP-Daemon-6.60.0/work/HTTP-Daemon-6.06 ...
perl: warning: Setting locale failed.
perl: warning: Please check that your locale settings:
	LANGUAGE = (unset),
	LC_ALL = (unset),
	LC_COLLATE = "C",
	LC_MESSAGES = "C",
	LANG = "it_IT.UTF-8"
    are supported and installed on your system.
perl: warning: Falling back to the standard locale ("C").
Unknown option: libdoc
cp lib/HTTP/Daemon.pm blib/lib/HTTP/Daemon.pm
>>> Source compiled.
>>> Test phase: dev-perl/HTTP-Daemon-6.60.0
 [32;01m*[0m Test::Harness Jobs=12
perl: warning: Setting locale failed.
perl: warning: Please check that your locale settings:
	LANGUAGE = (unset),
	LC_ALL = (unset),
	LC_COLLATE = "C",
	LC_MESSAGES = "C",
	LANG = "it_IT.UTF-8"
    are supported and installed on your system.
perl: warning: Falling back to the standard locale ("C").
Unknown option: libdoc
perl: warning: Setting locale failed.
perl: warning: Please check that your locale settings:
	LANGUAGE = (unset),
	LC_ALL = (unset),
	LC_COLLATE = "C",
	LC_MESSAGES = "C",
	LANG = "it_IT.UTF-8"
    are supported and installed on your system.
perl: warning: Falling back to the standard locale ("C").
perl: warning: Setting locale failed.
perl: warning: Please check that your locale settings:
	LANGUAGE = (unset),
	LC_ALL = (unset),
	LC_COLLATE = "C",
	LC_MESSAGES = "C",
	LANG = "it_IT.UTF-8"
    are supported and installed on your system.
perl: warning: Falling back to the standard locale ("C").
perl: warning: Setting locale failed.
perl: warning: Please check that your locale settings:
	LANGUAGE = (unset),
	LC_ALL = (unset),
	LC_COLLATE = "C",
	LC_MESSAGES = "C",
	LANG = "it_IT.UTF-8"
    are supported and installed on your system.
perl: warning: Falling back to the standard locale ("C").
                                                                        t/local/http.t ......... skipped: Need LWP::UserAgent
===(       0;0  0/1  0/5  0/?  0/? )====================================perl: warning: Setting locale failed.
perl: warning: Please check that your locale settings:
	LANGUAGE = (unset),
	LC_ALL = (unset),
	LC_COLLATE = "C",
	LC_MESSAGES = "C",
	LANG = "it_IT.UTF-8"
    are supported and installed on your system.
perl: warning: Falling back to the standard locale ("C").
                                                                        t/robot/ua-get.t ....... skipped: Need LWP::RobotUA
===(       0;0  0/1  0/5  0/? )=========================================perl: warning: Setting locale failed.
perl: warning: Please check that your locale settings:
	LANGUAGE = (unset),
	LC_ALL = (unset),
	LC_COLLATE = "C",
	LC_MESSAGES = "C",
	LANG = "it_IT.UTF-8"
    are supported and installed on your system.
perl: warning: Falling back to the standard locale ("C").
                                                                        t/robot/ua.t ........... skipped: Need LWP::RobotUA
===(       0;0  0/1  0/5 )==============================================# 
# Versions for all modules listed in MYMETA.json (including optional ones):
# 
# === Configure Requires ===
# 
#     Module               Want  Have
#     ------------------- ----- -----
#     ExtUtils::MakeMaker   any  7.34
#     Module::Build::Tiny 0.034 0.039
# 
# === Configure Suggests ===
# 
#     Module      Want Have
#     -------- ------- ----
#     JSON::PP 2.27300 4.02
# 
# === Test Requires ===
# 
#     Module           Want     Have
#     ---------------- ---- --------
#     File::Spec        any     3.78
#     Module::Metadata  any 1.000036
#     Test              any     1.31
#     Test::More        any 1.302162
#     Test::Needs       any 0.002005
#     URI               any     1.73
# 
# === Test Recommends ===
# 
#     Module         Want     Have
#     ---------- -------- --------
#     CPAN::Meta 2.120900 2.150010
# 
# === Runtime Requires ===
# 
#     Module          Want  Have
#     --------------- ---- -----
#     Carp             any  1.50
#     HTTP::Date         6  6.02
#     HTTP::Request      6  6.13
#     HTTP::Response     6  6.13
#     HTTP::Status       6  6.13
#     IO::Socket::IP   any  0.39
#     LWP::MediaTypes    6  6.02
#     Socket           any 2.027
#     Sys::Hostname    any  1.22
#     strict           any  1.11
#     warnings         any  1.44
# 
# === Other Modules ===
# 
#     Module             Have
#     --------------- -------
#     Encode             3.01
#     File::Temp       0.2309
#     JSON::PP           4.02
#     Module::Runtime missing
#     Pod::Coverage   missing
#     Sub::Name          0.21
#     YAML            missing
#     autodie            2.29
# 
===(       1;0  1/1  0/5 )==============================================                                                                        t/00-report-prereqs.t .. ok
t/chunked.t ............ t/chunked.t ............ 1/5                               t/chunked.t ............ ok
[32mAll tests successful.
[0mFiles=5, Tests=6,  4 wallclock secs ( 0.02 usr  0.00 sys +  0.18 cusr  0.04 csys =  0.24 CPU)
Result: PASS
>>> Completed testing dev-perl/HTTP-Daemon-6.60.0

>>> Install dev-perl/HTTP-Daemon-6.60.0 into /tmp/portage/dev-perl/HTTP-Daemon-6.60.0/image/
 [32;01m*[0m ./Build install --pure
perl: warning: Setting locale failed.
perl: warning: Please check that your locale settings:
	LANGUAGE = (unset),
	LC_ALL = (unset),
	LC_COLLATE = "C",
	LC_MESSAGES = "C",
	LANG = "it_IT.UTF-8"
    are supported and installed on your system.
perl: warning: Falling back to the standard locale ("C").
Unknown option: libdoc
Installing /tmp/portage/dev-perl/HTTP-Daemon-6.60.0/image/usr/lib64/perl5/vendor_perl/5.30.2/HTTP/Daemon.pm
Installing /tmp/portage/dev-perl/HTTP-Daemon-6.60.0/image/usr/share/man/man3/HTTP::Daemon.3pm
 [32;01m*[0m Fixing packlist file /usr/lib64/perl5/vendor_perl/5.30.2/x86_64-linux/auto/HTTP/Daemon/.packlist
 [32;01m*[0m Pruning surplus packlist entry /usr/share/man/man3/HTTP::Daemon.3pm
>>> Completed installing dev-perl/HTTP-Daemon-6.60.0 into /tmp/portage/dev-perl/HTTP-Daemon-6.60.0/image/

 [32;01m*[0m Final size of build directory: 488 KiB
 [32;01m*[0m Final size of installed tree:  100 KiB

./
./usr/
./usr/share/
./usr/share/doc/
./usr/share/doc/HTTP-Daemon-6.60.0/
./usr/share/doc/HTTP-Daemon-6.60.0/README.bz2
./usr/share/doc/HTTP-Daemon-6.60.0/Changes.bz2
./usr/lib64/
./usr/lib64/perl5/
./usr/lib64/perl5/vendor_perl/
./usr/lib64/perl5/vendor_perl/5.30.2/
./usr/lib64/perl5/vendor_perl/5.30.2/x86_64-linux/
./usr/lib64/perl5/vendor_perl/5.30.2/x86_64-linux/auto/
./usr/lib64/perl5/vendor_perl/5.30.2/x86_64-linux/auto/HTTP/
./usr/lib64/perl5/vendor_perl/5.30.2/x86_64-linux/auto/HTTP/Daemon/
./usr/lib64/perl5/vendor_perl/5.30.2/x86_64-linux/auto/HTTP/Daemon/.packlist
./usr/lib64/perl5/vendor_perl/5.30.2/HTTP/
./usr/lib64/perl5/vendor_perl/5.30.2/HTTP/Daemon.pm
>>> Done.
 [32;01m*[39;49;00m checking 4 files for package collisions
>>> Merging dev-perl/HTTP-Daemon-6.60.0 to /
--- /usr/
--- /usr/lib64/
--- /usr/lib64/perl5/
--- /usr/lib64/perl5/vendor_perl/
--- /usr/lib64/perl5/vendor_perl/5.30.2/
--- /usr/lib64/perl5/vendor_perl/5.30.2/HTTP/
>>> /usr/lib64/perl5/vendor_perl/5.30.2/HTTP/Daemon.pm
--- /usr/lib64/perl5/vendor_perl/5.30.2/x86_64-linux/
--- /usr/lib64/perl5/vendor_perl/5.30.2/x86_64-linux/auto/
--- /usr/lib64/perl5/vendor_perl/5.30.2/x86_64-linux/auto/HTTP/
>>> /usr/lib64/perl5/vendor_perl/5.30.2/x86_64-linux/auto/HTTP/Daemon/
>>> /usr/lib64/perl5/vendor_perl/5.30.2/x86_64-linux/auto/HTTP/Daemon/.packlist
--- /usr/share/
--- /usr/share/doc/
>>> /usr/share/doc/HTTP-Daemon-6.60.0/
>>> /usr/share/doc/HTTP-Daemon-6.60.0/Changes.bz2
>>> /usr/share/doc/HTTP-Daemon-6.60.0/README.bz2
>>> dev-perl/HTTP-Daemon-6.60.0 merged.
>>> Regenerating /etc/ld.so.cache...
