[32;01m * [39;49;00mPackage:    dev-perl/Test-FailWarnings-0.8.0-r1
[32;01m * [39;49;00mRepository: gentoo
[32;01m * [39;49;00mMaintainer: perl@gentoo.org
[32;01m * [39;49;00mUSE:        abi_x86_64 amd64 elibc_glibc kernel_linux test userland_GNU
[32;01m * [39;49;00mFEATURES:   network-sandbox preserve-libs sandbox splitdebug test userpriv usersandbox
>>> Unpacking source...
>>> Unpacking Test-FailWarnings-0.008.tar.gz to /tmp/portage/dev-perl/Test-FailWarnings-0.8.0-r1/work
>>> Source unpacked in /tmp/portage/dev-perl/Test-FailWarnings-0.8.0-r1/work
>>> Preparing source in /tmp/portage/dev-perl/Test-FailWarnings-0.8.0-r1/work/Test-FailWarnings-0.008 ...
>>> Source prepared.
>>> Configuring source in /tmp/portage/dev-perl/Test-FailWarnings-0.8.0-r1/work/Test-FailWarnings-0.008 ...
perl: warning: Setting locale failed.
perl: warning: Please check that your locale settings:
	LANGUAGE = (unset),
	LC_ALL = (unset),
	LC_COLLATE = "C",
	LC_MESSAGES = "C",
	LANG = "it_IT.UTF-8"
    are supported and installed on your system.
perl: warning: Falling back to the standard locale ("C").
 [32;01m*[0m Using ExtUtils::MakeMaker
 [32;01m*[0m perl Makefile.PL PREFIX=/usr INSTALLDIRS=vendor INSTALLMAN3DIR=none DESTDIR=/tmp/portage/dev-perl/Test-FailWarnings-0.8.0-r1/image/
perl: warning: Setting locale failed.
perl: warning: Please check that your locale settings:
	LANGUAGE = (unset),
	LC_ALL = (unset),
	LC_COLLATE = "C",
	LC_MESSAGES = "C",
	LANG = "it_IT.UTF-8"
    are supported and installed on your system.
perl: warning: Falling back to the standard locale ("C").
Checking if your kit is complete...
Looks good
Generating a Unix-style Makefile
Writing Makefile for Test::FailWarnings
Writing MYMETA.yml and MYMETA.json
>>> Source configured.
>>> Compiling source in /tmp/portage/dev-perl/Test-FailWarnings-0.8.0-r1/work/Test-FailWarnings-0.008 ...
 [32;01m*[0m emake OTHERLDFLAGS=-Wl,-O1 -Wl,--as-needed -Wl,--defsym=__gentoo_check_ldflags__=0 -Wl,--hash-style=gnu -Wl,-z,norelro
make -j12 'OTHERLDFLAGS=-Wl,-O1 -Wl,--as-needed -Wl,--defsym=__gentoo_check_ldflags__=0 -Wl,--hash-style=gnu -Wl,-z,norelro' 
perl: warning: Setting locale failed.
perl: warning: Setting locale failed.
perl: warning: Please check that your locale settings:
perl: warning: Please check that your locale settings:
	LANGUAGE = (unset),
	LANGUAGE = (unset),
	LC_ALL = (unset),
	LC_ALL = (unset),
	LC_COLLATE = "C",
	LC_MESSAGES = "C",
	LC_COLLATE = "C",
	LANG = "it_IT.UTF-8"
	LC_MESSAGES = "C",
    are supported and installed on your system.
	LANG = "it_IT.UTF-8"
    are supported and installed on your system.
perl: warning: Falling back to the standard locale ("C").
perl: warning: Setting locale failed.
perl: warning: Falling back to the standard locale ("C").
perl: warning: Please check that your locale settings:
	LANGUAGE = (unset),
	LC_ALL = (unset),
	LC_COLLATE = "C",
	LC_MESSAGES = "C",
	LANG = "it_IT.UTF-8"
    are supported and installed on your system.
perl: warning: Falling back to the standard locale ("C").
perl: warning: Setting locale failed.
perl: warning: Please check that your locale settings:
	LANGUAGE = (unset),
	LC_ALL = (unset),
	LC_COLLATE = "C",
	LC_MESSAGES = "C",
	LANG = "it_IT.UTF-8"
    are supported and installed on your system.
perl: warning: Falling back to the standard locale ("C").
perl: warning: Setting locale failed.
perl: warning: Please check that your locale settings:
	LANGUAGE = (unset),
	LC_ALL = (unset),
	LC_COLLATE = "C",
	LC_MESSAGES = "C",
	LANG = "it_IT.UTF-8"
    are supported and installed on your system.
perl: warning: Falling back to the standard locale ("C").
perl: warning: Setting locale failed.
perl: warning: Please check that your locale settings:
	LANGUAGE = (unset),
	LC_ALL = (unset),
	LC_COLLATE = "C",
	LC_MESSAGES = "C",
	LANG = "it_IT.UTF-8"
    are supported and installed on your system.
perl: warning: Falling back to the standard locale ("C").
perl: warning: Setting locale failed.
perl: warning: Please check that your locale settings:
	LANGUAGE = (unset),
	LC_ALL = (unset),
	LC_COLLATE = "C",
	LC_MESSAGES = "C",
	LANG = "it_IT.UTF-8"
    are supported and installed on your system.
perl: warning: Falling back to the standard locale ("C").
perl: warning: Setting locale failed.
perl: warning: Please check that your locale settings:
	LANGUAGE = (unset),
	LC_ALL = (unset),
	LC_COLLATE = "C",
	LC_MESSAGES = "C",
	LANG = "it_IT.UTF-8"
    are supported and installed on your system.
perl: warning: Falling back to the standard locale ("C").
perl: warning: Setting locale failed.
perl: warning: Please check that your locale settings:
	LANGUAGE = (unset),
	LC_ALL = (unset),
	LC_COLLATE = "C",
	LC_MESSAGES = "C",
	LANG = "it_IT.UTF-8"
    are supported and installed on your system.
perl: warning: Falling back to the standard locale ("C").
cp lib/Test/FailWarnings.pm blib/lib/Test/FailWarnings.pm
>>> Source compiled.
>>> Test phase: dev-perl/Test-FailWarnings-0.8.0-r1
 [32;01m*[0m Test::Harness Jobs=12
make -j12 test TEST_VERBOSE=0 
PERL_DL_NONLAZY=1 "/usr/bin/perl" "-MExtUtils::Command::MM" "-MTest::Harness" "-e" "undef *Test::Harness::Switches; test_harness(0, 'blib/lib', 'blib/arch')" t/*.t
perl: warning: Setting locale failed.
perl: warning: Please check that your locale settings:
	LANGUAGE = (unset),
	LC_ALL = (unset),
	LC_COLLATE = "C",
	LC_MESSAGES = "C",
	LANG = "it_IT.UTF-8"
    are supported and installed on your system.
perl: warning: Falling back to the standard locale ("C").
perl: warning: Setting locale failed.
perl: warning: Please check that your locale settings:
	LANGUAGE = (unset),
	LC_ALL = (unset),
	LC_COLLATE = "C",
	LC_MESSAGES = "C",
	LANG = "it_IT.UTF-8"
    are supported and installed on your system.
perl: warning: Falling back to the standard locale ("C").
perl: warning: Setting locale failed.
perl: warning: Please check that your locale settings:
	LANGUAGE = (unset),
	LC_ALL = (unset),
	LC_COLLATE = "C",
	LC_MESSAGES = "C",
	LANG = "it_IT.UTF-8"
    are supported and installed on your system.
perl: warning: Falling back to the standard locale ("C").
perl: warning: Setting locale failed.
perl: warning: Please check that your locale settings:
	LANGUAGE = (unset),
	LC_ALL = (unset),
	LC_COLLATE = "C",
	LC_MESSAGES = "C",
	LANG = "it_IT.UTF-8"
    are supported and installed on your system.
perl: warning: Falling back to the standard locale ("C").
perl: warning: Setting locale failed.
perl: warning: Please check that your locale settings:
	LANGUAGE = (unset),
	LC_ALL = (unset),
	LC_COLLATE = "C",
	LC_MESSAGES = "C",
	LANG = "it_IT.UTF-8"
    are supported and installed on your system.
perl: warning: Falling back to the standard locale ("C").
===(       1;0  1/1  0/1  0/? )=========================================perl: warning: Setting locale failed.
perl: warning: Please check that your locale settings:
	LANGUAGE = (unset),
	LC_ALL = (unset),
	LC_COLLATE = "C",
	LC_MESSAGES = "C",
	LANG = "it_IT.UTF-8"
    are supported and installed on your system.
perl: warning: Falling back to the standard locale ("C").
                                                                        t/00-compile.t ......... ok
===(       1;0  0/1  0/? )=================================================(       2;0  0/1  1/? )==============================================# Prerequisite Report:
#    Version Module               
#   -------- ---------------------
#       0.48 Capture::Tiny        
#       1.50 Carp                 
#       3.78 Cwd                  
#       7.34 ExtUtils::MakeMaker  
#       3.78 File::Spec           
#       3.78 File::Spec::Functions
#     0.2309 File::Temp           
#       1.40 IO::Handle           
#       1.20 IPC::Open3           
#       1.50 List::Util           
#   1.302162 Test::More           
#       1.33 constant             
#       0.65 lib                  
#       1.11 strict               
#       1.44 warnings             
===(       3;0  1/1  1/? )==============================================                                                                        t/00-report-prereqs.t .. ok
t/failwarn.t ........... t/failwarn.t ........... 2/?                               t/failwarn.t ........... ok
All tests successful.
Files=3, Tests=8,  0 wallclock secs ( 0.02 usr  0.00 sys +  0.43 cusr  0.09 csys =  0.54 CPU)
Result: PASS
>>> Completed testing dev-perl/Test-FailWarnings-0.8.0-r1

>>> Install dev-perl/Test-FailWarnings-0.8.0-r1 into /tmp/portage/dev-perl/Test-FailWarnings-0.8.0-r1/image/
make -j12 pure_install 
perl: warning: Setting locale failed.
perl: warning: Please check that your locale settings:
	LANGUAGE = (unset),
	LC_ALL = (unset),
	LC_COLLATE = "C",
	LC_MESSAGES = "C",
	LANG = "it_IT.UTF-8"
    are supported and installed on your system.
perl: warning: Falling back to the standard locale ("C").
Installing /tmp/portage/dev-perl/Test-FailWarnings-0.8.0-r1/image/usr/lib64/perl5/vendor_perl/5.30.2/Test/FailWarnings.pm
 [32;01m*[0m Fixing packlist file /usr/lib64/perl5/vendor_perl/5.30.2/x86_64-linux/auto/Test/FailWarnings/.packlist
>>> Completed installing dev-perl/Test-FailWarnings-0.8.0-r1 into /tmp/portage/dev-perl/Test-FailWarnings-0.8.0-r1/image/

 [32;01m*[0m Final size of build directory: 280 KiB
 [32;01m*[0m Final size of installed tree:   76 KiB

./
./usr/
./usr/share/
./usr/share/doc/
./usr/share/doc/Test-FailWarnings-0.8.0-r1/
./usr/share/doc/Test-FailWarnings-0.8.0-r1/README.bz2
./usr/share/doc/Test-FailWarnings-0.8.0-r1/Changes.bz2
./usr/lib64/
./usr/lib64/perl5/
./usr/lib64/perl5/vendor_perl/
./usr/lib64/perl5/vendor_perl/5.30.2/
./usr/lib64/perl5/vendor_perl/5.30.2/x86_64-linux/
./usr/lib64/perl5/vendor_perl/5.30.2/x86_64-linux/auto/
./usr/lib64/perl5/vendor_perl/5.30.2/x86_64-linux/auto/Test/
./usr/lib64/perl5/vendor_perl/5.30.2/x86_64-linux/auto/Test/FailWarnings/
./usr/lib64/perl5/vendor_perl/5.30.2/x86_64-linux/auto/Test/FailWarnings/.packlist
./usr/lib64/perl5/vendor_perl/5.30.2/Test/
./usr/lib64/perl5/vendor_perl/5.30.2/Test/FailWarnings.pm
>>> Done.
 [32;01m*[39;49;00m checking 4 files for package collisions
>>> Merging dev-perl/Test-FailWarnings-0.8.0-r1 to /
--- /usr/
--- /usr/lib64/
--- /usr/lib64/perl5/
--- /usr/lib64/perl5/vendor_perl/
--- /usr/lib64/perl5/vendor_perl/5.30.2/
--- /usr/lib64/perl5/vendor_perl/5.30.2/Test/
>>> /usr/lib64/perl5/vendor_perl/5.30.2/Test/FailWarnings.pm
--- /usr/lib64/perl5/vendor_perl/5.30.2/x86_64-linux/
--- /usr/lib64/perl5/vendor_perl/5.30.2/x86_64-linux/auto/
--- /usr/lib64/perl5/vendor_perl/5.30.2/x86_64-linux/auto/Test/
>>> /usr/lib64/perl5/vendor_perl/5.30.2/x86_64-linux/auto/Test/FailWarnings/
>>> /usr/lib64/perl5/vendor_perl/5.30.2/x86_64-linux/auto/Test/FailWarnings/.packlist
--- /usr/share/
--- /usr/share/doc/
>>> /usr/share/doc/Test-FailWarnings-0.8.0-r1/
>>> /usr/share/doc/Test-FailWarnings-0.8.0-r1/Changes.bz2
>>> /usr/share/doc/Test-FailWarnings-0.8.0-r1/README.bz2
>>> dev-perl/Test-FailWarnings-0.8.0-r1 merged.
>>> Regenerating /etc/ld.so.cache...
