[32;01m * [39;49;00mPackage:    dev-perl/libwww-perl-6.270.0
[32;01m * [39;49;00mRepository: gentoo
[32;01m * [39;49;00mMaintainer: perl@gentoo.org
[32;01m * [39;49;00mUSE:        abi_x86_64 amd64 elibc_glibc kernel_linux ssl test userland_GNU
[32;01m * [39;49;00mFEATURES:   network-sandbox preserve-libs sandbox splitdebug test userpriv usersandbox
>>> Unpacking source...
>>> Unpacking libwww-perl-6.27.tar.gz to /tmp/portage/dev-perl/libwww-perl-6.270.0/work
>>> Source unpacked in /tmp/portage/dev-perl/libwww-perl-6.270.0/work
>>> Preparing source in /tmp/portage/dev-perl/libwww-perl-6.270.0/work/libwww-perl-6.27 ...
>>> Source prepared.
>>> Configuring source in /tmp/portage/dev-perl/libwww-perl-6.270.0/work/libwww-perl-6.27 ...
perl: warning: Setting locale failed.
perl: warning: Please check that your locale settings:
	LANGUAGE = (unset),
	LC_ALL = (unset),
	LC_COLLATE = "C",
	LC_MESSAGES = "C",
	LANG = "it_IT.UTF-8"
    are supported and installed on your system.
perl: warning: Falling back to the standard locale ("C").
 [32;01m*[0m Using ExtUtils::MakeMaker
 [32;01m*[0m perl Makefile.PL PREFIX=/usr INSTALLDIRS=vendor INSTALLMAN3DIR=none DESTDIR=/tmp/portage/dev-perl/libwww-perl-6.270.0/image/
perl: warning: Setting locale failed.
perl: warning: Please check that your locale settings:
	LANGUAGE = (unset),
	LC_ALL = (unset),
	LC_COLLATE = "C",
	LC_MESSAGES = "C",
	LANG = "it_IT.UTF-8"
    are supported and installed on your system.
perl: warning: Falling back to the standard locale ("C").
Checking if your kit is complete...
Looks good
Generating a Unix-style Makefile
Writing Makefile for libwww::perl
Writing MYMETA.yml and MYMETA.json
>>> Source configured.
>>> Compiling source in /tmp/portage/dev-perl/libwww-perl-6.270.0/work/libwww-perl-6.27 ...
 [32;01m*[0m emake OTHERLDFLAGS=-Wl,-O1 -Wl,--as-needed -Wl,--defsym=__gentoo_check_ldflags__=0 -Wl,--hash-style=gnu -Wl,-z,norelro
make -j12 'OTHERLDFLAGS=-Wl,-O1 -Wl,--as-needed -Wl,--defsym=__gentoo_check_ldflags__=0 -Wl,--hash-style=gnu -Wl,-z,norelro' 
perl: warning: Setting locale failed.
perl: warning: Please check that your locale settings:
	LANGUAGE = (unset),
	LC_ALL = (unset),
	LC_COLLATE = "C",
	LC_MESSAGES = "C",
	LANG = "it_IT.UTF-8"
    are supported and installed on your system.
perl: warning: Falling back to the standard locale ("C").
perl: warning: Setting locale failed.
perl: warning: Please check that your locale settings:
	LANGUAGE = (unset),
	LC_ALL = (unset),
	LC_COLLATE = "C",
	LC_MESSAGES = "C",
	LANG = "it_IT.UTF-8"
    are supported and installed on your system.
perl: warning: Falling back to the standard locale ("C").
perl: warning: Setting locale failed.
perl: warning: Please check that your locale settings:
	LANGUAGE = (unset),
	LC_ALL = (unset),
	LC_COLLATE = "C",
	LC_MESSAGES = "C",
	LANG = "it_IT.UTF-8"
    are supported and installed on your system.
perl: warning: Falling back to the standard locale ("C").
perl: warning: Setting locale failed.
perl: warning: Please check that your locale settings:
	LANGUAGE = (unset),
	LC_ALL = (unset),
	LC_COLLATE = "C",
	LC_MESSAGES = "C",
	LANG = "it_IT.UTF-8"
    are supported and installed on your system.
perl: warning: Falling back to the standard locale ("C").
perl: warning: Setting locale failed.
perl: warning: Please check that your locale settings:
	LANGUAGE = (unset),
	LC_ALL = (unset),
	LC_COLLATE = "C",
	LC_MESSAGES = "C",
	LANG = "it_IT.UTF-8"
    are supported and installed on your system.
perl: warning: Falling back to the standard locale ("C").
perl: warning: Setting locale failed.
perl: warning: Please check that your locale settings:
	LANGUAGE = (unset),
	LC_ALL = (unset),
	LC_COLLATE = "C",
	LC_MESSAGES = "C",
	LANG = "it_IT.UTF-8"
    are supported and installed on your system.
perl: warning: Falling back to the standard locale ("C").
perl: warning: Setting locale failed.
perl: warning: Please check that your locale settings:
	LANGUAGE = (unset),
	LC_ALL = (unset),
	LC_COLLATE = "C",
	LC_MESSAGES = "C",
	LANG = "it_IT.UTF-8"
    are supported and installed on your system.
perl: warning: Falling back to the standard locale ("C").
perl: warning: Setting locale failed.
perl: warning: Please check that your locale settings:
	LANGUAGE = (unset),
	LC_ALL = (unset),
	LC_COLLATE = "C",
	LC_MESSAGES = "C",
	LANG = "it_IT.UTF-8"
    are supported and installed on your system.
perl: warning: Falling back to the standard locale ("C").
perl: warning: Setting locale failed.
perl: warning: Please check that your locale settings:
	LANGUAGE = (unset),
	LC_ALL = (unset),
	LC_COLLATE = "C",
	LC_MESSAGES = "C",
	LANG = "it_IT.UTF-8"
    are supported and installed on your system.
perl: warning: Falling back to the standard locale ("C").
cp lwpcook.pod blib/lib/libwww/lwpcook.pod
cp lib/LWP/MemberMixin.pm blib/lib/LWP/MemberMixin.pm
cp lib/LWP/Authen/Basic.pm blib/lib/LWP/Authen/Basic.pm
cp lib/LWP/UserAgent.pm blib/lib/LWP/UserAgent.pm
cp lib/LWP/Protocol/nntp.pm blib/lib/LWP/Protocol/nntp.pm
cp lib/LWP/DebugFile.pm blib/lib/LWP/DebugFile.pm
cp lib/LWP/Protocol/data.pm blib/lib/LWP/Protocol/data.pm
cp lib/LWP/Protocol/file.pm blib/lib/LWP/Protocol/file.pm
cp lib/LWP/Protocol/nogo.pm blib/lib/LWP/Protocol/nogo.pm
cp lib/LWP/Protocol/gopher.pm blib/lib/LWP/Protocol/gopher.pm
cp lib/LWP/ConnCache.pm blib/lib/LWP/ConnCache.pm
cp lib/LWP/Authen/Ntlm.pm blib/lib/LWP/Authen/Ntlm.pm
cp lib/LWP/Debug.pm blib/lib/LWP/Debug.pm
cp lib/LWP.pm blib/lib/LWP.pm
cp lib/LWP/Protocol/http.pm blib/lib/LWP/Protocol/http.pm
cp lib/LWP/Protocol/mailto.pm blib/lib/LWP/Protocol/mailto.pm
cp lib/LWP/Simple.pm blib/lib/LWP/Simple.pm
cp lib/LWP/Protocol/ftp.pm blib/lib/LWP/Protocol/ftp.pm
cp lib/LWP/Debug/TraceHTTP.pm blib/lib/LWP/Debug/TraceHTTP.pm
cp lwptut.pod blib/lib/libwww/lwptut.pod
cp lib/LWP/Protocol/cpan.pm blib/lib/LWP/Protocol/cpan.pm
cp lib/LWP/Authen/Digest.pm blib/lib/LWP/Authen/Digest.pm
cp lib/LWP/Protocol.pm blib/lib/LWP/Protocol.pm
cp lib/LWP/RobotUA.pm blib/lib/LWP/RobotUA.pm
cp lib/LWP/Protocol/loopback.pm blib/lib/LWP/Protocol/loopback.pm
cp bin/lwp-download blib/script/lwp-download
cp bin/lwp-dump blib/script/lwp-dump
cp bin/lwp-mirror blib/script/lwp-mirror
"/usr/bin/perl" -MExtUtils::MY -e 'MY->fixin(shift)' -- blib/script/lwp-download
"/usr/bin/perl" -MExtUtils::MY -e 'MY->fixin(shift)' -- blib/script/lwp-dump
"/usr/bin/perl" -MExtUtils::MY -e 'MY->fixin(shift)' -- blib/script/lwp-mirror
cp bin/lwp-request blib/script/lwp-request
"/usr/bin/perl" -MExtUtils::MY -e 'MY->fixin(shift)' -- blib/script/lwp-request
perl: warning: Setting locale failed.
perl: warning: Please check that your locale settings:
	LANGUAGE = (unset),
	LC_ALL = (unset),
	LC_COLLATE = "C",
	LC_MESSAGES = "C",
	LANG = "it_IT.UTF-8"
    are supported and installed on your system.
perl: warning: Falling back to the standard locale ("C").
perl: warning: Setting locale failed.
perl: warning: Please check that your locale settings:
	LANGUAGE = (unset),
	LC_ALL = (unset),
	LC_COLLATE = "C",
	LC_MESSAGES = "C",
	LANG = "it_IT.UTF-8"
    are supported and installed on your system.
perl: warning: Falling back to the standard locale ("C").
perl: warning: Setting locale failed.
perl: warning: Please check that your locale settings:
	LANGUAGE = (unset),
	LC_ALL = (unset),
	LC_COLLATE = "C",
	LC_MESSAGES = "C",
	LANG = "it_IT.UTF-8"
    are supported and installed on your system.
perl: warning: Falling back to the standard locale ("C").
perl: warning: Setting locale failed.
perl: warning: Please check that your locale settings:
	LANGUAGE = (unset),
	LC_ALL = (unset),
	LC_COLLATE = "C",
	LC_MESSAGES = "C",
	LANG = "it_IT.UTF-8"
    are supported and installed on your system.
perl: warning: Falling back to the standard locale ("C").
perl: warning: Setting locale failed.
perl: warning: Please check that your locale settings:
	LANGUAGE = (unset),
	LC_ALL = (unset),
	LC_COLLATE = "C",
	LC_MESSAGES = "C",
	LANG = "it_IT.UTF-8"
    are supported and installed on your system.
perl: warning: Falling back to the standard locale ("C").
Manifying 4 pod documents
>>> Source compiled.
>>> Test phase: dev-perl/libwww-perl-6.270.0
 [32;01m*[0m Test::Harness Jobs=12
make -j12 test TEST_VERBOSE=0 
PERL_DL_NONLAZY=1 "/usr/bin/perl" "-MExtUtils::Command::MM" "-MTest::Harness" "-e" "undef *Test::Harness::Switches; test_harness(0, 'blib/lib', 'blib/arch')" t/*.t t/base/*.t t/base/protocols/*.t t/local/*.t t/robot/*.t
perl: warning: Setting locale failed.
perl: warning: Please check that your locale settings:
	LANGUAGE = (unset),
	LC_ALL = (unset),
	LC_COLLATE = "C",
	LC_MESSAGES = "C",
	LANG = "it_IT.UTF-8"
    are supported and installed on your system.
perl: warning: Falling back to the standard locale ("C").
perl: warning: Setting locale failed.
perl: warning: Please check that your locale settings:
	LANGUAGE = (unset),
	LC_ALL = (unset),
	LC_COLLATE = "C",
	LC_MESSAGES = "C",
	LANG = "it_IT.UTF-8"
    are supported and installed on your system.
perl: warning: Falling back to the standard locale ("C").
perl: warning: Setting locale failed.
perl: warning: Please check that your locale settings:
	LANGUAGE = (unset),
	LC_ALL = (unset),
	LC_COLLATE = "C",
	LC_MESSAGES = "C",
	LANG = "it_IT.UTF-8"
    are supported and installed on your system.
perl: warning: Falling back to the standard locale ("C").
perl: warning: Setting locale failed.
perl: warning: Please check that your locale settings:
	LANGUAGE = (unset),
	LC_ALL = (unset),
	LC_COLLATE = "C",
	LC_MESSAGES = "C",
	LANG = "it_IT.UTF-8"
    are supported and installed on your system.
perl: warning: Falling back to the standard locale ("C").
perl: warning: Setting locale failed.
perl: warning: Please check that your locale settings:
	LANGUAGE = (unset),
	LC_ALL = (unset),
	LC_COLLATE = "C",
	LC_MESSAGES = "C",
	LANG = "it_IT.UTF-8"
    are supported and installed on your system.
perl: warning: Falling back to the standard locale ("C").
perl: warning: Setting locale failed.
perl: warning: Please check that your locale settings:
	LANGUAGE = (unset),
	LC_ALL = (unset),
	LC_COLLATE = "C",
	LC_MESSAGES = "C",
	LANG = "it_IT.UTF-8"
    are supported and installed on your system.
perl: warning: Falling back to the standard locale ("C").
perl: warning: Setting locale failed.
perl: warning: Please check that your locale settings:
	LANGUAGE = (unset),
	LC_ALL = (unset),
	LC_COLLATE = "C",
	LC_MESSAGES = "C",
	LANG = "it_IT.UTF-8"
    are supported and installed on your system.
perl: warning: Falling back to the standard locale ("C").
perl: warning: Setting locale failed.
perl: warning: Please check that your locale settings:
	LANGUAGE = (unset),
	LC_ALL = (unset),
	LC_COLLATE = "C",
	LC_MESSAGES = "C",
	LANG = "it_IT.UTF-8"
    are supported and installed on your system.
perl: warning: Falling back to the standard locale ("C").
perl: warning: Setting locale failed.
perl: warning: Please check that your locale settings:
	LANGUAGE = (unset),
	LC_ALL = (unset),
	LC_COLLATE = "C",
	LC_MESSAGES = "C",
	LANG = "it_IT.UTF-8"
    are supported and installed on your system.
perl: warning: Falling back to the standard locale ("C").
perl: warning: Setting locale failed.
perl: warning: Please check that your locale settings:
	LANGUAGE = (unset),
	LC_ALL = (unset),
	LC_COLLATE = "C",
	LC_MESSAGES = "C",
	LANG = "it_IT.UTF-8"
    are supported and installed on your system.
perl: warning: Falling back to the standard locale ("C").
perl: warning: Setting locale failed.
perl: warning: Please check that your locale settings:
	LANGUAGE = (unset),
	LC_ALL = (unset),
	LC_COLLATE = "C",
	LC_MESSAGES = "C",
	LANG = "it_IT.UTF-8"
    are supported and installed on your system.
perl: warning: Falling back to the standard locale ("C").
perl: warning: Setting locale failed.
perl: warning: Please check that your locale settings:
	LANGUAGE = (unset),
	LC_ALL = (unset),
	LC_COLLATE = "C",
	LC_MESSAGES = "C",
	LANG = "it_IT.UTF-8"
    are supported and installed on your system.
perl: warning: Falling back to the standard locale ("C").
perl: warning: Setting locale failed.
perl: warning: Please check that your locale settings:
	LANGUAGE = (unset),
	LC_ALL = (unset),
	LC_COLLATE = "C",
	LC_MESSAGES = "C",
	LANG = "it_IT.UTF-8"
    are supported and installed on your system.
perl: warning: Falling back to the standard locale ("C").
perl: warning: Setting locale failed.
perl: warning: Please check that your locale settings:
	LANGUAGE = (unset),
	LC_ALL = (unset),
	LC_COLLATE = "C",
	LC_MESSAGES = "C",
	LANG = "it_IT.UTF-8"
    are supported and installed on your system.
perl: warning: Falling back to the standard locale ("C").
perl: warning: Setting locale failed.
perl: warning: Please check that your locale settings:
	LANGUAGE = (unset),
	LC_ALL = (unset),
	LC_COLLATE = "C",
	LC_MESSAGES = "C",
	LANG = "it_IT.UTF-8"
    are supported and installed on your system.
perl: warning: Falling back to the standard locale ("C").
===(       1;0  1/1  0/9  0/4  0/7  0/?  0/2  0/1   0/41  0/4  0... )======(       2;0  1/1  1/9  0/4  0/7  0/?  0/2  0/1   0/41  0/4  0... )===# 
# Versions for all modules listed in MYMETA.json (including optional ones):
# 
# === Configure Requires ===
# 
#     Module              Want Have
#     ------------------- ---- ----
#     ExtUtils::MakeMaker  any 7.34
#     File::Copy           any 2.34
#     Getopt::Long         any  2.5
# 
# === Configure Suggests ===
# 
#     Module      Want Have
#     -------- ------- ----
#     JSON::PP 2.27300 4.02
# 
# === Build Requires ===
# 
#     Module              Want Have
#     ------------------- ---- ----
#     ExtUtils::MakeMaker  any 7.34
# 
# === Test Requires ===
# 
#     Module                 Want     Have
#     ---------------------- ---- --------
#     ExtUtils::MakeMaker     any     7.34
#     File::Spec              any     3.78
#     FindBin                 any     1.51
#     Test::Fatal             any    0.014
#     Test::More              any 1.302162
#     Test::RequiresInternet  any     0.05
# 
# === Test Recommends ===
# 
#     Module         Want     Have
#     ---------- -------- --------
#     CPAN::Meta 2.120900 2.150010
# 
# === Runtime Requires ===
# 
#     Module                Want Have
#     --------------------- ---- ----
#     Digest::MD5            any 2.55
#     Encode                2.12 3.01
#     Encode::Locale         any 1.05
#     File::Listing            6 6.04
#     HTML::Entities         any 3.69
#     HTML::HeadParser       any 3.71
#     HTTP::Cookies            6 6.04
#     HTTP::Daemon             6 6.06
#     HTTP::Date               6 6.02
#     HTTP::Negotiate          6 6.01
#     HTTP::Request            6 6.13
#     HTTP::Request::Common    6 6.13
#     HTTP::Response           6 6.13
#     HTTP::Status             6 6.13
#     IO::Select             any 1.40
#     IO::Socket             any 1.40
#     LWP::MediaTypes          6 6.02
#     MIME::Base64           2.1 3.15
#     Net::FTP              2.58 3.11
#     Net::HTTP             6.07 6.17
#     Scalar::Util           any 1.50
#     Try::Tiny              any 0.30
#     URI                   1.10 1.73
#     URI::Escape            any 3.31
#     WWW::RobotRules          6 6.02
#     base                   any 2.27
#     strict                 any 1.11
#     warnings               any 1.44
# 
# === Runtime Suggests ===
# 
#     Module               Want    Have
#     -------------------- ---- -------
#     Authen::NTLM         1.02 missing
#     IO::Socket::INET      any    1.40
#     LWP::Protocol::https 6.02 missing
# 
                                                                        t/00-report-prereqs.t .......... ok
===(       2;0  1/9  0/4  0/7  0/?  0/2  0/1   0/41  0/4  0/4  0... )======(       5;0  3/9  0/4  1/7  0/?  0/2  0/1   0/41  0/4  0/4  0... )===                                                                        t/base/protocols/nntp.t ........ skipped: NO_NETWORK_TESTING
===(       5;0  3/9  0/4  1/7  0/2  0/1   0/41  0/4  0/4  0/7   ... )======(      10;0  5/9  0/4  3/7  1/2  0/1   0/41  0/4  0/4  0/7   ... )======(      11;0  5/9  0/4  3/7  1/2  1/1   0/41  0/4  0/4  0/7   ... )===                                                                        t/base/simple.t ................ ok
===(      12;0  5/9  0/4  3/7  2/2   0/41  0/4  0/4  0/7   0/89 ... )===perl: warning: Setting locale failed.
perl: warning: Please check that your locale settings:
	LANGUAGE = (unset),
	LC_ALL = (unset),
	LC_COLLATE = "C",
	LC_MESSAGES = "C",
	LANG = "it_IT.UTF-8"
    are supported and installed on your system.
perl: warning: Falling back to the standard locale ("C").
                                                                        t/base/proxy.t ................. ok
===(      16;0  7/9  0/4  5/7   0/41  0/4  0/4  0/7   0/89  0/? ... )======(      18;0  8/9  1/4  5/7   0/41  0/4  0/4  0/7   0/89  0/? ... )===perl: warning: Setting locale failed.
perl: warning: Please check that your locale settings:
	LANGUAGE = (unset),
	LC_ALL = (unset),
	LC_COLLATE = "C",
	LC_MESSAGES = "C",
	LANG = "it_IT.UTF-8"
    are supported and installed on your system.
perl: warning: Falling back to the standard locale ("C").
perl: warning: Setting locale failed.
perl: warning: Please check that your locale settings:
	LANGUAGE = (unset),
	LC_ALL = (unset),
	LC_COLLATE = "C",
	LC_MESSAGES = "C",
	LANG = "it_IT.UTF-8"
    are supported and installed on your system.
perl: warning: Falling back to the standard locale ("C").
perl: warning: Setting locale failed.
perl: warning: Please check that your locale settings:
	LANGUAGE = (unset),
	LC_ALL = (unset),
	LC_COLLATE = "C",
	LC_MESSAGES = "C",
	LANG = "it_IT.UTF-8"
    are supported and installed on your system.
perl: warning: Falling back to the standard locale ("C").
perl: warning: Setting locale failed.
perl: warning: Please check that your locale settings:
	LANGUAGE = (unset),
	LC_ALL = (unset),
	LC_COLLATE = "C",
	LC_MESSAGES = "C",
	LANG = "it_IT.UTF-8"
    are supported and installed on your system.
perl: warning: Falling back to the standard locale ("C").
perl: warning: Setting locale failed.
perl: warning: Please check that your locale settings:
	LANGUAGE = (unset),
	LC_ALL = (unset),
	LC_COLLATE = "C",
	LC_MESSAGES = "C",
	LANG = "it_IT.UTF-8"
    are supported and installed on your system.
perl: warning: Falling back to the standard locale ("C").
perl: warning: Setting locale failed.
perl: warning: Please check that your locale settings:
	LANGUAGE = (unset),
	LC_ALL = (unset),
	LC_COLLATE = "C",
	LC_MESSAGES = "C",
	LANG = "it_IT.UTF-8"
    are supported and installed on your system.
perl: warning: Falling back to the standard locale ("C").
perl: warning: Setting locale failed.
perl: warning: Please check that your locale settings:
	LANGUAGE = (unset),
	LC_ALL = (unset),
	LC_COLLATE = "C",
	LC_MESSAGES = "C",
	LANG = "it_IT.UTF-8"
    are supported and installed on your system.
perl: warning: Falling back to the standard locale ("C").
===(      22;1  9/9  1/4  7/7   0/41  1/4  0/4  0/7   0/89  0/? ... )======(      23;1  9/9  1/4  7/7   0/41  1/4  1/4  0/7   0/89  0/? ... )======(      25;1  9/9  1/4  7/7   0/41  2/4  1/4  1/7   0/89  0/? ... )======(      28;1  9/9  1/4  7/7   0/41  2/4  2/4  2/7   0/89  1/2 ... )===                                                                        t/10-attrs.t ................... ok
===(      28;1  1/4  7/7   0/41  2/4  2/4  2/7   0/89  1/2  0/7 ... )======(      30;1  1/4  7/7   0/41  2/4  2/4  2/7   0/89  2/2  1/7 ... )===                                                                        t/base/protocols.t ............. ok
===(      30;1  1/4   0/41  2/4  2/4  2/7   0/89  2/2  1/7   0/1... )===perl: warning: Setting locale failed.
perl: warning: Please check that your locale settings:
	LANGUAGE = (unset),
	LC_ALL = (unset),
	LC_COLLATE = "C",
	LC_MESSAGES = "C",
	LANG = "it_IT.UTF-8"
    are supported and installed on your system.
perl: warning: Falling back to the standard locale ("C").
                                                                        t/local/httpsub.t .............. ok
===(      30;1  1/4   0/41  2/4  2/4  2/7   0/89  1/7   0/18  0/? )=====perl: warning: Setting locale failed.
perl: warning: Please check that your locale settings:
	LANGUAGE = (unset),
	LC_ALL = (unset),
	LC_COLLATE = "C",
	LC_MESSAGES = "C",
	LANG = "it_IT.UTF-8"
    are supported and installed on your system.
perl: warning: Falling back to the standard locale ("C").
perl: warning: Setting locale failed.
perl: warning: Please check that your locale settings:
	LANGUAGE = (unset),
	LC_ALL = (unset),
	LC_COLLATE = "C",
	LC_MESSAGES = "C",
	LANG = "it_IT.UTF-8"
    are supported and installed on your system.
perl: warning: Falling back to the standard locale ("C").
perl: warning: Setting locale failed.
perl: warning: Please check that your locale settings:
	LANGUAGE = (unset),
	LC_ALL = (unset),
	LC_COLLATE = "C",
	LC_MESSAGES = "C",
	LANG = "it_IT.UTF-8"
    are supported and installed on your system.
perl: warning: Falling back to the standard locale ("C").
perl: warning: Setting locale failed.
perl: warning: Please check that your locale settings:
	LANGUAGE = (unset),
	LC_ALL = (unset),
	LC_COLLATE = "C",
	LC_MESSAGES = "C",
	LANG = "it_IT.UTF-8"
    are supported and installed on your system.
perl: warning: Falling back to the standard locale ("C").
perl: warning: Setting locale failed.
perl: warning: Please check that your locale settings:
	LANGUAGE = (unset),
	LC_ALL = (unset),
	LC_COLLATE = "C",
	LC_MESSAGES = "C",
	LANG = "it_IT.UTF-8"
    are supported and installed on your system.
perl: warning: Falling back to the standard locale ("C").
perl: warning: Setting locale failed.
perl: warning: Please check that your locale settings:
	LANGUAGE = (unset),
	LC_ALL = (unset),
	LC_COLLATE = "C",
	LC_MESSAGES = "C",
	LANG = "it_IT.UTF-8"
    are supported and installed on your system.
perl: warning: Falling back to the standard locale ("C").
===(      33;4  1/4   0/41  2/4  2/4  2/7   0/89  3/7   0/18   1/14 )======(      39;4  1/4   0/41  4/4  4/4  3/7   1/89  3/7   0/18   1/14 )===perl: warning: Setting locale failed.
perl: warning: Please check that your locale settings:
	LANGUAGE = (unset),
	LC_ALL = (unset),
	LC_COLLATE = "C",
	LC_MESSAGES = "C",
	LANG = "it_IT.UTF-8"
    are supported and installed on your system.
perl: warning: Falling back to the standard locale ("C").
                                                                        t/local/autoload-get.t ......... ok
===(      44;4  1/4   0/41  4/4  4/7   2/89  5/7   0/18   2/14 )===========(      49;4  3/4   1/41  4/4  4/7   2/89  7/7   0/18   2/14 )========                                                                        t/local/autoload.t ............. ok
===(      50;4  3/4   2/41  4/7   2/89  7/7   0/18   2/14 )=============                                                                        t/local/protosub.t ............. ok
===(      50;4  3/4   2/41  4/7   2/89   0/18   2/14 )==================perl: warning: Setting locale failed.
perl: warning: Please check that your locale settings:
	LANGUAGE = (unset),
	LC_ALL = (unset),
	LC_COLLATE = "C",
	LC_MESSAGES = "C",
	LANG = "it_IT.UTF-8"
    are supported and installed on your system.
perl: warning: Falling back to the standard locale ("C").
# Some tests for the PUT method can only be run on 
# HTTP::Request version 6.07 or higher.
# If your version isn't good enough, we'll skip those.
# Your version is 6.13 and that's good enough
                                                                        t/base/default_content_type.t .. ok
===(      51;4   2/41  4/7   2/89   0/18   2/14 )=======================                                                                        t/local/get.t .................. ok
===(      61;4   6/41   5/89   0/18   2/14 )===============================(     132;4  32/41  49/89   1/18   2/14 )============================perl: warning: Setting locale failed.
perl: warning: Please check that your locale settings:
	LANGUAGE = (unset),
	LC_ALL = (unset),
	LC_COLLATE = "C",
	LC_MESSAGES = "C",
	LANG = "it_IT.UTF-8"
    are supported and installed on your system.
perl: warning: Falling back to the standard locale ("C").
                                                                        t/base/ua.t .................... ok
===(     151;4  57/89   3/18   2/14 )===================================                                                                        t/local/http.t ................. ok
===(     183;4   3/18   2/14 )=============================================(     184;7   3/18   3/14 )==========================================                                                                        t/robot/ua.t ................... ok
t/robot/ua-get.t ............... t/robot/ua-get.t ............... 4/18                                         t/robot/ua-get.t ............... ok
All tests successful.
Files=16, Tests=210,  7 wallclock secs ( 0.04 usr  0.02 sys +  1.84 cusr  0.36 csys =  2.26 CPU)
Result: PASS
>>> Completed testing dev-perl/libwww-perl-6.270.0

>>> Install dev-perl/libwww-perl-6.270.0 into /tmp/portage/dev-perl/libwww-perl-6.270.0/image/
make -j12 pure_install 
perl: warning: Setting locale failed.
perl: warning: Please check that your locale settings:
	LANGUAGE = (unset),
	LC_ALL = (unset),
	LC_COLLATE = "C",
	LC_MESSAGES = "C",
	LANG = "it_IT.UTF-8"
    are supported and installed on your system.
perl: warning: Falling back to the standard locale ("C").
Manifying 4 pod documents
perl: warning: Setting locale failed.
perl: warning: Please check that your locale settings:
	LANGUAGE = (unset),
	LC_ALL = (unset),
	LC_COLLATE = "C",
	LC_MESSAGES = "C",
	LANG = "it_IT.UTF-8"
    are supported and installed on your system.
perl: warning: Falling back to the standard locale ("C").
Installing /tmp/portage/dev-perl/libwww-perl-6.270.0/image/usr/lib64/perl5/vendor_perl/5.30.2/LWP.pm
Installing /tmp/portage/dev-perl/libwww-perl-6.270.0/image/usr/lib64/perl5/vendor_perl/5.30.2/LWP/UserAgent.pm
Installing /tmp/portage/dev-perl/libwww-perl-6.270.0/image/usr/lib64/perl5/vendor_perl/5.30.2/LWP/RobotUA.pm
Installing /tmp/portage/dev-perl/libwww-perl-6.270.0/image/usr/lib64/perl5/vendor_perl/5.30.2/LWP/DebugFile.pm
Installing /tmp/portage/dev-perl/libwww-perl-6.270.0/image/usr/lib64/perl5/vendor_perl/5.30.2/LWP/Protocol.pm
Installing /tmp/portage/dev-perl/libwww-perl-6.270.0/image/usr/lib64/perl5/vendor_perl/5.30.2/LWP/Simple.pm
Installing /tmp/portage/dev-perl/libwww-perl-6.270.0/image/usr/lib64/perl5/vendor_perl/5.30.2/LWP/MemberMixin.pm
Installing /tmp/portage/dev-perl/libwww-perl-6.270.0/image/usr/lib64/perl5/vendor_perl/5.30.2/LWP/Debug.pm
Installing /tmp/portage/dev-perl/libwww-perl-6.270.0/image/usr/lib64/perl5/vendor_perl/5.30.2/LWP/ConnCache.pm
Installing /tmp/portage/dev-perl/libwww-perl-6.270.0/image/usr/lib64/perl5/vendor_perl/5.30.2/LWP/Protocol/ftp.pm
Installing /tmp/portage/dev-perl/libwww-perl-6.270.0/image/usr/lib64/perl5/vendor_perl/5.30.2/LWP/Protocol/loopback.pm
Installing /tmp/portage/dev-perl/libwww-perl-6.270.0/image/usr/lib64/perl5/vendor_perl/5.30.2/LWP/Protocol/file.pm
Installing /tmp/portage/dev-perl/libwww-perl-6.270.0/image/usr/lib64/perl5/vendor_perl/5.30.2/LWP/Protocol/gopher.pm
Installing /tmp/portage/dev-perl/libwww-perl-6.270.0/image/usr/lib64/perl5/vendor_perl/5.30.2/LWP/Protocol/data.pm
Installing /tmp/portage/dev-perl/libwww-perl-6.270.0/image/usr/lib64/perl5/vendor_perl/5.30.2/LWP/Protocol/http.pm
Installing /tmp/portage/dev-perl/libwww-perl-6.270.0/image/usr/lib64/perl5/vendor_perl/5.30.2/LWP/Protocol/cpan.pm
Installing /tmp/portage/dev-perl/libwww-perl-6.270.0/image/usr/lib64/perl5/vendor_perl/5.30.2/LWP/Protocol/nogo.pm
Installing /tmp/portage/dev-perl/libwww-perl-6.270.0/image/usr/lib64/perl5/vendor_perl/5.30.2/LWP/Protocol/mailto.pm
Installing /tmp/portage/dev-perl/libwww-perl-6.270.0/image/usr/lib64/perl5/vendor_perl/5.30.2/LWP/Protocol/nntp.pm
Installing /tmp/portage/dev-perl/libwww-perl-6.270.0/image/usr/lib64/perl5/vendor_perl/5.30.2/LWP/Debug/TraceHTTP.pm
Installing /tmp/portage/dev-perl/libwww-perl-6.270.0/image/usr/lib64/perl5/vendor_perl/5.30.2/LWP/Authen/Basic.pm
Installing /tmp/portage/dev-perl/libwww-perl-6.270.0/image/usr/lib64/perl5/vendor_perl/5.30.2/LWP/Authen/Digest.pm
Installing /tmp/portage/dev-perl/libwww-perl-6.270.0/image/usr/lib64/perl5/vendor_perl/5.30.2/LWP/Authen/Ntlm.pm
Installing /tmp/portage/dev-perl/libwww-perl-6.270.0/image/usr/lib64/perl5/vendor_perl/5.30.2/libwww/lwpcook.pod
Installing /tmp/portage/dev-perl/libwww-perl-6.270.0/image/usr/lib64/perl5/vendor_perl/5.30.2/libwww/lwptut.pod
Installing /tmp/portage/dev-perl/libwww-perl-6.270.0/image/usr/share/man/man1/lwp-request.1
Installing /tmp/portage/dev-perl/libwww-perl-6.270.0/image/usr/share/man/man1/lwp-mirror.1
Installing /tmp/portage/dev-perl/libwww-perl-6.270.0/image/usr/share/man/man1/lwp-dump.1
Installing /tmp/portage/dev-perl/libwww-perl-6.270.0/image/usr/share/man/man1/lwp-download.1
Installing /tmp/portage/dev-perl/libwww-perl-6.270.0/image/usr/bin/lwp-download
Installing /tmp/portage/dev-perl/libwww-perl-6.270.0/image/usr/bin/lwp-mirror
Installing /tmp/portage/dev-perl/libwww-perl-6.270.0/image/usr/bin/lwp-dump
Installing /tmp/portage/dev-perl/libwww-perl-6.270.0/image/usr/bin/lwp-request
 [32;01m*[0m Fixing packlist file /usr/lib64/perl5/vendor_perl/5.30.2/x86_64-linux/auto/libwww/perl/.packlist
>>> Completed installing dev-perl/libwww-perl-6.270.0 into /tmp/portage/dev-perl/libwww-perl-6.270.0/image/

 [32;01m*[0m Final size of build directory: 1392 KiB (1.3 MiB)
 [32;01m*[0m Final size of installed tree:   556 KiB

./
./usr/
./usr/bin/
./usr/bin/HEAD
./usr/bin/lwp-download
./usr/bin/lwp-mirror
./usr/bin/lwp-dump
./usr/bin/POST
./usr/bin/lwp-request
./usr/bin/GET
./usr/share/
./usr/share/man/
./usr/share/man/man1/
./usr/share/man/man1/lwp-request.1.bz2
./usr/share/man/man1/lwp-mirror.1.bz2
./usr/share/man/man1/lwp-dump.1.bz2
./usr/share/man/man1/lwp-download.1.bz2
./usr/share/doc/
./usr/share/doc/libwww-perl-6.270.0/
./usr/share/doc/libwww-perl-6.270.0/README.SSL.bz2
./usr/share/doc/libwww-perl-6.270.0/Changes.bz2
./usr/lib64/
./usr/lib64/perl5/
./usr/lib64/perl5/vendor_perl/
./usr/lib64/perl5/vendor_perl/5.30.2/
./usr/lib64/perl5/vendor_perl/5.30.2/LWP/
./usr/lib64/perl5/vendor_perl/5.30.2/LWP/UserAgent.pm
./usr/lib64/perl5/vendor_perl/5.30.2/LWP/RobotUA.pm
./usr/lib64/perl5/vendor_perl/5.30.2/LWP/DebugFile.pm
./usr/lib64/perl5/vendor_perl/5.30.2/LWP/Protocol.pm
./usr/lib64/perl5/vendor_perl/5.30.2/LWP/Protocol/
./usr/lib64/perl5/vendor_perl/5.30.2/LWP/Protocol/ftp.pm
./usr/lib64/perl5/vendor_perl/5.30.2/LWP/Protocol/loopback.pm
./usr/lib64/perl5/vendor_perl/5.30.2/LWP/Protocol/file.pm
./usr/lib64/perl5/vendor_perl/5.30.2/LWP/Protocol/gopher.pm
./usr/lib64/perl5/vendor_perl/5.30.2/LWP/Protocol/data.pm
./usr/lib64/perl5/vendor_perl/5.30.2/LWP/Protocol/http.pm
./usr/lib64/perl5/vendor_perl/5.30.2/LWP/Protocol/cpan.pm
./usr/lib64/perl5/vendor_perl/5.30.2/LWP/Protocol/nogo.pm
./usr/lib64/perl5/vendor_perl/5.30.2/LWP/Protocol/mailto.pm
./usr/lib64/perl5/vendor_perl/5.30.2/LWP/Protocol/nntp.pm
./usr/lib64/perl5/vendor_perl/5.30.2/LWP/Simple.pm
./usr/lib64/perl5/vendor_perl/5.30.2/LWP/MemberMixin.pm
./usr/lib64/perl5/vendor_perl/5.30.2/LWP/Debug.pm
./usr/lib64/perl5/vendor_perl/5.30.2/LWP/Debug/
./usr/lib64/perl5/vendor_perl/5.30.2/LWP/Debug/TraceHTTP.pm
./usr/lib64/perl5/vendor_perl/5.30.2/LWP/Authen/
./usr/lib64/perl5/vendor_perl/5.30.2/LWP/Authen/Basic.pm
./usr/lib64/perl5/vendor_perl/5.30.2/LWP/Authen/Digest.pm
./usr/lib64/perl5/vendor_perl/5.30.2/LWP/Authen/Ntlm.pm
./usr/lib64/perl5/vendor_perl/5.30.2/LWP/ConnCache.pm
./usr/lib64/perl5/vendor_perl/5.30.2/LWP.pm
./usr/lib64/perl5/vendor_perl/5.30.2/x86_64-linux/
./usr/lib64/perl5/vendor_perl/5.30.2/x86_64-linux/auto/
./usr/lib64/perl5/vendor_perl/5.30.2/x86_64-linux/auto/libwww/
./usr/lib64/perl5/vendor_perl/5.30.2/x86_64-linux/auto/libwww/perl/
./usr/lib64/perl5/vendor_perl/5.30.2/x86_64-linux/auto/libwww/perl/.packlist
./usr/lib64/perl5/vendor_perl/5.30.2/libwww/
./usr/lib64/perl5/vendor_perl/5.30.2/libwww/lwpcook.pod
./usr/lib64/perl5/vendor_perl/5.30.2/libwww/lwptut.pod
>>> Done.
 [32;01m*[39;49;00m checking 39 files for package collisions
>>> Merging dev-perl/libwww-perl-6.270.0 to /
--- /usr/
--- /usr/lib64/
--- /usr/lib64/perl5/
--- /usr/lib64/perl5/vendor_perl/
--- /usr/lib64/perl5/vendor_perl/5.30.2/
>>> /usr/lib64/perl5/vendor_perl/5.30.2/libwww/
>>> /usr/lib64/perl5/vendor_perl/5.30.2/libwww/lwptut.pod
>>> /usr/lib64/perl5/vendor_perl/5.30.2/libwww/lwpcook.pod
--- /usr/lib64/perl5/vendor_perl/5.30.2/x86_64-linux/
--- /usr/lib64/perl5/vendor_perl/5.30.2/x86_64-linux/auto/
>>> /usr/lib64/perl5/vendor_perl/5.30.2/x86_64-linux/auto/libwww/
>>> /usr/lib64/perl5/vendor_perl/5.30.2/x86_64-linux/auto/libwww/perl/
>>> /usr/lib64/perl5/vendor_perl/5.30.2/x86_64-linux/auto/libwww/perl/.packlist
>>> /usr/lib64/perl5/vendor_perl/5.30.2/LWP.pm
>>> /usr/lib64/perl5/vendor_perl/5.30.2/LWP/
>>> /usr/lib64/perl5/vendor_perl/5.30.2/LWP/ConnCache.pm
>>> /usr/lib64/perl5/vendor_perl/5.30.2/LWP/Authen/
>>> /usr/lib64/perl5/vendor_perl/5.30.2/LWP/Authen/Ntlm.pm
>>> /usr/lib64/perl5/vendor_perl/5.30.2/LWP/Authen/Digest.pm
>>> /usr/lib64/perl5/vendor_perl/5.30.2/LWP/Authen/Basic.pm
>>> /usr/lib64/perl5/vendor_perl/5.30.2/LWP/Debug/
>>> /usr/lib64/perl5/vendor_perl/5.30.2/LWP/Debug/TraceHTTP.pm
>>> /usr/lib64/perl5/vendor_perl/5.30.2/LWP/Debug.pm
>>> /usr/lib64/perl5/vendor_perl/5.30.2/LWP/MemberMixin.pm
>>> /usr/lib64/perl5/vendor_perl/5.30.2/LWP/Simple.pm
>>> /usr/lib64/perl5/vendor_perl/5.30.2/LWP/Protocol/
>>> /usr/lib64/perl5/vendor_perl/5.30.2/LWP/Protocol/nntp.pm
>>> /usr/lib64/perl5/vendor_perl/5.30.2/LWP/Protocol/mailto.pm
>>> /usr/lib64/perl5/vendor_perl/5.30.2/LWP/Protocol/nogo.pm
>>> /usr/lib64/perl5/vendor_perl/5.30.2/LWP/Protocol/cpan.pm
>>> /usr/lib64/perl5/vendor_perl/5.30.2/LWP/Protocol/http.pm
>>> /usr/lib64/perl5/vendor_perl/5.30.2/LWP/Protocol/data.pm
>>> /usr/lib64/perl5/vendor_perl/5.30.2/LWP/Protocol/gopher.pm
>>> /usr/lib64/perl5/vendor_perl/5.30.2/LWP/Protocol/file.pm
>>> /usr/lib64/perl5/vendor_perl/5.30.2/LWP/Protocol/loopback.pm
>>> /usr/lib64/perl5/vendor_perl/5.30.2/LWP/Protocol/ftp.pm
>>> /usr/lib64/perl5/vendor_perl/5.30.2/LWP/Protocol.pm
>>> /usr/lib64/perl5/vendor_perl/5.30.2/LWP/DebugFile.pm
>>> /usr/lib64/perl5/vendor_perl/5.30.2/LWP/RobotUA.pm
>>> /usr/lib64/perl5/vendor_perl/5.30.2/LWP/UserAgent.pm
--- /usr/share/
--- /usr/share/doc/
>>> /usr/share/doc/libwww-perl-6.270.0/
>>> /usr/share/doc/libwww-perl-6.270.0/Changes.bz2
>>> /usr/share/doc/libwww-perl-6.270.0/README.SSL.bz2
--- /usr/share/man/
--- /usr/share/man/man1/
>>> /usr/share/man/man1/lwp-download.1.bz2
>>> /usr/share/man/man1/lwp-dump.1.bz2
>>> /usr/share/man/man1/lwp-mirror.1.bz2
>>> /usr/share/man/man1/lwp-request.1.bz2
--- /usr/bin/
>>> /usr/bin/lwp-request
>>> /usr/bin/POST -> lwp-request
>>> /usr/bin/lwp-dump
>>> /usr/bin/lwp-mirror
>>> /usr/bin/lwp-download
>>> /usr/bin/HEAD -> lwp-request
>>> /usr/bin/GET -> lwp-request
>>> dev-perl/libwww-perl-6.270.0 merged.
>>> Regenerating /etc/ld.so.cache...
