[32;01m * [39;49;00mPackage:    dev-perl/XML-SAX-Writer-0.570.0
[32;01m * [39;49;00mRepository: gentoo
[32;01m * [39;49;00mMaintainer: perl@gentoo.org
[32;01m * [39;49;00mUSE:        abi_x86_64 amd64 elibc_glibc kernel_linux test userland_GNU
[32;01m * [39;49;00mFEATURES:   network-sandbox preserve-libs sandbox splitdebug test userpriv usersandbox
>>> Unpacking source...
>>> Unpacking XML-SAX-Writer-0.57.tar.gz to /tmp/portage/dev-perl/XML-SAX-Writer-0.570.0/work
>>> Source unpacked in /tmp/portage/dev-perl/XML-SAX-Writer-0.570.0/work
>>> Preparing source in /tmp/portage/dev-perl/XML-SAX-Writer-0.570.0/work/XML-SAX-Writer-0.57 ...
>>> Source prepared.
>>> Configuring source in /tmp/portage/dev-perl/XML-SAX-Writer-0.570.0/work/XML-SAX-Writer-0.57 ...
perl: warning: Setting locale failed.
perl: warning: Please check that your locale settings:
	LANGUAGE = (unset),
	LC_ALL = (unset),
	LC_COLLATE = "C",
	LC_MESSAGES = "C",
	LANG = "it_IT.UTF-8"
    are supported and installed on your system.
perl: warning: Falling back to the standard locale ("C").
 [32;01m*[0m Using ExtUtils::MakeMaker
 [32;01m*[0m perl Makefile.PL PREFIX=/usr INSTALLDIRS=vendor INSTALLMAN3DIR=none DESTDIR=/tmp/portage/dev-perl/XML-SAX-Writer-0.570.0/image/
perl: warning: Setting locale failed.
perl: warning: Please check that your locale settings:
	LANGUAGE = (unset),
	LC_ALL = (unset),
	LC_COLLATE = "C",
	LC_MESSAGES = "C",
	LANG = "it_IT.UTF-8"
    are supported and installed on your system.
perl: warning: Falling back to the standard locale ("C").
Checking if your kit is complete...
Looks good
Generating a Unix-style Makefile
Writing Makefile for XML::SAX::Writer
Writing MYMETA.yml and MYMETA.json
>>> Source configured.
>>> Compiling source in /tmp/portage/dev-perl/XML-SAX-Writer-0.570.0/work/XML-SAX-Writer-0.57 ...
 [32;01m*[0m emake OTHERLDFLAGS=-Wl,-O1 -Wl,--as-needed -Wl,--defsym=__gentoo_check_ldflags__=0 -Wl,--hash-style=gnu -Wl,-z,norelro
make -j12 'OTHERLDFLAGS=-Wl,-O1 -Wl,--as-needed -Wl,--defsym=__gentoo_check_ldflags__=0 -Wl,--hash-style=gnu -Wl,-z,norelro' 
perl: warning: Setting locale failed.
perl: warning: Please check that your locale settings:
	LANGUAGE = (unset),
	LC_ALL = (unset),
	LC_COLLATE = "C",
	LC_MESSAGES = "C",
	LANG = "it_IT.UTF-8"
    are supported and installed on your system.
perl: warning: Setting locale failed.
perl: warning: Falling back to the standard locale ("C").
perl: warning: Please check that your locale settings:
	LANGUAGE = (unset),
	LC_ALL = (unset),
	LC_COLLATE = "C",
	LC_MESSAGES = "C",
	LANG = "it_IT.UTF-8"
    are supported and installed on your system.
perl: warning: Falling back to the standard locale ("C").
perl: warning: Setting locale failed.
perl: warning: Please check that your locale settings:
	LANGUAGE = (unset),
	LC_ALL = (unset),
	LC_COLLATE = "C",
	LC_MESSAGES = "C",
	LANG = "it_IT.UTF-8"
    are supported and installed on your system.
perl: warning: Setting locale failed.
perl: warning: Please check that your locale settings:
perl: warning: Falling back to the standard locale ("C").
	LANGUAGE = (unset),
	LC_ALL = (unset),
	LC_COLLATE = "C",
	LC_MESSAGES = "C",
	LANG = "it_IT.UTF-8"
    are supported and installed on your system.
perl: warning: Falling back to the standard locale ("C").
perl: warning: Setting locale failed.
perl: warning: Please check that your locale settings:
	LANGUAGE = (unset),
	LC_ALL = (unset),
	LC_COLLATE = "C",
	LC_MESSAGES = "C",
	LANG = "it_IT.UTF-8"
    are supported and installed on your system.
perl: warning: Falling back to the standard locale ("C").
perl: warning: Setting locale failed.
perl: warning: Please check that your locale settings:
	LANGUAGE = (unset),
	LC_ALL = (unset),
	LC_COLLATE = "C",
	LC_MESSAGES = "C",
	LANG = "it_IT.UTF-8"
    are supported and installed on your system.
perl: warning: Falling back to the standard locale ("C").
perl: warning: Setting locale failed.
perl: warning: Please check that your locale settings:
	LANGUAGE = (unset),
	LC_ALL = (unset),
	LC_COLLATE = "C",
	LC_MESSAGES = "C",
	LANG = "it_IT.UTF-8"
    are supported and installed on your system.
perl: warning: Falling back to the standard locale ("C").
perl: warning: Setting locale failed.
perl: warning: Please check that your locale settings:
	LANGUAGE = (unset),
	LC_ALL = (unset),
	LC_COLLATE = "C",
	LC_MESSAGES = "C",
	LANG = "it_IT.UTF-8"
    are supported and installed on your system.
perl: warning: Falling back to the standard locale ("C").
perl: warning: Setting locale failed.
perl: warning: Please check that your locale settings:
	LANGUAGE = (unset),
	LC_ALL = (unset),
	LC_COLLATE = "C",
	LC_MESSAGES = "C",
	LANG = "it_IT.UTF-8"
    are supported and installed on your system.
perl: warning: Falling back to the standard locale ("C").
cp lib/XML/SAX/Writer/XML.pm blib/lib/XML/SAX/Writer/XML.pm
cp lib/XML/SAX/Writer.pm blib/lib/XML/SAX/Writer.pm
>>> Source compiled.
>>> Test phase: dev-perl/XML-SAX-Writer-0.570.0
 [32;01m*[0m Test::Harness Jobs=12
make -j12 test TEST_VERBOSE=0 
PERL_DL_NONLAZY=1 "/usr/bin/perl" "-MExtUtils::Command::MM" "-MTest::Harness" "-e" "undef *Test::Harness::Switches; test_harness(0, 'blib/lib', 'blib/arch')" t/*.t
perl: warning: Setting locale failed.
perl: warning: Please check that your locale settings:
	LANGUAGE = (unset),
	LC_ALL = (unset),
	LC_COLLATE = "C",
	LC_MESSAGES = "C",
	LANG = "it_IT.UTF-8"
    are supported and installed on your system.
perl: warning: Falling back to the standard locale ("C").
perl: warning: Setting locale failed.
perl: warning: Please check that your locale settings:
	LANGUAGE = (unset),
	LC_ALL = (unset),
	LC_COLLATE = "C",
	LC_MESSAGES = "C",
	LANG = "it_IT.UTF-8"
    are supported and installed on your system.
perl: warning: Falling back to the standard locale ("C").
perl: warning: Setting locale failed.
perl: warning: Please check that your locale settings:
	LANGUAGE = (unset),
	LC_ALL = (unset),
	LC_COLLATE = "C",
	LC_MESSAGES = "C",
	LANG = "it_IT.UTF-8"
    are supported and installed on your system.
perl: warning: Falling back to the standard locale ("C").
perl: warning: Setting locale failed.
perl: warning: Please check that your locale settings:
	LANGUAGE = (unset),
	LC_ALL = (unset),
	LC_COLLATE = "C",
	LC_MESSAGES = "C",
	LANG = "it_IT.UTF-8"
    are supported and installed on your system.
perl: warning: Falling back to the standard locale ("C").
perl: warning: Setting locale failed.
perl: warning: Please check that your locale settings:
	LANGUAGE = (unset),
	LC_ALL = (unset),
	LC_COLLATE = "C",
	LC_MESSAGES = "C",
	LANG = "it_IT.UTF-8"
    are supported and installed on your system.
perl: warning: Falling back to the standard locale ("C").
===(       1;0  0/2   1/30   0/15  0/? )===================================(       2;0  0/2   1/30   0/15  1/3 )================================perl: warning: Setting locale failed.
perl: warning: Please check that your locale settings:
	LANGUAGE = (unset),
	LC_ALL = (unset),
	LC_COLLATE = "C",
	LC_MESSAGES = "C",
	LANG = "it_IT.UTF-8"
    are supported and installed on your system.
perl: warning: Falling back to the standard locale ("C").
                                                                        t/20bugs.t ....... ok
===(       4;0  0/2   1/30   0/15 )========================================(       6;0  0/2   2/30   1/15 )=====================================                                                                        t/10consumers.t .. ok
===(      39;0  0/2  21/30 )============================================                                                                        t/05basic.t ...... ok
t/00-compile.t ... t/00-compile.t ... 1/2 perl: warning: Setting locale failed.
perl: warning: Please check that your locale settings:
	LANGUAGE = (unset),
	LC_ALL = (unset),
	LC_COLLATE = "C",
	LC_MESSAGES = "C",
	LANG = "it_IT.UTF-8"
    are supported and installed on your system.
perl: warning: Falling back to the standard locale ("C").
perl: warning: Setting locale failed.
perl: warning: Please check that your locale settings:
	LANGUAGE = (unset),
	LC_ALL = (unset),
	LC_COLLATE = "C",
	LC_MESSAGES = "C",
	LANG = "it_IT.UTF-8"
    are supported and installed on your system.
perl: warning: Falling back to the standard locale ("C").
                        t/00-compile.t ... ok
All tests successful.
Files=4, Tests=50,  0 wallclock secs ( 0.02 usr  0.01 sys +  0.23 cusr  0.05 csys =  0.31 CPU)
Result: PASS
>>> Completed testing dev-perl/XML-SAX-Writer-0.570.0

>>> Install dev-perl/XML-SAX-Writer-0.570.0 into /tmp/portage/dev-perl/XML-SAX-Writer-0.570.0/image/
make -j12 pure_install 
perl: warning: Setting locale failed.
perl: warning: Please check that your locale settings:
	LANGUAGE = (unset),
	LC_ALL = (unset),
	LC_COLLATE = "C",
	LC_MESSAGES = "C",
	LANG = "it_IT.UTF-8"
    are supported and installed on your system.
perl: warning: Falling back to the standard locale ("C").
Installing /tmp/portage/dev-perl/XML-SAX-Writer-0.570.0/image/usr/lib64/perl5/vendor_perl/5.30.2/XML/SAX/Writer.pm
Installing /tmp/portage/dev-perl/XML-SAX-Writer-0.570.0/image/usr/lib64/perl5/vendor_perl/5.30.2/XML/SAX/Writer/XML.pm
 [32;01m*[0m Fixing packlist file /usr/lib64/perl5/vendor_perl/5.30.2/x86_64-linux/auto/XML/SAX/Writer/.packlist
>>> Completed installing dev-perl/XML-SAX-Writer-0.570.0 into /tmp/portage/dev-perl/XML-SAX-Writer-0.570.0/image/

 [32;01m*[0m Final size of build directory: 316 KiB
 [32;01m*[0m Final size of installed tree:  132 KiB

./
./usr/
./usr/share/
./usr/share/doc/
./usr/share/doc/XML-SAX-Writer-0.570.0/
./usr/share/doc/XML-SAX-Writer-0.570.0/README.bz2
./usr/share/doc/XML-SAX-Writer-0.570.0/README.md.bz2
./usr/share/doc/XML-SAX-Writer-0.570.0/Changes.bz2
./usr/lib64/
./usr/lib64/perl5/
./usr/lib64/perl5/vendor_perl/
./usr/lib64/perl5/vendor_perl/5.30.2/
./usr/lib64/perl5/vendor_perl/5.30.2/x86_64-linux/
./usr/lib64/perl5/vendor_perl/5.30.2/x86_64-linux/auto/
./usr/lib64/perl5/vendor_perl/5.30.2/x86_64-linux/auto/XML/
./usr/lib64/perl5/vendor_perl/5.30.2/x86_64-linux/auto/XML/SAX/
./usr/lib64/perl5/vendor_perl/5.30.2/x86_64-linux/auto/XML/SAX/Writer/
./usr/lib64/perl5/vendor_perl/5.30.2/x86_64-linux/auto/XML/SAX/Writer/.packlist
./usr/lib64/perl5/vendor_perl/5.30.2/XML/
./usr/lib64/perl5/vendor_perl/5.30.2/XML/SAX/
./usr/lib64/perl5/vendor_perl/5.30.2/XML/SAX/Writer/
./usr/lib64/perl5/vendor_perl/5.30.2/XML/SAX/Writer/XML.pm
./usr/lib64/perl5/vendor_perl/5.30.2/XML/SAX/Writer.pm
>>> Done.
 [32;01m*[39;49;00m checking 6 files for package collisions
>>> Merging dev-perl/XML-SAX-Writer-0.570.0 to /
--- /usr/
--- /usr/lib64/
--- /usr/lib64/perl5/
--- /usr/lib64/perl5/vendor_perl/
--- /usr/lib64/perl5/vendor_perl/5.30.2/
--- /usr/lib64/perl5/vendor_perl/5.30.2/XML/
--- /usr/lib64/perl5/vendor_perl/5.30.2/XML/SAX/
>>> /usr/lib64/perl5/vendor_perl/5.30.2/XML/SAX/Writer.pm
>>> /usr/lib64/perl5/vendor_perl/5.30.2/XML/SAX/Writer/
>>> /usr/lib64/perl5/vendor_perl/5.30.2/XML/SAX/Writer/XML.pm
--- /usr/lib64/perl5/vendor_perl/5.30.2/x86_64-linux/
--- /usr/lib64/perl5/vendor_perl/5.30.2/x86_64-linux/auto/
--- /usr/lib64/perl5/vendor_perl/5.30.2/x86_64-linux/auto/XML/
--- /usr/lib64/perl5/vendor_perl/5.30.2/x86_64-linux/auto/XML/SAX/
>>> /usr/lib64/perl5/vendor_perl/5.30.2/x86_64-linux/auto/XML/SAX/Writer/
>>> /usr/lib64/perl5/vendor_perl/5.30.2/x86_64-linux/auto/XML/SAX/Writer/.packlist
--- /usr/share/
--- /usr/share/doc/
>>> /usr/share/doc/XML-SAX-Writer-0.570.0/
>>> /usr/share/doc/XML-SAX-Writer-0.570.0/Changes.bz2
>>> /usr/share/doc/XML-SAX-Writer-0.570.0/README.md.bz2
>>> /usr/share/doc/XML-SAX-Writer-0.570.0/README.bz2
>>> dev-perl/XML-SAX-Writer-0.570.0 merged.
>>> Regenerating /etc/ld.so.cache...
