[32;01m * [39;49;00mPackage:    dev-perl/Test2-Suite-0.0.77
[32;01m * [39;49;00mRepository: gentoo
[32;01m * [39;49;00mMaintainer: perl@gentoo.org
[32;01m * [39;49;00mUSE:        abi_x86_64 amd64 elibc_glibc kernel_linux test userland_GNU
[32;01m * [39;49;00mFEATURES:   network-sandbox preserve-libs sandbox splitdebug test userpriv usersandbox
>>> Unpacking source...
>>> Unpacking Test2-Suite-0.000077.tar.gz to /tmp/portage/dev-perl/Test2-Suite-0.0.77/work
>>> Source unpacked in /tmp/portage/dev-perl/Test2-Suite-0.0.77/work
>>> Preparing source in /tmp/portage/dev-perl/Test2-Suite-0.0.77/work/Test2-Suite-0.000077 ...
>>> Source prepared.
>>> Configuring source in /tmp/portage/dev-perl/Test2-Suite-0.0.77/work/Test2-Suite-0.000077 ...
perl: warning: Setting locale failed.
perl: warning: Please check that your locale settings:
	LANGUAGE = (unset),
	LC_ALL = (unset),
	LC_COLLATE = "C",
	LC_MESSAGES = "C",
	LANG = "it_IT.UTF-8"
    are supported and installed on your system.
perl: warning: Falling back to the standard locale ("C").
 [32;01m*[0m Using ExtUtils::MakeMaker
 [32;01m*[0m perl Makefile.PL PREFIX=/usr INSTALLDIRS=vendor INSTALLMAN3DIR=none DESTDIR=/tmp/portage/dev-perl/Test2-Suite-0.0.77/image/
perl: warning: Setting locale failed.
perl: warning: Please check that your locale settings:
	LANGUAGE = (unset),
	LC_ALL = (unset),
	LC_COLLATE = "C",
	LC_MESSAGES = "C",
	LANG = "it_IT.UTF-8"
    are supported and installed on your system.
perl: warning: Falling back to the standard locale ("C").
Checking if your kit is complete...
Looks good
Generating a Unix-style Makefile
Writing Makefile for Test2::Suite
Writing MYMETA.yml and MYMETA.json
>>> Source configured.
>>> Compiling source in /tmp/portage/dev-perl/Test2-Suite-0.0.77/work/Test2-Suite-0.000077 ...
 [32;01m*[0m emake OTHERLDFLAGS=-Wl,-O1 -Wl,--as-needed -Wl,--defsym=__gentoo_check_ldflags__=0 -Wl,--hash-style=gnu -Wl,-z,norelro
make -j12 'OTHERLDFLAGS=-Wl,-O1 -Wl,--as-needed -Wl,--defsym=__gentoo_check_ldflags__=0 -Wl,--hash-style=gnu -Wl,-z,norelro' 
perl: warning: Setting locale failed.
perl: warning: Please check that your locale settings:
	LANGUAGE = (unset),
	LC_ALL = (unset),
	LC_COLLATE = "C",
	LC_MESSAGES = "C",
	LANG = "it_IT.UTF-8"
    are supported and installed on your system.
perl: warning: Falling back to the standard locale ("C").
perl: warning: Setting locale failed.
perl: warning: Please check that your locale settings:
	LANGUAGE = (unset),
	LC_ALL = (unset),
	LC_COLLATE = "C",
	LC_MESSAGES = "C",
	LANG = "it_IT.UTF-8"
    are supported and installed on your system.
perl: warning: Falling back to the standard locale ("C").
perl: warning: Setting locale failed.
perl: warning: Please check that your locale settings:
	LANGUAGE = (unset),
	LC_ALL = (unset),
	LC_COLLATE = "C",
	LC_MESSAGES = "C",
	LANG = "it_IT.UTF-8"
    are supported and installed on your system.
perl: warning: Falling back to the standard locale ("C").
perl: warning: Setting locale failed.
perl: warning: Please check that your locale settings:
	LANGUAGE = (unset),
	LC_ALL = (unset),
	LC_COLLATE = "C",
	LC_MESSAGES = "C",
	LANG = "it_IT.UTF-8"
    are supported and installed on your system.
perl: warning: Falling back to the standard locale ("C").
perl: warning: Setting locale failed.
perl: warning: Please check that your locale settings:
	LANGUAGE = (unset),
	LC_ALL = (unset),
	LC_COLLATE = "C",
	LC_MESSAGES = "C",
	LANG = "it_IT.UTF-8"
    are supported and installed on your system.
perl: warning: Falling back to the standard locale ("C").
perl: warning: Setting locale failed.
perl: warning: Please check that your locale settings:
	LANGUAGE = (unset),
	LC_ALL = (unset),
	LC_COLLATE = "C",
	LC_MESSAGES = "C",
	LANG = "it_IT.UTF-8"
    are supported and installed on your system.
perl: warning: Falling back to the standard locale ("C").
perl: warning: Setting locale failed.
perl: warning: Please check that your locale settings:
	LANGUAGE = (unset),
	LC_ALL = (unset),
	LC_COLLATE = "C",
	LC_MESSAGES = "C",
	LANG = "it_IT.UTF-8"
    are supported and installed on your system.
perl: warning: Falling back to the standard locale ("C").
perl: warning: Setting locale failed.
perl: warning: Please check that your locale settings:
	LANGUAGE = (unset),
	LC_ALL = (unset),
	LC_COLLATE = "C",
	LC_MESSAGES = "C",
	LANG = "it_IT.UTF-8"
    are supported and installed on your system.
perl: warning: Falling back to the standard locale ("C").
perl: warning: Setting locale failed.
perl: warning: Please check that your locale settings:
	LANGUAGE = (unset),
	LC_ALL = (unset),
	LC_COLLATE = "C",
	LC_MESSAGES = "C",
	LANG = "it_IT.UTF-8"
    are supported and installed on your system.
perl: warning: Falling back to the standard locale ("C").
cp lib/Test2/Compare/Custom.pm blib/lib/Test2/Compare/Custom.pm
cp lib/Test2/Compare/Base.pm blib/lib/Test2/Compare/Base.pm
cp lib/Test2/Plugin/Times.pm blib/lib/Test2/Plugin/Times.pm
cp lib/Test2/Compare/Pattern.pm blib/lib/Test2/Compare/Pattern.pm
cp lib/Test2/Compare/Hash.pm blib/lib/Test2/Compare/Hash.pm
cp lib/Test2/Event/Times.pm blib/lib/Test2/Event/Times.pm
cp lib/Test2/Compare/Meta.pm blib/lib/Test2/Compare/Meta.pm
cp lib/Test2/Compare/Object.pm blib/lib/Test2/Compare/Object.pm
cp lib/Test2/Require/Fork.pm blib/lib/Test2/Require/Fork.pm
cp lib/Test2/Plugin/DieOnFail.pm blib/lib/Test2/Plugin/DieOnFail.pm
cp lib/Test2/Require.pm blib/lib/Test2/Require.pm
cp lib/Test2/Compare/Regex.pm blib/lib/Test2/Compare/Regex.pm
cp lib/Test2/Plugin/BailOnFail.pm blib/lib/Test2/Plugin/BailOnFail.pm
cp lib/Test2/Plugin/UTF8.pm blib/lib/Test2/Plugin/UTF8.pm
cp lib/Test2/Compare/Set.pm blib/lib/Test2/Compare/Set.pm
cp lib/Test2/Bundle/More.pm blib/lib/Test2/Bundle/More.pm
cp lib/Test2/Compare/Array.pm blib/lib/Test2/Compare/Array.pm
cp lib/Test2/Compare/Bag.pm blib/lib/Test2/Compare/Bag.pm
cp lib/Test2/Compare/DeepRef.pm blib/lib/Test2/Compare/DeepRef.pm
cp lib/Test2/Compare/String.pm blib/lib/Test2/Compare/String.pm
cp lib/Test2/Compare.pm blib/lib/Test2/Compare.pm
cp lib/Test2/Compare/Undef.pm blib/lib/Test2/Compare/Undef.pm
cp lib/Test2/Bundle/Extended.pm blib/lib/Test2/Bundle/Extended.pm
cp lib/Test2/Compare/Bool.pm blib/lib/Test2/Compare/Bool.pm
cp lib/Test2/Compare/Ref.pm blib/lib/Test2/Compare/Ref.pm
cp lib/Test2/Compare/Number.pm blib/lib/Test2/Compare/Number.pm
cp lib/Test2/Plugin/ExitSummary.pm blib/lib/Test2/Plugin/ExitSummary.pm
cp lib/Test2/Compare/Negatable.pm blib/lib/Test2/Compare/Negatable.pm
cp lib/Test2/Compare/Event.pm blib/lib/Test2/Compare/Event.pm
cp lib/Test2/Plugin.pm blib/lib/Test2/Plugin.pm
cp lib/Test2/Compare/Wildcard.pm blib/lib/Test2/Compare/Wildcard.pm
cp lib/Test2/Compare/OrderedSubset.pm blib/lib/Test2/Compare/OrderedSubset.pm
cp lib/Test2/Compare/EventMeta.pm blib/lib/Test2/Compare/EventMeta.pm
cp lib/Test2/Plugin/SRand.pm blib/lib/Test2/Plugin/SRand.pm
cp lib/Test2/Mock.pm blib/lib/Test2/Mock.pm
cp lib/Test2/Bundle/Simple.pm blib/lib/Test2/Bundle/Simple.pm
cp lib/Test2/Require/AuthorTesting.pm blib/lib/Test2/Require/AuthorTesting.pm
cp lib/Test2/Require/EnvVar.pm blib/lib/Test2/Require/EnvVar.pm
cp lib/Test2/Compare/Delta.pm blib/lib/Test2/Compare/Delta.pm
cp lib/Test2/Compare/Scalar.pm blib/lib/Test2/Compare/Scalar.pm
cp lib/Test2/Bundle.pm blib/lib/Test2/Bundle.pm
perl: warning: Setting locale failed.
perl: warning: Please check that your locale settings:
	LANGUAGE = (unset),
	LC_ALL = (unset),
	LC_COLLATE = "C",
	LC_MESSAGES = "C",
	LANG = "it_IT.UTF-8"
    are supported and installed on your system.
perl: warning: Falling back to the standard locale ("C").
cp lib/Test2/Util/Table/LineBreak.pm blib/lib/Test2/Util/Table/LineBreak.pm
cp lib/Test2/Tools/Target.pm blib/lib/Test2/Tools/Target.pm
cp lib/Test2/Tools/Basic.pm blib/lib/Test2/Tools/Basic.pm
cp lib/Test2/Tools.pm blib/lib/Test2/Tools.pm
cp lib/Test2/Util/Grabber.pm blib/lib/Test2/Util/Grabber.pm
cp lib/Test2/Tools/Event.pm blib/lib/Test2/Tools/Event.pm
cp lib/Test2/Tools/Exception.pm blib/lib/Test2/Tools/Exception.pm
cp lib/Test2/Require/Perl.pm blib/lib/Test2/Require/Perl.pm
cp lib/Test2/Tools/Warnings.pm blib/lib/Test2/Tools/Warnings.pm
cp lib/Test2/Tools/Encoding.pm blib/lib/Test2/Tools/Encoding.pm
cp lib/Test2/Todo.pm blib/lib/Test2/Todo.pm
cp lib/Test2/Require/Threads.pm blib/lib/Test2/Require/Threads.pm
cp lib/Test2/Require/Module.pm blib/lib/Test2/Require/Module.pm
cp lib/Test2/Tools/Subtest.pm blib/lib/Test2/Tools/Subtest.pm
cp lib/Test2/Util/Ref.pm blib/lib/Test2/Util/Ref.pm
cp lib/Test2/Require/RealFork.pm blib/lib/Test2/Require/RealFork.pm
cp lib/Test2/Tools/Exports.pm blib/lib/Test2/Tools/Exports.pm
cp lib/Test2/Tools/Compare.pm blib/lib/Test2/Tools/Compare.pm
cp lib/Test2/Util/Times.pm blib/lib/Test2/Util/Times.pm
cp lib/Test2/Tools/Mock.pm blib/lib/Test2/Tools/Mock.pm
cp lib/Test2/Tools/Class.pm blib/lib/Test2/Tools/Class.pm
cp lib/Test2/Util/Table/Cell.pm blib/lib/Test2/Util/Table/Cell.pm
cp lib/Test2/Util/Stash.pm blib/lib/Test2/Util/Stash.pm
cp lib/Test2/Tools/GenTemp.pm blib/lib/Test2/Tools/GenTemp.pm
cp lib/Test2/V0.pm blib/lib/Test2/V0.pm
cp lib/Test2/Tools/Ref.pm blib/lib/Test2/Tools/Ref.pm
cp lib/Test2/Util/Table.pm blib/lib/Test2/Util/Table.pm
cp lib/Test2/Suite.pm blib/lib/Test2/Suite.pm
cp lib/Test2/Tools/ClassicCompare.pm blib/lib/Test2/Tools/ClassicCompare.pm
cp lib/Test2/Tools/Grab.pm blib/lib/Test2/Tools/Grab.pm
cp lib/Test2/Tools/Defer.pm blib/lib/Test2/Tools/Defer.pm
cp lib/Test2/Util/Term.pm blib/lib/Test2/Util/Term.pm
cp lib/Test2/Util/Sub.pm blib/lib/Test2/Util/Sub.pm
>>> Source compiled.
>>> Test phase: dev-perl/Test2-Suite-0.0.77
 [32;01m*[0m Test::Harness Jobs=12
make -j12 test TEST_VERBOSE=0 
PERL_DL_NONLAZY=1 "/usr/bin/perl" "-MExtUtils::Command::MM" "-MTest::Harness" "-e" "undef *Test::Harness::Switches; test_harness(0, 'blib/lib', 'blib/arch')" t/*.t t/modules/*.t t/modules/Bundle/*.t t/modules/Compare/*.t t/modules/Plugin/*.t t/modules/Require/*.t t/modules/Tools/*.t t/modules/Util/*.t t/modules/Util/Table/*.t t/regression/*.t
perl: warning: Setting locale failed.
perl: warning: Please check that your locale settings:
	LANGUAGE = (unset),
	LC_ALL = (unset),
	LC_COLLATE = "C",
	LC_MESSAGES = "C",
	LANG = "it_IT.UTF-8"
    are supported and installed on your system.
perl: warning: Falling back to the standard locale ("C").
perl: warning: Setting locale failed.
perl: warning: Please check that your locale settings:
	LANGUAGE = (unset),
	LC_ALL = (unset),
	LC_COLLATE = "C",
	LC_MESSAGES = "C",
	LANG = "it_IT.UTF-8"
    are supported and installed on your system.
perl: warning: Falling back to the standard locale ("C").
perl: warning: Setting locale failed.
perl: warning: Please check that your locale settings:
	LANGUAGE = (unset),
	LC_ALL = (unset),
	LC_COLLATE = "C",
	LC_MESSAGES = "C",
	LANG = "it_IT.UTF-8"
    are supported and installed on your system.
perl: warning: Falling back to the standard locale ("C").
# 
# DIAGNOSTICS INFO IN CASE OF FAILURE:
# +------+----------+
# | perl | 5.030002 |
# +------+----------+
# +-----------------+-----------+
# | CAPABILITY      | SUPPORTED |
# +-----------------+-----------+
# | CAN_FORK        | Yes       |
# | CAN_REALLY_FORK | Yes       |
# | CAN_THREAD      | No        |
# +-----------------+-----------+
# +---------------+----------+
# | DEPENDENCY    | VERSION  |
# +---------------+----------+
# | B             | 1.76     |
# | Carp          | 1.50     |
# | File::Spec    | 3.78     |
# | File::Temp    | 0.2309   |
# | PerlIO        | 1.10     |
# | Scalar::Util  | 1.5      |
# | Storable      | 3.15     |
# | Term::Table   | 0.008    |
# | Test2         | 1.302162 |
# | Test::Harness | 3.42     |
# | overload      | 1.30     |
# | utf8          | 1.22     |
# +---------------+----------+
# +--------------------+---------+
# | OPTIONAL           | VERSION |
# +--------------------+---------+
# | Term::ReadKey      | N/A     |
# | Term::Size::Any    | N/A     |
# | Unicode::GCString  | N/A     |
# | Unicode::LineBreak | N/A     |
# +--------------------+---------+
===(       1;0  1/?  0/?  0/?  0/?  0/?  0/?  0/?  0/?  0/?  0/?... )===perl: warning: Setting locale failed.
perl: warning: Please check that your locale settings:
	LANGUAGE = (unset),
	LC_ALL = (unset),
	LC_COLLATE = "C",
	LC_MESSAGES = "C",
	LANG = "it_IT.UTF-8"
    are supported and installed on your system.
perl: warning: Falling back to the standard locale ("C").
===(       2;0  1/?  1/?  0/?  0/?  0/?  0/?  0/?  0/?  0/?  0/?... )===perl: warning: Setting locale failed.
perl: warning: Please check that your locale settings:
	LANGUAGE = (unset),
	LC_ALL = (unset),
	LC_COLLATE = "C",
	LC_MESSAGES = "C",
	LANG = "it_IT.UTF-8"
    are supported and installed on your system.
perl: warning: Falling back to the standard locale ("C").
===(       3;0  1/?  1/?  1/?  0/?  0/?  0/?  0/?  0/?  0/?  0/?... )======(       4;0  1/?  1/?  1/?  1/?  0/?  0/?  0/?  0/?  0/?  0/?... )======(       5;0  1/?  1/?  1/?  1/?  1/?  0/?  0/?  0/?  0/?  0/?... )===perl: warning: Setting locale failed.
perl: warning: Please check that your locale settings:
	LANGUAGE = (unset),
	LC_ALL = (unset),
	LC_COLLATE = "C",
	LC_MESSAGES = "C",
	LANG = "it_IT.UTF-8"
    are supported and installed on your system.
perl: warning: Falling back to the standard locale ("C").
===(       6;0  1/?  1/?  1/?  1/?  1/?  1/?  0/?  0/?  0/?  0/?... )======(       7;0  1/?  1/?  1/?  1/?  1/?  1/?  1/?  0/?  0/?  0/?... )======(       8;0  1/?  1/?  1/?  1/?  1/?  1/?  1/?  1/?  0/?  0/?... )===perl: warning: Setting locale failed.
perl: warning: Please check that your locale settings:
	LANGUAGE = (unset),
	LC_ALL = (unset),
	LC_COLLATE = "C",
	LC_MESSAGES = "C",
	LANG = "it_IT.UTF-8"
    are supported and installed on your system.
perl: warning: Falling back to the standard locale ("C").
===(       9;0  1/?  1/?  1/?  1/?  1/?  1/?  1/?  1/?  1/?  0/?... )======(      10;0  1/?  1/?  1/?  1/?  1/?  1/?  1/?  1/?  1/?  1/?... )======(      11;0  1/?  1/?  1/?  1/?  1/?  1/?  1/?  1/?  1/?  1/?... )===                                                                        t/00-report.t ................................... ok
===(      11;0  1/1  1/?  1/?  1/?  1/?  1/?  1/?  1/?  1/?  1/?... )===                                                                        t/modules/Bundle.t .............................. ok
===(      11;0  1/?  1/?  1/?  1/?  1/?  1/?  1/?  1/?  1/?  0/?... )===perl: warning: Setting locale failed.
perl: warning: Please check that your locale settings:
	LANGUAGE = (unset),
	LC_ALL = (unset),
	LC_COLLATE = "C",
	LC_MESSAGES = "C",
	LANG = "it_IT.UTF-8"
    are supported and installed on your system.
perl: warning: Falling back to the standard locale ("C").
===(      28;0  3/?  2/2  2/2  3/?  3/?  3/?  3/?  3/?  3/?  0/?... )======(      29;0  3/?  2/2  2/2  3/?  3/?  3/?  3/?  3/?  3/?  1/?... )======(      31;0  3/?  2/2  2/2  3/?  3/?  3/?  3/?  3/?  3/?  1/?... )===perl: warning: Setting locale failed.
perl: warning: Please check that your locale settings:
	LANGUAGE = (unset),
	LC_ALL = (unset),
	LC_COLLATE = "C",
	LC_MESSAGES = "C",
	LANG = "it_IT.UTF-8"
    are supported and installed on your system.
perl: warning: Falling back to the standard locale ("C").
                                                                        t/modules/Bundle/More.t ......................... ok
===(      33;0  4/?  2/2  3/?  3/?  3/?  3/?  3/?  3/?  1/?  2/?... )===perl: warning: Setting locale failed.
perl: warning: Please check that your locale settings:
	LANGUAGE = (unset),
	LC_ALL = (unset),
	LC_COLLATE = "C",
	LC_MESSAGES = "C",
	LANG = "it_IT.UTF-8"
    are supported and installed on your system.
perl: warning: Falling back to the standard locale ("C").
                                                                        t/modules/Bundle/Simple.t ....................... ok
===(      36;0  4/?  3/?  3/?  3/?  3/?  3/?  3/?  1/?  3/?  4/?... )===perl: warning: Setting locale failed.
perl: warning: Please check that your locale settings:
	LANGUAGE = (unset),
	LC_ALL = (unset),
	LC_COLLATE = "C",
	LC_MESSAGES = "C",
	LANG = "it_IT.UTF-8"
    are supported and installed on your system.
perl: warning: Falling back to the standard locale ("C").
===(      40;1  4/?  3/?  3/?  3/?  3/?  3/?  3/?  1/?  4/?  6/?... )======(      53;1  4/?  5/?  3/?  3/?  5/?  4/4  5/?  3/?  6/?  7/7... )===perl: warning: Setting locale failed.
perl: warning: Please check that your locale settings:
	LANGUAGE = (unset),
	LC_ALL = (unset),
	LC_COLLATE = "C",
	LC_MESSAGES = "C",
	LANG = "it_IT.UTF-8"
    are supported and installed on your system.
perl: warning: Falling back to the standard locale ("C").
                                                                        t/modules/Compare/Bool.t ........................ ok
===(      57;1  5/?  7/?  3/?  3/?  6/?  5/?  3/?  6/?  7/7  1/?... )===perl: warning: Setting locale failed.
perl: warning: Please check that your locale settings:
	LANGUAGE = (unset),
	LC_ALL = (unset),
	LC_COLLATE = "C",
	LC_MESSAGES = "C",
	LANG = "it_IT.UTF-8"
    are supported and installed on your system.
perl: warning: Falling back to the standard locale ("C").
                                                                        t/modules/Compare/EventMeta.t ................... ok
===(      58;1  5/?  7/?  3/?  3/?  6/?  5/?  3/?  7/?  1/?  1/?... )===perl: warning: Setting locale failed.
perl: warning: Please check that your locale settings:
	LANGUAGE = (unset),
	LC_ALL = (unset),
	LC_COLLATE = "C",
	LC_MESSAGES = "C",
	LANG = "it_IT.UTF-8"
    are supported and installed on your system.
perl: warning: Falling back to the standard locale ("C").
===(      65;1  5/?  9/?  3/?  4/?  8/?  6/?  3/?  7/7  1/?  1/?... )===                                                                        t/modules/Compare/Event.t ....................... ok
===(      67;1  5/?  9/?  3/?  4/?  8/?  7/?  4/?  1/?  1/?  1/?... )======(      68;1  5/?  9/?  3/?  4/?  8/?  7/?  4/?  1/?  1/?  1/?... )===perl: warning: Setting locale failed.
perl: warning: Please check that your locale settings:
	LANGUAGE = (unset),
	LC_ALL = (unset),
	LC_COLLATE = "C",
	LC_MESSAGES = "C",
	LANG = "it_IT.UTF-8"
    are supported and installed on your system.
perl: warning: Falling back to the standard locale ("C").
===(      87;1  6/?  13/?  3/?  4/?  12/?  10/10  7/?  2/?  1/? ... )===perl: warning: Setting locale failed.
perl: warning: Please check that your locale settings:
	LANGUAGE = (unset),
	LC_ALL = (unset),
	LC_COLLATE = "C",
	LC_MESSAGES = "C",
	LANG = "it_IT.UTF-8"
    are supported and installed on your system.
perl: warning: Falling back to the standard locale ("C").
                                                                        t/modules/Compare/Custom.t ...................... ok
===(      93;1  6/?  15/?  3/?  4/?  13/13  8/?  2/?  2/?  3/?  ... )===                                                                        t/modules/Compare/Base.t ........................ ok
===(      96;1  6/?  17/?  3/?  4/?  8/?  2/?  2/?  3/?  1/?  3/... )===perl: warning: Setting locale failed.
perl: warning: Please check that your locale settings:
	LANGUAGE = (unset),
	LC_ALL = (unset),
	LC_COLLATE = "C",
	LC_MESSAGES = "C",
	LANG = "it_IT.UTF-8"
    are supported and installed on your system.
perl: warning: Falling back to the standard locale ("C").
===(     103;1  7/?  17/?  4/?  5/?  9/?  3/?  2/?  4/?  1/?  3/... )======(     105;1  7/?  17/?  4/?  5/?  9/?  3/?  2/?  4/?  1/?  3/... )===perl: warning: Setting locale failed.
perl: warning: Please check that your locale settings:
	LANGUAGE = (unset),
	LC_ALL = (unset),
	LC_COLLATE = "C",
	LC_MESSAGES = "C",
	LANG = "it_IT.UTF-8"
    are supported and installed on your system.
perl: warning: Falling back to the standard locale ("C").
                                                                        t/modules/Compare/Meta.t ........................ ok
===(     125;1  8/8  17/?  4/?  6/?  10/?  3/?  5/?  2/?  4/?  8... )===                                                                        t/modules/Bundle/Extended.t ..................... ok
===(     126;1  17/?  4/?  6/?  10/?  3/?  5/?  3/?  4/?  8/?  8... )===perl: warning: Setting locale failed.
perl: warning: Please check that your locale settings:
	LANGUAGE = (unset),
	LC_ALL = (unset),
	LC_COLLATE = "C",
	LC_MESSAGES = "C",
	LANG = "it_IT.UTF-8"
    are supported and installed on your system.
perl: warning: Falling back to the standard locale ("C").
===(     130;1  17/?  5/?  6/?  10/?  3/?  5/?  3/?  4/?  9/?  9... )===perl: warning: Setting locale failed.
perl: warning: Please check that your locale settings:
	LANGUAGE = (unset),
	LC_ALL = (unset),
	LC_COLLATE = "C",
	LC_MESSAGES = "C",
	LANG = "it_IT.UTF-8"
    are supported and installed on your system.
perl: warning: Falling back to the standard locale ("C").
===(     136;1  17/?  5/?  6/?  10/?  4/?  5/?  3/?  4/?  11/?  ... )===perl: warning: Setting locale failed.
perl: warning: Please check that your locale settings:
	LANGUAGE = (unset),
	LC_ALL = (unset),
	LC_COLLATE = "C",
	LC_MESSAGES = "C",
	LANG = "it_IT.UTF-8"
    are supported and installed on your system.
perl: warning: Falling back to the standard locale ("C").
                                                                        t/modules/Compare/Ref.t ......................... ok
===(     141;1  17/?  5/?  6/?  10/?  4/?  5/?  3/?  4/?  13/?  ... )===perl: warning: Setting locale failed.
perl: warning: Please check that your locale settings:
	LANGUAGE = (unset),
	LC_ALL = (unset),
	LC_COLLATE = "C",
	LC_MESSAGES = "C",
	LANG = "it_IT.UTF-8"
    are supported and installed on your system.
perl: warning: Falling back to the standard locale ("C").
                                                                        t/modules/Compare/Bag.t ......................... ok
===(     146;1  17/?  5/?  10/?  4/?  5/?  3/?  5/?  14/?  4/?  ... )===perl: warning: Setting locale failed.
perl: warning: Please check that your locale settings:
	LANGUAGE = (unset),
	LC_ALL = (unset),
	LC_COLLATE = "C",
	LC_MESSAGES = "C",
	LANG = "it_IT.UTF-8"
    are supported and installed on your system.
perl: warning: Falling back to the standard locale ("C").
===(     154;1  17/?  6/?  10/?  4/?  5/?  4/?  5/?  15/?  6/?  ... )======(     161;1  17/?  6/?  10/?  5/?  5/?  4/?  5/?  17/?  7/?  ... )===                                                                        t/modules/Compare/Pattern.t ..................... ok
===(     166;1  17/?  6/?  11/?  5/?  5/?  4/?  6/?  8/?  9/?  1... )===                                                                        t/modules/Compare/Scalar.t ...................... ok
===(     171;1  17/?  6/?  11/?  5/?  5/?  4/?  6/?  10/?  1/?  ... )===perl: warning: Setting locale failed.
perl: warning: Please check that your locale settings:
	LANGUAGE = (unset),
	LC_ALL = (unset),
	LC_COLLATE = "C",
	LC_MESSAGES = "C",
	LANG = "it_IT.UTF-8"
    are supported and installed on your system.
perl: warning: Falling back to the standard locale ("C").
===(     177;1  17/?  7/?  11/?  5/?  5/?  5/?  6/?  12/?  1/?  ... )===perl: warning: Setting locale failed.
perl: warning: Please check that your locale settings:
	LANGUAGE = (unset),
	LC_ALL = (unset),
	LC_COLLATE = "C",
	LC_MESSAGES = "C",
	LANG = "it_IT.UTF-8"
    are supported and installed on your system.
perl: warning: Falling back to the standard locale ("C").
===(     179;1  17/?  7/?  11/?  5/5  5/?  5/?  6/6  12/12  1/? ... )===                                                                        t/modules/Compare/Regex.t ....................... ok
===(     179;1  17/?  7/?  11/?  5/5  5/?  5/?  6/6  1/?  5/?  2... )===                                                                        t/modules/Compare/OrderedSubset.t ............... ok
===(     179;1  17/?  7/?  11/?  5/5  5/?  5/?  1/?  5/?  2/?  1... )===                                                                        t/modules/Compare/Hash.t ........................ ok
===(     179;1  17/?  7/?  11/?  5/?  5/?  1/?  5/?  2/?  1/?  0... )===perl: warning: Setting locale failed.
perl: warning: Please check that your locale settings:
	LANGUAGE = (unset),
	LC_ALL = (unset),
	LC_COLLATE = "C",
	LC_MESSAGES = "C",
	LANG = "it_IT.UTF-8"
    are supported and installed on your system.
perl: warning: Falling back to the standard locale ("C").
===(     183;1  17/?  7/?  11/?  5/?  5/?  1/?  5/?  3/?  3/?  1... )======(     184;1  17/?  7/?  11/?  5/?  5/?  1/?  5/?  3/?  3/?  1... )===perl: warning: Setting locale failed.
perl: warning: Please check that your locale settings:
	LANGUAGE = (unset),
	LC_ALL = (unset),
	LC_COLLATE = "C",
	LC_MESSAGES = "C",
	LANG = "it_IT.UTF-8"
    are supported and installed on your system.
perl: warning: Falling back to the standard locale ("C").
===(     186;1  17/?  7/?  11/?  5/?  5/?  1/?  5/?  3/?  4/?  1... )===perl: warning: Setting locale failed.
perl: warning: Please check that your locale settings:
	LANGUAGE = (unset),
	LC_ALL = (unset),
	LC_COLLATE = "C",
	LC_MESSAGES = "C",
	LANG = "it_IT.UTF-8"
    are supported and installed on your system.
perl: warning: Falling back to the standard locale ("C").
                                                                        t/modules/Plugin.t .............................. ok
===(     190;1  17/17  7/?  11/?  6/?  6/?  1/?  6/?  3/?  5/?  ... )===                                                                        t/modules/Compare.t ............................. ok
===(     192;1  7/?  11/?  7/?  6/?  1/?  6/?  3/?  5/5  1/?  2/... )===                                                                        t/modules/Compare/Wildcard.t .................... ok
===(     192;1  7/?  11/?  7/?  6/?  1/?  6/?  3/?  1/?  2/2  0/... )===                                                                        t/modules/Plugin/BailOnFail.t ................... ok
===(     192;1  7/?  11/?  7/?  6/?  1/?  6/?  3/?  1/?  0/?  0/... )===perl: warning: Setting locale failed.
perl: warning: Please check that your locale settings:
	LANGUAGE = (unset),
	LC_ALL = (unset),
	LC_COLLATE = "C",
	LC_MESSAGES = "C",
	LANG = "it_IT.UTF-8"
    are supported and installed on your system.
perl: warning: Falling back to the standard locale ("C").
===(     196;1  7/?  11/?  8/?  7/?  1/?  6/?  4/?  1/?  0/?  1/... )===perl: warning: Setting locale failed.
perl: warning: Please check that your locale settings:
	LANGUAGE = (unset),
	LC_ALL = (unset),
	LC_COLLATE = "C",
	LC_MESSAGES = "C",
	LANG = "it_IT.UTF-8"
    are supported and installed on your system.
perl: warning: Falling back to the standard locale ("C").
perl: warning: Setting locale failed.
perl: warning: Please check that your locale settings:
	LANGUAGE = (unset),
	LC_ALL = (unset),
	LC_COLLATE = "C",
	LC_MESSAGES = "C",
	LANG = "it_IT.UTF-8"
    are supported and installed on your system.
perl: warning: Falling back to the standard locale ("C").
===(     199;1  8/?  12/?  8/8  7/?  1/?  6/?  4/?  1/?  1/?  1/... )======(     201;1  8/?  12/?  8/8  7/?  1/?  6/?  4/?  1/?  2/?  1/... )===                                                                        t/modules/Compare/Number.t ...................... ok
===(     202;1  8/?  12/?  7/?  2/?  6/?  4/?  1/?  2/?  1/?  1/... )======(     204;1  8/?  12/?  7/?  2/?  6/?  4/?  1/?  3/?  1/?  1/... )===perl: warning: Setting locale failed.
perl: warning: Please check that your locale settings:
	LANGUAGE = (unset),
	LC_ALL = (unset),
	LC_COLLATE = "C",
	LC_MESSAGES = "C",
	LANG = "it_IT.UTF-8"
    are supported and installed on your system.
perl: warning: Falling back to the standard locale ("C").
                                                                        t/modules/Plugin/DieOnFail.t .................... ok
===(     214;1  8/?  12/?  7/7  2/?  6/?  4/?  1/?  5/?  4/?  3/... )===perl: warning: Setting locale failed.
perl: warning: Please check that your locale settings:
	LANGUAGE = (unset),
	LC_ALL = (unset),
	LC_COLLATE = "C",
	LC_MESSAGES = "C",
	LANG = "it_IT.UTF-8"
    are supported and installed on your system.
perl: warning: Falling back to the standard locale ("C").
                                                                        t/modules/Compare/Object.t ...................... ok
===(     214;1  8/?  12/?  2/?  6/?  4/?  1/?  5/?  4/?  3/3  0/... )===perl: warning: Setting locale failed.
perl: warning: Please check that your locale settings:
	LANGUAGE = (unset),
	LC_ALL = (unset),
	LC_COLLATE = "C",
	LC_MESSAGES = "C",
	LANG = "it_IT.UTF-8"
    are supported and installed on your system.
perl: warning: Falling back to the standard locale ("C").
                                                                        t/modules/Plugin/Times.t ........................ ok
===(     214;1  8/?  12/?  2/?  6/?  4/?  1/?  5/?  4/?  0/?  0/... )======(     218;1  8/?  12/?  2/?  6/?  5/?  2/?  5/?  5/?  1/?  0/... )===perl: warning: Setting locale failed.
perl: warning: Please check that your locale settings:
	LANGUAGE = (unset),
	LC_ALL = (unset),
	LC_COLLATE = "C",
	LC_MESSAGES = "C",
	LANG = "it_IT.UTF-8"
    are supported and installed on your system.
perl: warning: Falling back to the standard locale ("C").
===(     221;1  8/?  12/?  2/?  6/?  5/?  2/?  6/6  6/?  1/?  0/... )======(     223;1  8/?  12/?  3/?  6/?  5/?  2/?  6/6  6/?  1/?  1/... )===                                                                        t/modules/Plugin/ExitSummary.t .................. ok
===(     227;1  8/?  12/?  3/?  6/?  5/?  2/?  7/?  2/?  2/?  2/... )======(     229;1  8/?  12/?  3/?  6/?  5/?  2/?  7/?  2/?  3/?  2/... )===                                                                        t/modules/Require/AuthorTesting.t ............... ok
===(     232;1  8/?  12/?  3/?  6/?  5/?  2/?  8/?  3/?  3/?  2/... )===perl: warning: Setting locale failed.
perl: warning: Please check that your locale settings:
	LANGUAGE = (unset),
	LC_ALL = (unset),
	LC_COLLATE = "C",
	LC_MESSAGES = "C",
	LANG = "it_IT.UTF-8"
    are supported and installed on your system.
perl: warning: Falling back to the standard locale ("C").
===(     236;1  8/?  12/?  3/?  6/?  5/?  2/?  9/?  3/?  4/?  3/... )===perl: warning: Setting locale failed.
perl: warning: Please check that your locale settings:
	LANGUAGE = (unset),
	LC_ALL = (unset),
	LC_COLLATE = "C",
	LC_MESSAGES = "C",
	LANG = "it_IT.UTF-8"
    are supported and installed on your system.
perl: warning: Falling back to the standard locale ("C").
                                                                        t/modules/Require.t ............................. ok
===(     239;1  8/8  12/?  3/?  6/?  5/?  3/?  10/?  4/?  3/3  1... )======(     240;1  8/8  12/?  3/?  6/?  5/?  3/?  10/?  4/?  3/3  1... )===perl: warning: Setting locale failed.
perl: warning: Please check that your locale settings:
	LANGUAGE = (unset),
	LC_ALL = (unset),
	LC_COLLATE = "C",
	LC_MESSAGES = "C",
	LANG = "it_IT.UTF-8"
    are supported and installed on your system.
perl: warning: Falling back to the standard locale ("C").
                                                                        t/modules/Require/EnvVar.t ...................... ok
===(     240;1  8/8  12/?  3/?  6/?  5/?  3/?  10/?  4/?  1/?  1... )===perl: warning: Setting locale failed.
perl: warning: Please check that your locale settings:
	LANGUAGE = (unset),
	LC_ALL = (unset),
	LC_COLLATE = "C",
	LC_MESSAGES = "C",
	LANG = "it_IT.UTF-8"
    are supported and installed on your system.
perl: warning: Falling back to the standard locale ("C").
                                                                        t/modules/Compare/Array.t ....................... ok
===(     245;1  12/?  4/?  6/?  5/?  3/?  11/?  5/?  2/?  2/?  0... )===perl: warning: Setting locale failed.
perl: warning: Please check that your locale settings:
	LANGUAGE = (unset),
	LC_ALL = (unset),
	LC_COLLATE = "C",
	LC_MESSAGES = "C",
	LANG = "it_IT.UTF-8"
    are supported and installed on your system.
perl: warning: Falling back to the standard locale ("C").
===(     248;1  12/?  4/?  6/?  5/?  3/?  12/?  5/5  2/2  3/?  0... )===                                                                        t/modules/Require/Fork.t ........................ ok
===(     248;1  12/?  4/?  6/?  5/?  3/?  12/?  5/5  3/?  0/?  1... )======(     249;1  12/?  4/?  6/?  5/?  3/?  12/?  5/5  3/?  1/?  1... )===                                                                        t/modules/Plugin/UTF8.t ......................... ok
===(     252;1  12/?  4/?  6/?  5/?  3/?  13/?  4/?  1/?  2/?  0... )======(     255;1  12/?  4/?  6/?  5/?  3/?  14/?  4/4  2/?  2/2  1... )===                                                                        t/modules/Require/RealFork.t .................... ok
===(     255;1  12/?  4/?  6/?  5/?  3/?  14/?  4/4  2/?  1/?  0... )===perl: warning: Setting locale failed.
perl: warning: Please check that your locale settings:
	LANGUAGE = (unset),
	LC_ALL = (unset),
	LC_COLLATE = "C",
	LC_MESSAGES = "C",
	LANG = "it_IT.UTF-8"
    are supported and installed on your system.
perl: warning: Falling back to the standard locale ("C").
                                                                        t/modules/Require/Module.t ...................... ok
===(     255;1  12/?  4/?  6/?  5/?  3/?  14/?  2/2  1/?  0/?  0... )===perl: warning: Setting locale failed.
perl: warning: Please check that your locale settings:
	LANGUAGE = (unset),
	LC_ALL = (unset),
	LC_COLLATE = "C",
	LC_MESSAGES = "C",
	LANG = "it_IT.UTF-8"
    are supported and installed on your system.
perl: warning: Falling back to the standard locale ("C").
                                                                        t/modules/Require/Perl.t ........................ ok
===(     255;1  12/?  4/?  6/?  5/?  3/?  14/?  1/?  0/?  0/?  0... )===perl: warning: Setting locale failed.
perl: warning: Please check that your locale settings:
	LANGUAGE = (unset),
	LC_ALL = (unset),
	LC_COLLATE = "C",
	LC_MESSAGES = "C",
	LANG = "it_IT.UTF-8"
    are supported and installed on your system.
perl: warning: Falling back to the standard locale ("C").
===(     258;1  12/?  5/?  6/?  5/?  3/?  14/14  2/?  0/?  0/?  ... )======(     259;1  12/?  5/?  6/?  5/?  3/?  14/14  2/?  1/?  0/?  ... )===                                                                        t/modules/Plugin/SRand.t ........................ ok
===(     259;1  12/?  5/?  6/?  5/?  3/?  2/2  1/?  0/?  1/?  0/... )======(     260;1  12/?  5/?  6/?  5/?  3/?  2/2  1/?  0/?  1/?  0/... )======(     261;1  12/?  5/?  6/?  5/?  3/?  2/2  1/?  0/?  1/?  1/... )======(     262;1  12/?  5/?  6/?  5/?  3/?  2/2  1/?  1/?  1/1  1/... )===perl: warning: Setting locale failed.
perl: warning: Please check that your locale settings:
	LANGUAGE = (unset),
	LC_ALL = (unset),
	LC_COLLATE = "C",
	LC_MESSAGES = "C",
	LANG = "it_IT.UTF-8"
    are supported and installed on your system.
perl: warning: Falling back to the standard locale ("C").
                                                                        t/modules/Require/Threads.t ..................... ok
===(     263;1  12/?  5/?  6/?  5/?  3/?  2/?  1/?  1/1  1/?  1/... )===                                                                        t/modules/Tools.t ............................... ok
===(     265;1  12/?  5/?  6/?  5/?  3/?  2/?  1/?  2/?  2/?  0/... )===perl: warning: Setting locale failed.
perl: warning: Please check that your locale settings:
	LANGUAGE = (unset),
	LC_ALL = (unset),
	LC_COLLATE = "C",
	LC_MESSAGES = "C",
	LANG = "it_IT.UTF-8"
    are supported and installed on your system.
perl: warning: Falling back to the standard locale ("C").
                                                                        t/modules/Suite.t ............................... ok
===(     267;1  12/?  5/?  6/?  5/?  3/?  2/?  3/?  2/?  0/?  0/... )===perl: warning: Setting locale failed.
perl: warning: Please check that your locale settings:
	LANGUAGE = (unset),
	LC_ALL = (unset),
	LC_COLLATE = "C",
	LC_MESSAGES = "C",
	LANG = "it_IT.UTF-8"
    are supported and installed on your system.
perl: warning: Falling back to the standard locale ("C").
===(     271;1  12/?  5/?  6/?  5/?  3/?  3/?  4/?  3/?  0/?  0/... )======(     272;1  12/?  5/?  6/?  5/?  3/?  3/?  4/?  3/?  0/?  1/... )======(     273;1  12/?  5/?  6/?  5/?  3/?  3/?  4/?  3/?  1/?  1/... )===perl: warning: Setting locale failed.
perl: warning: Please check that your locale settings:
	LANGUAGE = (unset),
	LC_ALL = (unset),
	LC_COLLATE = "C",
	LC_MESSAGES = "C",
	LANG = "it_IT.UTF-8"
    are supported and installed on your system.
perl: warning: Falling back to the standard locale ("C").
                                                                        t/modules/Tools/Class.t ......................... ok
===(     275;1  12/?  5/?  6/?  5/?  3/?  4/?  5/?  1/?  1/?  1/... )======(     280;1  12/?  5/?  6/?  5/5  4/?  5/?  6/?  2/?  1/?  1/... )===perl: warning: Setting locale failed.
perl: warning: Please check that your locale settings:
	LANGUAGE = (unset),
	LC_ALL = (unset),
	LC_COLLATE = "C",
	LC_MESSAGES = "C",
	LANG = "it_IT.UTF-8"
    are supported and installed on your system.
perl: warning: Falling back to the standard locale ("C").
                                                                        t/modules/Tools/ClassicCompare2.t ............... ok
===(     281;1  12/?  5/?  6/?  5/5  4/?  5/?  6/?  2/?  1/?  2/... )===                                                                        t/modules/Compare/Undef.t ....................... ok
===(     282;1  12/?  5/?  6/?  4/?  5/?  6/?  3/?  1/?  2/?  0/... )===perl: warning: Setting locale failed.
perl: warning: Please check that your locale settings:
	LANGUAGE = (unset),
	LC_ALL = (unset),
	LC_COLLATE = "C",
	LC_MESSAGES = "C",
	LANG = "it_IT.UTF-8"
    are supported and installed on your system.
perl: warning: Falling back to the standard locale ("C").
===(     288;1  12/?  5/?  6/?  4/?  6/?  7/?  4/?  1/?  4/?  0/... )===perl: warning: Setting locale failed.
perl: warning: Please check that your locale settings:
	LANGUAGE = (unset),
	LC_ALL = (unset),
	LC_COLLATE = "C",
	LC_MESSAGES = "C",
	LANG = "it_IT.UTF-8"
    are supported and installed on your system.
perl: warning: Falling back to the standard locale ("C").
===(     292;1  12/?  5/?  6/?  4/?  7/?  8/?  5/?  1/?  4/?  1/... )======(     295;1  12/?  5/?  6/?  4/?  7/?  9/?  6/?  1/?  4/?  1/... )===                                                                        t/modules/Tools/Event.t ......................... ok
===(     313;1  12/?  5/?  7/?  4/?  10/?  11/?  8/?  2/?  8/?  ... )===                                                                        t/modules/Tools/Encoding.t ...................... ok
===(     325;1  12/?  5/?  7/?  5/?  12/?  13/?  10/?  2/?  10/?... )===perl: warning: Setting locale failed.
perl: warning: Please check that your locale settings:
	LANGUAGE = (unset),
	LC_ALL = (unset),
	LC_COLLATE = "C",
	LC_MESSAGES = "C",
	LANG = "it_IT.UTF-8"
    are supported and installed on your system.
perl: warning: Falling back to the standard locale ("C").
===(     332;2  12/?  5/?  7/?  5/?  13/?  14/?  11/?  2/?  12/?... )===perl: warning: Setting locale failed.
perl: warning: Please check that your locale settings:
	LANGUAGE = (unset),
	LC_ALL = (unset),
	LC_COLLATE = "C",
	LC_MESSAGES = "C",
	LANG = "it_IT.UTF-8"
    are supported and installed on your system.
perl: warning: Falling back to the standard locale ("C").
                                                                        t/modules/Tools/Basic.t ......................... ok
===(     343;2  13/?  5/?  7/?  5/?  15/?  14/?  2/?  13/13  8/?... )===perl: warning: Setting locale failed.
perl: warning: Please check that your locale settings:
	LANGUAGE = (unset),
	LC_ALL = (unset),
	LC_COLLATE = "C",
	LC_MESSAGES = "C",
	LANG = "it_IT.UTF-8"
    are supported and installed on your system.
perl: warning: Falling back to the standard locale ("C").
                                                                        t/modules/Tools/Defer.t ......................... ok
===(     346;2  13/?  5/?  7/?  5/?  16/?  15/?  2/?  9/?  2/?  ... )===perl: warning: Setting locale failed.
perl: warning: Please check that your locale settings:
	LANGUAGE = (unset),
	LC_ALL = (unset),
	LC_COLLATE = "C",
	LC_MESSAGES = "C",
	LANG = "it_IT.UTF-8"
    are supported and installed on your system.
perl: warning: Falling back to the standard locale ("C").
===(     353;2  13/?  5/?  7/?  6/?  16/16  17/?  2/?  10/?  4/?... )===perl: warning: Setting locale failed.
perl: warning: Please check that your locale settings:
	LANGUAGE = (unset),
	LC_ALL = (unset),
	LC_COLLATE = "C",
	LC_MESSAGES = "C",
	LANG = "it_IT.UTF-8"
    are supported and installed on your system.
perl: warning: Falling back to the standard locale ("C").
                                                                        t/modules/Todo.t ................................ ok
===(     353;2  13/?  5/?  7/?  6/?  17/?  2/?  10/?  4/?  0/?  ... )======(     354;2  13/?  5/?  7/?  6/?  17/?  2/?  10/?  4/?  1/?  ... )======(     357;2  13/?  5/?  7/?  6/?  18/?  2/?  10/10  4/?  1/? ... )===                                                                        t/modules/Tools/Exports.t ....................... ok
===(     358;2  13/?  5/?  7/?  6/?  18/?  2/?  10/10  1/?  2/? ... )===perl: warning: Setting locale failed.
perl: warning: Please check that your locale settings:
	LANGUAGE = (unset),
	LC_ALL = (unset),
	LC_COLLATE = "C",
	LC_MESSAGES = "C",
	LANG = "it_IT.UTF-8"
    are supported and installed on your system.
perl: warning: Falling back to the standard locale ("C").
                                                                        t/modules/Tools/Exception.t ..................... ok
===(     361;2  13/?  5/?  7/?  6/?  19/?  2/?  2/?  3/?  2/?  0... )===perl: warning: Setting locale failed.
perl: warning: Please check that your locale settings:
	LANGUAGE = (unset),
	LC_ALL = (unset),
	LC_COLLATE = "C",
	LC_MESSAGES = "C",
	LANG = "it_IT.UTF-8"
    are supported and installed on your system.
perl: warning: Falling back to the standard locale ("C").
===(     367;2  13/?  5/?  7/?  6/?  21/?  2/?  3/?  5/?  2/?  1... )======(     371;2  13/?  5/?  7/?  6/?  22/?  2/?  5/?  5/5  2/?  1... )===                                                                        t/modules/Tools/Grab.t .......................... ok
===(     373;2  13/?  5/?  7/?  6/?  23/?  2/?  5/?  2/?  2/?  0... )===perl: warning: Setting locale failed.
perl: warning: Please check that your locale settings:
	LANGUAGE = (unset),
	LC_ALL = (unset),
	LC_COLLATE = "C",
	LC_MESSAGES = "C",
	LANG = "it_IT.UTF-8"
    are supported and installed on your system.
perl: warning: Falling back to the standard locale ("C").
                                                                        t/modules/Tools/Ref.t ........................... ok
===(     383;2  13/?  5/?  7/?  6/?  26/?  2/?  8/?  2/?  0/?  4... )===perl: warning: Setting locale failed.
perl: warning: Please check that your locale settings:
	LANGUAGE = (unset),
	LC_ALL = (unset),
	LC_COLLATE = "C",
	LC_MESSAGES = "C",
	LANG = "it_IT.UTF-8"
    are supported and installed on your system.
perl: warning: Falling back to the standard locale ("C").
===(     388;2  13/?  5/?  7/?  7/?  28/?  2/?  9/?  2/?  0/?  4... )===perl: warning: Setting locale failed.
perl: warning: Please check that your locale settings:
	LANGUAGE = (unset),
	LC_ALL = (unset),
	LC_COLLATE = "C",
	LC_MESSAGES = "C",
	LANG = "it_IT.UTF-8"
    are supported and installed on your system.
perl: warning: Falling back to the standard locale ("C").
                                                                        t/modules/Tools/Target.t ........................ ok
===(     388;2  13/?  5/?  7/?  7/?  28/?  2/?  9/?  2/?  0/?  1... )===                                                                        t/modules/Compare/Set.t ......................... ok
===(     394;2  13/?  7/?  7/?  30/?  3/?  10/?  2/?  0/?  3/?  ... )======(     399;2  13/?  7/?  8/?  31/?  3/?  11/?  2/?  1/?  4/?  ... )======(     402;2  13/?  7/?  8/?  32/?  3/?  11/?  2/?  1/?  5/?  ... )===perl: warning: Setting locale failed.
perl: warning: Please check that your locale settings:
	LANGUAGE = (unset),
	LC_ALL = (unset),
	LC_COLLATE = "C",
	LC_MESSAGES = "C",
	LANG = "it_IT.UTF-8"
    are supported and installed on your system.
perl: warning: Falling back to the standard locale ("C").
===(     403;2  13/?  7/?  8/?  32/?  3/?  11/?  2/?  1/?  5/?  ... )===perl: warning: Setting locale failed.
perl: warning: Please check that your locale settings:
	LANGUAGE = (unset),
	LC_ALL = (unset),
	LC_COLLATE = "C",
	LC_MESSAGES = "C",
	LANG = "it_IT.UTF-8"
    are supported and installed on your system.
perl: warning: Falling back to the standard locale ("C").
===(     414;2  13/?  7/?  8/?  34/?  3/?  13/?  2/?  3/?  7/?  ... )===perl: warning: Setting locale failed.
perl: warning: Please check that your locale settings:
	LANGUAGE = (unset),
	LC_ALL = (unset),
	LC_COLLATE = "C",
	LC_MESSAGES = "C",
	LANG = "it_IT.UTF-8"
    are supported and installed on your system.
perl: warning: Falling back to the standard locale ("C").
                                                                        t/modules/Util/Grabber.t ........................ ok
===(     439;2  13/?  7/?  8/?  38/?  3/?  17/?  3/?  7/?  11/? ... )===perl: warning: Setting locale failed.
perl: warning: Please check that your locale settings:
	LANGUAGE = (unset),
	LC_ALL = (unset),
	LC_COLLATE = "C",
	LC_MESSAGES = "C",
	LANG = "it_IT.UTF-8"
    are supported and installed on your system.
perl: warning: Falling back to the standard locale ("C").
                                                                        t/modules/Tools/GenTemp.t ....................... ok
===(     450;2  13/?  8/8  8/?  39/?  4/?  3/?  9/?  12/12  7/? ... )===                                                                        t/modules/Tools/Warnings.t ...................... ok
===(     450;2  13/?  8/8  8/?  39/?  4/?  3/?  9/?  7/?  5/?  0... )===perl: warning: Setting locale failed.
perl: warning: Please check that your locale settings:
	LANGUAGE = (unset),
	LC_ALL = (unset),
	LC_COLLATE = "C",
	LC_MESSAGES = "C",
	LANG = "it_IT.UTF-8"
    are supported and installed on your system.
perl: warning: Falling back to the standard locale ("C").
                                                                        t/modules/Compare/String.t ...................... ok
===(     453;2  13/?  8/?  39/?  4/?  3/?  10/?  8/?  6/?  0/?  ... )===perl: warning: Setting locale failed.
perl: warning: Please check that your locale settings:
	LANGUAGE = (unset),
	LC_ALL = (unset),
	LC_COLLATE = "C",
	LC_MESSAGES = "C",
	LANG = "it_IT.UTF-8"
    are supported and installed on your system.
perl: warning: Falling back to the standard locale ("C").
===(     459;2  13/?  8/?  40/40  4/?  3/?  12/?  9/?  7/?  0/? ... )======(     461;2  13/?  8/?  40/40  4/?  3/?  12/?  9/?  8/?  1/? ... )======(     463;2  13/?  8/?  40/40  4/?  3/?  12/?  10/?  8/?  1/?... )===perl: warning: Setting locale failed.
perl: warning: Please check that your locale settings:
	LANGUAGE = (unset),
	LC_ALL = (unset),
	LC_COLLATE = "C",
	LC_MESSAGES = "C",
	LANG = "it_IT.UTF-8"
    are supported and installed on your system.
perl: warning: Falling back to the standard locale ("C").
                                                                        t/modules/Tools/ClassicCompare.t ................ ok
===(     463;2  13/?  8/?  4/?  3/?  12/?  10/?  8/?  1/?  1/?  ... )======(     469;2  13/?  8/?  4/?  3/?  13/?  11/?  9/?  2/?  2/?  ... )===perl: warning: Setting locale failed.
perl: warning: Please check that your locale settings:
	LANGUAGE = (unset),
	LC_ALL = (unset),
	LC_COLLATE = "C",
	LC_MESSAGES = "C",
	LANG = "it_IT.UTF-8"
    are supported and installed on your system.
perl: warning: Falling back to the standard locale ("C").
===(     479;2  13/?  8/?  4/?  3/?  16/?  13/?  11/?  4/?  2/? ... )===                                                                        t/modules/Tools/Subtest.t ....................... ok
===(     485;2  13/?  8/?  4/?  3/?  14/14  13/?  6/?  2/?  1/? ... )===                                                                        t/modules/Util/Ref.t ............................ ok
===(     486;2  13/?  8/?  4/?  3/?  13/?  6/?  2/?  1/?  1/?  3... )===perl: warning: Setting locale failed.
perl: warning: Please check that your locale settings:
	LANGUAGE = (unset),
	LC_ALL = (unset),
	LC_COLLATE = "C",
	LC_MESSAGES = "C",
	LANG = "it_IT.UTF-8"
    are supported and installed on your system.
perl: warning: Falling back to the standard locale ("C").
===(     489;2  13/?  8/?  4/?  3/?  14/?  6/6  2/?  1/?  1/?  4... )===perl: warning: Setting locale failed.
perl: warning: Please check that your locale settings:
	LANGUAGE = (unset),
	LC_ALL = (unset),
	LC_COLLATE = "C",
	LC_MESSAGES = "C",
	LANG = "it_IT.UTF-8"
    are supported and installed on your system.
perl: warning: Falling back to the standard locale ("C").
                                                                        t/modules/Util/Sub.t ............................ ok
===(     491;2  13/?  8/?  4/?  3/?  15/?  2/?  1/?  1/?  5/?  1... )======(     494;2  13/?  8/?  4/?  3/?  15/?  3/?  1/?  1/?  6/?  1... )===                                                                        t/modules/Util/Times.t .......................... ok
===(     498;2  13/?  8/?  4/?  3/?  17/?  3/?  1/?  1/?  3/?  1... )===perl: warning: Setting locale failed.
perl: warning: Please check that your locale settings:
	LANGUAGE = (unset),
	LC_ALL = (unset),
	LC_COLLATE = "C",
	LC_MESSAGES = "C",
	LANG = "it_IT.UTF-8"
    are supported and installed on your system.
perl: warning: Falling back to the standard locale ("C").
                                                                        t/regression/10-set_and_dne.t ................... ok
===(     498;2  13/?  8/?  4/?  3/?  17/?  3/?  1/?  1/?  3/?  0... )===perl: warning: Setting locale failed.
perl: warning: Please check that your locale settings:
	LANGUAGE = (unset),
	LC_ALL = (unset),
	LC_COLLATE = "C",
	LC_MESSAGES = "C",
	LANG = "it_IT.UTF-8"
    are supported and installed on your system.
perl: warning: Falling back to the standard locale ("C").
===(     502;2  13/?  9/?  4/?  3/?  18/?  3/?  1/?  1/?  4/?  0... )======(     504;2  13/?  9/?  4/?  3/?  19/?  3/?  1/?  1/?  4/?  1... )===                                                                        t/modules/Util/Table/Cell.t ..................... ok
===(     505;2  13/?  9/?  4/?  3/?  20/?  3/?  1/?  4/?  1/1  1... )===                                                                        t/regression/27-2-Test2-Tools-Compare.t ......... ok
===(     505;2  13/?  9/?  4/?  3/?  20/?  3/?  1/?  4/?  1/1  0... )======(     506;2  13/?  9/?  4/?  3/?  20/?  3/?  1/?  4/?  1/1  1... )===perl: warning: Setting locale failed.
perl: warning: Please check that your locale settings:
	LANGUAGE = (unset),
	LC_ALL = (unset),
	LC_COLLATE = "C",
	LC_MESSAGES = "C",
	LANG = "it_IT.UTF-8"
    are supported and installed on your system.
perl: warning: Falling back to the standard locale ("C").
                                                                        t/regression/27-1-Test2-Bundle-More.t ........... ok
===(     507;2  13/?  9/?  4/?  3/?  21/?  3/?  1/?  4/?  1/?  0... )===perl: warning: Setting locale failed.
perl: warning: Please check that your locale settings:
	LANGUAGE = (unset),
	LC_ALL = (unset),
	LC_COLLATE = "C",
	LC_MESSAGES = "C",
	LANG = "it_IT.UTF-8"
    are supported and installed on your system.
perl: warning: Falling back to the standard locale ("C").
===(     510;2  13/?  9/?  4/?  3/?  22/?  4/?  1/?  4/?  1/1  0... )======(     511;2  13/?  9/?  4/?  3/?  22/?  4/?  1/?  4/?  1/1  1... )===perl: warning: Setting locale failed.
perl: warning: Please check that your locale settings:
	LANGUAGE = (unset),
	LC_ALL = (unset),
	LC_COLLATE = "C",
	LC_MESSAGES = "C",
	LANG = "it_IT.UTF-8"
    are supported and installed on your system.
perl: warning: Falling back to the standard locale ("C").
                                                                        t/regression/27-3-Test2-Tools-ClassicCompare.t .. ok
===(     512;2  13/?  9/?  4/?  3/?  23/?  4/?  1/?  4/?  1/?  1... )======(     515;2  13/?  9/?  4/?  3/?  24/?  4/?  1/?  4/?  1/1  2... )===perl: warning: Setting locale failed.
perl: warning: Please check that your locale settings:
	LANGUAGE = (unset),
	LC_ALL = (unset),
	LC_COLLATE = "C",
	LC_MESSAGES = "C",
	LANG = "it_IT.UTF-8"
    are supported and installed on your system.
perl: warning: Falling back to the standard locale ("C").
                                                                        t/modules/Util/Table/LineBreak.t ................ ok
===(     516;2  13/?  9/?  4/?  3/?  24/?  4/?  5/?  1/1  2/?  1/? )====perl: warning: Setting locale failed.
perl: warning: Please check that your locale settings:
	LANGUAGE = (unset),
	LC_ALL = (unset),
	LC_COLLATE = "C",
	LC_MESSAGES = "C",
	LANG = "it_IT.UTF-8"
    are supported and installed on your system.
perl: warning: Falling back to the standard locale ("C").
                                                                        t/regression/43-bag-on-empty.t .................. ok
===(     516;2  13/?  9/?  4/?  3/?  24/?  4/?  5/?  2/?  1/? )=========perl: warning: Setting locale failed.
perl: warning: Please check that your locale settings:
	LANGUAGE = (unset),
	LC_ALL = (unset),
	LC_COLLATE = "C",
	LC_MESSAGES = "C",
	LANG = "it_IT.UTF-8"
    are supported and installed on your system.
perl: warning: Falling back to the standard locale ("C").
                                                                        t/regression/Test2-Tools-Class.t ................ ok
===(     523;2  13/?  9/?  4/?  3/?  27/?  4/?  5/?  5/? )==============                                                                        t/modules/Util/Stash.t .......................... ok
===(     526;2  13/?  9/?  5/?  3/?  5/?  5/?  6/6 )====================                                                                        t/regression/Test2-Mock.t ....................... ok
===(     526;2  13/?  9/?  5/?  3/?  5/?  5/? )=========================perl: warning: Setting locale failed.
perl: warning: Please check that your locale settings:
	LANGUAGE = (unset),
	LC_ALL = (unset),
	LC_COLLATE = "C",
	LC_MESSAGES = "C",
	LANG = "it_IT.UTF-8"
    are supported and installed on your system.
perl: warning: Falling back to the standard locale ("C").
                                                                        t/modules/Util/Table.t .......................... ok
===(     536;2  13/?  11/?  7/?  3/?  8/? )=============================                                                                        t/modules/V0.t .................................. ok
===(     537;2  13/?  12/?  7/?  3/? )==================================perl: warning: Setting locale failed.
perl: warning: Please check that your locale settings:
	LANGUAGE = (unset),
	LC_ALL = (unset),
	LC_COLLATE = "C",
	LC_MESSAGES = "C",
	LANG = "it_IT.UTF-8"
    are supported and installed on your system.
perl: warning: Falling back to the standard locale ("C").
                                                                        t/modules/Tools/Mock.t .......................... ok
===(     560;2  22/?  15/?  8/? )=======================================perl: warning: Setting locale failed.
perl: warning: Please check that your locale settings:
	LANGUAGE = (unset),
	LC_ALL = (unset),
	LC_COLLATE = "C",
	LC_MESSAGES = "C",
	LANG = "it_IT.UTF-8"
    are supported and installed on your system.
perl: warning: Falling back to the standard locale ("C").
                                                                        t/modules/Compare/Delta.t ....................... ok
===(     563;2  16/?  8/? )=============================================                                                                        t/modules/Mock.t ................................ ok
t/modules/Tools/Compare.t ....................... t/modules/Tools/Compare.t ....................... 11/?                                                         t/modules/Tools/Compare.t ....................... ok
All tests successful.
Files=79, Tests=590,  2 wallclock secs ( 0.21 usr  0.07 sys +  4.02 cusr  0.99 csys =  5.29 CPU)
Result: PASS
>>> Completed testing dev-perl/Test2-Suite-0.0.77

>>> Install dev-perl/Test2-Suite-0.0.77 into /tmp/portage/dev-perl/Test2-Suite-0.0.77/image/
make -j12 pure_install 
perl: warning: Setting locale failed.
perl: warning: Please check that your locale settings:
	LANGUAGE = (unset),
	LC_ALL = (unset),
	LC_COLLATE = "C",
	LC_MESSAGES = "C",
	LANG = "it_IT.UTF-8"
    are supported and installed on your system.
perl: warning: Falling back to the standard locale ("C").
Installing /tmp/portage/dev-perl/Test2-Suite-0.0.77/image/usr/lib64/perl5/vendor_perl/5.30.2/Test2/Mock.pm
Installing /tmp/portage/dev-perl/Test2-Suite-0.0.77/image/usr/lib64/perl5/vendor_perl/5.30.2/Test2/Tools.pm
Installing /tmp/portage/dev-perl/Test2-Suite-0.0.77/image/usr/lib64/perl5/vendor_perl/5.30.2/Test2/Bundle.pm
Installing /tmp/portage/dev-perl/Test2-Suite-0.0.77/image/usr/lib64/perl5/vendor_perl/5.30.2/Test2/Require.pm
Installing /tmp/portage/dev-perl/Test2-Suite-0.0.77/image/usr/lib64/perl5/vendor_perl/5.30.2/Test2/Plugin.pm
Installing /tmp/portage/dev-perl/Test2-Suite-0.0.77/image/usr/lib64/perl5/vendor_perl/5.30.2/Test2/Todo.pm
Installing /tmp/portage/dev-perl/Test2-Suite-0.0.77/image/usr/lib64/perl5/vendor_perl/5.30.2/Test2/Compare.pm
Installing /tmp/portage/dev-perl/Test2-Suite-0.0.77/image/usr/lib64/perl5/vendor_perl/5.30.2/Test2/Suite.pm
Installing /tmp/portage/dev-perl/Test2-Suite-0.0.77/image/usr/lib64/perl5/vendor_perl/5.30.2/Test2/V0.pm
Installing /tmp/portage/dev-perl/Test2-Suite-0.0.77/image/usr/lib64/perl5/vendor_perl/5.30.2/Test2/Plugin/Times.pm
Installing /tmp/portage/dev-perl/Test2-Suite-0.0.77/image/usr/lib64/perl5/vendor_perl/5.30.2/Test2/Plugin/SRand.pm
Installing /tmp/portage/dev-perl/Test2-Suite-0.0.77/image/usr/lib64/perl5/vendor_perl/5.30.2/Test2/Plugin/DieOnFail.pm
Installing /tmp/portage/dev-perl/Test2-Suite-0.0.77/image/usr/lib64/perl5/vendor_perl/5.30.2/Test2/Plugin/UTF8.pm
Installing /tmp/portage/dev-perl/Test2-Suite-0.0.77/image/usr/lib64/perl5/vendor_perl/5.30.2/Test2/Plugin/BailOnFail.pm
Installing /tmp/portage/dev-perl/Test2-Suite-0.0.77/image/usr/lib64/perl5/vendor_perl/5.30.2/Test2/Plugin/ExitSummary.pm
Installing /tmp/portage/dev-perl/Test2-Suite-0.0.77/image/usr/lib64/perl5/vendor_perl/5.30.2/Test2/Bundle/Simple.pm
Installing /tmp/portage/dev-perl/Test2-Suite-0.0.77/image/usr/lib64/perl5/vendor_perl/5.30.2/Test2/Bundle/Extended.pm
Installing /tmp/portage/dev-perl/Test2-Suite-0.0.77/image/usr/lib64/perl5/vendor_perl/5.30.2/Test2/Bundle/More.pm
Installing /tmp/portage/dev-perl/Test2-Suite-0.0.77/image/usr/lib64/perl5/vendor_perl/5.30.2/Test2/Compare/Ref.pm
Installing /tmp/portage/dev-perl/Test2-Suite-0.0.77/image/usr/lib64/perl5/vendor_perl/5.30.2/Test2/Compare/Custom.pm
Installing /tmp/portage/dev-perl/Test2-Suite-0.0.77/image/usr/lib64/perl5/vendor_perl/5.30.2/Test2/Compare/Event.pm
Installing /tmp/portage/dev-perl/Test2-Suite-0.0.77/image/usr/lib64/perl5/vendor_perl/5.30.2/Test2/Compare/Regex.pm
Installing /tmp/portage/dev-perl/Test2-Suite-0.0.77/image/usr/lib64/perl5/vendor_perl/5.30.2/Test2/Compare/OrderedSubset.pm
Installing /tmp/portage/dev-perl/Test2-Suite-0.0.77/image/usr/lib64/perl5/vendor_perl/5.30.2/Test2/Compare/EventMeta.pm
Installing /tmp/portage/dev-perl/Test2-Suite-0.0.77/image/usr/lib64/perl5/vendor_perl/5.30.2/Test2/Compare/Wildcard.pm
Installing /tmp/portage/dev-perl/Test2-Suite-0.0.77/image/usr/lib64/perl5/vendor_perl/5.30.2/Test2/Compare/Negatable.pm
Installing /tmp/portage/dev-perl/Test2-Suite-0.0.77/image/usr/lib64/perl5/vendor_perl/5.30.2/Test2/Compare/Undef.pm
Installing /tmp/portage/dev-perl/Test2-Suite-0.0.77/image/usr/lib64/perl5/vendor_perl/5.30.2/Test2/Compare/Meta.pm
Installing /tmp/portage/dev-perl/Test2-Suite-0.0.77/image/usr/lib64/perl5/vendor_perl/5.30.2/Test2/Compare/Number.pm
Installing /tmp/portage/dev-perl/Test2-Suite-0.0.77/image/usr/lib64/perl5/vendor_perl/5.30.2/Test2/Compare/Object.pm
Installing /tmp/portage/dev-perl/Test2-Suite-0.0.77/image/usr/lib64/perl5/vendor_perl/5.30.2/Test2/Compare/Bag.pm
Installing /tmp/portage/dev-perl/Test2-Suite-0.0.77/image/usr/lib64/perl5/vendor_perl/5.30.2/Test2/Compare/String.pm
Installing /tmp/portage/dev-perl/Test2-Suite-0.0.77/image/usr/lib64/perl5/vendor_perl/5.30.2/Test2/Compare/DeepRef.pm
Installing /tmp/portage/dev-perl/Test2-Suite-0.0.77/image/usr/lib64/perl5/vendor_perl/5.30.2/Test2/Compare/Hash.pm
Installing /tmp/portage/dev-perl/Test2-Suite-0.0.77/image/usr/lib64/perl5/vendor_perl/5.30.2/Test2/Compare/Scalar.pm
Installing /tmp/portage/dev-perl/Test2-Suite-0.0.77/image/usr/lib64/perl5/vendor_perl/5.30.2/Test2/Compare/Set.pm
Installing /tmp/portage/dev-perl/Test2-Suite-0.0.77/image/usr/lib64/perl5/vendor_perl/5.30.2/Test2/Compare/Pattern.pm
Installing /tmp/portage/dev-perl/Test2-Suite-0.0.77/image/usr/lib64/perl5/vendor_perl/5.30.2/Test2/Compare/Bool.pm
Installing /tmp/portage/dev-perl/Test2-Suite-0.0.77/image/usr/lib64/perl5/vendor_perl/5.30.2/Test2/Compare/Base.pm
Installing /tmp/portage/dev-perl/Test2-Suite-0.0.77/image/usr/lib64/perl5/vendor_perl/5.30.2/Test2/Compare/Array.pm
Installing /tmp/portage/dev-perl/Test2-Suite-0.0.77/image/usr/lib64/perl5/vendor_perl/5.30.2/Test2/Compare/Delta.pm
Installing /tmp/portage/dev-perl/Test2-Suite-0.0.77/image/usr/lib64/perl5/vendor_perl/5.30.2/Test2/Tools/Mock.pm
Installing /tmp/portage/dev-perl/Test2-Suite-0.0.77/image/usr/lib64/perl5/vendor_perl/5.30.2/Test2/Tools/Warnings.pm
Installing /tmp/portage/dev-perl/Test2-Suite-0.0.77/image/usr/lib64/perl5/vendor_perl/5.30.2/Test2/Tools/Defer.pm
Installing /tmp/portage/dev-perl/Test2-Suite-0.0.77/image/usr/lib64/perl5/vendor_perl/5.30.2/Test2/Tools/Subtest.pm
Installing /tmp/portage/dev-perl/Test2-Suite-0.0.77/image/usr/lib64/perl5/vendor_perl/5.30.2/Test2/Tools/Basic.pm
Installing /tmp/portage/dev-perl/Test2-Suite-0.0.77/image/usr/lib64/perl5/vendor_perl/5.30.2/Test2/Tools/Ref.pm
Installing /tmp/portage/dev-perl/Test2-Suite-0.0.77/image/usr/lib64/perl5/vendor_perl/5.30.2/Test2/Tools/Event.pm
Installing /tmp/portage/dev-perl/Test2-Suite-0.0.77/image/usr/lib64/perl5/vendor_perl/5.30.2/Test2/Tools/Exports.pm
Installing /tmp/portage/dev-perl/Test2-Suite-0.0.77/image/usr/lib64/perl5/vendor_perl/5.30.2/Test2/Tools/ClassicCompare.pm
Installing /tmp/portage/dev-perl/Test2-Suite-0.0.77/image/usr/lib64/perl5/vendor_perl/5.30.2/Test2/Tools/Target.pm
Installing /tmp/portage/dev-perl/Test2-Suite-0.0.77/image/usr/lib64/perl5/vendor_perl/5.30.2/Test2/Tools/Compare.pm
Installing /tmp/portage/dev-perl/Test2-Suite-0.0.77/image/usr/lib64/perl5/vendor_perl/5.30.2/Test2/Tools/Grab.pm
Installing /tmp/portage/dev-perl/Test2-Suite-0.0.77/image/usr/lib64/perl5/vendor_perl/5.30.2/Test2/Tools/Class.pm
Installing /tmp/portage/dev-perl/Test2-Suite-0.0.77/image/usr/lib64/perl5/vendor_perl/5.30.2/Test2/Tools/Encoding.pm
Installing /tmp/portage/dev-perl/Test2-Suite-0.0.77/image/usr/lib64/perl5/vendor_perl/5.30.2/Test2/Tools/GenTemp.pm
Installing /tmp/portage/dev-perl/Test2-Suite-0.0.77/image/usr/lib64/perl5/vendor_perl/5.30.2/Test2/Tools/Exception.pm
Installing /tmp/portage/dev-perl/Test2-Suite-0.0.77/image/usr/lib64/perl5/vendor_perl/5.30.2/Test2/Require/Perl.pm
Installing /tmp/portage/dev-perl/Test2-Suite-0.0.77/image/usr/lib64/perl5/vendor_perl/5.30.2/Test2/Require/Threads.pm
Installing /tmp/portage/dev-perl/Test2-Suite-0.0.77/image/usr/lib64/perl5/vendor_perl/5.30.2/Test2/Require/AuthorTesting.pm
Installing /tmp/portage/dev-perl/Test2-Suite-0.0.77/image/usr/lib64/perl5/vendor_perl/5.30.2/Test2/Require/EnvVar.pm
Installing /tmp/portage/dev-perl/Test2-Suite-0.0.77/image/usr/lib64/perl5/vendor_perl/5.30.2/Test2/Require/Module.pm
Installing /tmp/portage/dev-perl/Test2-Suite-0.0.77/image/usr/lib64/perl5/vendor_perl/5.30.2/Test2/Require/Fork.pm
Installing /tmp/portage/dev-perl/Test2-Suite-0.0.77/image/usr/lib64/perl5/vendor_perl/5.30.2/Test2/Require/RealFork.pm
Installing /tmp/portage/dev-perl/Test2-Suite-0.0.77/image/usr/lib64/perl5/vendor_perl/5.30.2/Test2/Event/Times.pm
Installing /tmp/portage/dev-perl/Test2-Suite-0.0.77/image/usr/lib64/perl5/vendor_perl/5.30.2/Test2/Util/Times.pm
Installing /tmp/portage/dev-perl/Test2-Suite-0.0.77/image/usr/lib64/perl5/vendor_perl/5.30.2/Test2/Util/Table.pm
Installing /tmp/portage/dev-perl/Test2-Suite-0.0.77/image/usr/lib64/perl5/vendor_perl/5.30.2/Test2/Util/Ref.pm
Installing /tmp/portage/dev-perl/Test2-Suite-0.0.77/image/usr/lib64/perl5/vendor_perl/5.30.2/Test2/Util/Grabber.pm
Installing /tmp/portage/dev-perl/Test2-Suite-0.0.77/image/usr/lib64/perl5/vendor_perl/5.30.2/Test2/Util/Sub.pm
Installing /tmp/portage/dev-perl/Test2-Suite-0.0.77/image/usr/lib64/perl5/vendor_perl/5.30.2/Test2/Util/Stash.pm
Installing /tmp/portage/dev-perl/Test2-Suite-0.0.77/image/usr/lib64/perl5/vendor_perl/5.30.2/Test2/Util/Term.pm
Installing /tmp/portage/dev-perl/Test2-Suite-0.0.77/image/usr/lib64/perl5/vendor_perl/5.30.2/Test2/Util/Table/Cell.pm
Installing /tmp/portage/dev-perl/Test2-Suite-0.0.77/image/usr/lib64/perl5/vendor_perl/5.30.2/Test2/Util/Table/LineBreak.pm
 [32;01m*[0m Fixing packlist file /usr/lib64/perl5/vendor_perl/5.30.2/x86_64-linux/auto/Test2/Suite/.packlist
>>> Completed installing dev-perl/Test2-Suite-0.0.77 into /tmp/portage/dev-perl/Test2-Suite-0.0.77/image/

 [32;01m*[0m Final size of build directory: 1676 KiB (1.6 MiB)
 [32;01m*[0m Final size of installed tree:   592 KiB

./
./usr/
./usr/share/
./usr/share/doc/
./usr/share/doc/Test2-Suite-0.0.77/
./usr/share/doc/Test2-Suite-0.0.77/README.bz2
./usr/share/doc/Test2-Suite-0.0.77/README.md.bz2
./usr/share/doc/Test2-Suite-0.0.77/Changes.bz2
./usr/share/doc/Test2-Suite-0.0.77/TODO
./usr/lib64/
./usr/lib64/perl5/
./usr/lib64/perl5/vendor_perl/
./usr/lib64/perl5/vendor_perl/5.30.2/
./usr/lib64/perl5/vendor_perl/5.30.2/x86_64-linux/
./usr/lib64/perl5/vendor_perl/5.30.2/x86_64-linux/auto/
./usr/lib64/perl5/vendor_perl/5.30.2/x86_64-linux/auto/Test2/
./usr/lib64/perl5/vendor_perl/5.30.2/x86_64-linux/auto/Test2/Suite/
./usr/lib64/perl5/vendor_perl/5.30.2/x86_64-linux/auto/Test2/Suite/.packlist
./usr/lib64/perl5/vendor_perl/5.30.2/Test2/
./usr/lib64/perl5/vendor_perl/5.30.2/Test2/Mock.pm
./usr/lib64/perl5/vendor_perl/5.30.2/Test2/Tools.pm
./usr/lib64/perl5/vendor_perl/5.30.2/Test2/Bundle.pm
./usr/lib64/perl5/vendor_perl/5.30.2/Test2/Plugin/
./usr/lib64/perl5/vendor_perl/5.30.2/Test2/Plugin/Times.pm
./usr/lib64/perl5/vendor_perl/5.30.2/Test2/Plugin/SRand.pm
./usr/lib64/perl5/vendor_perl/5.30.2/Test2/Plugin/DieOnFail.pm
./usr/lib64/perl5/vendor_perl/5.30.2/Test2/Plugin/UTF8.pm
./usr/lib64/perl5/vendor_perl/5.30.2/Test2/Plugin/BailOnFail.pm
./usr/lib64/perl5/vendor_perl/5.30.2/Test2/Plugin/ExitSummary.pm
./usr/lib64/perl5/vendor_perl/5.30.2/Test2/Require.pm
./usr/lib64/perl5/vendor_perl/5.30.2/Test2/Bundle/
./usr/lib64/perl5/vendor_perl/5.30.2/Test2/Bundle/Simple.pm
./usr/lib64/perl5/vendor_perl/5.30.2/Test2/Bundle/Extended.pm
./usr/lib64/perl5/vendor_perl/5.30.2/Test2/Bundle/More.pm
./usr/lib64/perl5/vendor_perl/5.30.2/Test2/Plugin.pm
./usr/lib64/perl5/vendor_perl/5.30.2/Test2/Compare/
./usr/lib64/perl5/vendor_perl/5.30.2/Test2/Compare/Ref.pm
./usr/lib64/perl5/vendor_perl/5.30.2/Test2/Compare/Custom.pm
./usr/lib64/perl5/vendor_perl/5.30.2/Test2/Compare/Event.pm
./usr/lib64/perl5/vendor_perl/5.30.2/Test2/Compare/Regex.pm
./usr/lib64/perl5/vendor_perl/5.30.2/Test2/Compare/OrderedSubset.pm
./usr/lib64/perl5/vendor_perl/5.30.2/Test2/Compare/EventMeta.pm
./usr/lib64/perl5/vendor_perl/5.30.2/Test2/Compare/Wildcard.pm
./usr/lib64/perl5/vendor_perl/5.30.2/Test2/Compare/Negatable.pm
./usr/lib64/perl5/vendor_perl/5.30.2/Test2/Compare/Undef.pm
./usr/lib64/perl5/vendor_perl/5.30.2/Test2/Compare/Meta.pm
./usr/lib64/perl5/vendor_perl/5.30.2/Test2/Compare/Number.pm
./usr/lib64/perl5/vendor_perl/5.30.2/Test2/Compare/Object.pm
./usr/lib64/perl5/vendor_perl/5.30.2/Test2/Compare/Bag.pm
./usr/lib64/perl5/vendor_perl/5.30.2/Test2/Compare/String.pm
./usr/lib64/perl5/vendor_perl/5.30.2/Test2/Compare/DeepRef.pm
./usr/lib64/perl5/vendor_perl/5.30.2/Test2/Compare/Hash.pm
./usr/lib64/perl5/vendor_perl/5.30.2/Test2/Compare/Scalar.pm
./usr/lib64/perl5/vendor_perl/5.30.2/Test2/Compare/Set.pm
./usr/lib64/perl5/vendor_perl/5.30.2/Test2/Compare/Pattern.pm
./usr/lib64/perl5/vendor_perl/5.30.2/Test2/Compare/Bool.pm
./usr/lib64/perl5/vendor_perl/5.30.2/Test2/Compare/Base.pm
./usr/lib64/perl5/vendor_perl/5.30.2/Test2/Compare/Array.pm
./usr/lib64/perl5/vendor_perl/5.30.2/Test2/Compare/Delta.pm
./usr/lib64/perl5/vendor_perl/5.30.2/Test2/Todo.pm
./usr/lib64/perl5/vendor_perl/5.30.2/Test2/Tools/
./usr/lib64/perl5/vendor_perl/5.30.2/Test2/Tools/Mock.pm
./usr/lib64/perl5/vendor_perl/5.30.2/Test2/Tools/Warnings.pm
./usr/lib64/perl5/vendor_perl/5.30.2/Test2/Tools/Defer.pm
./usr/lib64/perl5/vendor_perl/5.30.2/Test2/Tools/Subtest.pm
./usr/lib64/perl5/vendor_perl/5.30.2/Test2/Tools/Basic.pm
./usr/lib64/perl5/vendor_perl/5.30.2/Test2/Tools/Ref.pm
./usr/lib64/perl5/vendor_perl/5.30.2/Test2/Tools/Event.pm
./usr/lib64/perl5/vendor_perl/5.30.2/Test2/Tools/Exports.pm
./usr/lib64/perl5/vendor_perl/5.30.2/Test2/Tools/ClassicCompare.pm
./usr/lib64/perl5/vendor_perl/5.30.2/Test2/Tools/Target.pm
./usr/lib64/perl5/vendor_perl/5.30.2/Test2/Tools/Compare.pm
./usr/lib64/perl5/vendor_perl/5.30.2/Test2/Tools/Grab.pm
./usr/lib64/perl5/vendor_perl/5.30.2/Test2/Tools/Class.pm
./usr/lib64/perl5/vendor_perl/5.30.2/Test2/Tools/Encoding.pm
./usr/lib64/perl5/vendor_perl/5.30.2/Test2/Tools/GenTemp.pm
./usr/lib64/perl5/vendor_perl/5.30.2/Test2/Tools/Exception.pm
./usr/lib64/perl5/vendor_perl/5.30.2/Test2/Compare.pm
./usr/lib64/perl5/vendor_perl/5.30.2/Test2/Require/
./usr/lib64/perl5/vendor_perl/5.30.2/Test2/Require/Perl.pm
./usr/lib64/perl5/vendor_perl/5.30.2/Test2/Require/Threads.pm
./usr/lib64/perl5/vendor_perl/5.30.2/Test2/Require/AuthorTesting.pm
./usr/lib64/perl5/vendor_perl/5.30.2/Test2/Require/EnvVar.pm
./usr/lib64/perl5/vendor_perl/5.30.2/Test2/Require/Module.pm
./usr/lib64/perl5/vendor_perl/5.30.2/Test2/Require/Fork.pm
./usr/lib64/perl5/vendor_perl/5.30.2/Test2/Require/RealFork.pm
./usr/lib64/perl5/vendor_perl/5.30.2/Test2/Event/
./usr/lib64/perl5/vendor_perl/5.30.2/Test2/Event/Times.pm
./usr/lib64/perl5/vendor_perl/5.30.2/Test2/Suite.pm
./usr/lib64/perl5/vendor_perl/5.30.2/Test2/Util/
./usr/lib64/perl5/vendor_perl/5.30.2/Test2/Util/Times.pm
./usr/lib64/perl5/vendor_perl/5.30.2/Test2/Util/Table.pm
./usr/lib64/perl5/vendor_perl/5.30.2/Test2/Util/Ref.pm
./usr/lib64/perl5/vendor_perl/5.30.2/Test2/Util/Grabber.pm
./usr/lib64/perl5/vendor_perl/5.30.2/Test2/Util/Sub.pm
./usr/lib64/perl5/vendor_perl/5.30.2/Test2/Util/Table/
./usr/lib64/perl5/vendor_perl/5.30.2/Test2/Util/Table/Cell.pm
./usr/lib64/perl5/vendor_perl/5.30.2/Test2/Util/Table/LineBreak.pm
./usr/lib64/perl5/vendor_perl/5.30.2/Test2/Util/Stash.pm
./usr/lib64/perl5/vendor_perl/5.30.2/Test2/Util/Term.pm
./usr/lib64/perl5/vendor_perl/5.30.2/Test2/V0.pm
>>> Done.
 [32;01m*[39;49;00m checking 79 files for package collisions
>>> Merging dev-perl/Test2-Suite-0.0.77 to /
--- /usr/
--- /usr/lib64/
--- /usr/lib64/perl5/
--- /usr/lib64/perl5/vendor_perl/
--- /usr/lib64/perl5/vendor_perl/5.30.2/
>>> /usr/lib64/perl5/vendor_perl/5.30.2/Test2/
>>> /usr/lib64/perl5/vendor_perl/5.30.2/Test2/V0.pm
>>> /usr/lib64/perl5/vendor_perl/5.30.2/Test2/Util/
>>> /usr/lib64/perl5/vendor_perl/5.30.2/Test2/Util/Term.pm
>>> /usr/lib64/perl5/vendor_perl/5.30.2/Test2/Util/Stash.pm
>>> /usr/lib64/perl5/vendor_perl/5.30.2/Test2/Util/Table/
>>> /usr/lib64/perl5/vendor_perl/5.30.2/Test2/Util/Table/LineBreak.pm
>>> /usr/lib64/perl5/vendor_perl/5.30.2/Test2/Util/Table/Cell.pm
>>> /usr/lib64/perl5/vendor_perl/5.30.2/Test2/Util/Sub.pm
>>> /usr/lib64/perl5/vendor_perl/5.30.2/Test2/Util/Grabber.pm
>>> /usr/lib64/perl5/vendor_perl/5.30.2/Test2/Util/Ref.pm
>>> /usr/lib64/perl5/vendor_perl/5.30.2/Test2/Util/Table.pm
>>> /usr/lib64/perl5/vendor_perl/5.30.2/Test2/Util/Times.pm
>>> /usr/lib64/perl5/vendor_perl/5.30.2/Test2/Suite.pm
>>> /usr/lib64/perl5/vendor_perl/5.30.2/Test2/Event/
>>> /usr/lib64/perl5/vendor_perl/5.30.2/Test2/Event/Times.pm
>>> /usr/lib64/perl5/vendor_perl/5.30.2/Test2/Require/
>>> /usr/lib64/perl5/vendor_perl/5.30.2/Test2/Require/RealFork.pm
>>> /usr/lib64/perl5/vendor_perl/5.30.2/Test2/Require/Fork.pm
>>> /usr/lib64/perl5/vendor_perl/5.30.2/Test2/Require/Module.pm
>>> /usr/lib64/perl5/vendor_perl/5.30.2/Test2/Require/EnvVar.pm
>>> /usr/lib64/perl5/vendor_perl/5.30.2/Test2/Require/AuthorTesting.pm
>>> /usr/lib64/perl5/vendor_perl/5.30.2/Test2/Require/Threads.pm
>>> /usr/lib64/perl5/vendor_perl/5.30.2/Test2/Require/Perl.pm
>>> /usr/lib64/perl5/vendor_perl/5.30.2/Test2/Compare.pm
>>> /usr/lib64/perl5/vendor_perl/5.30.2/Test2/Tools/
>>> /usr/lib64/perl5/vendor_perl/5.30.2/Test2/Tools/Exception.pm
>>> /usr/lib64/perl5/vendor_perl/5.30.2/Test2/Tools/GenTemp.pm
>>> /usr/lib64/perl5/vendor_perl/5.30.2/Test2/Tools/Encoding.pm
>>> /usr/lib64/perl5/vendor_perl/5.30.2/Test2/Tools/Class.pm
>>> /usr/lib64/perl5/vendor_perl/5.30.2/Test2/Tools/Grab.pm
>>> /usr/lib64/perl5/vendor_perl/5.30.2/Test2/Tools/Compare.pm
>>> /usr/lib64/perl5/vendor_perl/5.30.2/Test2/Tools/Target.pm
>>> /usr/lib64/perl5/vendor_perl/5.30.2/Test2/Tools/ClassicCompare.pm
>>> /usr/lib64/perl5/vendor_perl/5.30.2/Test2/Tools/Exports.pm
>>> /usr/lib64/perl5/vendor_perl/5.30.2/Test2/Tools/Event.pm
>>> /usr/lib64/perl5/vendor_perl/5.30.2/Test2/Tools/Ref.pm
>>> /usr/lib64/perl5/vendor_perl/5.30.2/Test2/Tools/Basic.pm
>>> /usr/lib64/perl5/vendor_perl/5.30.2/Test2/Tools/Subtest.pm
>>> /usr/lib64/perl5/vendor_perl/5.30.2/Test2/Tools/Defer.pm
>>> /usr/lib64/perl5/vendor_perl/5.30.2/Test2/Tools/Warnings.pm
>>> /usr/lib64/perl5/vendor_perl/5.30.2/Test2/Tools/Mock.pm
>>> /usr/lib64/perl5/vendor_perl/5.30.2/Test2/Todo.pm
>>> /usr/lib64/perl5/vendor_perl/5.30.2/Test2/Compare/
>>> /usr/lib64/perl5/vendor_perl/5.30.2/Test2/Compare/Delta.pm
>>> /usr/lib64/perl5/vendor_perl/5.30.2/Test2/Compare/Array.pm
>>> /usr/lib64/perl5/vendor_perl/5.30.2/Test2/Compare/Base.pm
>>> /usr/lib64/perl5/vendor_perl/5.30.2/Test2/Compare/Bool.pm
>>> /usr/lib64/perl5/vendor_perl/5.30.2/Test2/Compare/Pattern.pm
>>> /usr/lib64/perl5/vendor_perl/5.30.2/Test2/Compare/Set.pm
>>> /usr/lib64/perl5/vendor_perl/5.30.2/Test2/Compare/Scalar.pm
>>> /usr/lib64/perl5/vendor_perl/5.30.2/Test2/Compare/Hash.pm
>>> /usr/lib64/perl5/vendor_perl/5.30.2/Test2/Compare/DeepRef.pm
>>> /usr/lib64/perl5/vendor_perl/5.30.2/Test2/Compare/String.pm
>>> /usr/lib64/perl5/vendor_perl/5.30.2/Test2/Compare/Bag.pm
>>> /usr/lib64/perl5/vendor_perl/5.30.2/Test2/Compare/Object.pm
>>> /usr/lib64/perl5/vendor_perl/5.30.2/Test2/Compare/Number.pm
>>> /usr/lib64/perl5/vendor_perl/5.30.2/Test2/Compare/Meta.pm
>>> /usr/lib64/perl5/vendor_perl/5.30.2/Test2/Compare/Undef.pm
>>> /usr/lib64/perl5/vendor_perl/5.30.2/Test2/Compare/Negatable.pm
>>> /usr/lib64/perl5/vendor_perl/5.30.2/Test2/Compare/Wildcard.pm
>>> /usr/lib64/perl5/vendor_perl/5.30.2/Test2/Compare/EventMeta.pm
>>> /usr/lib64/perl5/vendor_perl/5.30.2/Test2/Compare/OrderedSubset.pm
>>> /usr/lib64/perl5/vendor_perl/5.30.2/Test2/Compare/Regex.pm
>>> /usr/lib64/perl5/vendor_perl/5.30.2/Test2/Compare/Event.pm
>>> /usr/lib64/perl5/vendor_perl/5.30.2/Test2/Compare/Custom.pm
>>> /usr/lib64/perl5/vendor_perl/5.30.2/Test2/Compare/Ref.pm
>>> /usr/lib64/perl5/vendor_perl/5.30.2/Test2/Plugin.pm
>>> /usr/lib64/perl5/vendor_perl/5.30.2/Test2/Bundle/
>>> /usr/lib64/perl5/vendor_perl/5.30.2/Test2/Bundle/More.pm
>>> /usr/lib64/perl5/vendor_perl/5.30.2/Test2/Bundle/Extended.pm
>>> /usr/lib64/perl5/vendor_perl/5.30.2/Test2/Bundle/Simple.pm
>>> /usr/lib64/perl5/vendor_perl/5.30.2/Test2/Require.pm
>>> /usr/lib64/perl5/vendor_perl/5.30.2/Test2/Plugin/
>>> /usr/lib64/perl5/vendor_perl/5.30.2/Test2/Plugin/ExitSummary.pm
>>> /usr/lib64/perl5/vendor_perl/5.30.2/Test2/Plugin/BailOnFail.pm
>>> /usr/lib64/perl5/vendor_perl/5.30.2/Test2/Plugin/UTF8.pm
>>> /usr/lib64/perl5/vendor_perl/5.30.2/Test2/Plugin/DieOnFail.pm
>>> /usr/lib64/perl5/vendor_perl/5.30.2/Test2/Plugin/SRand.pm
>>> /usr/lib64/perl5/vendor_perl/5.30.2/Test2/Plugin/Times.pm
>>> /usr/lib64/perl5/vendor_perl/5.30.2/Test2/Bundle.pm
>>> /usr/lib64/perl5/vendor_perl/5.30.2/Test2/Tools.pm
>>> /usr/lib64/perl5/vendor_perl/5.30.2/Test2/Mock.pm
--- /usr/lib64/perl5/vendor_perl/5.30.2/x86_64-linux/
--- /usr/lib64/perl5/vendor_perl/5.30.2/x86_64-linux/auto/
>>> /usr/lib64/perl5/vendor_perl/5.30.2/x86_64-linux/auto/Test2/
>>> /usr/lib64/perl5/vendor_perl/5.30.2/x86_64-linux/auto/Test2/Suite/
>>> /usr/lib64/perl5/vendor_perl/5.30.2/x86_64-linux/auto/Test2/Suite/.packlist
--- /usr/share/
--- /usr/share/doc/
>>> /usr/share/doc/Test2-Suite-0.0.77/
>>> /usr/share/doc/Test2-Suite-0.0.77/TODO
>>> /usr/share/doc/Test2-Suite-0.0.77/Changes.bz2
>>> /usr/share/doc/Test2-Suite-0.0.77/README.md.bz2
>>> /usr/share/doc/Test2-Suite-0.0.77/README.bz2
>>> dev-perl/Test2-Suite-0.0.77 merged.
>>> Regenerating /etc/ld.so.cache...
