[32;01m * [39;49;00mPackage:    dev-perl/Capture-Tiny-0.480.0
[32;01m * [39;49;00mRepository: gentoo
[32;01m * [39;49;00mMaintainer: perl@gentoo.org
[32;01m * [39;49;00mUSE:        abi_x86_64 amd64 elibc_glibc kernel_linux test userland_GNU
[32;01m * [39;49;00mFEATURES:   network-sandbox preserve-libs sandbox splitdebug test userpriv usersandbox
>>> Unpacking source...
>>> Unpacking Capture-Tiny-0.48.tar.gz to /tmp/portage/dev-perl/Capture-Tiny-0.480.0/work
>>> Source unpacked in /tmp/portage/dev-perl/Capture-Tiny-0.480.0/work
>>> Preparing source in /tmp/portage/dev-perl/Capture-Tiny-0.480.0/work/Capture-Tiny-0.48 ...
>>> Source prepared.
>>> Configuring source in /tmp/portage/dev-perl/Capture-Tiny-0.480.0/work/Capture-Tiny-0.48 ...
perl: warning: Setting locale failed.
perl: warning: Please check that your locale settings:
	LANGUAGE = (unset),
	LC_ALL = (unset),
	LC_COLLATE = "C",
	LC_MESSAGES = "C",
	LANG = "it_IT.UTF-8"
    are supported and installed on your system.
perl: warning: Falling back to the standard locale ("C").
 [32;01m*[0m Using ExtUtils::MakeMaker
 [32;01m*[0m perl Makefile.PL PREFIX=/usr INSTALLDIRS=vendor INSTALLMAN3DIR=none DESTDIR=/tmp/portage/dev-perl/Capture-Tiny-0.480.0/image/
perl: warning: Setting locale failed.
perl: warning: Please check that your locale settings:
	LANGUAGE = (unset),
	LC_ALL = (unset),
	LC_COLLATE = "C",
	LC_MESSAGES = "C",
	LANG = "it_IT.UTF-8"
    are supported and installed on your system.
perl: warning: Falling back to the standard locale ("C").
Checking if your kit is complete...
Looks good
Generating a Unix-style Makefile
Writing Makefile for Capture::Tiny
Writing MYMETA.yml and MYMETA.json
>>> Source configured.
>>> Compiling source in /tmp/portage/dev-perl/Capture-Tiny-0.480.0/work/Capture-Tiny-0.48 ...
 [32;01m*[0m emake OTHERLDFLAGS=-Wl,-O1 -Wl,--as-needed -Wl,--defsym=__gentoo_check_ldflags__=0 -Wl,--hash-style=gnu -Wl,-z,norelro
make -j12 'OTHERLDFLAGS=-Wl,-O1 -Wl,--as-needed -Wl,--defsym=__gentoo_check_ldflags__=0 -Wl,--hash-style=gnu -Wl,-z,norelro' 
perl: warning: Setting locale failed.
perl: warning: Please check that your locale settings:
	LANGUAGE = (unset),
	LC_ALL = (unset),
	LC_COLLATE = "C",
	LC_MESSAGES = "C",
	LANG = "it_IT.UTF-8"
    are supported and installed on your system.
perl: warning: Falling back to the standard locale ("C").
perl: warning: Setting locale failed.
perl: warning: Please check that your locale settings:
	LANGUAGE = (unset),
	LC_ALL = (unset),
	LC_COLLATE = "C",
	LC_MESSAGES = "C",
	LANG = "it_IT.UTF-8"
    are supported and installed on your system.
perl: warning: Falling back to the standard locale ("C").
perl: warning: Setting locale failed.
perl: warning: Please check that your locale settings:
	LANGUAGE = (unset),
	LC_ALL = (unset),
	LC_COLLATE = "C",
	LC_MESSAGES = "C",
	LANG = "it_IT.UTF-8"
    are supported and installed on your system.
perl: warning: Falling back to the standard locale ("C").
perl: warning: Setting locale failed.
perl: warning: Please check that your locale settings:
	LANGUAGE = (unset),
	LC_ALL = (unset),
	LC_COLLATE = "C",
	LC_MESSAGES = "C",
	LANG = "it_IT.UTF-8"
    are supported and installed on your system.
perl: warning: Falling back to the standard locale ("C").
perl: warning: Setting locale failed.
perl: warning: Please check that your locale settings:
	LANGUAGE = (unset),
	LC_ALL = (unset),
	LC_COLLATE = "C",
	LC_MESSAGES = "C",
	LANG = "it_IT.UTF-8"
    are supported and installed on your system.
perl: warning: Falling back to the standard locale ("C").
perl: warning: Setting locale failed.
perl: warning: Please check that your locale settings:
	LANGUAGE = (unset),
	LC_ALL = (unset),
	LC_COLLATE = "C",
	LC_MESSAGES = "C",
	LANG = "it_IT.UTF-8"
    are supported and installed on your system.
perl: warning: Falling back to the standard locale ("C").
perl: warning: Setting locale failed.
perl: warning: Please check that your locale settings:
	LANGUAGE = (unset),
	LC_ALL = (unset),
	LC_COLLATE = "C",
	LC_MESSAGES = "C",
	LANG = "it_IT.UTF-8"
    are supported and installed on your system.
perl: warning: Falling back to the standard locale ("C").
perl: warning: Setting locale failed.
perl: warning: Please check that your locale settings:
	LANGUAGE = (unset),
	LC_ALL = (unset),
	LC_COLLATE = "C",
	LC_MESSAGES = "C",
	LANG = "it_IT.UTF-8"
    are supported and installed on your system.
perl: warning: Falling back to the standard locale ("C").
perl: warning: Setting locale failed.
perl: warning: Please check that your locale settings:
	LANGUAGE = (unset),
	LC_ALL = (unset),
	LC_COLLATE = "C",
	LC_MESSAGES = "C",
	LANG = "it_IT.UTF-8"
    are supported and installed on your system.
perl: warning: Falling back to the standard locale ("C").
cp lib/Capture/Tiny.pm blib/lib/Capture/Tiny.pm
>>> Source compiled.
>>> Test phase: dev-perl/Capture-Tiny-0.480.0
 [32;01m*[0m Test::Harness Jobs=12
make -j12 test TEST_VERBOSE=0 
PERL_DL_NONLAZY=1 "/usr/bin/perl" "-MExtUtils::Command::MM" "-MTest::Harness" "-e" "undef *Test::Harness::Switches; test_harness(0, 'blib/lib', 'blib/arch')" t/*.t
perl: warning: Setting locale failed.
perl: warning: Please check that your locale settings:
	LANGUAGE = (unset),
	LC_ALL = (unset),
	LC_COLLATE = "C",
	LC_MESSAGES = "C",
	LANG = "it_IT.UTF-8"
    are supported and installed on your system.
perl: warning: Falling back to the standard locale ("C").
perl: warning: Setting locale failed.
perl: warning: Please check that your locale settings:
	LANGUAGE = (unset),
	LC_ALL = (unset),
	LC_COLLATE = "C",
	LC_MESSAGES = "C",
	LANG = "it_IT.UTF-8"
    are supported and installed on your system.
perl: warning: Falling back to the standard locale ("C").
perl: warning: Setting locale failed.
perl: warning: Please check that your locale settings:
	LANGUAGE = (unset),
	LC_ALL = (unset),
	LC_COLLATE = "C",
	LC_MESSAGES = "C",
	LANG = "it_IT.UTF-8"
    are supported and installed on your system.
perl: warning: Falling back to the standard locale ("C").
perl: warning: Setting locale failed.
perl: warning: Please check that your locale settings:
	LANGUAGE = (unset),
	LC_ALL = (unset),
	LC_COLLATE = "C",
	LC_MESSAGES = "C",
	LANG = "it_IT.UTF-8"
    are supported and installed on your system.
perl: warning: Falling back to the standard locale ("C").
perl: warning: Setting locale failed.
perl: warning: Please check that your locale settings:
	LANGUAGE = (unset),
	LC_ALL = (unset),
	LC_COLLATE = "C",
	LC_MESSAGES = "C",
	LANG = "it_IT.UTF-8"
    are supported and installed on your system.
perl: warning: Falling back to the standard locale ("C").
===(       1;0  0/1   0/18  1/?  0/?  0/?  0/?  0/?  0/?  0/?  0... )===perl: warning: Setting locale failed.
perl: warning: Please check that your locale settings:
	LANGUAGE = (unset),
	LC_ALL = (unset),
	LC_COLLATE = "C",
	LC_MESSAGES = "C",
	LANG = "it_IT.UTF-8"
    are supported and installed on your system.
perl: warning: Falling back to the standard locale ("C").
===(       2;0  0/1   0/18  1/?  1/?  0/?  0/?  0/?  0/?  0/?  0... )===perl: warning: Setting locale failed.
perl: warning: Please check that your locale settings:
	LANGUAGE = (unset),
	LC_ALL = (unset),
	LC_COLLATE = "C",
	LC_MESSAGES = "C",
	LANG = "it_IT.UTF-8"
    are supported and installed on your system.
perl: warning: Falling back to the standard locale ("C").
===(       3;0  0/1   0/18  1/?  1/?  1/?  0/?  0/?  0/?  0/?  0... )===perl: warning: Setting locale failed.
perl: warning: Please check that your locale settings:
	LANGUAGE = (unset),
	LC_ALL = (unset),
	LC_COLLATE = "C",
	LC_MESSAGES = "C",
	LANG = "it_IT.UTF-8"
    are supported and installed on your system.
perl: warning: Falling back to the standard locale ("C").
===(       4;0  0/1   0/18  1/?  1/?  1/?  1/?  0/?  0/?  0/?  0... )===perl: warning: Setting locale failed.
perl: warning: Please check that your locale settings:
	LANGUAGE = (unset),
	LC_ALL = (unset),
	LC_COLLATE = "C",
	LC_MESSAGES = "C",
	LANG = "it_IT.UTF-8"
    are supported and installed on your system.
perl: warning: Falling back to the standard locale ("C").
===(       5;0  0/1   0/18  1/?  1/?  1/?  1/?  1/?  0/?  0/?  0... )===perl: warning: Setting locale failed.
perl: warning: Please check that your locale settings:
	LANGUAGE = (unset),
	LC_ALL = (unset),
	LC_COLLATE = "C",
	LC_MESSAGES = "C",
	LANG = "it_IT.UTF-8"
    are supported and installed on your system.
perl: warning: Falling back to the standard locale ("C").
===(       6;0  0/1   0/18  1/?  1/?  1/?  1/?  1/?  0/2  1/?  0... )===perl: warning: Setting locale failed.
perl: warning: Please check that your locale settings:
	LANGUAGE = (unset),
	LC_ALL = (unset),
	LC_COLLATE = "C",
	LC_MESSAGES = "C",
	LANG = "it_IT.UTF-8"
    are supported and installed on your system.
perl: warning: Falling back to the standard locale ("C").
===(       7;0  0/1   0/18  1/?  1/?  1/?  1/?  1/?  0/2  1/?  1... )===perl: warning: Setting locale failed.
perl: warning: Please check that your locale settings:
	LANGUAGE = (unset),
	LC_ALL = (unset),
	LC_COLLATE = "C",
	LC_MESSAGES = "C",
	LANG = "it_IT.UTF-8"
    are supported and installed on your system.
perl: warning: Falling back to the standard locale ("C").
===(       8;0  0/1   0/18  1/?  1/?  1/?  1/?  1/?  0/2  1/?  1... )======(       9;0  0/1   1/18  1/?  1/?  1/?  1/?  1/?  0/2  1/?  1... )======(      17;0  0/1   2/18  2/?  3/?  2/?  2/?  2/?  1/2  1/?  1... )======(      22;0  0/1   2/18  2/?  3/?  2/?  2/?  2/?  2/2  2/?  2... )===perl: warning: Setting locale failed.
perl: warning: Please check that your locale settings:
	LANGUAGE = (unset),
	LC_ALL = (unset),
	LC_COLLATE = "C",
	LC_MESSAGES = "C",
	LANG = "it_IT.UTF-8"
    are supported and installed on your system.
perl: warning: Falling back to the standard locale ("C").
                                                                        t/09-preserve-exit-code.t .. ok
===(      30;0  0/1   4/18  3/?  5/?  3/?  3/?  3/?  2/?  2/?  2... )===perl: warning: Setting locale failed.
perl: warning: Please check that your locale settings:
	LANGUAGE = (unset),
	LC_ALL = (unset),
	LC_COLLATE = "C",
	LC_MESSAGES = "C",
	LANG = "it_IT.UTF-8"
    are supported and installed on your system.
perl: warning: Falling back to the standard locale ("C").
===(      55;0  0/1   8/18  5/?  9/?  5/?  5/?  5/?  4/?  4/?  4... )======(      57;0  1/1   8/18  5/?  9/?  5/?  5/?  5/?  4/?  4/?  4... )===# 
# Versions for all modules listed in MYMETA.json (including optional ones):
# 
# === Configure Requires ===
# 
#     Module              Want Have
#     ------------------- ---- ----
#     ExtUtils::MakeMaker 6.17 7.34
# 
# === Build Requires ===
# 
#     Module              Want Have
#     ------------------- ---- ----
#     ExtUtils::MakeMaker  any 7.34
# 
# === Test Requires ===
# 
#     Module              Want     Have
#     ------------------- ---- --------
#     ExtUtils::MakeMaker  any     7.34
#     File::Spec           any     3.78
#     IO::File             any     1.40
#     Test::More          0.62 1.302162
#     lib                  any     0.65
# 
# === Test Recommends ===
# 
#     Module         Want     Have
#     ---------- -------- --------
#     CPAN::Meta 2.120900 2.150010
# 
# === Runtime Requires ===
# 
#     Module       Want   Have
#     ------------ ---- ------
#     Carp          any   1.50
#     Exporter      any   5.73
#     File::Spec    any   3.78
#     File::Temp    any 0.2309
#     IO::Handle    any   1.40
#     Scalar::Util  any   1.50
#     strict        any   1.11
#     warnings      any   1.44
# 
                                                                        t/00-report-prereqs.t ...... ok
===(      58;0   9/18  5/?  9/?  5/?  5/?  5/?  4/?  4/?  4/?  4... )===                                                                        t/03-tee.t ................. ok
===(      79;0  13/18  9/?  7/?  6/?  7/?  5/?  5/?  5/?  6/?  2... )===perl: warning: Setting locale failed.
perl: warning: Please check that your locale settings:
	LANGUAGE = (unset),
	LC_ALL = (unset),
	LC_COLLATE = "C",
	LC_MESSAGES = "C",
	LANG = "it_IT.UTF-8"
    are supported and installed on your system.
perl: warning: Falling back to the standard locale ("C").
===(      91;0  15/18  11/?  9/?  7/?  9/?  6/?  5/?  5/?  6/?  ... )======(     102;0  17/18  13/?  10/?  7/?  9/?  6/?  6/?  6/?  8/? ... )===                                                                        t/01-Capture-Tiny.t ........ ok
===(     120;0  14/?  11/?  9/?  11/?  8/?  8/?  8/?  10/?  5/? ... )===perl: warning: Setting locale failed.
perl: warning: Please check that your locale settings:
	LANGUAGE = (unset),
	LC_ALL = (unset),
	LC_COLLATE = "C",
	LC_MESSAGES = "C",
	LANG = "it_IT.UTF-8"
    are supported and installed on your system.
perl: warning: Falling back to the standard locale ("C").
===(     164;0  18/?  15/?  13/?  15/?  12/?  12/?  12/?  14/?  ... )===perl: warning: Setting locale failed.
perl: warning: Please check that your locale settings:
	LANGUAGE = (unset),
	LC_ALL = (unset),
	LC_COLLATE = "C",
	LC_MESSAGES = "C",
	LANG = "it_IT.UTF-8"
    are supported and installed on your system.
perl: warning: Falling back to the standard locale ("C").
                                                                        t/16-catch-errors.t ........ ok
===(     164;0  18/?  15/?  13/?  15/?  12/?  12/?  12/?  14/?  ... )===perl: warning: Setting locale failed.
perl: warning: Please check that your locale settings:
	LANGUAGE = (unset),
	LC_ALL = (unset),
	LC_COLLATE = "C",
	LC_MESSAGES = "C",
	LANG = "it_IT.UTF-8"
    are supported and installed on your system.
perl: warning: Falling back to the standard locale ("C").
===(     211;0  22/?  19/?  17/?  19/?  16/?  16/?  16/?  18/?  ... )===                                                                        t/17-pass-results.t ........ ok
===(     281;0  29/?  25/?  23/?  25/?  22/?  22/?  22/?  24/?  ... )===perl: warning: Setting locale failed.
perl: warning: Please check that your locale settings:
	LANGUAGE = (unset),
	LC_ALL = (unset),
	LC_COLLATE = "C",
	LC_MESSAGES = "C",
	LANG = "it_IT.UTF-8"
    are supported and installed on your system.
perl: warning: Falling back to the standard locale ("C").
===(     307;1  32/?  27/?  25/?  27/?  24/?  24/?  24/?  26/?  ... )===                                                                        t/19-relayering.t .......... ok
===(     397;1  39/?  35/?  33/?  35/?  32/?  32/?  32/?  34/?  ... )===perl: warning: Setting locale failed.
perl: warning: Please check that your locale settings:
	LANGUAGE = (unset),
	LC_ALL = (unset),
	LC_COLLATE = "C",
	LC_MESSAGES = "C",
	LANG = "it_IT.UTF-8"
    are supported and installed on your system.
perl: warning: Falling back to the standard locale ("C").
===(     423;1  42/?  37/?  35/?  37/?  34/?  34/?  34/?  36/?  ... )===                                                                        t/18-custom-capture.t ...... ok
===(     448;1  45/?  40/?  37/?  39/?  36/?  36/?  36/?  38/?  ... )===perl: warning: Setting locale failed.
perl: warning: Please check that your locale settings:
	LANGUAGE = (unset),
	LC_ALL = (unset),
	LC_COLLATE = "C",
	LC_MESSAGES = "C",
	LANG = "it_IT.UTF-8"
    are supported and installed on your system.
perl: warning: Falling back to the standard locale ("C").
===(     475;1  49/?  43/?  39/?  41/?  38/?  38/?  38/?  40/?  ... )===                                                                        t/02-capture.t ............. ok
===(    1898;1  166/?  163/?  165/?  162/?  162/?  162/?  164/? ... )===                                                                        t/20-stdout-badtie.t ....... ok
===(    1900;1  166/?  163/?  165/?  162/?  162/?  162/?  164/? ... )===perl: warning: Setting locale failed.
perl: warning: Please check that your locale settings:
	LANGUAGE = (unset),
	LC_ALL = (unset),
	LC_COLLATE = "C",
	LC_MESSAGES = "C",
	LANG = "it_IT.UTF-8"
    are supported and installed on your system.
perl: warning: Falling back to the standard locale ("C").
===(    1903;1  166/?  163/?  165/?  162/?  162/?  162/?  164/? ... )===perl: warning: Setting locale failed.
perl: warning: Please check that your locale settings:
	LANGUAGE = (unset),
	LC_ALL = (unset),
	LC_COLLATE = "C",
	LC_MESSAGES = "C",
	LANG = "it_IT.UTF-8"
    are supported and installed on your system.
perl: warning: Falling back to the standard locale ("C").
===(    1925;1  168/?  165/?  167/?  164/?  164/?  164/?  166/? ... )===                                                                        t/06-stdout-closed.t ....... ok
===(    2081;1  180/?  181/?  178/?  178/?  178/?  180/?  175/? ... )===perl: warning: Setting locale failed.
perl: warning: Please check that your locale settings:
	LANGUAGE = (unset),
	LC_ALL = (unset),
	LC_COLLATE = "C",
	LC_MESSAGES = "C",
	LANG = "it_IT.UTF-8"
    are supported and installed on your system.
perl: warning: Falling back to the standard locale ("C").
===(    2106;1  182/182  182/182  180/?  180/?  180/?  182/?  17... )===                                                                        t/08-stdin-closed.t ........ ok
===(    2106;1  182/182  180/?  180/?  180/?  182/?  177/?  181/... )===                                                                        t/07-stderr-closed.t ....... ok
===(    2114;1  180/?  180/?  180/?  182/?  177/?  182/?  88/?  ... )===perl: warning: Setting locale failed.
perl: warning: Please check that your locale settings:
	LANGUAGE = (unset),
	LC_ALL = (unset),
	LC_COLLATE = "C",
	LC_MESSAGES = "C",
	LANG = "it_IT.UTF-8"
    are supported and installed on your system.
perl: warning: Falling back to the standard locale ("C").
===(    2124;1  180/?  180/?  180/?  182/?  178/?  183/?  90/?  ... )===                                                                        t/15-stdin-tied.t .......... ok
===(    2132;1  182/?  182/?  182/?  183/183  179/?  90/?  15/? ... )===perl: warning: Setting locale failed.
perl: warning: Please check that your locale settings:
	LANGUAGE = (unset),
	LC_ALL = (unset),
	LC_COLLATE = "C",
	LC_MESSAGES = "C",
	LANG = "it_IT.UTF-8"
    are supported and installed on your system.
perl: warning: Falling back to the standard locale ("C").
                                                                        t/13-stdout-tied.t ......... ok
===(    2146;1  183/183  183/183  183/?  180/?  92/?  17/?  16/?... )===                                                                        t/10-stdout-string.t ....... ok
===(    2156;1  183/183  183/?  181/?  94/?  19/?  18/?  7/?  4/4 )=====                                                                        t/25-cap-fork.t ............ ok
===(    2162;1  183/183  183/?  181/?  95/?  21/?  20/?  8/? )==========                                                                        t/11-stderr-string.t ....... ok
===(    2171;1  183/?  182/?  97/?  23/?  22/?  10/? )==================                                                                        t/12-stdin-string.t ........ ok
===(    2180;1  183/?  99/?  25/?  24/?  12/? )=========================                                                                        t/14-stderr-tied.t ......... ok
===(    2188;1  101/?  27/?  26/?  14/? )===============================                                                                        t/21-stderr-badtie.t ....... ok
===(    2300;1  55/?  55/?  42/? )======================================                                                                        t/22-stdin-badtie.t ........ ok
===(    2522;1  130/?  116/? )==========================================                                                                        t/24-all-badtied.t ......... ok
t/23-all-tied.t ............ t/23-all-tied.t ............ 149/?                                     t/23-all-tied.t ............ ok
All tests successful.
Files=24, Tests=2595,  1 wallclock secs ( 0.14 usr  0.02 sys +  2.04 cusr  0.64 csys =  2.84 CPU)
Result: PASS
>>> Completed testing dev-perl/Capture-Tiny-0.480.0

>>> Install dev-perl/Capture-Tiny-0.480.0 into /tmp/portage/dev-perl/Capture-Tiny-0.480.0/image/
make -j12 pure_install 
perl: warning: Setting locale failed.
perl: warning: Please check that your locale settings:
	LANGUAGE = (unset),
	LC_ALL = (unset),
	LC_COLLATE = "C",
	LC_MESSAGES = "C",
	LANG = "it_IT.UTF-8"
    are supported and installed on your system.
perl: warning: Falling back to the standard locale ("C").
Installing /tmp/portage/dev-perl/Capture-Tiny-0.480.0/image/usr/lib64/perl5/vendor_perl/5.30.2/Capture/Tiny.pm
 [32;01m*[0m Fixing packlist file /usr/lib64/perl5/vendor_perl/5.30.2/x86_64-linux/auto/Capture/Tiny/.packlist
>>> Completed installing dev-perl/Capture-Tiny-0.480.0 into /tmp/portage/dev-perl/Capture-Tiny-0.480.0/image/

 [32;01m*[0m Final size of build directory: 452 KiB
 [32;01m*[0m Final size of installed tree:  120 KiB

./
./usr/
./usr/share/
./usr/share/doc/
./usr/share/doc/Capture-Tiny-0.480.0/
./usr/share/doc/Capture-Tiny-0.480.0/README.bz2
./usr/share/doc/Capture-Tiny-0.480.0/Changes.bz2
./usr/lib64/
./usr/lib64/perl5/
./usr/lib64/perl5/vendor_perl/
./usr/lib64/perl5/vendor_perl/5.30.2/
./usr/lib64/perl5/vendor_perl/5.30.2/x86_64-linux/
./usr/lib64/perl5/vendor_perl/5.30.2/x86_64-linux/auto/
./usr/lib64/perl5/vendor_perl/5.30.2/x86_64-linux/auto/Capture/
./usr/lib64/perl5/vendor_perl/5.30.2/x86_64-linux/auto/Capture/Tiny/
./usr/lib64/perl5/vendor_perl/5.30.2/x86_64-linux/auto/Capture/Tiny/.packlist
./usr/lib64/perl5/vendor_perl/5.30.2/Capture/
./usr/lib64/perl5/vendor_perl/5.30.2/Capture/Tiny.pm
>>> Done.
 [32;01m*[39;49;00m checking 4 files for package collisions
>>> Merging dev-perl/Capture-Tiny-0.480.0 to /
--- /usr/
--- /usr/lib64/
--- /usr/lib64/perl5/
--- /usr/lib64/perl5/vendor_perl/
--- /usr/lib64/perl5/vendor_perl/5.30.2/
>>> /usr/lib64/perl5/vendor_perl/5.30.2/Capture/
>>> /usr/lib64/perl5/vendor_perl/5.30.2/Capture/Tiny.pm
--- /usr/lib64/perl5/vendor_perl/5.30.2/x86_64-linux/
--- /usr/lib64/perl5/vendor_perl/5.30.2/x86_64-linux/auto/
>>> /usr/lib64/perl5/vendor_perl/5.30.2/x86_64-linux/auto/Capture/
>>> /usr/lib64/perl5/vendor_perl/5.30.2/x86_64-linux/auto/Capture/Tiny/
>>> /usr/lib64/perl5/vendor_perl/5.30.2/x86_64-linux/auto/Capture/Tiny/.packlist
--- /usr/share/
--- /usr/share/doc/
>>> /usr/share/doc/Capture-Tiny-0.480.0/
>>> /usr/share/doc/Capture-Tiny-0.480.0/Changes.bz2
>>> /usr/share/doc/Capture-Tiny-0.480.0/README.bz2
>>> dev-perl/Capture-Tiny-0.480.0 merged.
>>> Regenerating /etc/ld.so.cache...
