[32;01m * [39;49;00mPackage:    dev-perl/HTTP-Cookies-6.40.0
[32;01m * [39;49;00mRepository: gentoo
[32;01m * [39;49;00mMaintainer: perl@gentoo.org
[32;01m * [39;49;00mUSE:        abi_x86_64 amd64 elibc_glibc kernel_linux test userland_GNU
[32;01m * [39;49;00mFEATURES:   network-sandbox preserve-libs sandbox splitdebug test userpriv usersandbox
>>> Unpacking source...
>>> Unpacking HTTP-Cookies-6.04.tar.gz to /tmp/portage/dev-perl/HTTP-Cookies-6.40.0/work
>>> Source unpacked in /tmp/portage/dev-perl/HTTP-Cookies-6.40.0/work
>>> Preparing source in /tmp/portage/dev-perl/HTTP-Cookies-6.40.0/work/HTTP-Cookies-6.04 ...
>>> Source prepared.
>>> Configuring source in /tmp/portage/dev-perl/HTTP-Cookies-6.40.0/work/HTTP-Cookies-6.04 ...
perl: warning: Setting locale failed.
perl: warning: Please check that your locale settings:
	LANGUAGE = (unset),
	LC_ALL = (unset),
	LC_COLLATE = "C",
	LC_MESSAGES = "C",
	LANG = "it_IT.UTF-8"
    are supported and installed on your system.
perl: warning: Falling back to the standard locale ("C").
 [32;01m*[0m Using ExtUtils::MakeMaker
 [32;01m*[0m perl Makefile.PL PREFIX=/usr INSTALLDIRS=vendor INSTALLMAN3DIR=none DESTDIR=/tmp/portage/dev-perl/HTTP-Cookies-6.40.0/image/
perl: warning: Setting locale failed.
perl: warning: Please check that your locale settings:
	LANGUAGE = (unset),
	LC_ALL = (unset),
	LC_COLLATE = "C",
	LC_MESSAGES = "C",
	LANG = "it_IT.UTF-8"
    are supported and installed on your system.
perl: warning: Falling back to the standard locale ("C").
Checking if your kit is complete...
Looks good
Generating a Unix-style Makefile
Writing Makefile for HTTP::Cookies
Writing MYMETA.yml and MYMETA.json
>>> Source configured.
>>> Compiling source in /tmp/portage/dev-perl/HTTP-Cookies-6.40.0/work/HTTP-Cookies-6.04 ...
 [32;01m*[0m emake OTHERLDFLAGS=-Wl,-O1 -Wl,--as-needed -Wl,--defsym=__gentoo_check_ldflags__=0 -Wl,--hash-style=gnu -Wl,-z,norelro
make -j12 'OTHERLDFLAGS=-Wl,-O1 -Wl,--as-needed -Wl,--defsym=__gentoo_check_ldflags__=0 -Wl,--hash-style=gnu -Wl,-z,norelro' 
perl: warning: Setting locale failed.
perl: warning: Please check that your locale settings:
	LANGUAGE = (unset),
	LC_ALL = (unset),
	LC_COLLATE = "C",
	LC_MESSAGES = "C",
	LANG = "it_IT.UTF-8"
    are supported and installed on your system.
perl: warning: Falling back to the standard locale ("C").
perl: warning: Setting locale failed.
perl: warning: Please check that your locale settings:
	LANGUAGE = (unset),
	LC_ALL = (unset),
	LC_COLLATE = "C",
	LC_MESSAGES = "C",
	LANG = "it_IT.UTF-8"
    are supported and installed on your system.
perl: warning: Falling back to the standard locale ("C").
perl: warning: Setting locale failed.
perl: warning: Please check that your locale settings:
	LANGUAGE = (unset),
	LC_ALL = (unset),
	LC_COLLATE = "C",
	LC_MESSAGES = "C",
	LANG = "it_IT.UTF-8"
    are supported and installed on your system.
perl: warning: Falling back to the standard locale ("C").
perl: warning: Setting locale failed.
perl: warning: Please check that your locale settings:
	LANGUAGE = (unset),
	LC_ALL = (unset),
	LC_COLLATE = "C",
	LC_MESSAGES = "C",
	LANG = "it_IT.UTF-8"
    are supported and installed on your system.
perl: warning: Falling back to the standard locale ("C").
perl: warning: Setting locale failed.
perl: warning: Please check that your locale settings:
perl: warning: Setting locale failed.
	LANGUAGE = (unset),
perl: warning: Setting locale failed.
	LC_ALL = (unset),
perl: warning: Please check that your locale settings:
perl: warning: Please check that your locale settings:
	LANGUAGE = (unset),
	LC_COLLATE = "C",
	LANGUAGE = (unset),
	LC_ALL = (unset),
	LC_MESSAGES = "C",
	LC_ALL = (unset),
	LANG = "it_IT.UTF-8"
	LC_COLLATE = "C",
	LC_COLLATE = "C",
    are supported and installed on your system.
	LC_MESSAGES = "C",
	LC_MESSAGES = "C",
	LANG = "it_IT.UTF-8"
	LANG = "it_IT.UTF-8"
    are supported and installed on your system.
    are supported and installed on your system.
perl: warning: Falling back to the standard locale ("C").
perl: warning: Falling back to the standard locale ("C").
perl: warning: Falling back to the standard locale ("C").
perl: warning: Setting locale failed.
perl: warning: Please check that your locale settings:
	LANGUAGE = (unset),
	LC_ALL = (unset),
	LC_COLLATE = "C",
	LC_MESSAGES = "C",
	LANG = "it_IT.UTF-8"
    are supported and installed on your system.
perl: warning: Falling back to the standard locale ("C").
perl: warning: Setting locale failed.
perl: warning: Please check that your locale settings:
	LANGUAGE = (unset),
	LC_ALL = (unset),
	LC_COLLATE = "C",
	LC_MESSAGES = "C",
	LANG = "it_IT.UTF-8"
    are supported and installed on your system.
perl: warning: Falling back to the standard locale ("C").
cp lib/HTTP/Cookies/Netscape.pm blib/lib/HTTP/Cookies/Netscape.pm
cp lib/HTTP/Cookies/Microsoft.pm blib/lib/HTTP/Cookies/Microsoft.pm
cp lib/HTTP/Cookies.pm blib/lib/HTTP/Cookies.pm
>>> Source compiled.
>>> Test phase: dev-perl/HTTP-Cookies-6.40.0
 [32;01m*[0m Test::Harness Jobs=12
make -j12 test TEST_VERBOSE=0 
PERL_DL_NONLAZY=1 "/usr/bin/perl" "-MExtUtils::Command::MM" "-MTest::Harness" "-e" "undef *Test::Harness::Switches; test_harness(0, 'blib/lib', 'blib/arch')" t/*.t
perl: warning: Setting locale failed.
perl: warning: Please check that your locale settings:
	LANGUAGE = (unset),
	LC_ALL = (unset),
	LC_COLLATE = "C",
	LC_MESSAGES = "C",
	LANG = "it_IT.UTF-8"
    are supported and installed on your system.
perl: warning: Falling back to the standard locale ("C").
perl: warning: Setting locale failed.
perl: warning: Please check that your locale settings:
	LANGUAGE = (unset),
	LC_ALL = (unset),
	LC_COLLATE = "C",
	LC_MESSAGES = "C",
	LANG = "it_IT.UTF-8"
    are supported and installed on your system.
perl: warning: Falling back to the standard locale ("C").
perl: warning: Setting locale failed.
perl: warning: Please check that your locale settings:
	LANGUAGE = (unset),
	LC_ALL = (unset),
	LC_COLLATE = "C",
	LC_MESSAGES = "C",
	LANG = "it_IT.UTF-8"
    are supported and installed on your system.
perl: warning: Falling back to the standard locale ("C").
perl: warning: Setting locale failed.
perl: warning: Please check that your locale settings:
	LANGUAGE = (unset),
	LC_ALL = (unset),
	LC_COLLATE = "C",
	LC_MESSAGES = "C",
	LANG = "it_IT.UTF-8"
    are supported and installed on your system.
perl: warning: Falling back to the standard locale ("C").
perl: warning: Setting locale failed.
perl: warning: Please check that your locale settings:
	LANGUAGE = (unset),
	LC_ALL = (unset),
	LC_COLLATE = "C",
	LC_MESSAGES = "C",
	LANG = "it_IT.UTF-8"
    are supported and installed on your system.
perl: warning: Falling back to the standard locale ("C").
===(       1;0  0/1   1/20   0/13   0/77  0/? )=========================perl: warning: Setting locale failed.
perl: warning: Please check that your locale settings:
	LANGUAGE = (unset),
	LC_ALL = (unset),
	LC_COLLATE = "C",
	LC_MESSAGES = "C",
	LANG = "it_IT.UTF-8"
    are supported and installed on your system.
perl: warning: Falling back to the standard locale ("C").
===(       2;0  0/1   1/20   0/13   0/77  1/? )============================(       4;0  0/1   2/20   1/13   0/77  1/? )============================(      10;0  0/1   5/20   3/13   1/77  1/? )=========================                                                                        t/11-rfc_2965.t ........ ok
===(      40;0  0/1  15/20  10/77  2/? )================================                                                                        t/10-original_spec.t ... ok
===(      47;0  0/1  12/77  2/? )=======================================                                                                        t/publicsuffix.t ....... ok
===(      61;0  0/1  23/77 )============================================perl: warning: Setting locale failed.
perl: warning: Please check that your locale settings:
	LANGUAGE = (unset),
	LC_ALL = (unset),
	LC_COLLATE = "C",
	LC_MESSAGES = "C",
	LANG = "it_IT.UTF-8"
    are supported and installed on your system.
perl: warning: Falling back to the standard locale ("C").
                                                                        t/cookies.t ............ ok
t/00-report-prereqs.t .. # 
# Versions for all modules listed in MYMETA.json (including optional ones):
# 
# === Configure Requires ===
# 
#     Module              Want Have
#     ------------------- ---- ----
#     ExtUtils::MakeMaker  any 7.34
# 
# === Build Requires ===
# 
#     Module              Want Have
#     ------------------- ---- ----
#     ExtUtils::MakeMaker  any 7.34
# 
# === Test Requires ===
# 
#     Module              Want     Have
#     ------------------- ---- --------
#     ExtUtils::MakeMaker  any     7.34
#     File::Spec           any     3.78
#     HTTP::Response       any     6.13
#     Test                 any     1.31
#     Test::More           any 1.302162
#     URI                  any     1.73
#     warnings             any     1.44
# 
# === Test Recommends ===
# 
#     Module         Want     Have
#     ---------- -------- --------
#     CPAN::Meta 2.120900 2.150010
# 
# === Runtime Requires ===
# 
#     Module              Want Have
#     ------------------- ---- ----
#     Carp                 any 1.50
#     HTTP::Date             6 6.02
#     HTTP::Headers::Util    6 6.13
#     HTTP::Request        any 6.13
#     Time::Local          any 1.28
#     locale               any 1.09
#     strict               any 1.11
#     vars                 any 1.05
# 
t/00-report-prereqs.t .. 1/1                               t/00-report-prereqs.t .. ok
All tests successful.
Files=5, Tests=116,  1 wallclock secs ( 0.02 usr  0.02 sys +  0.28 cusr  0.05 csys =  0.37 CPU)
Result: PASS
>>> Completed testing dev-perl/HTTP-Cookies-6.40.0

>>> Install dev-perl/HTTP-Cookies-6.40.0 into /tmp/portage/dev-perl/HTTP-Cookies-6.40.0/image/
make -j12 pure_install 
perl: warning: Setting locale failed.
perl: warning: Please check that your locale settings:
	LANGUAGE = (unset),
	LC_ALL = (unset),
	LC_COLLATE = "C",
	LC_MESSAGES = "C",
	LANG = "it_IT.UTF-8"
    are supported and installed on your system.
perl: warning: Falling back to the standard locale ("C").
Installing /tmp/portage/dev-perl/HTTP-Cookies-6.40.0/image/usr/lib64/perl5/vendor_perl/5.30.2/HTTP/Cookies.pm
Installing /tmp/portage/dev-perl/HTTP-Cookies-6.40.0/image/usr/lib64/perl5/vendor_perl/5.30.2/HTTP/Cookies/Netscape.pm
Installing /tmp/portage/dev-perl/HTTP-Cookies-6.40.0/image/usr/lib64/perl5/vendor_perl/5.30.2/HTTP/Cookies/Microsoft.pm
 [32;01m*[0m Fixing packlist file /usr/lib64/perl5/vendor_perl/5.30.2/x86_64-linux/auto/HTTP/Cookies/.packlist
>>> Completed installing dev-perl/HTTP-Cookies-6.40.0 into /tmp/portage/dev-perl/HTTP-Cookies-6.40.0/image/

 [32;01m*[0m Final size of build directory: 420 KiB
 [32;01m*[0m Final size of installed tree:  116 KiB

./
./usr/
./usr/share/
./usr/share/doc/
./usr/share/doc/HTTP-Cookies-6.40.0/
./usr/share/doc/HTTP-Cookies-6.40.0/README.md.bz2
./usr/share/doc/HTTP-Cookies-6.40.0/Changes.bz2
./usr/lib64/
./usr/lib64/perl5/
./usr/lib64/perl5/vendor_perl/
./usr/lib64/perl5/vendor_perl/5.30.2/
./usr/lib64/perl5/vendor_perl/5.30.2/x86_64-linux/
./usr/lib64/perl5/vendor_perl/5.30.2/x86_64-linux/auto/
./usr/lib64/perl5/vendor_perl/5.30.2/x86_64-linux/auto/HTTP/
./usr/lib64/perl5/vendor_perl/5.30.2/x86_64-linux/auto/HTTP/Cookies/
./usr/lib64/perl5/vendor_perl/5.30.2/x86_64-linux/auto/HTTP/Cookies/.packlist
./usr/lib64/perl5/vendor_perl/5.30.2/HTTP/
./usr/lib64/perl5/vendor_perl/5.30.2/HTTP/Cookies.pm
./usr/lib64/perl5/vendor_perl/5.30.2/HTTP/Cookies/
./usr/lib64/perl5/vendor_perl/5.30.2/HTTP/Cookies/Netscape.pm
./usr/lib64/perl5/vendor_perl/5.30.2/HTTP/Cookies/Microsoft.pm
>>> Done.
 [32;01m*[39;49;00m checking 6 files for package collisions
>>> Merging dev-perl/HTTP-Cookies-6.40.0 to /
--- /usr/
--- /usr/lib64/
--- /usr/lib64/perl5/
--- /usr/lib64/perl5/vendor_perl/
--- /usr/lib64/perl5/vendor_perl/5.30.2/
--- /usr/lib64/perl5/vendor_perl/5.30.2/HTTP/
>>> /usr/lib64/perl5/vendor_perl/5.30.2/HTTP/Cookies/
>>> /usr/lib64/perl5/vendor_perl/5.30.2/HTTP/Cookies/Microsoft.pm
>>> /usr/lib64/perl5/vendor_perl/5.30.2/HTTP/Cookies/Netscape.pm
>>> /usr/lib64/perl5/vendor_perl/5.30.2/HTTP/Cookies.pm
--- /usr/lib64/perl5/vendor_perl/5.30.2/x86_64-linux/
--- /usr/lib64/perl5/vendor_perl/5.30.2/x86_64-linux/auto/
--- /usr/lib64/perl5/vendor_perl/5.30.2/x86_64-linux/auto/HTTP/
>>> /usr/lib64/perl5/vendor_perl/5.30.2/x86_64-linux/auto/HTTP/Cookies/
>>> /usr/lib64/perl5/vendor_perl/5.30.2/x86_64-linux/auto/HTTP/Cookies/.packlist
--- /usr/share/
--- /usr/share/doc/
>>> /usr/share/doc/HTTP-Cookies-6.40.0/
>>> /usr/share/doc/HTTP-Cookies-6.40.0/Changes.bz2
>>> /usr/share/doc/HTTP-Cookies-6.40.0/README.md.bz2
>>> dev-perl/HTTP-Cookies-6.40.0 merged.
>>> Regenerating /etc/ld.so.cache...
