[32;01m * [39;49;00mPackage:    dev-perl/XML-SAX-1.0.0
[32;01m * [39;49;00mRepository: gentoo
[32;01m * [39;49;00mMaintainer: perl@gentoo.org
[32;01m * [39;49;00mUSE:        abi_x86_64 amd64 elibc_glibc kernel_linux userland_GNU
[32;01m * [39;49;00mFEATURES:   network-sandbox preserve-libs sandbox splitdebug test userpriv usersandbox
>>> Unpacking source...
>>> Unpacking XML-SAX-1.00.tar.gz to /tmp/portage/dev-perl/XML-SAX-1.0.0/work
>>> Source unpacked in /tmp/portage/dev-perl/XML-SAX-1.0.0/work
>>> Preparing source in /tmp/portage/dev-perl/XML-SAX-1.0.0/work/XML-SAX-1.00 ...
 [32;01m*[0m Applying XML-SAX-1.00-noautoini.patch ...
[A[263C [34;01m[ [32;01mok[34;01m ][0m
>>> Source prepared.
>>> Configuring source in /tmp/portage/dev-perl/XML-SAX-1.0.0/work/XML-SAX-1.00 ...
perl: warning: Setting locale failed.
perl: warning: Please check that your locale settings:
	LANGUAGE = (unset),
	LC_ALL = (unset),
	LC_COLLATE = "C",
	LC_MESSAGES = "C",
	LANG = "it_IT.UTF-8"
    are supported and installed on your system.
perl: warning: Falling back to the standard locale ("C").
 [32;01m*[0m Using ExtUtils::MakeMaker
 [32;01m*[0m perl Makefile.PL PREFIX=/usr INSTALLDIRS=vendor INSTALLMAN3DIR=none DESTDIR=/tmp/portage/dev-perl/XML-SAX-1.0.0/image/
perl: warning: Setting locale failed.
perl: warning: Please check that your locale settings:
	LANGUAGE = (unset),
	LC_ALL = (unset),
	LC_COLLATE = "C",
	LC_MESSAGES = "C",
	LANG = "it_IT.UTF-8"
    are supported and installed on your system.
perl: warning: Falling back to the standard locale ("C").
Checking if your kit is complete...
Looks good
Generating a Unix-style Makefile
Writing Makefile for XML::SAX
Writing MYMETA.yml and MYMETA.json
>>> Source configured.
>>> Compiling source in /tmp/portage/dev-perl/XML-SAX-1.0.0/work/XML-SAX-1.00 ...
 [32;01m*[0m emake OTHERLDFLAGS=-Wl,-O1 -Wl,--as-needed -Wl,--defsym=__gentoo_check_ldflags__=0 -Wl,--hash-style=gnu -Wl,-z,norelro
make -j12 'OTHERLDFLAGS=-Wl,-O1 -Wl,--as-needed -Wl,--defsym=__gentoo_check_ldflags__=0 -Wl,--hash-style=gnu -Wl,-z,norelro' 
perl: warning: Setting locale failed.
perl: warning: Please check that your locale settings:
	LANGUAGE = (unset),
	LC_ALL = (unset),
	LC_COLLATE = "C",
	LC_MESSAGES = "C",
	LANG = "it_IT.UTF-8"
    are supported and installed on your system.
perl: warning: Falling back to the standard locale ("C").
perl: warning: Setting locale failed.
perl: warning: Please check that your locale settings:
	LANGUAGE = (unset),
	LC_ALL = (unset),
	LC_COLLATE = "C",
	LC_MESSAGES = "C",
perl: warning: Setting locale failed.
	LANG = "it_IT.UTF-8"
perl: warning: Please check that your locale settings:
    are supported and installed on your system.
	LANGUAGE = (unset),
	LC_ALL = (unset),
perl: warning: Falling back to the standard locale ("C").
	LC_COLLATE = "C",
	LC_MESSAGES = "C",
	LANG = "it_IT.UTF-8"
    are supported and installed on your system.
perl: warning: Falling back to the standard locale ("C").
perl: warning: Setting locale failed.
perl: warning: Please check that your locale settings:
	LANGUAGE = (unset),
	LC_ALL = (unset),
	LC_COLLATE = "C",
	LC_MESSAGES = "C",
	LANG = "it_IT.UTF-8"
    are supported and installed on your system.
perl: warning: Falling back to the standard locale ("C").
perl: warning: Setting locale failed.
perl: warning: Please check that your locale settings:
	LANGUAGE = (unset),
	LC_ALL = (unset),
	LC_COLLATE = "C",
	LC_MESSAGES = "C",
	LANG = "it_IT.UTF-8"
    are supported and installed on your system.
perl: warning: Falling back to the standard locale ("C").
perl: warning: Setting locale failed.
perl: warning: Please check that your locale settings:
	LANGUAGE = (unset),
	LC_ALL = (unset),
	LC_COLLATE = "C",
	LC_MESSAGES = "C",
	LANG = "it_IT.UTF-8"
    are supported and installed on your system.
perl: warning: Falling back to the standard locale ("C").
perl: warning: Setting locale failed.
perl: warning: Please check that your locale settings:
	LANGUAGE = (unset),
	LC_ALL = (unset),
	LC_COLLATE = "C",
	LC_MESSAGES = "C",
	LANG = "it_IT.UTF-8"
    are supported and installed on your system.
perl: warning: Falling back to the standard locale ("C").
perl: warning: Setting locale failed.
perl: warning: Please check that your locale settings:
	LANGUAGE = (unset),
	LC_ALL = (unset),
	LC_COLLATE = "C",
	LC_MESSAGES = "C",
	LANG = "it_IT.UTF-8"
    are supported and installed on your system.
perl: warning: Falling back to the standard locale ("C").
perl: warning: Setting locale failed.
perl: warning: Please check that your locale settings:
	LANGUAGE = (unset),
	LC_ALL = (unset),
	LC_COLLATE = "C",
	LC_MESSAGES = "C",
	LANG = "it_IT.UTF-8"
    are supported and installed on your system.
perl: warning: Falling back to the standard locale ("C").
cp SAX/PurePerl/Reader/URI.pm blib/lib/XML/SAX/PurePerl/Reader/URI.pm
cp SAX.pm blib/lib/XML/SAX.pm
cp SAX/PurePerl/EncodingDetect.pm blib/lib/XML/SAX/PurePerl/EncodingDetect.pm
cp SAX/PurePerl/DocType.pm blib/lib/XML/SAX/PurePerl/DocType.pm
cp SAX/PurePerl/Reader/UnicodeExt.pm blib/lib/XML/SAX/PurePerl/Reader/UnicodeExt.pm
cp SAX/PurePerl/DTDDecls.pm blib/lib/XML/SAX/PurePerl/DTDDecls.pm
cp SAX/PurePerl/Exception.pm blib/lib/XML/SAX/PurePerl/Exception.pm
cp SAX/PurePerl/DebugHandler.pm blib/lib/XML/SAX/PurePerl/DebugHandler.pm
cp SAX/PurePerl/Reader/String.pm blib/lib/XML/SAX/PurePerl/Reader/String.pm
cp SAX/DocumentLocator.pm blib/lib/XML/SAX/DocumentLocator.pm
cp SAX/PurePerl/Productions.pm blib/lib/XML/SAX/PurePerl/Productions.pm
cp SAX/Intro.pod blib/lib/XML/SAX/Intro.pod
cp SAX/PurePerl/Reader.pm blib/lib/XML/SAX/PurePerl/Reader.pm
cp SAX/ParserFactory.pm blib/lib/XML/SAX/ParserFactory.pm
cp SAX/PurePerl/UnicodeExt.pm blib/lib/XML/SAX/PurePerl/UnicodeExt.pm
cp SAX/PurePerl/Reader/NoUnicodeExt.pm blib/lib/XML/SAX/PurePerl/Reader/NoUnicodeExt.pm
cp SAX/PurePerl/XMLDecl.pm blib/lib/XML/SAX/PurePerl/XMLDecl.pm
cp SAX/PurePerl.pm blib/lib/XML/SAX/PurePerl.pm
cp SAX/PurePerl/Reader/Stream.pm blib/lib/XML/SAX/PurePerl/Reader/Stream.pm
cp SAX/PurePerl/NoUnicodeExt.pm blib/lib/XML/SAX/PurePerl/NoUnicodeExt.pm
>>> Source compiled.
>>> Test phase: dev-perl/XML-SAX-1.0.0
 [32;01m*[0m Test::Harness Jobs=12
make -j12 test TEST_VERBOSE=0 
PERL_DL_NONLAZY=1 "/usr/bin/perl" "-MExtUtils::Command::MM" "-MTest::Harness" "-e" "undef *Test::Harness::Switches; test_harness(0, 'blib/lib', 'blib/arch')" t/*.t
perl: warning: Setting locale failed.
perl: warning: Please check that your locale settings:
	LANGUAGE = (unset),
	LC_ALL = (unset),
	LC_COLLATE = "C",
	LC_MESSAGES = "C",
	LANG = "it_IT.UTF-8"
    are supported and installed on your system.
perl: warning: Falling back to the standard locale ("C").
perl: warning: Setting locale failed.
perl: warning: Please check that your locale settings:
	LANGUAGE = (unset),
	LC_ALL = (unset),
	LC_COLLATE = "C",
	LC_MESSAGES = "C",
	LANG = "it_IT.UTF-8"
    are supported and installed on your system.
perl: warning: Falling back to the standard locale ("C").
perl: warning: Setting locale failed.
perl: warning: Please check that your locale settings:
	LANGUAGE = (unset),
	LC_ALL = (unset),
	LC_COLLATE = "C",
	LC_MESSAGES = "C",
	LANG = "it_IT.UTF-8"
    are supported and installed on your system.
perl: warning: Falling back to the standard locale ("C").
perl: warning: Setting locale failed.
perl: warning: Please check that your locale settings:
	LANGUAGE = (unset),
	LC_ALL = (unset),
	LC_COLLATE = "C",
	LC_MESSAGES = "C",
	LANG = "it_IT.UTF-8"
    are supported and installed on your system.
perl: warning: Falling back to the standard locale ("C").
perl: warning: Setting locale failed.
perl: warning: Please check that your locale settings:
	LANGUAGE = (unset),
	LC_ALL = (unset),
	LC_COLLATE = "C",
	LC_MESSAGES = "C",
	LANG = "it_IT.UTF-8"
    are supported and installed on your system.
perl: warning: Falling back to the standard locale ("C").
===(       1;0  1/2  0/3  0/5   0/10  0/6  0/3  0/9   0/32  0/3 ... )======(       2;0  1/2  1/3  0/5   0/10  0/6  0/3  0/9   0/32  0/3 ... )======(       3;0  1/2  1/3  0/5   0/10  0/6  1/3  0/9   0/32  0/3 ... )===perl: warning: Setting locale failed.
perl: warning: Please check that your locale settings:
	LANGUAGE = (unset),
	LC_ALL = (unset),
	LC_COLLATE = "C",
	LC_MESSAGES = "C",
	LANG = "it_IT.UTF-8"
    are supported and installed on your system.
perl: warning: Falling back to the standard locale ("C").
                                                                        t/00basic.t ...... ok
===(       5;0  2/3  0/5   0/10  0/6  1/3  0/9   0/32  0/3   0/1... )===perl: warning: Setting locale failed.
perl: warning: Please check that your locale settings:
	LANGUAGE = (unset),
	LC_ALL = (unset),
	LC_COLLATE = "C",
	LC_MESSAGES = "C",
	LANG = "it_IT.UTF-8"
    are supported and installed on your system.
perl: warning: Falling back to the standard locale ("C").
                                                                        t/01known.t ...... ok
===(       6;0  0/5   0/10  0/6  1/3  0/9   0/32  0/3   0/16  0/... )======(       7;0  1/5   0/10  0/6  1/3  0/9   0/32  0/3   0/16  0/... )======(       9;0  2/5   1/10  0/6  1/3  0/9   0/32  0/3   0/16  0/... )======(      11;0  2/5   1/10  1/6  2/3  0/9   0/32  0/3   0/16  0/... )===perl: warning: Setting locale failed.
perl: warning: Please check that your locale settings:
	LANGUAGE = (unset),
	LC_ALL = (unset),
	LC_COLLATE = "C",
	LC_MESSAGES = "C",
	LANG = "it_IT.UTF-8"
    are supported and installed on your system.
perl: warning: Falling back to the standard locale ("C").
===(      13;0  2/5   1/10  1/6  3/3  0/9   0/32  1/3   0/16  0/... )===perl: warning: Setting locale failed.
perl: warning: Please check that your locale settings:
	LANGUAGE = (unset),
	LC_ALL = (unset),
	LC_COLLATE = "C",
	LC_MESSAGES = "C",
	LANG = "it_IT.UTF-8"
    are supported and installed on your system.
perl: warning: Falling back to the standard locale ("C").
perl: warning: Setting locale failed.
perl: warning: Please check that your locale settings:
	LANGUAGE = (unset),
	LC_ALL = (unset),
	LC_COLLATE = "C",
	LC_MESSAGES = "C",
	LANG = "it_IT.UTF-8"
    are supported and installed on your system.
perl: warning: Falling back to the standard locale ("C").
perl: warning: Setting locale failed.
perl: warning: Please check that your locale settings:
	LANGUAGE = (unset),
	LC_ALL = (unset),
	LC_COLLATE = "C",
	LC_MESSAGES = "C",
	LANG = "it_IT.UTF-8"
    are supported and installed on your system.
perl: warning: Falling back to the standard locale ("C").
                                                                        t/13int_ent.t .... ok
===(      18;0  4/5   3/10  2/6  0/9   0/32  1/3   0/16  0/8  0/... )===perl: warning: Setting locale failed.
perl: warning: Please check that your locale settings:
	LANGUAGE = (unset),
	LC_ALL = (unset),
	LC_COLLATE = "C",
	LC_MESSAGES = "C",
	LANG = "it_IT.UTF-8"
    are supported and installed on your system.
perl: warning: Falling back to the standard locale ("C").
                                                                        t/10xmldecl1.t ... ok
===(      20;0   4/10  2/6  0/9   0/32  1/3   0/16  0/8  0/4  0/... )======(      24;0   5/10  4/6  1/9   0/32  1/3   0/16  0/8  0/4  0/... )======(      31;0   7/10  6/6  3/9   0/32  1/3   1/16  0/8  0/4  0/... )===perl: warning: Setting locale failed.
perl: warning: Please check that your locale settings:
	LANGUAGE = (unset),
	LC_ALL = (unset),
	LC_COLLATE = "C",
	LC_MESSAGES = "C",
	LANG = "it_IT.UTF-8"
    are supported and installed on your system.
perl: warning: Falling back to the standard locale ("C").
===(      33;0   7/10  6/6  3/9   0/32  1/3   2/16  0/8  1/4  0/... )===perl: warning: Setting locale failed.
perl: warning: Please check that your locale settings:
	LANGUAGE = (unset),
	LC_ALL = (unset),
	LC_COLLATE = "C",
	LC_MESSAGES = "C",
	LANG = "it_IT.UTF-8"
    are supported and installed on your system.
perl: warning: Falling back to the standard locale ("C").
                                                                        t/12miscstart.t .. ok
===(      34;0   8/10  3/9   0/32  1/3   2/16  0/8  1/4  0/4  0/1 )========(      35;0   8/10  3/9   0/32  1/3   2/16  0/8  1/4  0/4  1/1 )=====                                                                        t/99cleanup.t .... ok
===(      35;0   8/10  3/9   0/32  1/3   2/16  0/8  1/4  0/4 )==========perl: warning: Setting locale failed.
perl: warning: Please check that your locale settings:
	LANGUAGE = (unset),
	LC_ALL = (unset),
	LC_COLLATE = "C",
	LC_MESSAGES = "C",
	LANG = "it_IT.UTF-8"
    are supported and installed on your system.
perl: warning: Falling back to the standard locale ("C").
                                                                        t/11xmldecl2.t ... ok
===(      42;0  5/9   0/32  1/3   4/16  0/8  2/4  0/4 )====================(      44;0  6/9   1/32  1/3   4/16  0/8  2/4  0/4 )=================                                                                        t/40cdata.t ...... ok
===(      56;0  9/9   4/32  1/3   8/16  0/8  0/4 )======================perl: warning: Setting locale failed.
perl: warning: Please check that your locale settings:
	LANGUAGE = (unset),
	LC_ALL = (unset),
	LC_COLLATE = "C",
	LC_MESSAGES = "C",
	LANG = "it_IT.UTF-8"
    are supported and installed on your system.
perl: warning: Falling back to the standard locale ("C").
                                                                        t/14encoding.t ... ok
===(      57;0   5/32  1/3   8/16  0/8  0/4 )===========================                                                                        t/20factory.t .... ok
===(      75;0  15/32  1/3  0/8  0/4 )==================================                                                                        t/15element.t .... ok
===(      92;0  1/3  0/8  0/4 )============================================(      93;0  1/3  1/8  0/4 )=========================================                                                                        t/21saxini.t ..... ok
===(     100;0  1/3  0/4 )=================================================(     101;0  1/3  1/4 )==============================================                                                                        t/42entities.t ... ok
t/16large.t ...... t/16large.t ...... 2/3 parsed 80085 bytes in 0 seconds
                        t/16large.t ...... ok
All tests successful.
Files=14, Tests=106,  0 wallclock secs ( 0.03 usr  0.02 sys +  0.81 cusr  0.16 csys =  1.02 CPU)
Result: PASS
>>> Completed testing dev-perl/XML-SAX-1.0.0

>>> Install dev-perl/XML-SAX-1.0.0 into /tmp/portage/dev-perl/XML-SAX-1.0.0/image/
make -j12 pure_install 
perl: warning: Setting locale failed.
perl: warning: Please check that your locale settings:
	LANGUAGE = (unset),
	LC_ALL = (unset),
	LC_COLLATE = "C",
	LC_MESSAGES = "C",
	LANG = "it_IT.UTF-8"
    are supported and installed on your system.
perl: warning: Falling back to the standard locale ("C").
Installing /tmp/portage/dev-perl/XML-SAX-1.0.0/image/usr/lib64/perl5/vendor_perl/5.30.2/XML/SAX.pm
Installing /tmp/portage/dev-perl/XML-SAX-1.0.0/image/usr/lib64/perl5/vendor_perl/5.30.2/XML/SAX/DocumentLocator.pm
Installing /tmp/portage/dev-perl/XML-SAX-1.0.0/image/usr/lib64/perl5/vendor_perl/5.30.2/XML/SAX/PurePerl.pm
Installing /tmp/portage/dev-perl/XML-SAX-1.0.0/image/usr/lib64/perl5/vendor_perl/5.30.2/XML/SAX/Intro.pod
Installing /tmp/portage/dev-perl/XML-SAX-1.0.0/image/usr/lib64/perl5/vendor_perl/5.30.2/XML/SAX/ParserFactory.pm
Installing /tmp/portage/dev-perl/XML-SAX-1.0.0/image/usr/lib64/perl5/vendor_perl/5.30.2/XML/SAX/PurePerl/NoUnicodeExt.pm
Installing /tmp/portage/dev-perl/XML-SAX-1.0.0/image/usr/lib64/perl5/vendor_perl/5.30.2/XML/SAX/PurePerl/Reader.pm
Installing /tmp/portage/dev-perl/XML-SAX-1.0.0/image/usr/lib64/perl5/vendor_perl/5.30.2/XML/SAX/PurePerl/DocType.pm
Installing /tmp/portage/dev-perl/XML-SAX-1.0.0/image/usr/lib64/perl5/vendor_perl/5.30.2/XML/SAX/PurePerl/XMLDecl.pm
Installing /tmp/portage/dev-perl/XML-SAX-1.0.0/image/usr/lib64/perl5/vendor_perl/5.30.2/XML/SAX/PurePerl/EncodingDetect.pm
Installing /tmp/portage/dev-perl/XML-SAX-1.0.0/image/usr/lib64/perl5/vendor_perl/5.30.2/XML/SAX/PurePerl/UnicodeExt.pm
Installing /tmp/portage/dev-perl/XML-SAX-1.0.0/image/usr/lib64/perl5/vendor_perl/5.30.2/XML/SAX/PurePerl/Exception.pm
Installing /tmp/portage/dev-perl/XML-SAX-1.0.0/image/usr/lib64/perl5/vendor_perl/5.30.2/XML/SAX/PurePerl/DTDDecls.pm
Installing /tmp/portage/dev-perl/XML-SAX-1.0.0/image/usr/lib64/perl5/vendor_perl/5.30.2/XML/SAX/PurePerl/DebugHandler.pm
Installing /tmp/portage/dev-perl/XML-SAX-1.0.0/image/usr/lib64/perl5/vendor_perl/5.30.2/XML/SAX/PurePerl/Productions.pm
Installing /tmp/portage/dev-perl/XML-SAX-1.0.0/image/usr/lib64/perl5/vendor_perl/5.30.2/XML/SAX/PurePerl/Reader/URI.pm
Installing /tmp/portage/dev-perl/XML-SAX-1.0.0/image/usr/lib64/perl5/vendor_perl/5.30.2/XML/SAX/PurePerl/Reader/NoUnicodeExt.pm
Installing /tmp/portage/dev-perl/XML-SAX-1.0.0/image/usr/lib64/perl5/vendor_perl/5.30.2/XML/SAX/PurePerl/Reader/Stream.pm
Installing /tmp/portage/dev-perl/XML-SAX-1.0.0/image/usr/lib64/perl5/vendor_perl/5.30.2/XML/SAX/PurePerl/Reader/String.pm
Installing /tmp/portage/dev-perl/XML-SAX-1.0.0/image/usr/lib64/perl5/vendor_perl/5.30.2/XML/SAX/PurePerl/Reader/UnicodeExt.pm
 [32;01m*[0m Fixing packlist file /usr/lib64/perl5/vendor_perl/5.30.2/x86_64-linux/auto/XML/SAX/.packlist
>>> Completed installing dev-perl/XML-SAX-1.0.0 into /tmp/portage/dev-perl/XML-SAX-1.0.0/image/

 [32;01m*[0m Final size of build directory: 680 KiB
 [32;01m*[0m Final size of installed tree:  228 KiB

./
./usr/
./usr/share/
./usr/share/doc/
./usr/share/doc/XML-SAX-1.0.0/
./usr/share/doc/XML-SAX-1.0.0/README.bz2
./usr/share/doc/XML-SAX-1.0.0/Changes.bz2
./usr/lib64/
./usr/lib64/perl5/
./usr/lib64/perl5/vendor_perl/
./usr/lib64/perl5/vendor_perl/5.30.2/
./usr/lib64/perl5/vendor_perl/5.30.2/x86_64-linux/
./usr/lib64/perl5/vendor_perl/5.30.2/x86_64-linux/auto/
./usr/lib64/perl5/vendor_perl/5.30.2/x86_64-linux/auto/XML/
./usr/lib64/perl5/vendor_perl/5.30.2/x86_64-linux/auto/XML/SAX/
./usr/lib64/perl5/vendor_perl/5.30.2/x86_64-linux/auto/XML/SAX/.packlist
./usr/lib64/perl5/vendor_perl/5.30.2/XML/
./usr/lib64/perl5/vendor_perl/5.30.2/XML/SAX.pm
./usr/lib64/perl5/vendor_perl/5.30.2/XML/SAX/
./usr/lib64/perl5/vendor_perl/5.30.2/XML/SAX/DocumentLocator.pm
./usr/lib64/perl5/vendor_perl/5.30.2/XML/SAX/PurePerl.pm
./usr/lib64/perl5/vendor_perl/5.30.2/XML/SAX/Intro.pod
./usr/lib64/perl5/vendor_perl/5.30.2/XML/SAX/PurePerl/
./usr/lib64/perl5/vendor_perl/5.30.2/XML/SAX/PurePerl/Reader/
./usr/lib64/perl5/vendor_perl/5.30.2/XML/SAX/PurePerl/Reader/URI.pm
./usr/lib64/perl5/vendor_perl/5.30.2/XML/SAX/PurePerl/Reader/NoUnicodeExt.pm
./usr/lib64/perl5/vendor_perl/5.30.2/XML/SAX/PurePerl/Reader/Stream.pm
./usr/lib64/perl5/vendor_perl/5.30.2/XML/SAX/PurePerl/Reader/String.pm
./usr/lib64/perl5/vendor_perl/5.30.2/XML/SAX/PurePerl/Reader/UnicodeExt.pm
./usr/lib64/perl5/vendor_perl/5.30.2/XML/SAX/PurePerl/NoUnicodeExt.pm
./usr/lib64/perl5/vendor_perl/5.30.2/XML/SAX/PurePerl/Reader.pm
./usr/lib64/perl5/vendor_perl/5.30.2/XML/SAX/PurePerl/DocType.pm
./usr/lib64/perl5/vendor_perl/5.30.2/XML/SAX/PurePerl/XMLDecl.pm
./usr/lib64/perl5/vendor_perl/5.30.2/XML/SAX/PurePerl/EncodingDetect.pm
./usr/lib64/perl5/vendor_perl/5.30.2/XML/SAX/PurePerl/UnicodeExt.pm
./usr/lib64/perl5/vendor_perl/5.30.2/XML/SAX/PurePerl/Exception.pm
./usr/lib64/perl5/vendor_perl/5.30.2/XML/SAX/PurePerl/DTDDecls.pm
./usr/lib64/perl5/vendor_perl/5.30.2/XML/SAX/PurePerl/DebugHandler.pm
./usr/lib64/perl5/vendor_perl/5.30.2/XML/SAX/PurePerl/Productions.pm
./usr/lib64/perl5/vendor_perl/5.30.2/XML/SAX/ParserFactory.pm
>>> Done.
 [32;01m*[39;49;00m checking 23 files for package collisions
>>> Merging dev-perl/XML-SAX-1.0.0 to /
--- /usr/
--- /usr/lib64/
--- /usr/lib64/perl5/
--- /usr/lib64/perl5/vendor_perl/
--- /usr/lib64/perl5/vendor_perl/5.30.2/
--- /usr/lib64/perl5/vendor_perl/5.30.2/XML/
--- /usr/lib64/perl5/vendor_perl/5.30.2/XML/SAX/
>>> /usr/lib64/perl5/vendor_perl/5.30.2/XML/SAX/ParserFactory.pm
>>> /usr/lib64/perl5/vendor_perl/5.30.2/XML/SAX/PurePerl/
>>> /usr/lib64/perl5/vendor_perl/5.30.2/XML/SAX/PurePerl/Productions.pm
>>> /usr/lib64/perl5/vendor_perl/5.30.2/XML/SAX/PurePerl/DebugHandler.pm
>>> /usr/lib64/perl5/vendor_perl/5.30.2/XML/SAX/PurePerl/DTDDecls.pm
>>> /usr/lib64/perl5/vendor_perl/5.30.2/XML/SAX/PurePerl/Exception.pm
>>> /usr/lib64/perl5/vendor_perl/5.30.2/XML/SAX/PurePerl/UnicodeExt.pm
>>> /usr/lib64/perl5/vendor_perl/5.30.2/XML/SAX/PurePerl/EncodingDetect.pm
>>> /usr/lib64/perl5/vendor_perl/5.30.2/XML/SAX/PurePerl/XMLDecl.pm
>>> /usr/lib64/perl5/vendor_perl/5.30.2/XML/SAX/PurePerl/DocType.pm
>>> /usr/lib64/perl5/vendor_perl/5.30.2/XML/SAX/PurePerl/Reader.pm
>>> /usr/lib64/perl5/vendor_perl/5.30.2/XML/SAX/PurePerl/NoUnicodeExt.pm
>>> /usr/lib64/perl5/vendor_perl/5.30.2/XML/SAX/PurePerl/Reader/
>>> /usr/lib64/perl5/vendor_perl/5.30.2/XML/SAX/PurePerl/Reader/UnicodeExt.pm
>>> /usr/lib64/perl5/vendor_perl/5.30.2/XML/SAX/PurePerl/Reader/String.pm
>>> /usr/lib64/perl5/vendor_perl/5.30.2/XML/SAX/PurePerl/Reader/Stream.pm
>>> /usr/lib64/perl5/vendor_perl/5.30.2/XML/SAX/PurePerl/Reader/NoUnicodeExt.pm
>>> /usr/lib64/perl5/vendor_perl/5.30.2/XML/SAX/PurePerl/Reader/URI.pm
>>> /usr/lib64/perl5/vendor_perl/5.30.2/XML/SAX/Intro.pod
>>> /usr/lib64/perl5/vendor_perl/5.30.2/XML/SAX/PurePerl.pm
>>> /usr/lib64/perl5/vendor_perl/5.30.2/XML/SAX/DocumentLocator.pm
>>> /usr/lib64/perl5/vendor_perl/5.30.2/XML/SAX.pm
--- /usr/lib64/perl5/vendor_perl/5.30.2/x86_64-linux/
--- /usr/lib64/perl5/vendor_perl/5.30.2/x86_64-linux/auto/
--- /usr/lib64/perl5/vendor_perl/5.30.2/x86_64-linux/auto/XML/
--- /usr/lib64/perl5/vendor_perl/5.30.2/x86_64-linux/auto/XML/SAX/
>>> /usr/lib64/perl5/vendor_perl/5.30.2/x86_64-linux/auto/XML/SAX/.packlist
--- /usr/share/
--- /usr/share/doc/
>>> /usr/share/doc/XML-SAX-1.0.0/
>>> /usr/share/doc/XML-SAX-1.0.0/Changes.bz2
>>> /usr/share/doc/XML-SAX-1.0.0/README.bz2
 [32;01m*[0m Update Parser: add XML::SAX::PurePerl
perl: warning: Setting locale failed.
perl: warning: Please check that your locale settings:
	LANGUAGE = (unset),
	LC_ALL = (unset),
	LC_COLLATE = "C",
	LC_MESSAGES = "C",
	LANG = "it_IT.UTF-8"
    are supported and installed on your system.
perl: warning: Falling back to the standard locale ("C").
could not find ParserDetails.ini in /usr/lib64/perl5/vendor_perl/5.30.2/XML/SAX
>>> dev-perl/XML-SAX-1.0.0 merged.
>>> Regenerating /etc/ld.so.cache...
