[32;01m * [39;49;00mPackage:    dev-perl/File-Listing-6.40.0-r1
[32;01m * [39;49;00mRepository: gentoo
[32;01m * [39;49;00mMaintainer: perl@gentoo.org
[32;01m * [39;49;00mUSE:        abi_x86_64 amd64 elibc_glibc kernel_linux userland_GNU
[32;01m * [39;49;00mFEATURES:   network-sandbox preserve-libs sandbox splitdebug test userpriv usersandbox
>>> Unpacking source...
>>> Unpacking File-Listing-6.04.tar.gz to /tmp/portage/dev-perl/File-Listing-6.40.0-r1/work
>>> Source unpacked in /tmp/portage/dev-perl/File-Listing-6.40.0-r1/work
>>> Preparing source in /tmp/portage/dev-perl/File-Listing-6.40.0-r1/work/File-Listing-6.04 ...
>>> Source prepared.
>>> Configuring source in /tmp/portage/dev-perl/File-Listing-6.40.0-r1/work/File-Listing-6.04 ...
perl: warning: Setting locale failed.
perl: warning: Please check that your locale settings:
	LANGUAGE = (unset),
	LC_ALL = (unset),
	LC_MESSAGES = "C",
	LANG = "it_IT.UTF-8"
    are supported and installed on your system.
perl: warning: Falling back to the standard locale ("C").
 [32;01m*[0m Using ExtUtils::MakeMaker
 [32;01m*[0m perl Makefile.PL PREFIX=/usr INSTALLDIRS=vendor INSTALLMAN3DIR=none DESTDIR=/tmp/portage/dev-perl/File-Listing-6.40.0-r1/image/
perl: warning: Setting locale failed.
perl: warning: Please check that your locale settings:
	LANGUAGE = (unset),
	LC_ALL = (unset),
	LC_MESSAGES = "C",
	LANG = "it_IT.UTF-8"
    are supported and installed on your system.
perl: warning: Falling back to the standard locale ("C").
Checking if your kit is complete...
Looks good
Generating a Unix-style Makefile
Writing Makefile for File::Listing
Writing MYMETA.yml and MYMETA.json
>>> Source configured.
>>> Compiling source in /tmp/portage/dev-perl/File-Listing-6.40.0-r1/work/File-Listing-6.04 ...
 [32;01m*[0m emake OTHERLDFLAGS=-Wl,-O1 -Wl,--as-needed -Wl,--defsym=__gentoo_check_ldflags__=0 -Wl,--hash-style=gnu -Wl,-z,norelro
make -j12 'OTHERLDFLAGS=-Wl,-O1 -Wl,--as-needed -Wl,--defsym=__gentoo_check_ldflags__=0 -Wl,--hash-style=gnu -Wl,-z,norelro' 
perl: warning: Setting locale failed.
perl: warning: Please check that your locale settings:
	LANGUAGE = (unset),
	LC_ALL = (unset),
	LC_MESSAGES = "C",
	LANG = "it_IT.UTF-8"
    are supported and installed on your system.
perl: warning: Falling back to the standard locale ("C").
perl: warning: Setting locale failed.
perl: warning: Setting locale failed.
perl: warning: Please check that your locale settings:
	LANGUAGE = (unset),
perl: warning: Please check that your locale settings:
	LC_ALL = (unset),
	LANGUAGE = (unset),
	LC_MESSAGES = "C",
	LANG = "it_IT.UTF-8"
	LC_ALL = (unset),
    are supported and installed on your system.
	LC_MESSAGES = "C",
	LANG = "it_IT.UTF-8"
perl: warning: Falling back to the standard locale ("C").
    are supported and installed on your system.
perl: warning: Falling back to the standard locale ("C").
perl: warning: Setting locale failed.
perl: warning: Please check that your locale settings:
	LANGUAGE = (unset),
	LC_ALL = (unset),
	LC_MESSAGES = "C",
	LANG = "it_IT.UTF-8"
    are supported and installed on your system.
perl: warning: Falling back to the standard locale ("C").
perl: warning: Setting locale failed.
perl: warning: Please check that your locale settings:
	LANGUAGE = (unset),
	LC_ALL = (unset),
	LC_MESSAGES = "C",
	LANG = "it_IT.UTF-8"
    are supported and installed on your system.
perl: warning: Falling back to the standard locale ("C").
perl: warning: Setting locale failed.
perl: warning: Please check that your locale settings:
	LANGUAGE = (unset),
	LC_ALL = (unset),
	LC_MESSAGES = "C",
	LANG = "it_IT.UTF-8"
    are supported and installed on your system.
perl: warning: Falling back to the standard locale ("C").
perl: warning: Setting locale failed.
perl: warning: Please check that your locale settings:
	LANGUAGE = (unset),
	LC_ALL = (unset),
	LC_MESSAGES = "C",
	LANG = "it_IT.UTF-8"
    are supported and installed on your system.
perl: warning: Falling back to the standard locale ("C").
perl: warning: Setting locale failed.
perl: warning: Please check that your locale settings:
	LANGUAGE = (unset),
	LC_ALL = (unset),
	LC_MESSAGES = "C",
	LANG = "it_IT.UTF-8"
    are supported and installed on your system.
perl: warning: Falling back to the standard locale ("C").
perl: warning: Setting locale failed.
perl: warning: Please check that your locale settings:
	LANGUAGE = (unset),
	LC_ALL = (unset),
	LC_MESSAGES = "C",
	LANG = "it_IT.UTF-8"
    are supported and installed on your system.
perl: warning: Falling back to the standard locale ("C").
cp lib/File/Listing.pm blib/lib/File/Listing.pm
>>> Source compiled.
>>> Test phase: dev-perl/File-Listing-6.40.0-r1
make -j12 test TEST_VERBOSE=0 
PERL_DL_NONLAZY=1 "/usr/bin/perl" "-MExtUtils::Command::MM" "-MTest::Harness" "-e" "undef *Test::Harness::Switches; test_harness(0, 'blib/lib', 'blib/arch')" t/*.t
perl: warning: Setting locale failed.
perl: warning: Please check that your locale settings:
	LANGUAGE = (unset),
	LC_ALL = (unset),
	LC_MESSAGES = "C",
	LANG = "it_IT.UTF-8"
    are supported and installed on your system.
perl: warning: Falling back to the standard locale ("C").
perl: warning: Setting locale failed.
perl: warning: Please check that your locale settings:
	LANGUAGE = (unset),
	LC_ALL = (unset),
	LC_MESSAGES = "C",
	LANG = "it_IT.UTF-8"
    are supported and installed on your system.
perl: warning: Falling back to the standard locale ("C").
t/apache.t .. perl: warning: Setting locale failed.
perl: warning: Please check that your locale settings:
	LANGUAGE = (unset),
	LC_ALL = (unset),
	LC_MESSAGES = "C",
	LANG = "it_IT.UTF-8"
    are supported and installed on your system.
perl: warning: Falling back to the standard locale ("C").
t/apache.t .. 1/4                    t/apache.t .. ok
t/dosftp.t .. perl: warning: Setting locale failed.
perl: warning: Please check that your locale settings:
	LANGUAGE = (unset),
	LC_ALL = (unset),
	LC_MESSAGES = "C",
	LANG = "it_IT.UTF-8"
    are supported and installed on your system.
perl: warning: Falling back to the standard locale ("C").
t/dosftp.t .. 1/4                    t/dosftp.t .. ok
t/ls-lR.t ... perl: warning: Setting locale failed.
perl: warning: Please check that your locale settings:
	LANGUAGE = (unset),
	LC_ALL = (unset),
	LC_MESSAGES = "C",
	LANG = "it_IT.UTF-8"
    are supported and installed on your system.
perl: warning: Falling back to the standard locale ("C").
t/ls-lR.t ... 1/10                      t/ls-lR.t ... ok
t/perm1.t ... perl: warning: Setting locale failed.
perl: warning: Please check that your locale settings:
	LANGUAGE = (unset),
	LC_ALL = (unset),
	LC_MESSAGES = "C",
	LANG = "it_IT.UTF-8"
    are supported and installed on your system.
perl: warning: Falling back to the standard locale ("C").
t/perm1.t ... 1/4096                          t/perm1.t ... ok
t/perm2.t ... perl: warning: Setting locale failed.
perl: warning: Please check that your locale settings:
	LANGUAGE = (unset),
	LC_ALL = (unset),
	LC_MESSAGES = "C",
	LANG = "it_IT.UTF-8"
    are supported and installed on your system.
perl: warning: Falling back to the standard locale ("C").
t/perm2.t ... 1/4096                          t/perm2.t ... ok
t/perm3.t ... perl: warning: Setting locale failed.
perl: warning: Please check that your locale settings:
	LANGUAGE = (unset),
	LC_ALL = (unset),
	LC_MESSAGES = "C",
	LANG = "it_IT.UTF-8"
    are supported and installed on your system.
perl: warning: Falling back to the standard locale ("C").
t/perm3.t ... 1/4096 t/perm3.t ... 2496/4096                          t/perm3.t ... ok
t/perm4.t ... perl: warning: Setting locale failed.
perl: warning: Please check that your locale settings:
	LANGUAGE = (unset),
	LC_ALL = (unset),
	LC_MESSAGES = "C",
	LANG = "it_IT.UTF-8"
    are supported and installed on your system.
perl: warning: Falling back to the standard locale ("C").
t/perm4.t ... 1/4096                          t/perm4.t ... ok
All tests successful.
Files=7, Tests=16402,  1 wallclock secs ( 0.63 usr  0.06 sys +  1.18 cusr  0.09 csys =  1.96 CPU)
Result: PASS
>>> Completed testing dev-perl/File-Listing-6.40.0-r1

>>> Install dev-perl/File-Listing-6.40.0-r1 into /tmp/portage/dev-perl/File-Listing-6.40.0-r1/image/
make -j12 pure_install 
perl: warning: Setting locale failed.
perl: warning: Please check that your locale settings:
	LANGUAGE = (unset),
	LC_ALL = (unset),
	LC_MESSAGES = "C",
	LANG = "it_IT.UTF-8"
    are supported and installed on your system.
perl: warning: Falling back to the standard locale ("C").
Installing /tmp/portage/dev-perl/File-Listing-6.40.0-r1/image/usr/lib64/perl5/vendor_perl/5.30.2/File/Listing.pm
>>> Completed installing dev-perl/File-Listing-6.40.0-r1 into /tmp/portage/dev-perl/File-Listing-6.40.0-r1/image/

 [32;01m*[0m Final size of build directory: 540 KiB
 [32;01m*[0m Final size of installed tree:   60 KiB

./
./usr/
./usr/share/
./usr/share/doc/
./usr/share/doc/File-Listing-6.40.0-r1/
./usr/share/doc/File-Listing-6.40.0-r1/README.bz2
./usr/share/doc/File-Listing-6.40.0-r1/Changes.bz2
./usr/lib64/
./usr/lib64/perl5/
./usr/lib64/perl5/vendor_perl/
./usr/lib64/perl5/vendor_perl/5.30.2/
./usr/lib64/perl5/vendor_perl/5.30.2/File/
./usr/lib64/perl5/vendor_perl/5.30.2/File/Listing.pm
>>> Done.
 [32;01m*[39;49;00m checking 3 files for package collisions
>>> Merging dev-perl/File-Listing-6.40.0-r1 to /
--- /usr/
--- /usr/lib64/
--- /usr/lib64/perl5/
--- /usr/lib64/perl5/vendor_perl/
--- /usr/lib64/perl5/vendor_perl/5.30.2/
>>> /usr/lib64/perl5/vendor_perl/5.30.2/File/
>>> /usr/lib64/perl5/vendor_perl/5.30.2/File/Listing.pm
--- /usr/share/
--- /usr/share/doc/
>>> /usr/share/doc/File-Listing-6.40.0-r1/
>>> /usr/share/doc/File-Listing-6.40.0-r1/Changes.bz2
>>> /usr/share/doc/File-Listing-6.40.0-r1/README.bz2
>>> dev-perl/File-Listing-6.40.0-r1 merged.
>>> Regenerating /etc/ld.so.cache...
