[32;01m * [39;49;00mPackage:    dev-perl/Net-HTTP-6.170.0
[32;01m * [39;49;00mRepository: gentoo
[32;01m * [39;49;00mMaintainer: perl@gentoo.org
[32;01m * [39;49;00mUSE:        abi_x86_64 amd64 elibc_glibc kernel_linux test userland_GNU
[32;01m * [39;49;00mFEATURES:   network-sandbox preserve-libs sandbox splitdebug test userpriv usersandbox
>>> Unpacking source...
>>> Unpacking Net-HTTP-6.17.tar.gz to /tmp/portage/dev-perl/Net-HTTP-6.170.0/work
>>> Source unpacked in /tmp/portage/dev-perl/Net-HTTP-6.170.0/work
>>> Preparing source in /tmp/portage/dev-perl/Net-HTTP-6.170.0/work/Net-HTTP-6.17 ...
>>> Source prepared.
>>> Configuring source in /tmp/portage/dev-perl/Net-HTTP-6.170.0/work/Net-HTTP-6.17 ...
perl: warning: Setting locale failed.
perl: warning: Please check that your locale settings:
	LANGUAGE = (unset),
	LC_ALL = (unset),
	LC_COLLATE = "C",
	LC_MESSAGES = "C",
	LANG = "it_IT.UTF-8"
    are supported and installed on your system.
perl: warning: Falling back to the standard locale ("C").
 [32;01m*[0m Using ExtUtils::MakeMaker
 [32;01m*[0m perl Makefile.PL PREFIX=/usr INSTALLDIRS=vendor INSTALLMAN3DIR=none DESTDIR=/tmp/portage/dev-perl/Net-HTTP-6.170.0/image/
perl: warning: Setting locale failed.
perl: warning: Please check that your locale settings:
	LANGUAGE = (unset),
	LC_ALL = (unset),
	LC_COLLATE = "C",
	LC_MESSAGES = "C",
	LANG = "it_IT.UTF-8"
    are supported and installed on your system.
perl: warning: Falling back to the standard locale ("C").
Checking if your kit is complete...
Looks good
Generating a Unix-style Makefile
Writing Makefile for Net::HTTP
Writing MYMETA.yml and MYMETA.json
>>> Source configured.
>>> Compiling source in /tmp/portage/dev-perl/Net-HTTP-6.170.0/work/Net-HTTP-6.17 ...
 [32;01m*[0m emake OTHERLDFLAGS=-Wl,-O1 -Wl,--as-needed -Wl,--defsym=__gentoo_check_ldflags__=0 -Wl,--hash-style=gnu -Wl,-z,norelro
make -j12 'OTHERLDFLAGS=-Wl,-O1 -Wl,--as-needed -Wl,--defsym=__gentoo_check_ldflags__=0 -Wl,--hash-style=gnu -Wl,-z,norelro' 
perl: warning: Setting locale failed.
perl: warning: Please check that your locale settings:
	LANGUAGE = (unset),
	LC_ALL = (unset),
	LC_COLLATE = "C",
	LC_MESSAGES = "C",
	LANG = "it_IT.UTF-8"
    are supported and installed on your system.
perl: warning: Falling back to the standard locale ("C").
perl: warning: Setting locale failed.
perl: warning: Please check that your locale settings:
	LANGUAGE = (unset),
	LC_ALL = (unset),
	LC_COLLATE = "C",
	LC_MESSAGES = "C",
	LANG = "it_IT.UTF-8"
    are supported and installed on your system.
perl: warning: Falling back to the standard locale ("C").
perl: warning: Setting locale failed.
perl: warning: Please check that your locale settings:
	LANGUAGE = (unset),
	LC_ALL = (unset),
	LC_COLLATE = "C",
	LC_MESSAGES = "C",
	LANG = "it_IT.UTF-8"
    are supported and installed on your system.
perl: warning: Falling back to the standard locale ("C").
perl: warning: Setting locale failed.
perl: warning: Please check that your locale settings:
	LANGUAGE = (unset),
	LC_ALL = (unset),
	LC_COLLATE = "C",
	LC_MESSAGES = "C",
	LANG = "it_IT.UTF-8"
    are supported and installed on your system.
perl: warning: Falling back to the standard locale ("C").
perl: warning: Setting locale failed.
perl: warning: Please check that your locale settings:
	LANGUAGE = (unset),
	LC_ALL = (unset),
	LC_COLLATE = "C",
	LC_MESSAGES = "C",
	LANG = "it_IT.UTF-8"
    are supported and installed on your system.
perl: warning: Falling back to the standard locale ("C").
perl: warning: Setting locale failed.
perl: warning: Please check that your locale settings:
	LANGUAGE = (unset),
	LC_ALL = (unset),
	LC_COLLATE = "C",
	LC_MESSAGES = "C",
	LANG = "it_IT.UTF-8"
    are supported and installed on your system.
perl: warning: Falling back to the standard locale ("C").
perl: warning: Setting locale failed.
perl: warning: Please check that your locale settings:
	LANGUAGE = (unset),
	LC_ALL = (unset),
	LC_COLLATE = "C",
	LC_MESSAGES = "C",
	LANG = "it_IT.UTF-8"
    are supported and installed on your system.
perl: warning: Falling back to the standard locale ("C").
perl: warning: Setting locale failed.
perl: warning: Please check that your locale settings:
	LANGUAGE = (unset),
	LC_ALL = (unset),
	LC_COLLATE = "C",
	LC_MESSAGES = "C",
	LANG = "it_IT.UTF-8"
    are supported and installed on your system.
perl: warning: Falling back to the standard locale ("C").
perl: warning: Setting locale failed.
perl: warning: Please check that your locale settings:
	LANGUAGE = (unset),
	LC_ALL = (unset),
	LC_COLLATE = "C",
	LC_MESSAGES = "C",
	LANG = "it_IT.UTF-8"
    are supported and installed on your system.
perl: warning: Falling back to the standard locale ("C").
cp lib/Net/HTTPS.pm blib/lib/Net/HTTPS.pm
cp lib/Net/HTTP/NB.pm blib/lib/Net/HTTP/NB.pm
cp lib/Net/HTTP.pm blib/lib/Net/HTTP.pm
cp lib/Net/HTTP/Methods.pm blib/lib/Net/HTTP/Methods.pm
>>> Source compiled.
>>> Test phase: dev-perl/Net-HTTP-6.170.0
 [32;01m*[0m Test::Harness Jobs=12
make -j12 test TEST_VERBOSE=0 
PERL_DL_NONLAZY=1 "/usr/bin/perl" "-MExtUtils::Command::MM" "-MTest::Harness" "-e" "undef *Test::Harness::Switches; test_harness(0, 'blib/lib', 'blib/arch')" t/*.t
perl: warning: Setting locale failed.
perl: warning: Please check that your locale settings:
	LANGUAGE = (unset),
	LC_ALL = (unset),
	LC_COLLATE = "C",
	LC_MESSAGES = "C",
	LANG = "it_IT.UTF-8"
    are supported and installed on your system.
perl: warning: Falling back to the standard locale ("C").
perl: warning: Setting locale failed.
perl: warning: Please check that your locale settings:
	LANGUAGE = (unset),
	LC_ALL = (unset),
	LC_COLLATE = "C",
	LC_MESSAGES = "C",
	LANG = "it_IT.UTF-8"
    are supported and installed on your system.
perl: warning: Falling back to the standard locale ("C").
perl: warning: Setting locale failed.
perl: warning: Please check that your locale settings:
	LANGUAGE = (unset),
	LC_ALL = (unset),
	LC_COLLATE = "C",
	LC_MESSAGES = "C",
	LANG = "it_IT.UTF-8"
    are supported and installed on your system.
perl: warning: Falling back to the standard locale ("C").
perl: warning: Setting locale failed.
perl: warning: Please check that your locale settings:
	LANGUAGE = (unset),
	LC_ALL = (unset),
	LC_COLLATE = "C",
	LC_MESSAGES = "C",
	LANG = "it_IT.UTF-8"
    are supported and installed on your system.
perl: warning: Falling back to the standard locale ("C").
perl: warning: Setting locale failed.
perl: warning: Please check that your locale settings:
	LANGUAGE = (unset),
	LC_ALL = (unset),
	LC_COLLATE = "C",
	LC_MESSAGES = "C",
	LANG = "it_IT.UTF-8"
    are supported and installed on your system.
perl: warning: Falling back to the standard locale ("C").
                                                                        t/live-https.t ......... skipped: Live tests disabled due to NO_NETWORK_TESTING
===(       0;0  0/1   0/14   0/37  0/?  0/? )==============================(       1;0  0/1   0/14   1/37  0/?  0/? )===========================perl: warning: Setting locale failed.
perl: warning: Please check that your locale settings:
	LANGUAGE = (unset),
	LC_ALL = (unset),
	LC_COLLATE = "C",
	LC_MESSAGES = "C",
	LANG = "it_IT.UTF-8"
    are supported and installed on your system.
perl: warning: Falling back to the standard locale ("C").
                                                                        t/live.t ............... skipped: Live tests disabled due to NO_NETWORK_TESTING
===(       1;0  0/1   0/14   1/37  0/? )================================perl: warning: Setting locale failed.
perl: warning: Please check that your locale settings:
	LANGUAGE = (unset),
	LC_ALL = (unset),
	LC_COLLATE = "C",
	LC_MESSAGES = "C",
	LANG = "it_IT.UTF-8"
    are supported and installed on your system.
perl: warning: Falling back to the standard locale ("C").
                                                                        t/rt-112313.t .......... skipped: Live tests disabled due to NO_NETWORK_TESTING
===(       2;0  0/1   0/14   2/37 )=====================================perl: warning: Setting locale failed.
perl: warning: Please check that your locale settings:
	LANGUAGE = (unset),
	LC_ALL = (unset),
	LC_COLLATE = "C",
	LC_MESSAGES = "C",
	LANG = "it_IT.UTF-8"
    are supported and installed on your system.
perl: warning: Falling back to the standard locale ("C").
===(      37;0  0/1   1/14  36/37 )=====================================                                                                        t/http.t ............... ok
===(      45;0  0/1   8/14 )============================================                                                                        t/http-nb.t ............ ok
t/00-report-prereqs.t .. # 
# Versions for all modules listed in MYMETA.json (including optional ones):
# 
# === Configure Requires ===
# 
#     Module              Want Have
#     ------------------- ---- ----
#     ExtUtils::MakeMaker  any 7.34
# 
# === Configure Suggests ===
# 
#     Module      Want Have
#     -------- ------- ----
#     JSON::PP 2.27300 4.02
# 
# === Build Requires ===
# 
#     Module              Want Have
#     ------------------- ---- ----
#     ExtUtils::MakeMaker  any 7.34
# 
# === Test Requires ===
# 
#     Module              Want     Have
#     ------------------- ---- --------
#     Data::Dumper         any    2.174
#     ExtUtils::MakeMaker  any     7.34
#     File::Spec           any     3.78
#     IO::Select           any     1.40
#     Socket               any    2.027
#     Test::More           any 1.302162
# 
# === Test Recommends ===
# 
#     Module         Want     Have
#     ---------- -------- --------
#     CPAN::Meta 2.120900 2.150010
# 
# === Runtime Requires ===
# 
#     Module                 Want  Have
#     ---------------------- ---- -----
#     Carp                    any  1.50
#     Compress::Raw::Zlib     any 2.084
#     IO::Socket::INET        any  1.40
#     IO::Uncompress::Gunzip  any 2.084
#     URI                     any  1.73
#     base                    any  2.27
#     strict                  any  1.11
#     vars                    any  1.05
#     warnings                any  1.44
# 
# === Runtime Suggests ===
# 
#     Module             Want  Have
#     ----------------- ----- -----
#     IO::Socket          any  1.40
#     IO::Socket::INET6   any  2.72
#     IO::Socket::IP      any  0.39
#     IO::Socket::SSL   2.012 2.066
#     Symbol              any  1.08
# 
t/00-report-prereqs.t .. 1/1                               t/00-report-prereqs.t .. ok
All tests successful.
Files=6, Tests=52,  1 wallclock secs ( 0.03 usr  0.00 sys +  0.22 cusr  0.03 csys =  0.28 CPU)
Result: PASS
>>> Completed testing dev-perl/Net-HTTP-6.170.0

>>> Install dev-perl/Net-HTTP-6.170.0 into /tmp/portage/dev-perl/Net-HTTP-6.170.0/image/
make -j12 pure_install 
perl: warning: Setting locale failed.
perl: warning: Please check that your locale settings:
	LANGUAGE = (unset),
	LC_ALL = (unset),
	LC_COLLATE = "C",
	LC_MESSAGES = "C",
	LANG = "it_IT.UTF-8"
    are supported and installed on your system.
perl: warning: Falling back to the standard locale ("C").
Installing /tmp/portage/dev-perl/Net-HTTP-6.170.0/image/usr/lib64/perl5/vendor_perl/5.30.2/Net/HTTP.pm
Installing /tmp/portage/dev-perl/Net-HTTP-6.170.0/image/usr/lib64/perl5/vendor_perl/5.30.2/Net/HTTPS.pm
Installing /tmp/portage/dev-perl/Net-HTTP-6.170.0/image/usr/lib64/perl5/vendor_perl/5.30.2/Net/HTTP/Methods.pm
Installing /tmp/portage/dev-perl/Net-HTTP-6.170.0/image/usr/lib64/perl5/vendor_perl/5.30.2/Net/HTTP/NB.pm
 [32;01m*[0m Fixing packlist file /usr/lib64/perl5/vendor_perl/5.30.2/x86_64-linux/auto/Net/HTTP/.packlist
>>> Completed installing dev-perl/Net-HTTP-6.170.0 into /tmp/portage/dev-perl/Net-HTTP-6.170.0/image/

 [32;01m*[0m Final size of build directory: 384 KiB
 [32;01m*[0m Final size of installed tree:  120 KiB

./
./usr/
./usr/share/
./usr/share/doc/
./usr/share/doc/Net-HTTP-6.170.0/
./usr/share/doc/Net-HTTP-6.170.0/README.md.bz2
./usr/share/doc/Net-HTTP-6.170.0/Changes.bz2
./usr/lib64/
./usr/lib64/perl5/
./usr/lib64/perl5/vendor_perl/
./usr/lib64/perl5/vendor_perl/5.30.2/
./usr/lib64/perl5/vendor_perl/5.30.2/x86_64-linux/
./usr/lib64/perl5/vendor_perl/5.30.2/x86_64-linux/auto/
./usr/lib64/perl5/vendor_perl/5.30.2/x86_64-linux/auto/Net/
./usr/lib64/perl5/vendor_perl/5.30.2/x86_64-linux/auto/Net/HTTP/
./usr/lib64/perl5/vendor_perl/5.30.2/x86_64-linux/auto/Net/HTTP/.packlist
./usr/lib64/perl5/vendor_perl/5.30.2/Net/
./usr/lib64/perl5/vendor_perl/5.30.2/Net/HTTP.pm
./usr/lib64/perl5/vendor_perl/5.30.2/Net/HTTPS.pm
./usr/lib64/perl5/vendor_perl/5.30.2/Net/HTTP/
./usr/lib64/perl5/vendor_perl/5.30.2/Net/HTTP/Methods.pm
./usr/lib64/perl5/vendor_perl/5.30.2/Net/HTTP/NB.pm
>>> Done.
 [32;01m*[39;49;00m checking 7 files for package collisions
>>> Merging dev-perl/Net-HTTP-6.170.0 to /
--- /usr/
--- /usr/lib64/
--- /usr/lib64/perl5/
--- /usr/lib64/perl5/vendor_perl/
--- /usr/lib64/perl5/vendor_perl/5.30.2/
>>> /usr/lib64/perl5/vendor_perl/5.30.2/Net/
>>> /usr/lib64/perl5/vendor_perl/5.30.2/Net/HTTP/
>>> /usr/lib64/perl5/vendor_perl/5.30.2/Net/HTTP/NB.pm
>>> /usr/lib64/perl5/vendor_perl/5.30.2/Net/HTTP/Methods.pm
>>> /usr/lib64/perl5/vendor_perl/5.30.2/Net/HTTPS.pm
>>> /usr/lib64/perl5/vendor_perl/5.30.2/Net/HTTP.pm
--- /usr/lib64/perl5/vendor_perl/5.30.2/x86_64-linux/
--- /usr/lib64/perl5/vendor_perl/5.30.2/x86_64-linux/auto/
--- /usr/lib64/perl5/vendor_perl/5.30.2/x86_64-linux/auto/Net/
>>> /usr/lib64/perl5/vendor_perl/5.30.2/x86_64-linux/auto/Net/HTTP/
>>> /usr/lib64/perl5/vendor_perl/5.30.2/x86_64-linux/auto/Net/HTTP/.packlist
--- /usr/share/
--- /usr/share/doc/
>>> /usr/share/doc/Net-HTTP-6.170.0/
>>> /usr/share/doc/Net-HTTP-6.170.0/Changes.bz2
>>> /usr/share/doc/Net-HTTP-6.170.0/README.md.bz2
>>> dev-perl/Net-HTTP-6.170.0 merged.
>>> Regenerating /etc/ld.so.cache...
