[32;01m * [39;49;00mPackage:    dev-perl/File-Which-1.220.0
[32;01m * [39;49;00mRepository: gentoo
[32;01m * [39;49;00mMaintainer: perl@gentoo.org
[32;01m * [39;49;00mUSE:        abi_x86_64 amd64 elibc_glibc kernel_linux pwhich test userland_GNU
[32;01m * [39;49;00mFEATURES:   network-sandbox preserve-libs sandbox splitdebug test userpriv usersandbox
>>> Unpacking source...
>>> Unpacking File-Which-1.22.tar.gz to /tmp/portage/dev-perl/File-Which-1.220.0/work
>>> Source unpacked in /tmp/portage/dev-perl/File-Which-1.220.0/work
>>> Preparing source in /tmp/portage/dev-perl/File-Which-1.220.0/work/File-Which-1.22 ...
>>> Source prepared.
>>> Configuring source in /tmp/portage/dev-perl/File-Which-1.220.0/work/File-Which-1.22 ...
perl: warning: Setting locale failed.
perl: warning: Please check that your locale settings:
	LANGUAGE = (unset),
	LC_ALL = (unset),
	LC_COLLATE = "C",
	LC_MESSAGES = "C",
	LANG = "it_IT.UTF-8"
    are supported and installed on your system.
perl: warning: Falling back to the standard locale ("C").
 [32;01m*[0m Using ExtUtils::MakeMaker
 [32;01m*[0m perl Makefile.PL PREFIX=/usr INSTALLDIRS=vendor INSTALLMAN3DIR=none DESTDIR=/tmp/portage/dev-perl/File-Which-1.220.0/image/
perl: warning: Setting locale failed.
perl: warning: Please check that your locale settings:
	LANGUAGE = (unset),
	LC_ALL = (unset),
	LC_COLLATE = "C",
	LC_MESSAGES = "C",
	LANG = "it_IT.UTF-8"
    are supported and installed on your system.
perl: warning: Falling back to the standard locale ("C").
Checking if your kit is complete...
Looks good
Generating a Unix-style Makefile
Writing Makefile for File::Which
Writing MYMETA.yml and MYMETA.json
>>> Source configured.
>>> Compiling source in /tmp/portage/dev-perl/File-Which-1.220.0/work/File-Which-1.22 ...
 [32;01m*[0m emake OTHERLDFLAGS=-Wl,-O1 -Wl,--as-needed -Wl,--defsym=__gentoo_check_ldflags__=0 -Wl,--hash-style=gnu -Wl,-z,norelro
make -j12 'OTHERLDFLAGS=-Wl,-O1 -Wl,--as-needed -Wl,--defsym=__gentoo_check_ldflags__=0 -Wl,--hash-style=gnu -Wl,-z,norelro' 
perl: warning: Setting locale failed.
perl: warning: Please check that your locale settings:
	LANGUAGE = (unset),
	LC_ALL = (unset),
	LC_COLLATE = "C",
	LC_MESSAGES = "C",
	LANG = "it_IT.UTF-8"
    are supported and installed on your system.
perl: warning: Falling back to the standard locale ("C").
perl: warning: Setting locale failed.
perl: warning: Please check that your locale settings:
	LANGUAGE = (unset),
	LC_ALL = (unset),
	LC_COLLATE = "C",
	LC_MESSAGES = "C",
	LANG = "it_IT.UTF-8"
    are supported and installed on your system.
perl: warning: Falling back to the standard locale ("C").
perl: warning: Setting locale failed.
perl: warning: Please check that your locale settings:
	LANGUAGE = (unset),
	LC_ALL = (unset),
	LC_COLLATE = "C",
	LC_MESSAGES = "C",
	LANG = "it_IT.UTF-8"
    are supported and installed on your system.
perl: warning: Falling back to the standard locale ("C").
perl: warning: Setting locale failed.
perl: warning: Please check that your locale settings:
	LANGUAGE = (unset),
	LC_ALL = (unset),
	LC_COLLATE = "C",
	LC_MESSAGES = "C",
	LANG = "it_IT.UTF-8"
    are supported and installed on your system.
perl: warning: Falling back to the standard locale ("C").
perl: warning: Setting locale failed.
perl: warning: Please check that your locale settings:
	LANGUAGE = (unset),
	LC_ALL = (unset),
	LC_COLLATE = "C",
	LC_MESSAGES = "C",
	LANG = "it_IT.UTF-8"
    are supported and installed on your system.
perl: warning: Falling back to the standard locale ("C").
perl: warning: Setting locale failed.
perl: warning: Please check that your locale settings:
	LANGUAGE = (unset),
	LC_ALL = (unset),
	LC_COLLATE = "C",
	LC_MESSAGES = "C",
	LANG = "it_IT.UTF-8"
    are supported and installed on your system.
perl: warning: Falling back to the standard locale ("C").
perl: warning: Setting locale failed.
perl: warning: Please check that your locale settings:
	LANGUAGE = (unset),
	LC_ALL = (unset),
	LC_COLLATE = "C",
	LC_MESSAGES = "C",
	LANG = "it_IT.UTF-8"
    are supported and installed on your system.
perl: warning: Falling back to the standard locale ("C").
perl: warning: Setting locale failed.
perl: warning: Please check that your locale settings:
	LANGUAGE = (unset),
	LC_ALL = (unset),
	LC_COLLATE = "C",
	LC_MESSAGES = "C",
	LANG = "it_IT.UTF-8"
    are supported and installed on your system.
perl: warning: Falling back to the standard locale ("C").
perl: warning: Setting locale failed.
perl: warning: Please check that your locale settings:
	LANGUAGE = (unset),
	LC_ALL = (unset),
	LC_COLLATE = "C",
	LC_MESSAGES = "C",
	LANG = "it_IT.UTF-8"
    are supported and installed on your system.
perl: warning: Falling back to the standard locale ("C").
cp lib/File/Which.pm blib/lib/File/Which.pm
>>> Source compiled.
>>> Test phase: dev-perl/File-Which-1.220.0
 [32;01m*[0m Test::Harness Jobs=12
make -j12 test TEST_VERBOSE=0 
PERL_DL_NONLAZY=1 "/usr/bin/perl" "-MExtUtils::Command::MM" "-MTest::Harness" "-e" "undef *Test::Harness::Switches; test_harness(0, 'blib/lib', 'blib/arch')" t/*.t
perl: warning: Setting locale failed.
perl: warning: Please check that your locale settings:
	LANGUAGE = (unset),
	LC_ALL = (unset),
	LC_COLLATE = "C",
	LC_MESSAGES = "C",
	LANG = "it_IT.UTF-8"
    are supported and installed on your system.
perl: warning: Falling back to the standard locale ("C").
perl: warning: Setting locale failed.
perl: warning: Please check that your locale settings:
	LANGUAGE = (unset),
	LC_ALL = (unset),
	LC_COLLATE = "C",
	LC_MESSAGES = "C",
	LANG = "it_IT.UTF-8"
    are supported and installed on your system.
perl: warning: Falling back to the standard locale ("C").
perl: warning: Setting locale failed.
perl: warning: Please check that your locale settings:
	LANGUAGE = (unset),
	LC_ALL = (unset),
	LC_COLLATE = "C",
	LC_MESSAGES = "C",
	LANG = "it_IT.UTF-8"
    are supported and installed on your system.
perl: warning: Falling back to the standard locale ("C").
perl: warning: Setting locale failed.
perl: warning: Please check that your locale settings:
	LANGUAGE = (unset),
	LC_ALL = (unset),
	LC_COLLATE = "C",
	LC_MESSAGES = "C",
	LANG = "it_IT.UTF-8"
    are supported and installed on your system.
perl: warning: Falling back to the standard locale ("C").
perl: warning: Setting locale failed.
perl: warning: Please check that your locale settings:
	LANGUAGE = (unset),
	LC_ALL = (unset),
	LC_COLLATE = "C",
	LC_MESSAGES = "C",
	LANG = "it_IT.UTF-8"
    are supported and installed on your system.
perl: warning: Falling back to the standard locale ("C").
===(       1;0  1/1  0/1  0/6   0/10  0/? )================================(       2;0  1/1  1/1  0/6   0/10  0/? )=============================# 
# 
# 
# HARNESS_ACTIVE=1
# HARNESS_OPTIONS=
# HARNESS_VERSION=3.42
# LANG=it_IT.UTF-8
# LC_COLLATE=C
# LC_MESSAGES=C
# PERL5LIB=/tmp/portage/dev-perl/File-Which-1.220.0/work/File-Which-1.22/blib/lib:/tmp/portage/dev-perl/File-Which-1.220.0/work/File-Which-1.22/blib/arch
# PERL_DL_NONLAZY=1
# PERL_EXTUTILS_AUTOINSTALL=--skipdeps
# PERL_MM_USE_DEFAULT=1
# PERL_USE_UNSAFE_INC=1
# SHELL=/bin/bash
# 
# 
# 
# PERL5LIB path
# /tmp/portage/dev-perl/File-Which-1.220.0/work/File-Which-1.22/blib/lib
# /tmp/portage/dev-perl/File-Which-1.220.0/work/File-Which-1.22/blib/arch
# 
# 
# 
# perl                5.030002
# ExtUtils::MakeMaker 7.34
# Test::More          1.302162
# 
# 
# 
                                                                        t/00_diag.t ..... ok
===(       2;0  1/1  0/6   0/10  0/? )==================================                                                                        t/01_compile.t .. ok
===(       2;0  0/6   0/10  0/? )==========================================(       3;0  1/6   0/10  0/? )==========================================(       4;0  1/6   1/10  0/? )==========================================(       7;0  2/6   2/10  1/3 )=======================================perl: warning: Setting locale failed.
perl: warning: Please check that your locale settings:
	LANGUAGE = (unset),
	LC_ALL = (unset),
	LC_COLLATE = "C",
	LC_MESSAGES = "C",
	LANG = "it_IT.UTF-8"
    are supported and installed on your system.
perl: warning: Falling back to the standard locale ("C").
                                                                        t/04_pwhich.t ... ok
===(      16;0  6/6   5/10 )============================================                                                                        t/02_all.t ...... ok
t/03_simple.t ... t/03_simple.t ... 6/10 perl: warning: Setting locale failed.
perl: warning: Please check that your locale settings:
	LANGUAGE = (unset),
	LC_ALL = (unset),
	LC_COLLATE = "C",
	LC_MESSAGES = "C",
	LANG = "it_IT.UTF-8"
    are supported and installed on your system.
perl: warning: Falling back to the standard locale ("C").
                         t/03_simple.t ... ok
All tests successful.
Files=5, Tests=21,  0 wallclock secs ( 0.02 usr  0.00 sys +  0.23 cusr  0.06 csys =  0.31 CPU)
Result: PASS
>>> Completed testing dev-perl/File-Which-1.220.0

>>> Install dev-perl/File-Which-1.220.0 into /tmp/portage/dev-perl/File-Which-1.220.0/image/
make -j12 pure_install 
perl: warning: Setting locale failed.
perl: warning: Please check that your locale settings:
	LANGUAGE = (unset),
	LC_ALL = (unset),
	LC_COLLATE = "C",
	LC_MESSAGES = "C",
	LANG = "it_IT.UTF-8"
    are supported and installed on your system.
perl: warning: Falling back to the standard locale ("C").
Installing /tmp/portage/dev-perl/File-Which-1.220.0/image/usr/lib64/perl5/vendor_perl/5.30.2/File/Which.pm
 [32;01m*[0m Fixing packlist file /usr/lib64/perl5/vendor_perl/5.30.2/x86_64-linux/auto/File/Which/.packlist
>>> Completed installing dev-perl/File-Which-1.220.0 into /tmp/portage/dev-perl/File-Which-1.220.0/image/

 [32;01m*[0m Final size of build directory: 312 KiB
 [32;01m*[0m Final size of installed tree:   88 KiB

./
./usr/
./usr/share/
./usr/share/doc/
./usr/share/doc/File-Which-1.220.0/
./usr/share/doc/File-Which-1.220.0/README.bz2
./usr/share/doc/File-Which-1.220.0/Changes.bz2
./usr/lib64/
./usr/lib64/perl5/
./usr/lib64/perl5/vendor_perl/
./usr/lib64/perl5/vendor_perl/5.30.2/
./usr/lib64/perl5/vendor_perl/5.30.2/x86_64-linux/
./usr/lib64/perl5/vendor_perl/5.30.2/x86_64-linux/auto/
./usr/lib64/perl5/vendor_perl/5.30.2/x86_64-linux/auto/File/
./usr/lib64/perl5/vendor_perl/5.30.2/x86_64-linux/auto/File/Which/
./usr/lib64/perl5/vendor_perl/5.30.2/x86_64-linux/auto/File/Which/.packlist
./usr/lib64/perl5/vendor_perl/5.30.2/File/
./usr/lib64/perl5/vendor_perl/5.30.2/File/Which.pm
>>> Done.
 [32;01m*[39;49;00m checking 4 files for package collisions
>>> Merging dev-perl/File-Which-1.220.0 to /
--- /usr/
--- /usr/lib64/
--- /usr/lib64/perl5/
--- /usr/lib64/perl5/vendor_perl/
--- /usr/lib64/perl5/vendor_perl/5.30.2/
--- /usr/lib64/perl5/vendor_perl/5.30.2/File/
>>> /usr/lib64/perl5/vendor_perl/5.30.2/File/Which.pm
--- /usr/lib64/perl5/vendor_perl/5.30.2/x86_64-linux/
--- /usr/lib64/perl5/vendor_perl/5.30.2/x86_64-linux/auto/
>>> /usr/lib64/perl5/vendor_perl/5.30.2/x86_64-linux/auto/File/
>>> /usr/lib64/perl5/vendor_perl/5.30.2/x86_64-linux/auto/File/Which/
>>> /usr/lib64/perl5/vendor_perl/5.30.2/x86_64-linux/auto/File/Which/.packlist
--- /usr/share/
--- /usr/share/doc/
>>> /usr/share/doc/File-Which-1.220.0/
>>> /usr/share/doc/File-Which-1.220.0/Changes.bz2
>>> /usr/share/doc/File-Which-1.220.0/README.bz2
>>> dev-perl/File-Which-1.220.0 merged.
>>> Regenerating /etc/ld.so.cache...
