[32;01m * [39;49;00mPackage:    dev-perl/Taint-Runtime-0.30.0-r1
[32;01m * [39;49;00mRepository: gentoo
[32;01m * [39;49;00mMaintainer: perl@gentoo.org
[32;01m * [39;49;00mUSE:        abi_x86_64 amd64 elibc_glibc kernel_linux userland_GNU
[32;01m * [39;49;00mFEATURES:   network-sandbox preserve-libs sandbox splitdebug test userpriv usersandbox
>>> Unpacking source...
>>> Unpacking Taint-Runtime-0.03.tar.gz to /tmp/portage/dev-perl/Taint-Runtime-0.30.0-r1/work
>>> Source unpacked in /tmp/portage/dev-perl/Taint-Runtime-0.30.0-r1/work
>>> Preparing source in /tmp/portage/dev-perl/Taint-Runtime-0.30.0-r1/work/Taint-Runtime-0.03 ...
>>> Source prepared.
>>> Configuring source in /tmp/portage/dev-perl/Taint-Runtime-0.30.0-r1/work/Taint-Runtime-0.03 ...
perl: warning: Setting locale failed.
perl: warning: Please check that your locale settings:
	LANGUAGE = (unset),
	LC_ALL = (unset),
	LC_MESSAGES = "C",
	LANG = "it_IT.UTF-8"
    are supported and installed on your system.
perl: warning: Falling back to the standard locale ("C").
 [32;01m*[0m Using ExtUtils::MakeMaker
 [32;01m*[0m perl Makefile.PL PREFIX=/usr INSTALLDIRS=vendor INSTALLMAN3DIR=none DESTDIR=/tmp/portage/dev-perl/Taint-Runtime-0.30.0-r1/image/
perl: warning: Setting locale failed.
perl: warning: Please check that your locale settings:
	LANGUAGE = (unset),
	LC_ALL = (unset),
	LC_MESSAGES = "C",
	LANG = "it_IT.UTF-8"
    are supported and installed on your system.
perl: warning: Falling back to the standard locale ("C").
Checking if your kit is complete...
Looks good
Generating a Unix-style Makefile
Writing Makefile for Taint::Runtime
Writing MYMETA.yml and MYMETA.json
>>> Source configured.
>>> Compiling source in /tmp/portage/dev-perl/Taint-Runtime-0.30.0-r1/work/Taint-Runtime-0.03 ...
 [32;01m*[0m emake OTHERLDFLAGS=-Wl,-O1 -Wl,--as-needed -Wl,--defsym=__gentoo_check_ldflags__=0 -Wl,--hash-style=gnu -Wl,-z,norelro
make -j12 'OTHERLDFLAGS=-Wl,-O1 -Wl,--as-needed -Wl,--defsym=__gentoo_check_ldflags__=0 -Wl,--hash-style=gnu -Wl,-z,norelro' 
"/usr/bin/perl" "/usr/lib64/perl5/5.30.2/ExtUtils/xsubpp"  -typemap '/usr/lib64/perl5/5.30.2/ExtUtils/typemap'  Runtime.xs > Runtime.xsc
perl: warning: Setting locale failed.
perl: warning: Please check that your locale settings:
	LANGUAGE = (unset),
	LC_ALL = (unset),
	LC_MESSAGES = "C",
	LANG = "it_IT.UTF-8"
    are supported and installed on your system.
perl: warning: Falling back to the standard locale ("C").
perl: warning: Setting locale failed.
perl: warning: Please check that your locale settings:
	LANGUAGE = (unset),
	LC_ALL = (unset),
	LC_MESSAGES = "C",
	LANG = "it_IT.UTF-8"
    are supported and installed on your system.
perl: warning: Falling back to the standard locale ("C").
perl: warning: Setting locale failed.
perl: warning: Please check that your locale settings:
	LANGUAGE = (unset),
	LC_ALL = (unset),
	LC_MESSAGES = "C",
	LANG = "it_IT.UTF-8"
    are supported and installed on your system.
perl: warning: Falling back to the standard locale ("C").
Running Mkbootstrap for Runtime ()
perl: warning: Setting locale failed.
perl: warning: Please check that your locale settings:
	LANGUAGE = (unset),
	LC_ALL = (unset),
	LC_MESSAGES = "C",
	LANG = "it_IT.UTF-8"
    are supported and installed on your system.
perl: warning: Falling back to the standard locale ("C").
perl: warning: Setting locale failed.
perl: warning: Please check that your locale settings:
	LANGUAGE = (unset),
	LC_ALL = (unset),
	LC_MESSAGES = "C",
	LANG = "it_IT.UTF-8"
    are supported and installed on your system.
perl: warning: Falling back to the standard locale ("C").
perl: warning: Setting locale failed.
perl: warning: Please check that your locale settings:
	LANGUAGE = (unset),
	LC_ALL = (unset),
	LC_MESSAGES = "C",
	LANG = "it_IT.UTF-8"
    are supported and installed on your system.
perl: warning: Falling back to the standard locale ("C").
perl: warning: Setting locale failed.
perl: warning: Please check that your locale settings:
	LANGUAGE = (unset),
	LC_ALL = (unset),
	LC_MESSAGES = "C",
	LANG = "it_IT.UTF-8"
    are supported and installed on your system.
perl: warning: Falling back to the standard locale ("C").
perl: warning: Setting locale failed.
perl: warning: Please check that your locale settings:
	LANGUAGE = (unset),
	LC_ALL = (unset),
	LC_MESSAGES = "C",
	LANG = "it_IT.UTF-8"
    are supported and installed on your system.
perl: warning: Falling back to the standard locale ("C").
perl: warning: Setting locale failed.
perl: warning: Please check that your locale settings:
	LANGUAGE = (unset),
	LC_ALL = (unset),
	LC_MESSAGES = "C",
	LANG = "it_IT.UTF-8"
    are supported and installed on your system.
perl: warning: Falling back to the standard locale ("C").
perl: warning: Setting locale failed.
perl: warning: Please check that your locale settings:
	LANGUAGE = (unset),
	LC_ALL = (unset),
	LC_MESSAGES = "C",
	LANG = "it_IT.UTF-8"
    are supported and installed on your system.
perl: warning: Falling back to the standard locale ("C").
perl: warning: Setting locale failed.
perl: warning: Please check that your locale settings:
	LANGUAGE = (unset),
	LC_ALL = (unset),
	LC_MESSAGES = "C",
	LANG = "it_IT.UTF-8"
    are supported and installed on your system.
perl: warning: Falling back to the standard locale ("C").
chmod 644 "Runtime.bs"
cp lib/Taint/Runtime.pm blib/lib/Taint/Runtime.pm
"/usr/bin/perl" -MExtUtils::Command::MM -e 'cp_nonempty' -- Runtime.bs blib/arch/auto/Taint/Runtime/Runtime.bs 644
cp is_taint_bench.pl blib/lib/Taint/is_taint_bench.pl
perl: warning: Setting locale failed.
perl: warning: Please check that your locale settings:
	LANGUAGE = (unset),
	LC_ALL = (unset),
	LC_MESSAGES = "C",
	LANG = "it_IT.UTF-8"
    are supported and installed on your system.
perl: warning: Falling back to the standard locale ("C").
Please specify prototyping behavior for Runtime.xs (see perlxs manual)
mv Runtime.xsc Runtime.c
x86_64-pc-linux-gnu-gcc -c   -fwrapv -fno-strict-aliasing -pipe -D_LARGEFILE_SOURCE -D_FILE_OFFSET_BITS=64 -O3 -march=native -pipe -g0 -fno-stack-protector -fno-stack-clash-protection -fstack-check=no -fno-stack-check   -DVERSION=\"0.03\" -DXS_VERSION=\"0.03\" -fPIC "-I/usr/lib64/perl5/5.30.2/x86_64-linux/CORE"   Runtime.c
In file included from [01m[KRuntime.xs:4[m[K:
[01m[Kppport.h:231:[m[K [01;35m[Kwarning: [m[K"PERL_UNUSED_DECL" redefined
  231 | #  define PERL_UNUSED_DECL
      | 
In file included from [01m[KRuntime.xs:2[m[K:
[01m[K/usr/lib64/perl5/5.30.2/x86_64-linux/CORE/perl.h:328:[m[K [01;36m[Knote: [m[Kthis is the location of the previous definition
  328 | #    define PERL_UNUSED_DECL __attribute__unused__
      | 
rm -f blib/arch/auto/Taint/Runtime/Runtime.so
x86_64-pc-linux-gnu-gcc  -shared -O3 -march=native -pipe -g0 -fno-stack-protector -fno-stack-clash-protection -fstack-check=no -fno-stack-check -Wl,-O1 -Wl,--as-needed -Wl,--defsym=__gentoo_check_ldflags__=0 -Wl,--hash-style=gnu -Wl,-z,norelro  Runtime.o -Wl,-O1 -Wl,--as-needed -Wl,--defsym=__gentoo_check_ldflags__=0 -Wl,--hash-style=gnu -Wl,-z,norelro -o blib/arch/auto/Taint/Runtime/Runtime.so  \
      \
  
chmod 755 blib/arch/auto/Taint/Runtime/Runtime.so
>>> Source compiled.
>>> Test phase: dev-perl/Taint-Runtime-0.30.0-r1
make -j12 test TEST_VERBOSE=0 
"/usr/bin/perl" -MExtUtils::Command::MM -e 'cp_nonempty' -- Runtime.bs blib/arch/auto/Taint/Runtime/Runtime.bs 644
perl: warning: Setting locale failed.
perl: warning: Please check that your locale settings:
	LANGUAGE = (unset),
	LC_ALL = (unset),
	LC_MESSAGES = "C",
	LANG = "it_IT.UTF-8"
    are supported and installed on your system.
perl: warning: Falling back to the standard locale ("C").
PERL_DL_NONLAZY=1 "/usr/bin/perl" "-MExtUtils::Command::MM" "-MTest::Harness" "-e" "undef *Test::Harness::Switches; test_harness(0, 'blib/lib', 'blib/arch')" t/*.t
perl: warning: Setting locale failed.
perl: warning: Please check that your locale settings:
	LANGUAGE = (unset),
	LC_ALL = (unset),
	LC_MESSAGES = "C",
	LANG = "it_IT.UTF-8"
    are supported and installed on your system.
perl: warning: Falling back to the standard locale ("C").
perl: warning: Setting locale failed.
perl: warning: Please check that your locale settings:
	LANGUAGE = (unset),
	LC_ALL = (unset),
	LC_MESSAGES = "C",
	LANG = "it_IT.UTF-8"
    are supported and installed on your system.
perl: warning: Falling back to the standard locale ("C").
t/00_Base.t ........ perl: warning: Setting locale failed.
perl: warning: Please check that your locale settings:
	LANGUAGE = (unset),
	LC_ALL = (unset),
	LC_MESSAGES = "C",
	LANG = "it_IT.UTF-8"
    are supported and installed on your system.
perl: warning: Falling back to the standard locale ("C").
t/00_Base.t ........ 1/1                           t/00_Base.t ........ ok
t/01_non_xs.t ...... perl: warning: Setting locale failed.
perl: warning: Please check that your locale settings:
	LANGUAGE = (unset),
	LC_ALL = (unset),
	LC_MESSAGES = "C",
	LANG = "it_IT.UTF-8"
    are supported and installed on your system.
perl: warning: Falling back to the standard locale ("C").
t/01_non_xs.t ...... 1/9                           t/01_non_xs.t ...... ok
t/02_xs.t .......... perl: warning: Setting locale failed.
perl: warning: Please check that your locale settings:
	LANGUAGE = (unset),
	LC_ALL = (unset),
	LC_MESSAGES = "C",
	LANG = "it_IT.UTF-8"
    are supported and installed on your system.
perl: warning: Falling back to the standard locale ("C").
t/02_xs.t .......... 1/8                           t/02_xs.t .......... ok
t/03_var.t ......... perl: warning: Setting locale failed.
perl: warning: Please check that your locale settings:
	LANGUAGE = (unset),
	LC_ALL = (unset),
	LC_MESSAGES = "C",
	LANG = "it_IT.UTF-8"
    are supported and installed on your system.
perl: warning: Falling back to the standard locale ("C").
t/03_var.t ......... 1/7                           t/03_var.t ......... ok
t/04_enable.t ...... perl: warning: Setting locale failed.
perl: warning: Please check that your locale settings:
	LANGUAGE = (unset),
	LC_ALL = (unset),
	LC_MESSAGES = "C",
	LANG = "it_IT.UTF-8"
    are supported and installed on your system.
perl: warning: Falling back to the standard locale ("C").
t/04_enable.t ...... 1/4                           t/04_enable.t ...... ok
t/Taint-Runtime.t .. perl: warning: Setting locale failed.
perl: warning: Please check that your locale settings:
	LANGUAGE = (unset),
	LC_ALL = (unset),
	LC_MESSAGES = "C",
	LANG = "it_IT.UTF-8"
    are supported and installed on your system.
perl: warning: Falling back to the standard locale ("C").
t/Taint-Runtime.t .. 1/1                           t/Taint-Runtime.t .. ok
All tests successful.
Files=6, Tests=30,  0 wallclock secs ( 0.02 usr  0.01 sys +  0.19 cusr  0.05 csys =  0.27 CPU)
Result: PASS
>>> Completed testing dev-perl/Taint-Runtime-0.30.0-r1

>>> Install dev-perl/Taint-Runtime-0.30.0-r1 into /tmp/portage/dev-perl/Taint-Runtime-0.30.0-r1/image/
make -j12 pure_install 
"/usr/bin/perl" -MExtUtils::Command::MM -e 'cp_nonempty' -- Runtime.bs blib/arch/auto/Taint/Runtime/Runtime.bs 644
perl: warning: Setting locale failed.
perl: warning: Please check that your locale settings:
	LANGUAGE = (unset),
	LC_ALL = (unset),
	LC_MESSAGES = "C",
	LANG = "it_IT.UTF-8"
    are supported and installed on your system.
perl: warning: Falling back to the standard locale ("C").
perl: warning: Setting locale failed.
perl: warning: Please check that your locale settings:
	LANGUAGE = (unset),
	LC_ALL = (unset),
	LC_MESSAGES = "C",
	LANG = "it_IT.UTF-8"
    are supported and installed on your system.
perl: warning: Falling back to the standard locale ("C").
Files found in blib/arch: installing files in blib/lib into architecture dependent library tree
Installing /tmp/portage/dev-perl/Taint-Runtime-0.30.0-r1/image/usr/lib64/perl5/vendor_perl/5.30.2/x86_64-linux/auto/Taint/Runtime/Runtime.so
Installing /tmp/portage/dev-perl/Taint-Runtime-0.30.0-r1/image/usr/lib64/perl5/vendor_perl/5.30.2/x86_64-linux/Taint/Runtime.pm
Installing /tmp/portage/dev-perl/Taint-Runtime-0.30.0-r1/image/usr/lib64/perl5/vendor_perl/5.30.2/x86_64-linux/Taint/is_taint_bench.pl
>>> Completed installing dev-perl/Taint-Runtime-0.30.0-r1 into /tmp/portage/dev-perl/Taint-Runtime-0.30.0-r1/image/

 [32;01m*[0m Final size of build directory: 276 KiB
 [32;01m*[0m Final size of installed tree:  104 KiB

strip: x86_64-pc-linux-gnu-strip --strip-unneeded -N __gentoo_check_ldflags__ -R .comment -R .GCC.command.line -R .note.gnu.gold-version
   /usr/lib64/perl5/vendor_perl/5.30.2/x86_64-linux/auto/Taint/Runtime/Runtime.so
./
./usr/
./usr/lib/
./usr/lib/debug/
./usr/lib/debug/usr/
./usr/lib/debug/usr/lib64/
./usr/lib/debug/usr/lib64/perl5/
./usr/lib/debug/usr/lib64/perl5/vendor_perl/
./usr/lib/debug/usr/lib64/perl5/vendor_perl/5.30.2/
./usr/lib/debug/usr/lib64/perl5/vendor_perl/5.30.2/x86_64-linux/
./usr/lib/debug/usr/lib64/perl5/vendor_perl/5.30.2/x86_64-linux/auto/
./usr/lib/debug/usr/lib64/perl5/vendor_perl/5.30.2/x86_64-linux/auto/Taint/
./usr/lib/debug/usr/lib64/perl5/vendor_perl/5.30.2/x86_64-linux/auto/Taint/Runtime/
./usr/lib/debug/usr/lib64/perl5/vendor_perl/5.30.2/x86_64-linux/auto/Taint/Runtime/Runtime.so.debug
./usr/share/
./usr/share/doc/
./usr/share/doc/Taint-Runtime-0.30.0-r1/
./usr/share/doc/Taint-Runtime-0.30.0-r1/README.bz2
./usr/share/doc/Taint-Runtime-0.30.0-r1/Changes.bz2
./usr/lib64/
./usr/lib64/perl5/
./usr/lib64/perl5/vendor_perl/
./usr/lib64/perl5/vendor_perl/5.30.2/
./usr/lib64/perl5/vendor_perl/5.30.2/x86_64-linux/
./usr/lib64/perl5/vendor_perl/5.30.2/x86_64-linux/auto/
./usr/lib64/perl5/vendor_perl/5.30.2/x86_64-linux/auto/Taint/
./usr/lib64/perl5/vendor_perl/5.30.2/x86_64-linux/auto/Taint/Runtime/
./usr/lib64/perl5/vendor_perl/5.30.2/x86_64-linux/auto/Taint/Runtime/Runtime.so
./usr/lib64/perl5/vendor_perl/5.30.2/x86_64-linux/Taint/
./usr/lib64/perl5/vendor_perl/5.30.2/x86_64-linux/Taint/Runtime.pm
./usr/lib64/perl5/vendor_perl/5.30.2/x86_64-linux/Taint/is_taint_bench.pl
>>> Done.
 [32;01m*[39;49;00m checking 6 files for package collisions
>>> Merging dev-perl/Taint-Runtime-0.30.0-r1 to /
--- /usr/
--- /usr/lib64/
--- /usr/lib64/perl5/
--- /usr/lib64/perl5/vendor_perl/
--- /usr/lib64/perl5/vendor_perl/5.30.2/
--- /usr/lib64/perl5/vendor_perl/5.30.2/x86_64-linux/
>>> /usr/lib64/perl5/vendor_perl/5.30.2/x86_64-linux/Taint/
>>> /usr/lib64/perl5/vendor_perl/5.30.2/x86_64-linux/Taint/is_taint_bench.pl
>>> /usr/lib64/perl5/vendor_perl/5.30.2/x86_64-linux/Taint/Runtime.pm
--- /usr/lib64/perl5/vendor_perl/5.30.2/x86_64-linux/auto/
>>> /usr/lib64/perl5/vendor_perl/5.30.2/x86_64-linux/auto/Taint/
>>> /usr/lib64/perl5/vendor_perl/5.30.2/x86_64-linux/auto/Taint/Runtime/
>>> /usr/lib64/perl5/vendor_perl/5.30.2/x86_64-linux/auto/Taint/Runtime/Runtime.so
--- /usr/share/
--- /usr/share/doc/
>>> /usr/share/doc/Taint-Runtime-0.30.0-r1/
>>> /usr/share/doc/Taint-Runtime-0.30.0-r1/Changes.bz2
>>> /usr/share/doc/Taint-Runtime-0.30.0-r1/README.bz2
--- /usr/lib/
--- /usr/lib/debug/
--- /usr/lib/debug/usr/
--- /usr/lib/debug/usr/lib64/
--- /usr/lib/debug/usr/lib64/perl5/
--- /usr/lib/debug/usr/lib64/perl5/vendor_perl/
--- /usr/lib/debug/usr/lib64/perl5/vendor_perl/5.30.2/
--- /usr/lib/debug/usr/lib64/perl5/vendor_perl/5.30.2/x86_64-linux/
--- /usr/lib/debug/usr/lib64/perl5/vendor_perl/5.30.2/x86_64-linux/auto/
>>> /usr/lib/debug/usr/lib64/perl5/vendor_perl/5.30.2/x86_64-linux/auto/Taint/
>>> /usr/lib/debug/usr/lib64/perl5/vendor_perl/5.30.2/x86_64-linux/auto/Taint/Runtime/
>>> /usr/lib/debug/usr/lib64/perl5/vendor_perl/5.30.2/x86_64-linux/auto/Taint/Runtime/Runtime.so.debug
>>> dev-perl/Taint-Runtime-0.30.0-r1 merged.
>>> Regenerating /etc/ld.so.cache...
