[32;01m * [39;49;00mPackage:    dev-perl/Sub-Name-0.210.0
[32;01m * [39;49;00mRepository: gentoo
[32;01m * [39;49;00mMaintainer: perl@gentoo.org
[32;01m * [39;49;00mUSE:        abi_x86_64 amd64 elibc_glibc kernel_linux test userland_GNU
[32;01m * [39;49;00mFEATURES:   network-sandbox preserve-libs sandbox splitdebug test userpriv usersandbox
>>> Unpacking source...
>>> Unpacking Sub-Name-0.21.tar.gz to /tmp/portage/dev-perl/Sub-Name-0.210.0/work
>>> Source unpacked in /tmp/portage/dev-perl/Sub-Name-0.210.0/work
>>> Preparing source in /tmp/portage/dev-perl/Sub-Name-0.210.0/work/Sub-Name-0.21 ...
>>> Source prepared.
>>> Configuring source in /tmp/portage/dev-perl/Sub-Name-0.210.0/work/Sub-Name-0.21 ...
perl: warning: Setting locale failed.
perl: warning: Please check that your locale settings:
	LANGUAGE = (unset),
	LC_ALL = (unset),
	LC_COLLATE = "C",
	LC_MESSAGES = "C",
	LANG = "it_IT.UTF-8"
    are supported and installed on your system.
perl: warning: Falling back to the standard locale ("C").
 [32;01m*[0m Using ExtUtils::MakeMaker
 [32;01m*[0m perl Makefile.PL PREFIX=/usr INSTALLDIRS=vendor INSTALLMAN3DIR=none DESTDIR=/tmp/portage/dev-perl/Sub-Name-0.210.0/image/
perl: warning: Setting locale failed.
perl: warning: Please check that your locale settings:
	LANGUAGE = (unset),
	LC_ALL = (unset),
	LC_COLLATE = "C",
	LC_MESSAGES = "C",
	LANG = "it_IT.UTF-8"
    are supported and installed on your system.
perl: warning: Falling back to the standard locale ("C").
Checking if your kit is complete...
Looks good
Generating a Unix-style Makefile
Writing Makefile for Sub::Name
Writing MYMETA.yml and MYMETA.json
>>> Source configured.
>>> Compiling source in /tmp/portage/dev-perl/Sub-Name-0.210.0/work/Sub-Name-0.21 ...
 [32;01m*[0m emake OTHERLDFLAGS=-Wl,-O1 -Wl,--as-needed -Wl,--defsym=__gentoo_check_ldflags__=0 -Wl,--hash-style=gnu -Wl,-z,norelro
make -j12 'OTHERLDFLAGS=-Wl,-O1 -Wl,--as-needed -Wl,--defsym=__gentoo_check_ldflags__=0 -Wl,--hash-style=gnu -Wl,-z,norelro' 
"/usr/bin/perl" "/usr/lib64/perl5/5.30.2/ExtUtils/xsubpp"  -typemap '/usr/lib64/perl5/5.30.2/ExtUtils/typemap'  Name.xs > Name.xsc
Running Mkbootstrap for Name ()
perl: warning: Setting locale failed.
perl: warning: Please check that your locale settings:
	LANGUAGE = (unset),
	LC_ALL = (unset),
	LC_COLLATE = "C",
	LC_MESSAGES = "C",
	LANG = "it_IT.UTF-8"
    are supported and installed on your system.
perl: warning: Falling back to the standard locale ("C").
perl: warning: Setting locale failed.
perl: warning: Please check that your locale settings:
	LANGUAGE = (unset),
	LC_ALL = (unset),
	LC_COLLATE = "C",
	LC_MESSAGES = "C",
	LANG = "it_IT.UTF-8"
    are supported and installed on your system.
perl: warning: Falling back to the standard locale ("C").
perl: warning: Setting locale failed.
perl: warning: Please check that your locale settings:
perl: warning: Setting locale failed.
perl: warning: Please check that your locale settings:
	LANGUAGE = (unset),
	LC_ALL = (unset),
	LC_COLLATE = "C",
	LC_MESSAGES = "C",
	LANG = "it_IT.UTF-8"
    are supported and installed on your system.
perl: warning: Falling back to the standard locale ("C").
perl: warning: Setting locale failed.
perl: warning: Please check that your locale settings:
	LANGUAGE = (unset),
	LC_ALL = (unset),
	LC_COLLATE = "C",
	LC_MESSAGES = "C",
	LANG = "it_IT.UTF-8"
    are supported and installed on your system.
perl: warning: Falling back to the standard locale ("C").
perl: warning: Setting locale failed.
perl: warning: Please check that your locale settings:
	LANGUAGE = (unset),
	LANGUAGE = (unset),
	LC_ALL = (unset),
	LC_ALL = (unset),
	LC_COLLATE = "C",
	LC_COLLATE = "C",
	LC_MESSAGES = "C",
	LC_MESSAGES = "C",
	LANG = "it_IT.UTF-8"
	LANG = "it_IT.UTF-8"
    are supported and installed on your system.
    are supported and installed on your system.
perl: warning: Falling back to the standard locale ("C").
perl: warning: Falling back to the standard locale ("C").
perl: warning: Setting locale failed.
perl: warning: Please check that your locale settings:
	LANGUAGE = (unset),
	LC_ALL = (unset),
	LC_COLLATE = "C",
	LC_MESSAGES = "C",
	LANG = "it_IT.UTF-8"
    are supported and installed on your system.
perl: warning: Falling back to the standard locale ("C").
perl: warning: Setting locale failed.
perl: warning: Please check that your locale settings:
	LANGUAGE = (unset),
	LC_ALL = (unset),
	LC_COLLATE = "C",
	LC_MESSAGES = "C",
	LANG = "it_IT.UTF-8"
    are supported and installed on your system.
perl: warning: Falling back to the standard locale ("C").
perl: warning: Setting locale failed.
perl: warning: Please check that your locale settings:
	LANGUAGE = (unset),
	LC_ALL = (unset),
	LC_COLLATE = "C",
	LC_MESSAGES = "C",
	LANG = "it_IT.UTF-8"
    are supported and installed on your system.
perl: warning: Falling back to the standard locale ("C").
perl: warning: Setting locale failed.
perl: warning: Please check that your locale settings:
	LANGUAGE = (unset),
	LC_ALL = (unset),
	LC_COLLATE = "C",
	LC_MESSAGES = "C",
	LANG = "it_IT.UTF-8"
    are supported and installed on your system.
perl: warning: Falling back to the standard locale ("C").
perl: warning: Setting locale failed.
perl: warning: Please check that your locale settings:
	LANGUAGE = (unset),
	LC_ALL = (unset),
	LC_COLLATE = "C",
	LC_MESSAGES = "C",
	LANG = "it_IT.UTF-8"
    are supported and installed on your system.
perl: warning: Falling back to the standard locale ("C").
chmod 644 "Name.bs"
"/usr/bin/perl" -MExtUtils::Command::MM -e 'cp_nonempty' -- Name.bs blib/arch/auto/Sub/Name/Name.bs 644
perl: warning: Setting locale failed.
perl: warning: Please check that your locale settings:
	LANGUAGE = (unset),
	LC_ALL = (unset),
	LC_COLLATE = "C",
	LC_MESSAGES = "C",
	LANG = "it_IT.UTF-8"
    are supported and installed on your system.
perl: warning: Falling back to the standard locale ("C").
cp lib/Sub/Name.pm blib/lib/Sub/Name.pm
mv Name.xsc Name.c
x86_64-pc-linux-gnu-gcc -c   -fwrapv -fno-strict-aliasing -pipe -D_LARGEFILE_SOURCE -D_FILE_OFFSET_BITS=64 -O3 -march=native -pipe -g0 -fno-stack-protector -fno-stack-clash-protection -fstack-check=no -fno-stack-check   -DVERSION=\"0.21\" -DXS_VERSION=\"0.21\" -fPIC "-I/usr/lib64/perl5/5.30.2/x86_64-linux/CORE"   Name.c
In file included from [01m[KName.xs:12[m[K:
[01m[Kppport.h:4594:[m[K [01;35m[Kwarning: [m[K"WIDEST_UTYPE" redefined
 4594 | #  define WIDEST_UTYPE U64TYPE
      | 
In file included from [01m[K/usr/lib64/perl5/5.30.2/x86_64-linux/CORE/perl.h:2510[m[K,
                 from [01m[KName.xs:8[m[K:
[01m[K/usr/lib64/perl5/5.30.2/x86_64-linux/CORE/handy.h:1072:[m[K [01;36m[Knote: [m[Kthis is the location of the previous definition
 1072 | #   define WIDEST_UTYPE U64
      | 
rm -f blib/arch/auto/Sub/Name/Name.so
x86_64-pc-linux-gnu-gcc  -shared -O3 -march=native -pipe -g0 -fno-stack-protector -fno-stack-clash-protection -fstack-check=no -fno-stack-check -Wl,-O1 -Wl,--as-needed -Wl,--defsym=__gentoo_check_ldflags__=0 -Wl,--hash-style=gnu -Wl,-z,norelro  Name.o -Wl,-O1 -Wl,--as-needed -Wl,--defsym=__gentoo_check_ldflags__=0 -Wl,--hash-style=gnu -Wl,-z,norelro -o blib/arch/auto/Sub/Name/Name.so  \
      \
  
chmod 755 blib/arch/auto/Sub/Name/Name.so
>>> Source compiled.
>>> Test phase: dev-perl/Sub-Name-0.210.0
 [32;01m*[0m Test::Harness Jobs=12
make -j12 test TEST_VERBOSE=0 
"/usr/bin/perl" -MExtUtils::Command::MM -e 'cp_nonempty' -- Name.bs blib/arch/auto/Sub/Name/Name.bs 644
perl: warning: Setting locale failed.
perl: warning: Please check that your locale settings:
	LANGUAGE = (unset),
	LC_ALL = (unset),
	LC_COLLATE = "C",
	LC_MESSAGES = "C",
	LANG = "it_IT.UTF-8"
    are supported and installed on your system.
perl: warning: Falling back to the standard locale ("C").
PERL_DL_NONLAZY=1 "/usr/bin/perl" "-MExtUtils::Command::MM" "-MTest::Harness" "-e" "undef *Test::Harness::Switches; test_harness(0, 'blib/lib', 'blib/arch')" t/*.t
perl: warning: Setting locale failed.
perl: warning: Please check that your locale settings:
	LANGUAGE = (unset),
	LC_ALL = (unset),
	LC_COLLATE = "C",
	LC_MESSAGES = "C",
	LANG = "it_IT.UTF-8"
    are supported and installed on your system.
perl: warning: Falling back to the standard locale ("C").
perl: warning: Setting locale failed.
perl: warning: Please check that your locale settings:
	LANGUAGE = (unset),
	LC_ALL = (unset),
	LC_COLLATE = "C",
	LC_MESSAGES = "C",
	LANG = "it_IT.UTF-8"
    are supported and installed on your system.
perl: warning: Falling back to the standard locale ("C").
perl: warning: Setting locale failed.
perl: warning: Please check that your locale settings:
	LANGUAGE = (unset),
	LC_ALL = (unset),
	LC_COLLATE = "C",
	LC_MESSAGES = "C",
	LANG = "it_IT.UTF-8"
    are supported and installed on your system.
perl: warning: Falling back to the standard locale ("C").
perl: warning: Setting locale failed.
perl: warning: Please check that your locale settings:
	LANGUAGE = (unset),
	LC_ALL = (unset),
	LC_COLLATE = "C",
	LC_MESSAGES = "C",
	LANG = "it_IT.UTF-8"
    are supported and installed on your system.
perl: warning: Falling back to the standard locale ("C").
===(       1;0  0/1     0/1040  1/?  0/?  0/?  0/? )=======================(       2;0  0/1     1/1040  1/?  0/2  0/?  0/? )====================perl: warning: Setting locale failed.
perl: warning: Please check that your locale settings:
	LANGUAGE = (unset),
	LC_ALL = (unset),
	LC_COLLATE = "C",
	LC_MESSAGES = "C",
	LANG = "it_IT.UTF-8"
    are supported and installed on your system.
perl: warning: Falling back to the standard locale ("C").
                                                                        t/quotes-bug.t ......... ok
===(       2;0  0/1     1/1040  0/2  0/?  0/? )=========================perl: warning: Setting locale failed.
perl: warning: Please check that your locale settings:
	LANGUAGE = (unset),
	LC_ALL = (unset),
	LC_COLLATE = "C",
	LC_MESSAGES = "C",
	LANG = "it_IT.UTF-8"
    are supported and installed on your system.
perl: warning: Falling back to the standard locale ("C").
                                                                        t/RT96893_perlcc.t ..... skipped: B::C required for testing perlcc -O3
===(       3;0  0/1     2/1040  0/2  0/? )==============================perl: warning: Setting locale failed.
perl: warning: Please check that your locale settings:
	LANGUAGE = (unset),
	LC_ALL = (unset),
	LC_COLLATE = "C",
	LC_MESSAGES = "C",
	LANG = "it_IT.UTF-8"
    are supported and installed on your system.
perl: warning: Falling back to the standard locale ("C").
===(       5;0  0/1     3/1040  1/2  0/? )=================================(       6;0  0/1     3/1040  1/2  1/? )==============================perl: warning: Setting locale failed.
perl: warning: Please check that your locale settings:
	LANGUAGE = (unset),
	LC_ALL = (unset),
	LC_COLLATE = "C",
	LC_MESSAGES = "C",
	LANG = "it_IT.UTF-8"
    are supported and installed on your system.
perl: warning: Falling back to the standard locale ("C").
                                                                        t/smoke.t .............. ok
===(      21;0  0/1     8/1040  2/2 )===================================                                                                        t/RT42725_deparse.t .... ok
===(      22;0  0/1     9/1040 )========================================# 
# Versions for all modules listed in MYMETA.json (including optional ones):
# 
# === Configure Requires ===
# 
#     Module              Want Have
#     ------------------- ---- ----
#     ExtUtils::MakeMaker  any 7.34
# 
# === Configure Suggests ===
# 
#     Module      Want Have
#     -------- ------- ----
#     JSON::PP 2.27300 4.02
# 
# === Build Requires ===
# 
#     Module              Want Have
#     ------------------- ---- ----
#     ExtUtils::MakeMaker  any 7.34
# 
# === Test Requires ===
# 
#     Module              Want     Have
#     ------------------- ---- --------
#     B                    any     1.76
#     B::Deparse           any     1.49
#     Carp                 any     1.50
#     ExtUtils::MakeMaker  any     7.34
#     File::Spec           any     3.78
#     Test::More          0.88 1.302162
#     if                   any   0.0608
# 
# === Test Recommends ===
# 
#     Module         Want     Have
#     ---------- -------- --------
#     CPAN::Meta 2.120900 2.150010
# 
# === Test Suggests ===
# 
#     Module          Want    Have
#     --------------- ---- -------
#     B::C            1.48 missing
#     Devel::CheckBin  any missing
# 
# === Runtime Requires ===
# 
#     Module   Want Have
#     -------- ---- ----
#     Exporter 5.57 5.73
#     XSLoader  any 0.30
#     strict    any 1.11
#     warnings  any 1.44
# 
# === Other Modules ===
# 
#     Module           Have
#     ------------- -------
#     DynaLoader       1.45
#     JSON::PP         4.02
#     Pod::Coverage missing
#     Sub::Name        0.21
#     YAML          missing
#     autodie          2.29
# 
===(     946;0  1/1   932/1040 )========================================                                                                        t/00-report-prereqs.t .. ok
t/exotic_names.t ....... t/exotic_names.t ....... 958/1040                                     t/exotic_names.t ....... ok
All tests successful.
Files=6, Tests=1054,  0 wallclock secs ( 0.07 usr  0.01 sys +  0.41 cusr  0.05 csys =  0.54 CPU)
Result: PASS
>>> Completed testing dev-perl/Sub-Name-0.210.0

>>> Install dev-perl/Sub-Name-0.210.0 into /tmp/portage/dev-perl/Sub-Name-0.210.0/image/
make -j12 pure_install 
"/usr/bin/perl" -MExtUtils::Command::MM -e 'cp_nonempty' -- Name.bs blib/arch/auto/Sub/Name/Name.bs 644
perl: warning: Setting locale failed.
perl: warning: Please check that your locale settings:
	LANGUAGE = (unset),
	LC_ALL = (unset),
	LC_COLLATE = "C",
	LC_MESSAGES = "C",
	LANG = "it_IT.UTF-8"
    are supported and installed on your system.
perl: warning: Falling back to the standard locale ("C").
perl: warning: Setting locale failed.
perl: warning: Please check that your locale settings:
	LANGUAGE = (unset),
	LC_ALL = (unset),
	LC_COLLATE = "C",
	LC_MESSAGES = "C",
	LANG = "it_IT.UTF-8"
    are supported and installed on your system.
perl: warning: Falling back to the standard locale ("C").
Files found in blib/arch: installing files in blib/lib into architecture dependent library tree
Installing /tmp/portage/dev-perl/Sub-Name-0.210.0/image/usr/lib64/perl5/vendor_perl/5.30.2/x86_64-linux/auto/Sub/Name/Name.so
Installing /tmp/portage/dev-perl/Sub-Name-0.210.0/image/usr/lib64/perl5/vendor_perl/5.30.2/x86_64-linux/Sub/Name.pm
 [32;01m*[0m Fixing packlist file /usr/lib64/perl5/vendor_perl/5.30.2/x86_64-linux/auto/Sub/Name/.packlist
>>> Completed installing dev-perl/Sub-Name-0.210.0 into /tmp/portage/dev-perl/Sub-Name-0.210.0/image/

 [32;01m*[0m Final size of build directory: 676 KiB
 [32;01m*[0m Final size of installed tree:   92 KiB

strip: x86_64-pc-linux-gnu-strip --strip-unneeded -N __gentoo_check_ldflags__ -R .comment -R .GCC.command.line -R .note.gnu.gold-version
   /usr/lib64/perl5/vendor_perl/5.30.2/x86_64-linux/auto/Sub/Name/Name.so
./
./usr/
./usr/lib/
./usr/lib/debug/
./usr/lib/debug/usr/
./usr/lib/debug/usr/lib64/
./usr/lib/debug/usr/lib64/perl5/
./usr/lib/debug/usr/lib64/perl5/vendor_perl/
./usr/lib/debug/usr/lib64/perl5/vendor_perl/5.30.2/
./usr/lib/debug/usr/lib64/perl5/vendor_perl/5.30.2/x86_64-linux/
./usr/lib/debug/usr/lib64/perl5/vendor_perl/5.30.2/x86_64-linux/auto/
./usr/lib/debug/usr/lib64/perl5/vendor_perl/5.30.2/x86_64-linux/auto/Sub/
./usr/lib/debug/usr/lib64/perl5/vendor_perl/5.30.2/x86_64-linux/auto/Sub/Name/
./usr/lib/debug/usr/lib64/perl5/vendor_perl/5.30.2/x86_64-linux/auto/Sub/Name/Name.so.debug
./usr/share/
./usr/share/doc/
./usr/share/doc/Sub-Name-0.210.0/
./usr/share/doc/Sub-Name-0.210.0/README.bz2
./usr/share/doc/Sub-Name-0.210.0/Changes.bz2
./usr/lib64/
./usr/lib64/perl5/
./usr/lib64/perl5/vendor_perl/
./usr/lib64/perl5/vendor_perl/5.30.2/
./usr/lib64/perl5/vendor_perl/5.30.2/x86_64-linux/
./usr/lib64/perl5/vendor_perl/5.30.2/x86_64-linux/Sub/
./usr/lib64/perl5/vendor_perl/5.30.2/x86_64-linux/Sub/Name.pm
./usr/lib64/perl5/vendor_perl/5.30.2/x86_64-linux/auto/
./usr/lib64/perl5/vendor_perl/5.30.2/x86_64-linux/auto/Sub/
./usr/lib64/perl5/vendor_perl/5.30.2/x86_64-linux/auto/Sub/Name/
./usr/lib64/perl5/vendor_perl/5.30.2/x86_64-linux/auto/Sub/Name/.packlist
./usr/lib64/perl5/vendor_perl/5.30.2/x86_64-linux/auto/Sub/Name/Name.so
>>> Done.
 [32;01m*[39;49;00m checking 6 files for package collisions
>>> Merging dev-perl/Sub-Name-0.210.0 to /
--- /usr/
--- /usr/lib64/
--- /usr/lib64/perl5/
--- /usr/lib64/perl5/vendor_perl/
--- /usr/lib64/perl5/vendor_perl/5.30.2/
--- /usr/lib64/perl5/vendor_perl/5.30.2/x86_64-linux/
--- /usr/lib64/perl5/vendor_perl/5.30.2/x86_64-linux/auto/
>>> /usr/lib64/perl5/vendor_perl/5.30.2/x86_64-linux/auto/Sub/
>>> /usr/lib64/perl5/vendor_perl/5.30.2/x86_64-linux/auto/Sub/Name/
>>> /usr/lib64/perl5/vendor_perl/5.30.2/x86_64-linux/auto/Sub/Name/Name.so
>>> /usr/lib64/perl5/vendor_perl/5.30.2/x86_64-linux/auto/Sub/Name/.packlist
>>> /usr/lib64/perl5/vendor_perl/5.30.2/x86_64-linux/Sub/
>>> /usr/lib64/perl5/vendor_perl/5.30.2/x86_64-linux/Sub/Name.pm
--- /usr/share/
--- /usr/share/doc/
>>> /usr/share/doc/Sub-Name-0.210.0/
>>> /usr/share/doc/Sub-Name-0.210.0/Changes.bz2
>>> /usr/share/doc/Sub-Name-0.210.0/README.bz2
--- /usr/lib/
--- /usr/lib/debug/
--- /usr/lib/debug/usr/
--- /usr/lib/debug/usr/lib64/
--- /usr/lib/debug/usr/lib64/perl5/
--- /usr/lib/debug/usr/lib64/perl5/vendor_perl/
--- /usr/lib/debug/usr/lib64/perl5/vendor_perl/5.30.2/
--- /usr/lib/debug/usr/lib64/perl5/vendor_perl/5.30.2/x86_64-linux/
--- /usr/lib/debug/usr/lib64/perl5/vendor_perl/5.30.2/x86_64-linux/auto/
>>> /usr/lib/debug/usr/lib64/perl5/vendor_perl/5.30.2/x86_64-linux/auto/Sub/
>>> /usr/lib/debug/usr/lib64/perl5/vendor_perl/5.30.2/x86_64-linux/auto/Sub/Name/
>>> /usr/lib/debug/usr/lib64/perl5/vendor_perl/5.30.2/x86_64-linux/auto/Sub/Name/Name.so.debug
>>> dev-perl/Sub-Name-0.210.0 merged.
>>> Regenerating /etc/ld.so.cache...
