[32;01m * [39;49;00mPackage:    dev-perl/Unicode-UTF8-0.620.0
[32;01m * [39;49;00mRepository: gentoo
[32;01m * [39;49;00mMaintainer: perl@gentoo.org
[32;01m * [39;49;00mUSE:        abi_x86_64 amd64 elibc_glibc kernel_linux test userland_GNU
[32;01m * [39;49;00mFEATURES:   network-sandbox preserve-libs sandbox splitdebug test userpriv usersandbox
>>> Unpacking source...
>>> Unpacking Unicode-UTF8-0.62.tar.gz to /tmp/portage/dev-perl/Unicode-UTF8-0.620.0/work
>>> Source unpacked in /tmp/portage/dev-perl/Unicode-UTF8-0.620.0/work
>>> Preparing source in /tmp/portage/dev-perl/Unicode-UTF8-0.620.0/work/Unicode-UTF8-0.62 ...
>>> Source prepared.
>>> Configuring source in /tmp/portage/dev-perl/Unicode-UTF8-0.620.0/work/Unicode-UTF8-0.62 ...
perl: warning: Setting locale failed.
perl: warning: Please check that your locale settings:
	LANGUAGE = (unset),
	LC_ALL = (unset),
	LC_COLLATE = "C",
	LC_MESSAGES = "C",
	LANG = "it_IT.UTF-8"
    are supported and installed on your system.
perl: warning: Falling back to the standard locale ("C").
 [32;01m*[0m Using ExtUtils::MakeMaker
 [32;01m*[0m perl Makefile.PL PREFIX=/usr INSTALLDIRS=vendor INSTALLMAN3DIR=none DESTDIR=/tmp/portage/dev-perl/Unicode-UTF8-0.620.0/image/
perl: warning: Setting locale failed.
perl: warning: Please check that your locale settings:
	LANGUAGE = (unset),
	LC_ALL = (unset),
	LC_COLLATE = "C",
	LC_MESSAGES = "C",
	LANG = "it_IT.UTF-8"
    are supported and installed on your system.
perl: warning: Falling back to the standard locale ("C").
Checking if your kit is complete...
Looks good
Generating a Unix-style Makefile
Writing Makefile for Unicode::UTF8
Writing MYMETA.yml and MYMETA.json
>>> Source configured.
>>> Compiling source in /tmp/portage/dev-perl/Unicode-UTF8-0.620.0/work/Unicode-UTF8-0.62 ...
 [32;01m*[0m emake OTHERLDFLAGS=-Wl,-O1 -Wl,--as-needed -Wl,--defsym=__gentoo_check_ldflags__=0 -Wl,--hash-style=gnu -Wl,-z,norelro
make -j12 'OTHERLDFLAGS=-Wl,-O1 -Wl,--as-needed -Wl,--defsym=__gentoo_check_ldflags__=0 -Wl,--hash-style=gnu -Wl,-z,norelro' 
"/usr/bin/perl" "-Iinc" "/usr/lib64/perl5/5.30.2/ExtUtils/xsubpp"  -typemap '/usr/lib64/perl5/5.30.2/ExtUtils/typemap'  UTF8.xs > UTF8.xsc
Running Mkbootstrap for UTF8 ()
perl: warning: Setting locale failed.
perl: warning: Please check that your locale settings:
	LANGUAGE = (unset),
	LC_ALL = (unset),
	LC_COLLATE = "C",
	LC_MESSAGES = "C",
	LANG = "it_IT.UTF-8"
    are supported and installed on your system.
perl: warning: Falling back to the standard locale ("C").
perl: warning: Setting locale failed.
perl: warning: Setting locale failed.
perl: warning: Please check that your locale settings:
perl: warning: Please check that your locale settings:
	LANGUAGE = (unset),
	LANGUAGE = (unset),
	LC_ALL = (unset),
	LC_ALL = (unset),
	LC_COLLATE = "C",
	LC_COLLATE = "C",
	LC_MESSAGES = "C",
	LC_MESSAGES = "C",
	LANG = "it_IT.UTF-8"
	LANG = "it_IT.UTF-8"
    are supported and installed on your system.
    are supported and installed on your system.
perl: warning: Setting locale failed.
perl: warning: Please check that your locale settings:
perl: warning: Falling back to the standard locale ("C").
perl: warning: Falling back to the standard locale ("C").
	LANGUAGE = (unset),
	LC_ALL = (unset),
	LC_COLLATE = "C",
	LC_MESSAGES = "C",
	LANG = "it_IT.UTF-8"
    are supported and installed on your system.
perl: warning: Falling back to the standard locale ("C").
perl: warning: Setting locale failed.
perl: warning: Please check that your locale settings:
	LANGUAGE = (unset),
	LC_ALL = (unset),
	LC_COLLATE = "C",
	LC_MESSAGES = "C",
	LANG = "it_IT.UTF-8"
    are supported and installed on your system.
perl: warning: Falling back to the standard locale ("C").
perl: warning: Setting locale failed.
perl: warning: Setting locale failed.
perl: warning: Please check that your locale settings:
perl: warning: Please check that your locale settings:
	LANGUAGE = (unset),
	LANGUAGE = (unset),
	LC_ALL = (unset),
	LC_ALL = (unset),
	LC_COLLATE = "C",
	LC_MESSAGES = "C",
	LANG = "it_IT.UTF-8"
	LC_COLLATE = "C",
    are supported and installed on your system.
	LC_MESSAGES = "C",
	LANG = "it_IT.UTF-8"
    are supported and installed on your system.
perl: warning: Falling back to the standard locale ("C").
perl: warning: Falling back to the standard locale ("C").
perl: warning: Setting locale failed.
perl: warning: Please check that your locale settings:
	LANGUAGE = (unset),
	LC_ALL = (unset),
	LC_COLLATE = "C",
	LC_MESSAGES = "C",
	LANG = "it_IT.UTF-8"
    are supported and installed on your system.
perl: warning: Falling back to the standard locale ("C").
perl: warning: Setting locale failed.
perl: warning: Please check that your locale settings:
	LANGUAGE = (unset),
	LC_ALL = (unset),
	LC_COLLATE = "C",
	LC_MESSAGES = "C",
	LANG = "it_IT.UTF-8"
    are supported and installed on your system.
perl: warning: Falling back to the standard locale ("C").
perl: warning: Setting locale failed.
perl: warning: Please check that your locale settings:
	LANGUAGE = (unset),
	LC_ALL = (unset),
	LC_COLLATE = "C",
	LC_MESSAGES = "C",
	LANG = "it_IT.UTF-8"
    are supported and installed on your system.
perl: warning: Falling back to the standard locale ("C").
perl: warning: Setting locale failed.
perl: warning: Please check that your locale settings:
	LANGUAGE = (unset),
	LC_ALL = (unset),
	LC_COLLATE = "C",
	LC_MESSAGES = "C",
	LANG = "it_IT.UTF-8"
    are supported and installed on your system.
perl: warning: Falling back to the standard locale ("C").
chmod 644 "UTF8.bs"
"/usr/bin/perl" "-Iinc" -MExtUtils::Command::MM -e 'cp_nonempty' -- UTF8.bs blib/arch/auto/Unicode/UTF8/UTF8.bs 644
perl: warning: Setting locale failed.
perl: warning: Please check that your locale settings:
	LANGUAGE = (unset),
	LC_ALL = (unset),
	LC_COLLATE = "C",
	LC_MESSAGES = "C",
	LANG = "it_IT.UTF-8"
    are supported and installed on your system.
perl: warning: Falling back to the standard locale ("C").
cp lib/Unicode/UTF8.pm blib/lib/Unicode/UTF8.pm
cp lib/Unicode/UTF8.pod blib/lib/Unicode/UTF8.pod
mv UTF8.xsc UTF8.c
x86_64-pc-linux-gnu-gcc -c  -I. -fwrapv -fno-strict-aliasing -pipe -D_LARGEFILE_SOURCE -D_FILE_OFFSET_BITS=64 -O3 -march=native -pipe -g0 -fno-stack-protector -fno-stack-clash-protection -fstack-check=no -fno-stack-check   -DVERSION=\"0.62\" -DXS_VERSION=\"0.62\" -fPIC "-I/usr/lib64/perl5/5.30.2/x86_64-linux/CORE"   UTF8.c
In file included from [01m[KUTF8.xs:6[m[K:
[01m[Kppport.h:4594:[m[K [01;35m[Kwarning: [m[K"WIDEST_UTYPE" redefined
 4594 | #  define WIDEST_UTYPE U64TYPE
      | 
In file included from [01m[K/usr/lib64/perl5/5.30.2/x86_64-linux/CORE/perl.h:2510[m[K,
                 from [01m[KUTF8.xs:3[m[K:
[01m[K/usr/lib64/perl5/5.30.2/x86_64-linux/CORE/handy.h:1072:[m[K [01;36m[Knote: [m[Kthis is the location of the previous definition
 1072 | #   define WIDEST_UTYPE U64
      | 
rm -f blib/arch/auto/Unicode/UTF8/UTF8.so
x86_64-pc-linux-gnu-gcc  -shared -O3 -march=native -pipe -g0 -fno-stack-protector -fno-stack-clash-protection -fstack-check=no -fno-stack-check -Wl,-O1 -Wl,--as-needed -Wl,--defsym=__gentoo_check_ldflags__=0 -Wl,--hash-style=gnu -Wl,-z,norelro  UTF8.o -Wl,-O1 -Wl,--as-needed -Wl,--defsym=__gentoo_check_ldflags__=0 -Wl,--hash-style=gnu -Wl,-z,norelro -o blib/arch/auto/Unicode/UTF8/UTF8.so  \
      \
  
chmod 755 blib/arch/auto/Unicode/UTF8/UTF8.so
>>> Source compiled.
>>> Test phase: dev-perl/Unicode-UTF8-0.620.0
 [32;01m*[0m Removing un-needed t/999_pod.t
 [32;01m*[0m Fixing Manifest
 [32;01m*[0m Test::Harness Jobs=12
make -j12 test TEST_VERBOSE=0 
"/usr/bin/perl" "-Iinc" -MExtUtils::Command::MM -e 'cp_nonempty' -- UTF8.bs blib/arch/auto/Unicode/UTF8/UTF8.bs 644
perl: warning: Setting locale failed.
perl: warning: Please check that your locale settings:
	LANGUAGE = (unset),
	LC_ALL = (unset),
	LC_COLLATE = "C",
	LC_MESSAGES = "C",
	LANG = "it_IT.UTF-8"
    are supported and installed on your system.
perl: warning: Falling back to the standard locale ("C").
PERL_DL_NONLAZY=1 "/usr/bin/perl" "-MExtUtils::Command::MM" "-MTest::Harness" "-e" "undef *Test::Harness::Switches; test_harness(0, 'inc', 'blib/lib', 'blib/arch')" t/*.t t/*/*.t
perl: warning: Setting locale failed.
perl: warning: Please check that your locale settings:
	LANGUAGE = (unset),
	LC_ALL = (unset),
	LC_COLLATE = "C",
	LC_MESSAGES = "C",
	LANG = "it_IT.UTF-8"
    are supported and installed on your system.
perl: warning: Falling back to the standard locale ("C").
perl: warning: Setting locale failed.
perl: warning: Please check that your locale settings:
	LANGUAGE = (unset),
	LC_ALL = (unset),
	LC_COLLATE = "C",
	LC_MESSAGES = "C",
	LANG = "it_IT.UTF-8"
    are supported and installed on your system.
perl: warning: Falling back to the standard locale ("C").
perl: warning: Setting locale failed.
perl: warning: Please check that your locale settings:
	LANGUAGE = (unset),
	LC_ALL = (unset),
	LC_COLLATE = "C",
	LC_MESSAGES = "C",
	LANG = "it_IT.UTF-8"
    are supported and installed on your system.
perl: warning: Falling back to the standard locale ("C").
perl: warning: Setting locale failed.
perl: warning: Please check that your locale settings:
	LANGUAGE = (unset),
	LC_ALL = (unset),
	LC_COLLATE = "C",
	LC_MESSAGES = "C",
	LANG = "it_IT.UTF-8"
    are supported and installed on your system.
perl: warning: Falling back to the standard locale ("C").
perl: warning: Setting locale failed.
perl: warning: Please check that your locale settings:
	LANGUAGE = (unset),
	LC_ALL = (unset),
	LC_COLLATE = "C",
	LC_MESSAGES = "C",
	LANG = "it_IT.UTF-8"
    are supported and installed on your system.
perl: warning: Falling back to the standard locale ("C").
perl: warning: Setting locale failed.
perl: warning: Please check that your locale settings:
	LANGUAGE = (unset),
	LC_ALL = (unset),
	LC_COLLATE = "C",
	LC_MESSAGES = "C",
	LANG = "it_IT.UTF-8"
    are supported and installed on your system.
perl: warning: Falling back to the standard locale ("C").
perl: warning: Setting locale failed.
perl: warning: Please check that your locale settings:
	LANGUAGE = (unset),
	LC_ALL = (unset),
	LC_COLLATE = "C",
	LC_MESSAGES = "C",
	LANG = "it_IT.UTF-8"
    are supported and installed on your system.
perl: warning: Falling back to the standard locale ("C").
perl: warning: Setting locale failed.
perl: warning: Please check that your locale settings:
	LANGUAGE = (unset),
	LC_ALL = (unset),
	LC_COLLATE = "C",
	LC_MESSAGES = "C",
	LANG = "it_IT.UTF-8"
    are supported and installed on your system.
perl: warning: Falling back to the standard locale ("C").
perl: warning: Setting locale failed.
perl: warning: Please check that your locale settings:
	LANGUAGE = (unset),
	LC_ALL = (unset),
	LC_COLLATE = "C",
	LC_MESSAGES = "C",
	LANG = "it_IT.UTF-8"
    are supported and installed on your system.
perl: warning: Falling back to the standard locale ("C").
perl: warning: Setting locale failed.
perl: warning: Please check that your locale settings:
	LANGUAGE = (unset),
	LC_ALL = (unset),
	LC_COLLATE = "C",
	LC_MESSAGES = "C",
	LANG = "it_IT.UTF-8"
    are supported and installed on your system.
perl: warning: Falling back to the standard locale ("C").
perl: warning: Setting locale failed.
perl: warning: Please check that your locale settings:
	LANGUAGE = (unset),
	LC_ALL = (unset),
	LC_COLLATE = "C",
	LC_MESSAGES = "C",
	LANG = "it_IT.UTF-8"
    are supported and installed on your system.
perl: warning: Falling back to the standard locale ("C").
===(       1;0  1/1     0/1366  0/3  0/7     0/1604    0/463    ... )======(       2;0  1/1     1/1366  0/3  0/7     0/1604    0/463    ... )===# Unicode::UTF8 0.62, Perl 5.030002, /usr/bin/perl
                                                                        t/000_load.t ............... ok
===(       2;0     1/1366  0/3  0/7     0/1604    0/463     0/61... )======(       4;0     2/1366  1/3  0/7     0/1604    0/463     0/61... )======(       5;0     2/1366  1/3  1/7     0/1604    0/463     0/61... )======(       7;0     2/1366  2/3  1/7     1/1604    0/463     0/61... )======(       9;0     2/1366  2/3  2/7     1/1604    1/463     0/61... )======(      11;0     2/1366  2/3  2/7     2/1604    1/463     1/61... )======(      12;0     2/1366  2/3  2/7     2/1604    1/463     1/61... )======(      14;0     2/1366  2/3  2/7     2/1604    1/463     2/61... )======(      16;0     2/1366  2/3  2/7     2/1604    1/463     2/61... )======(      17;0     2/1366  2/3  2/7     2/1604    1/463     2/61... )===                                                                        t/030_native.t ............. ok
===(      21;0     3/1366  3/7     2/1604    1/463     2/6145   ... )======(      32;0     4/1366  5/7     4/1604    2/463     4/6145   ... )===perl: warning: Setting locale failed.
perl: warning: Please check that your locale settings:
	LANGUAGE = (unset),
	LC_ALL = (unset),
	LC_COLLATE = "C",
	LC_MESSAGES = "C",
	LANG = "it_IT.UTF-8"
    are supported and installed on your system.
perl: warning: Falling back to the standard locale ("C").
perl: warning: Setting locale failed.
perl: warning: Please check that your locale settings:
	LANGUAGE = (unset),
	LC_ALL = (unset),
	LC_COLLATE = "C",
	LC_MESSAGES = "C",
	LANG = "it_IT.UTF-8"
    are supported and installed on your system.
perl: warning: Falling back to the standard locale ("C").
===(      55;0     5/1366  7/7     6/1604    4/463     6/6145   ... )===                                                                        t/040_wide_characters.t .... ok
===(      57;0     7/1366     6/1604    4/463     6/6145     3/1... )======(      60;0     8/1366     6/1604    4/463     6/6145     3/1... )===                                                                        t/150_subwarnings.t ........ ok
===(      77;0     9/1366     8/1604    6/463     8/6145     4/1... )===                                                                        t/200_leaks.t .............. ok
===(      81;0    11/1366     8/1604    6/463     8/6145     4/1... )===perl: warning: Setting locale failed.
perl: warning: Please check that your locale settings:
	LANGUAGE = (unset),
	LC_ALL = (unset),
	LC_COLLATE = "C",
	LC_MESSAGES = "C",
	LANG = "it_IT.UTF-8"
    are supported and installed on your system.
perl: warning: Falling back to the standard locale ("C").
===(     101;0    14/1366    10/1604    8/463    10/6145     5/1... )===perl: warning: Setting locale failed.
perl: warning: Please check that your locale settings:
	LANGUAGE = (unset),
	LC_ALL = (unset),
	LC_COLLATE = "C",
	LC_MESSAGES = "C",
	LANG = "it_IT.UTF-8"
    are supported and installed on your system.
perl: warning: Falling back to the standard locale ("C").
                                                                        t/170_steal.t .............. ok
===(     116;0    15/1366    12/1604   10/463    12/6145     6/1... )======(     137;0    19/1366    14/1604   12/463    14/6145     7/1... )===                                                                        t/120_fallback.t ........... ok
===(     150;0    19/1366    16/1604   14/463    16/6145     8/1... )===                                                                        t/210_tainted.t ............ ok
===(     168;0    22/1366    18/1604   16/463    18/6145     9/1... )===                                                                        t/220_magic.t .............. ok
===(     245;0    34/1366    28/1604   26/463    28/6145    14/1... )===perl: warning: Setting locale failed.
perl: warning: Please check that your locale settings:
	LANGUAGE = (unset),
	LC_ALL = (unset),
	LC_COLLATE = "C",
	LC_MESSAGES = "C",
	LANG = "it_IT.UTF-8"
    are supported and installed on your system.
perl: warning: Falling back to the standard locale ("C").
                                                                        t/090_non_shortest_form.t .. ok
===(     371;0    54/1366    48/1604   46/463    48/6145    24/1... )===                                                                        t/050_noncharacters.t ...... ok
===(    2665;0   472/1366   466/1604   465/6145   232/1537  458/817 )===                                                                        t/100_incomplete.t ......... ok
===(    4371;0   832/1366   826/1604   825/6145   499/1537 )============                                                                        t/010_basic.t .............. ok
===(    6507;0  1360/1604  1359/6145  1033/1537 )=======================perl: warning: Setting locale failed.
perl: warning: Please check that your locale settings:
	LANGUAGE = (unset),
	LC_ALL = (unset),
	LC_COLLATE = "C",
	LC_MESSAGES = "C",
	LANG = "it_IT.UTF-8"
    are supported and installed on your system.
perl: warning: Falling back to the standard locale ("C").
                                                                        t/045_replacement.t ........ ok
===(    7239;0  1603/6145  1277/1537 )==================================                                                                        t/080_super.t .............. ok
t/060_surrogates.t ......... t/060_surrogates.t ......... 1865/6145 perl: warning: Setting locale failed.
perl: warning: Please check that your locale settings:
	LANGUAGE = (unset),
	LC_ALL = (unset),
	LC_COLLATE = "C",
	LC_MESSAGES = "C",
	LANG = "it_IT.UTF-8"
    are supported and installed on your system.
perl: warning: Falling back to the standard locale ("C").
                                        t/060_surrogates.t ......... ok
All tests successful.
Files=16, Tests=12041,  0 wallclock secs ( 0.38 usr  0.02 sys +  1.32 cusr  0.20 csys =  1.92 CPU)
Result: PASS
>>> Completed testing dev-perl/Unicode-UTF8-0.620.0

>>> Install dev-perl/Unicode-UTF8-0.620.0 into /tmp/portage/dev-perl/Unicode-UTF8-0.620.0/image/
make -j12 pure_install 
"/usr/bin/perl" "-Iinc" -MExtUtils::Command::MM -e 'cp_nonempty' -- UTF8.bs blib/arch/auto/Unicode/UTF8/UTF8.bs 644
perl: warning: Setting locale failed.
perl: warning: Please check that your locale settings:
	LANGUAGE = (unset),
	LC_ALL = (unset),
	LC_COLLATE = "C",
	LC_MESSAGES = "C",
	LANG = "it_IT.UTF-8"
    are supported and installed on your system.
perl: warning: Falling back to the standard locale ("C").
perl: warning: Setting locale failed.
perl: warning: Please check that your locale settings:
	LANGUAGE = (unset),
	LC_ALL = (unset),
	LC_COLLATE = "C",
	LC_MESSAGES = "C",
	LANG = "it_IT.UTF-8"
    are supported and installed on your system.
perl: warning: Falling back to the standard locale ("C").
Files found in blib/arch: installing files in blib/lib into architecture dependent library tree
Installing /tmp/portage/dev-perl/Unicode-UTF8-0.620.0/image/usr/lib64/perl5/vendor_perl/5.30.2/x86_64-linux/auto/Unicode/UTF8/UTF8.so
Installing /tmp/portage/dev-perl/Unicode-UTF8-0.620.0/image/usr/lib64/perl5/vendor_perl/5.30.2/x86_64-linux/Unicode/UTF8.pod
Installing /tmp/portage/dev-perl/Unicode-UTF8-0.620.0/image/usr/lib64/perl5/vendor_perl/5.30.2/x86_64-linux/Unicode/UTF8.pm
 [32;01m*[0m Fixing packlist file /usr/lib64/perl5/vendor_perl/5.30.2/x86_64-linux/auto/Unicode/UTF8/.packlist
>>> Completed installing dev-perl/Unicode-UTF8-0.620.0 into /tmp/portage/dev-perl/Unicode-UTF8-0.620.0/image/

 [32;01m*[0m Final size of build directory: 620 KiB
 [32;01m*[0m Final size of installed tree:  108 KiB

strip: x86_64-pc-linux-gnu-strip --strip-unneeded -N __gentoo_check_ldflags__ -R .comment -R .GCC.command.line -R .note.gnu.gold-version
   /usr/lib64/perl5/vendor_perl/5.30.2/x86_64-linux/auto/Unicode/UTF8/UTF8.so
./
./usr/
./usr/lib/
./usr/lib/debug/
./usr/lib/debug/usr/
./usr/lib/debug/usr/lib64/
./usr/lib/debug/usr/lib64/perl5/
./usr/lib/debug/usr/lib64/perl5/vendor_perl/
./usr/lib/debug/usr/lib64/perl5/vendor_perl/5.30.2/
./usr/lib/debug/usr/lib64/perl5/vendor_perl/5.30.2/x86_64-linux/
./usr/lib/debug/usr/lib64/perl5/vendor_perl/5.30.2/x86_64-linux/auto/
./usr/lib/debug/usr/lib64/perl5/vendor_perl/5.30.2/x86_64-linux/auto/Unicode/
./usr/lib/debug/usr/lib64/perl5/vendor_perl/5.30.2/x86_64-linux/auto/Unicode/UTF8/
./usr/lib/debug/usr/lib64/perl5/vendor_perl/5.30.2/x86_64-linux/auto/Unicode/UTF8/UTF8.so.debug
./usr/share/
./usr/share/doc/
./usr/share/doc/Unicode-UTF8-0.620.0/
./usr/share/doc/Unicode-UTF8-0.620.0/README.bz2
./usr/share/doc/Unicode-UTF8-0.620.0/Changes.bz2
./usr/lib64/
./usr/lib64/perl5/
./usr/lib64/perl5/vendor_perl/
./usr/lib64/perl5/vendor_perl/5.30.2/
./usr/lib64/perl5/vendor_perl/5.30.2/x86_64-linux/
./usr/lib64/perl5/vendor_perl/5.30.2/x86_64-linux/Unicode/
./usr/lib64/perl5/vendor_perl/5.30.2/x86_64-linux/Unicode/UTF8.pod
./usr/lib64/perl5/vendor_perl/5.30.2/x86_64-linux/Unicode/UTF8.pm
./usr/lib64/perl5/vendor_perl/5.30.2/x86_64-linux/auto/
./usr/lib64/perl5/vendor_perl/5.30.2/x86_64-linux/auto/Unicode/
./usr/lib64/perl5/vendor_perl/5.30.2/x86_64-linux/auto/Unicode/UTF8/
./usr/lib64/perl5/vendor_perl/5.30.2/x86_64-linux/auto/Unicode/UTF8/.packlist
./usr/lib64/perl5/vendor_perl/5.30.2/x86_64-linux/auto/Unicode/UTF8/UTF8.so
>>> Done.
 [32;01m*[39;49;00m checking 7 files for package collisions
>>> Merging dev-perl/Unicode-UTF8-0.620.0 to /
--- /usr/
--- /usr/lib64/
--- /usr/lib64/perl5/
--- /usr/lib64/perl5/vendor_perl/
--- /usr/lib64/perl5/vendor_perl/5.30.2/
--- /usr/lib64/perl5/vendor_perl/5.30.2/x86_64-linux/
--- /usr/lib64/perl5/vendor_perl/5.30.2/x86_64-linux/auto/
>>> /usr/lib64/perl5/vendor_perl/5.30.2/x86_64-linux/auto/Unicode/
>>> /usr/lib64/perl5/vendor_perl/5.30.2/x86_64-linux/auto/Unicode/UTF8/
>>> /usr/lib64/perl5/vendor_perl/5.30.2/x86_64-linux/auto/Unicode/UTF8/UTF8.so
>>> /usr/lib64/perl5/vendor_perl/5.30.2/x86_64-linux/auto/Unicode/UTF8/.packlist
>>> /usr/lib64/perl5/vendor_perl/5.30.2/x86_64-linux/Unicode/
>>> /usr/lib64/perl5/vendor_perl/5.30.2/x86_64-linux/Unicode/UTF8.pm
>>> /usr/lib64/perl5/vendor_perl/5.30.2/x86_64-linux/Unicode/UTF8.pod
--- /usr/share/
--- /usr/share/doc/
>>> /usr/share/doc/Unicode-UTF8-0.620.0/
>>> /usr/share/doc/Unicode-UTF8-0.620.0/Changes.bz2
>>> /usr/share/doc/Unicode-UTF8-0.620.0/README.bz2
--- /usr/lib/
--- /usr/lib/debug/
--- /usr/lib/debug/usr/
--- /usr/lib/debug/usr/lib64/
--- /usr/lib/debug/usr/lib64/perl5/
--- /usr/lib/debug/usr/lib64/perl5/vendor_perl/
--- /usr/lib/debug/usr/lib64/perl5/vendor_perl/5.30.2/
--- /usr/lib/debug/usr/lib64/perl5/vendor_perl/5.30.2/x86_64-linux/
--- /usr/lib/debug/usr/lib64/perl5/vendor_perl/5.30.2/x86_64-linux/auto/
>>> /usr/lib/debug/usr/lib64/perl5/vendor_perl/5.30.2/x86_64-linux/auto/Unicode/
>>> /usr/lib/debug/usr/lib64/perl5/vendor_perl/5.30.2/x86_64-linux/auto/Unicode/UTF8/
>>> /usr/lib/debug/usr/lib64/perl5/vendor_perl/5.30.2/x86_64-linux/auto/Unicode/UTF8/UTF8.so.debug
>>> dev-perl/Unicode-UTF8-0.620.0 merged.
>>> Regenerating /etc/ld.so.cache...
