[32;01m * [39;49;00mPackage:    dev-perl/Module-Build-Tiny-0.39.0
[32;01m * [39;49;00mRepository: gentoo
[32;01m * [39;49;00mMaintainer: perl@gentoo.org
[32;01m * [39;49;00mUSE:        abi_x86_64 amd64 elibc_glibc kernel_linux test userland_GNU
[32;01m * [39;49;00mFEATURES:   network-sandbox preserve-libs sandbox splitdebug test userpriv usersandbox
>>> Unpacking source...
>>> Unpacking Module-Build-Tiny-0.039.tar.gz to /tmp/portage/dev-perl/Module-Build-Tiny-0.39.0/work
>>> Source unpacked in /tmp/portage/dev-perl/Module-Build-Tiny-0.39.0/work
>>> Preparing source in /tmp/portage/dev-perl/Module-Build-Tiny-0.39.0/work/Module-Build-Tiny-0.039 ...
>>> Source prepared.
>>> Configuring source in /tmp/portage/dev-perl/Module-Build-Tiny-0.39.0/work/Module-Build-Tiny-0.039 ...
perl: warning: Setting locale failed.
perl: warning: Please check that your locale settings:
	LANGUAGE = (unset),
	LC_ALL = (unset),
	LC_MESSAGES = "C",
	LANG = "it_IT.UTF-8"
    are supported and installed on your system.
perl: warning: Falling back to the standard locale ("C").
 [32;01m*[0m Using Module::Build::Tiny
 [32;01m*[0m perl Build.PL --installdirs=vendor --libdoc= --destdir=/tmp/portage/dev-perl/Module-Build-Tiny-0.39.0/image/ --create_packlist=1
perl: warning: Setting locale failed.
perl: warning: Please check that your locale settings:
	LANGUAGE = (unset),
	LC_ALL = (unset),
	LC_MESSAGES = "C",
	LANG = "it_IT.UTF-8"
    are supported and installed on your system.
perl: warning: Falling back to the standard locale ("C").
Creating new 'Build' script for 'Module-Build-Tiny' version '0.039'
>>> Source configured.
>>> Compiling source in /tmp/portage/dev-perl/Module-Build-Tiny-0.39.0/work/Module-Build-Tiny-0.039 ...
perl: warning: Setting locale failed.
perl: warning: Please check that your locale settings:
	LANGUAGE = (unset),
	LC_ALL = (unset),
	LC_MESSAGES = "C",
	LANG = "it_IT.UTF-8"
    are supported and installed on your system.
perl: warning: Falling back to the standard locale ("C").
Unknown option: libdoc
cp lib/Module/Build/Tiny.pm blib/lib/Module/Build/Tiny.pm
>>> Source compiled.
>>> Test phase: dev-perl/Module-Build-Tiny-0.39.0
 [32;01m*[0m Test::Harness Jobs=12
perl: warning: Setting locale failed.
perl: warning: Please check that your locale settings:
	LANGUAGE = (unset),
	LC_ALL = (unset),
	LC_MESSAGES = "C",
	LANG = "it_IT.UTF-8"
    are supported and installed on your system.
perl: warning: Falling back to the standard locale ("C").
Unknown option: libdoc
perl: warning: Setting locale failed.
perl: warning: Please check that your locale settings:
	LANGUAGE = (unset),
	LC_ALL = (unset),
	LC_MESSAGES = "C",
	LANG = "it_IT.UTF-8"
    are supported and installed on your system.
perl: warning: Falling back to the standard locale ("C").
perl: warning: Setting locale failed.
perl: warning: Please check that your locale settings:
	LANGUAGE = (unset),
	LC_ALL = (unset),
	LC_MESSAGES = "C",
	LANG = "it_IT.UTF-8"
    are supported and installed on your system.
perl: warning: Falling back to the standard locale ("C").
perl: warning: Setting locale failed.
perl: warning: Please check that your locale settings:
	LANGUAGE = (unset),
	LC_ALL = (unset),
	LC_MESSAGES = "C",
	LANG = "it_IT.UTF-8"
    are supported and installed on your system.
perl: warning: Falling back to the standard locale ("C").
perl: warning: Setting locale failed.
perl: warning: Please check that your locale settings:
	LANGUAGE = (unset),
	LC_ALL = (unset),
	LC_MESSAGES = "C",
	LANG = "it_IT.UTF-8"
    are supported and installed on your system.
perl: warning: Falling back to the standard locale ("C").
===(       1;0  1/1  0/?  0/? )=========================================                                                                        t/release-pod-syntax.t .. skipped: these tests are for release candidate testing
===(       1;0  1/1  0/? )==============================================perl: warning: Setting locale failed.
perl: warning: Please check that your locale settings:
	LANGUAGE = (unset),
	LC_ALL = (unset),
	LC_MESSAGES = "C",
	LANG = "it_IT.UTF-8"
    are supported and installed on your system.
perl: warning: Falling back to the standard locale ("C").
                                                                        t/00-compile.t .......... ok
t/simple.t .............. t/simple.t .............. 1/? perl: warning: Setting locale failed.
perl: warning: Please check that your locale settings:
	LANGUAGE = (unset),
	LC_ALL = (unset),
	LC_MESSAGES = "C",
	LANG = "it_IT.UTF-8"
    are supported and installed on your system.
perl: warning: Falling back to the standard locale ("C").
perl: warning: Setting locale failed.
perl: warning: Please check that your locale settings:
	LANGUAGE = (unset),
	LC_ALL = (unset),
	LC_MESSAGES = "C",
	LANG = "it_IT.UTF-8"
    are supported and installed on your system.
perl: warning: Falling back to the standard locale ("C").
                                t/simple.t .............. ok
[32mAll tests successful.
[0mFiles=3, Tests=28,  0 wallclock secs ( 0.03 usr  0.00 sys +  0.28 cusr  0.06 csys =  0.37 CPU)
Result: PASS
>>> Completed testing dev-perl/Module-Build-Tiny-0.39.0

>>> Install dev-perl/Module-Build-Tiny-0.39.0 into /tmp/portage/dev-perl/Module-Build-Tiny-0.39.0/image/
 [32;01m*[0m ./Build install --pure
perl: warning: Setting locale failed.
perl: warning: Please check that your locale settings:
	LANGUAGE = (unset),
	LC_ALL = (unset),
	LC_MESSAGES = "C",
	LANG = "it_IT.UTF-8"
    are supported and installed on your system.
perl: warning: Falling back to the standard locale ("C").
Unknown option: libdoc
Installing /tmp/portage/dev-perl/Module-Build-Tiny-0.39.0/image/usr/lib64/perl5/vendor_perl/5.30.2/Module/Build/Tiny.pm
Installing /tmp/portage/dev-perl/Module-Build-Tiny-0.39.0/image/usr/share/man/man3/Module::Build::Tiny.3pm
>>> Completed installing dev-perl/Module-Build-Tiny-0.39.0 into /tmp/portage/dev-perl/Module-Build-Tiny-0.39.0/image/

 [32;01m*[0m Final size of build directory: 196 KiB
 [32;01m*[0m Final size of installed tree:   68 KiB

./
./usr/
./usr/share/
./usr/share/doc/
./usr/share/doc/Module-Build-Tiny-0.39.0/
./usr/share/doc/Module-Build-Tiny-0.39.0/README.bz2
./usr/share/doc/Module-Build-Tiny-0.39.0/Changes.bz2
./usr/lib64/
./usr/lib64/perl5/
./usr/lib64/perl5/vendor_perl/
./usr/lib64/perl5/vendor_perl/5.30.2/
./usr/lib64/perl5/vendor_perl/5.30.2/Module/
./usr/lib64/perl5/vendor_perl/5.30.2/Module/Build/
./usr/lib64/perl5/vendor_perl/5.30.2/Module/Build/Tiny.pm
>>> Done.
 [32;01m*[39;49;00m checking 3 files for package collisions
>>> Merging dev-perl/Module-Build-Tiny-0.39.0 to /
--- /usr/
--- /usr/lib64/
--- /usr/lib64/perl5/
--- /usr/lib64/perl5/vendor_perl/
--- /usr/lib64/perl5/vendor_perl/5.30.2/
--- /usr/lib64/perl5/vendor_perl/5.30.2/Module/
--- /usr/lib64/perl5/vendor_perl/5.30.2/Module/Build/
>>> /usr/lib64/perl5/vendor_perl/5.30.2/Module/Build/Tiny.pm
--- /usr/share/
--- /usr/share/doc/
>>> /usr/share/doc/Module-Build-Tiny-0.39.0/
>>> /usr/share/doc/Module-Build-Tiny-0.39.0/Changes.bz2
>>> /usr/share/doc/Module-Build-Tiny-0.39.0/README.bz2
>>> dev-perl/Module-Build-Tiny-0.39.0 merged.
>>> Regenerating /etc/ld.so.cache...
