[32;01m * [39;49;00mPackage:    dev-perl/ExtUtils-Helpers-0.26.0
[32;01m * [39;49;00mRepository: gentoo
[32;01m * [39;49;00mMaintainer: perl@gentoo.org
[32;01m * [39;49;00mUSE:        abi_x86_64 amd64 elibc_glibc kernel_linux test userland_GNU
[32;01m * [39;49;00mFEATURES:   network-sandbox preserve-libs sandbox splitdebug test userpriv usersandbox
>>> Unpacking source...
>>> Unpacking ExtUtils-Helpers-0.026.tar.gz to /tmp/portage/dev-perl/ExtUtils-Helpers-0.26.0/work
>>> Source unpacked in /tmp/portage/dev-perl/ExtUtils-Helpers-0.26.0/work
>>> Preparing source in /tmp/portage/dev-perl/ExtUtils-Helpers-0.26.0/work/ExtUtils-Helpers-0.026 ...
>>> Source prepared.
>>> Configuring source in /tmp/portage/dev-perl/ExtUtils-Helpers-0.26.0/work/ExtUtils-Helpers-0.026 ...
perl: warning: Setting locale failed.
perl: warning: Please check that your locale settings:
	LANGUAGE = (unset),
	LC_ALL = (unset),
	LC_COLLATE = "C",
	LC_MESSAGES = "C",
	LANG = "it_IT.UTF-8"
    are supported and installed on your system.
perl: warning: Falling back to the standard locale ("C").
 [32;01m*[0m Using ExtUtils::MakeMaker
 [32;01m*[0m perl Makefile.PL PREFIX=/usr INSTALLDIRS=vendor INSTALLMAN3DIR=none DESTDIR=/tmp/portage/dev-perl/ExtUtils-Helpers-0.26.0/image/
perl: warning: Setting locale failed.
perl: warning: Please check that your locale settings:
	LANGUAGE = (unset),
	LC_ALL = (unset),
	LC_COLLATE = "C",
	LC_MESSAGES = "C",
	LANG = "it_IT.UTF-8"
    are supported and installed on your system.
perl: warning: Falling back to the standard locale ("C").
Checking if your kit is complete...
Looks good
Generating a Unix-style Makefile
Writing Makefile for ExtUtils::Helpers
Writing MYMETA.yml and MYMETA.json
>>> Source configured.
>>> Compiling source in /tmp/portage/dev-perl/ExtUtils-Helpers-0.26.0/work/ExtUtils-Helpers-0.026 ...
 [32;01m*[0m emake OTHERLDFLAGS=-Wl,-O1 -Wl,--as-needed -Wl,--defsym=__gentoo_check_ldflags__=0 -Wl,--hash-style=gnu -Wl,-z,norelro
make -j12 'OTHERLDFLAGS=-Wl,-O1 -Wl,--as-needed -Wl,--defsym=__gentoo_check_ldflags__=0 -Wl,--hash-style=gnu -Wl,-z,norelro' 
perl: warning: Setting locale failed.
perl: warning: Please check that your locale settings:
	LANGUAGE = (unset),
	LC_ALL = (unset),
	LC_COLLATE = "C",
	LC_MESSAGES = "C",
	LANG = "it_IT.UTF-8"
    are supported and installed on your system.
perl: warning: Falling back to the standard locale ("C").
perl: warning: Setting locale failed.
perl: warning: Please check that your locale settings:
	LANGUAGE = (unset),
	LC_ALL = (unset),
	LC_COLLATE = "C",
	LC_MESSAGES = "C",
	LANG = "it_IT.UTF-8"
    are supported and installed on your system.
perl: warning: Falling back to the standard locale ("C").
perl: warning: Setting locale failed.
perl: warning: Please check that your locale settings:
	LANGUAGE = (unset),
	LC_ALL = (unset),
	LC_COLLATE = "C",
	LC_MESSAGES = "C",
	LANG = "it_IT.UTF-8"
    are supported and installed on your system.
perl: warning: Falling back to the standard locale ("C").
perl: warning: Setting locale failed.
perl: warning: Please check that your locale settings:
	LANGUAGE = (unset),
	LC_ALL = (unset),
	LC_COLLATE = "C",
	LC_MESSAGES = "C",
	LANG = "it_IT.UTF-8"
    are supported and installed on your system.
perl: warning: Falling back to the standard locale ("C").
perl: warning: Setting locale failed.
perl: warning: Please check that your locale settings:
	LANGUAGE = (unset),
	LC_ALL = (unset),
	LC_COLLATE = "C",
	LC_MESSAGES = "C",
	LANG = "it_IT.UTF-8"
    are supported and installed on your system.
perl: warning: Falling back to the standard locale ("C").
perl: warning: Setting locale failed.
perl: warning: Please check that your locale settings:
	LANGUAGE = (unset),
	LC_ALL = (unset),
	LC_COLLATE = "C",
	LC_MESSAGES = "C",
	LANG = "it_IT.UTF-8"
    are supported and installed on your system.
perl: warning: Falling back to the standard locale ("C").
perl: warning: Setting locale failed.
perl: warning: Please check that your locale settings:
	LANGUAGE = (unset),
	LC_ALL = (unset),
	LC_COLLATE = "C",
	LC_MESSAGES = "C",
	LANG = "it_IT.UTF-8"
    are supported and installed on your system.
perl: warning: Falling back to the standard locale ("C").
perl: warning: Setting locale failed.
perl: warning: Please check that your locale settings:
	LANGUAGE = (unset),
	LC_ALL = (unset),
	LC_COLLATE = "C",
	LC_MESSAGES = "C",
	LANG = "it_IT.UTF-8"
    are supported and installed on your system.
perl: warning: Falling back to the standard locale ("C").
perl: warning: Setting locale failed.
perl: warning: Please check that your locale settings:
	LANGUAGE = (unset),
	LC_ALL = (unset),
	LC_COLLATE = "C",
	LC_MESSAGES = "C",
	LANG = "it_IT.UTF-8"
    are supported and installed on your system.
perl: warning: Falling back to the standard locale ("C").
cp lib/ExtUtils/Helpers/Windows.pm blib/lib/ExtUtils/Helpers/Windows.pm
cp lib/ExtUtils/Helpers/VMS.pm blib/lib/ExtUtils/Helpers/VMS.pm
cp lib/ExtUtils/Helpers.pm blib/lib/ExtUtils/Helpers.pm
cp lib/ExtUtils/Helpers/Unix.pm blib/lib/ExtUtils/Helpers/Unix.pm
>>> Source compiled.
>>> Test phase: dev-perl/ExtUtils-Helpers-0.26.0
 [32;01m*[0m Test::Harness Jobs=12
make -j12 test TEST_VERBOSE=0 
PERL_DL_NONLAZY=1 "/usr/bin/perl" "-MExtUtils::Command::MM" "-MTest::Harness" "-e" "undef *Test::Harness::Switches; test_harness(0, 'blib/lib', 'blib/arch')" t/*.t
perl: warning: Setting locale failed.
perl: warning: Please check that your locale settings:
	LANGUAGE = (unset),
	LC_ALL = (unset),
	LC_COLLATE = "C",
	LC_MESSAGES = "C",
	LANG = "it_IT.UTF-8"
    are supported and installed on your system.
perl: warning: Falling back to the standard locale ("C").
perl: warning: Setting locale failed.
perl: warning: Please check that your locale settings:
	LANGUAGE = (unset),
	LC_ALL = (unset),
	LC_COLLATE = "C",
	LC_MESSAGES = "C",
	LANG = "it_IT.UTF-8"
    are supported and installed on your system.
perl: warning: Falling back to the standard locale ("C").
perl: warning: Setting locale failed.
perl: warning: Please check that your locale settings:
	LANGUAGE = (unset),
	LC_ALL = (unset),
	LC_COLLATE = "C",
	LC_MESSAGES = "C",
	LANG = "it_IT.UTF-8"
    are supported and installed on your system.
perl: warning: Falling back to the standard locale ("C").
perl: warning: Setting locale failed.
perl: warning: Please check that your locale settings:
	LANGUAGE = (unset),
	LC_ALL = (unset),
	LC_COLLATE = "C",
	LC_MESSAGES = "C",
	LANG = "it_IT.UTF-8"
    are supported and installed on your system.
perl: warning: Falling back to the standard locale ("C").
perl: warning: Setting locale failed.
perl: warning: Please check that your locale settings:
	LANGUAGE = (unset),
	LC_ALL = (unset),
	LC_COLLATE = "C",
	LC_MESSAGES = "C",
	LANG = "it_IT.UTF-8"
    are supported and installed on your system.
perl: warning: Falling back to the standard locale ("C").
===(       1;0  1/7  0/4   0/10  0/? )=====================================(       2;0  1/7  1/4   0/10  0/? )==================================perl: warning: Setting locale failed.
perl: warning: Please check that your locale settings:
	LANGUAGE = (unset),
	LC_ALL = (unset),
	LC_COLLATE = "C",
	LC_MESSAGES = "C",
	LANG = "it_IT.UTF-8"
    are supported and installed on your system.
perl: warning: Falling back to the standard locale ("C").
===(       4;0  2/7  1/4   0/10  1/9 )=====================================(       8;0  4/7  2/4   1/10  1/9 )==================================perl: warning: Setting locale failed.
perl: warning: Please check that your locale settings:
	LANGUAGE = (unset),
	LC_ALL = (unset),
	LC_COLLATE = "C",
	LC_MESSAGES = "C",
	LANG = "it_IT.UTF-8"
    are supported and installed on your system.
perl: warning: Falling back to the standard locale ("C").
perl: warning: Setting locale failed.
perl: warning: Please check that your locale settings:
	LANGUAGE = (unset),
	LC_ALL = (unset),
	LC_COLLATE = "C",
	LC_MESSAGES = "C",
	LANG = "it_IT.UTF-8"
    are supported and installed on your system.
perl: warning: Falling back to the standard locale ("C").
perl: warning: Setting locale failed.
perl: warning: Please check that your locale settings:
	LANGUAGE = (unset),
	LC_ALL = (unset),
	LC_COLLATE = "C",
	LC_MESSAGES = "C",
	LANG = "it_IT.UTF-8"
    are supported and installed on your system.
perl: warning: Falling back to the standard locale ("C").
                                                                        t/man_pagename.t ...... ok
===(      14;0  5/7   3/10  2/9 )=======================================                                                                        t/split_like_shell.t .. ok
===(      29;0  6/7  9/9 )==============================================                                                                        t/tilde.t ............. ok
t/make_executable.t ... t/make_executable.t ... 7/7                              t/make_executable.t ... ok
All tests successful.
Files=4, Tests=30,  0 wallclock secs ( 0.02 usr  0.00 sys +  0.15 cusr  0.05 csys =  0.22 CPU)
Result: PASS
>>> Completed testing dev-perl/ExtUtils-Helpers-0.26.0

>>> Install dev-perl/ExtUtils-Helpers-0.26.0 into /tmp/portage/dev-perl/ExtUtils-Helpers-0.26.0/image/
make -j12 pure_install 
perl: warning: Setting locale failed.
perl: warning: Please check that your locale settings:
	LANGUAGE = (unset),
	LC_ALL = (unset),
	LC_COLLATE = "C",
	LC_MESSAGES = "C",
	LANG = "it_IT.UTF-8"
    are supported and installed on your system.
perl: warning: Falling back to the standard locale ("C").
Installing /tmp/portage/dev-perl/ExtUtils-Helpers-0.26.0/image/usr/lib64/perl5/vendor_perl/5.30.2/ExtUtils/Helpers.pm
Installing /tmp/portage/dev-perl/ExtUtils-Helpers-0.26.0/image/usr/lib64/perl5/vendor_perl/5.30.2/ExtUtils/Helpers/Unix.pm
Installing /tmp/portage/dev-perl/ExtUtils-Helpers-0.26.0/image/usr/lib64/perl5/vendor_perl/5.30.2/ExtUtils/Helpers/VMS.pm
Installing /tmp/portage/dev-perl/ExtUtils-Helpers-0.26.0/image/usr/lib64/perl5/vendor_perl/5.30.2/ExtUtils/Helpers/Windows.pm
 [32;01m*[0m Fixing packlist file /usr/lib64/perl5/vendor_perl/5.30.2/x86_64-linux/auto/ExtUtils/Helpers/.packlist
>>> Completed installing dev-perl/ExtUtils-Helpers-0.26.0 into /tmp/portage/dev-perl/ExtUtils-Helpers-0.26.0/image/

 [32;01m*[0m Final size of build directory: 244 KiB
 [32;01m*[0m Final size of installed tree:   88 KiB

./
./usr/
./usr/share/
./usr/share/doc/
./usr/share/doc/ExtUtils-Helpers-0.26.0/
./usr/share/doc/ExtUtils-Helpers-0.26.0/README.bz2
./usr/share/doc/ExtUtils-Helpers-0.26.0/Changes.bz2
./usr/lib64/
./usr/lib64/perl5/
./usr/lib64/perl5/vendor_perl/
./usr/lib64/perl5/vendor_perl/5.30.2/
./usr/lib64/perl5/vendor_perl/5.30.2/x86_64-linux/
./usr/lib64/perl5/vendor_perl/5.30.2/x86_64-linux/auto/
./usr/lib64/perl5/vendor_perl/5.30.2/x86_64-linux/auto/ExtUtils/
./usr/lib64/perl5/vendor_perl/5.30.2/x86_64-linux/auto/ExtUtils/Helpers/
./usr/lib64/perl5/vendor_perl/5.30.2/x86_64-linux/auto/ExtUtils/Helpers/.packlist
./usr/lib64/perl5/vendor_perl/5.30.2/ExtUtils/
./usr/lib64/perl5/vendor_perl/5.30.2/ExtUtils/Helpers.pm
./usr/lib64/perl5/vendor_perl/5.30.2/ExtUtils/Helpers/
./usr/lib64/perl5/vendor_perl/5.30.2/ExtUtils/Helpers/Unix.pm
./usr/lib64/perl5/vendor_perl/5.30.2/ExtUtils/Helpers/VMS.pm
./usr/lib64/perl5/vendor_perl/5.30.2/ExtUtils/Helpers/Windows.pm
>>> Done.
 [32;01m*[39;49;00m checking 7 files for package collisions
>>> Merging dev-perl/ExtUtils-Helpers-0.26.0 to /
--- /usr/
--- /usr/lib64/
--- /usr/lib64/perl5/
--- /usr/lib64/perl5/vendor_perl/
--- /usr/lib64/perl5/vendor_perl/5.30.2/
--- /usr/lib64/perl5/vendor_perl/5.30.2/ExtUtils/
>>> /usr/lib64/perl5/vendor_perl/5.30.2/ExtUtils/Helpers/
>>> /usr/lib64/perl5/vendor_perl/5.30.2/ExtUtils/Helpers/Windows.pm
>>> /usr/lib64/perl5/vendor_perl/5.30.2/ExtUtils/Helpers/VMS.pm
>>> /usr/lib64/perl5/vendor_perl/5.30.2/ExtUtils/Helpers/Unix.pm
>>> /usr/lib64/perl5/vendor_perl/5.30.2/ExtUtils/Helpers.pm
--- /usr/lib64/perl5/vendor_perl/5.30.2/x86_64-linux/
--- /usr/lib64/perl5/vendor_perl/5.30.2/x86_64-linux/auto/
--- /usr/lib64/perl5/vendor_perl/5.30.2/x86_64-linux/auto/ExtUtils/
>>> /usr/lib64/perl5/vendor_perl/5.30.2/x86_64-linux/auto/ExtUtils/Helpers/
>>> /usr/lib64/perl5/vendor_perl/5.30.2/x86_64-linux/auto/ExtUtils/Helpers/.packlist
--- /usr/share/
--- /usr/share/doc/
>>> /usr/share/doc/ExtUtils-Helpers-0.26.0/
>>> /usr/share/doc/ExtUtils-Helpers-0.26.0/Changes.bz2
>>> /usr/share/doc/ExtUtils-Helpers-0.26.0/README.bz2
>>> dev-perl/ExtUtils-Helpers-0.26.0 merged.
>>> Regenerating /etc/ld.so.cache...
