[32;01m * [39;49;00mPackage:    dev-perl/URI-1.730.0
[32;01m * [39;49;00mRepository: gentoo
[32;01m * [39;49;00mMaintainer: perl@gentoo.org
[32;01m * [39;49;00mUSE:        abi_x86_64 amd64 elibc_glibc kernel_linux test userland_GNU
[32;01m * [39;49;00mFEATURES:   network-sandbox preserve-libs sandbox splitdebug test userpriv usersandbox
>>> Unpacking source...
>>> Unpacking URI-1.73.tar.gz to /tmp/portage/dev-perl/URI-1.730.0/work
>>> Source unpacked in /tmp/portage/dev-perl/URI-1.730.0/work
>>> Preparing source in /tmp/portage/dev-perl/URI-1.730.0/work/URI-1.73 ...
>>> Source prepared.
>>> Configuring source in /tmp/portage/dev-perl/URI-1.730.0/work/URI-1.73 ...
perl: warning: Setting locale failed.
perl: warning: Please check that your locale settings:
	LANGUAGE = (unset),
	LC_ALL = (unset),
	LC_COLLATE = "C",
	LC_MESSAGES = "C",
	LANG = "it_IT.UTF-8"
    are supported and installed on your system.
perl: warning: Falling back to the standard locale ("C").
 [32;01m*[0m Using ExtUtils::MakeMaker
 [32;01m*[0m perl Makefile.PL PREFIX=/usr INSTALLDIRS=vendor INSTALLMAN3DIR=none DESTDIR=/tmp/portage/dev-perl/URI-1.730.0/image/
perl: warning: Setting locale failed.
perl: warning: Please check that your locale settings:
	LANGUAGE = (unset),
	LC_ALL = (unset),
	LC_COLLATE = "C",
	LC_MESSAGES = "C",
	LANG = "it_IT.UTF-8"
    are supported and installed on your system.
perl: warning: Falling back to the standard locale ("C").
Checking if your kit is complete...
Looks good
Generating a Unix-style Makefile
Writing Makefile for URI
Writing MYMETA.yml and MYMETA.json
>>> Source configured.
>>> Compiling source in /tmp/portage/dev-perl/URI-1.730.0/work/URI-1.73 ...
 [32;01m*[0m emake OTHERLDFLAGS=-Wl,-O1 -Wl,--as-needed -Wl,--defsym=__gentoo_check_ldflags__=0 -Wl,--hash-style=gnu -Wl,-z,norelro
make -j12 'OTHERLDFLAGS=-Wl,-O1 -Wl,--as-needed -Wl,--defsym=__gentoo_check_ldflags__=0 -Wl,--hash-style=gnu -Wl,-z,norelro' 
perl: warning: Setting locale failed.
perl: warning: Please check that your locale settings:
	LANGUAGE = (unset),
	LC_ALL = (unset),
	LC_COLLATE = "C",
	LC_MESSAGES = "C",
	LANG = "it_IT.UTF-8"
perl: warning: Setting locale failed.
    are supported and installed on your system.
perl: warning: Please check that your locale settings:
	LANGUAGE = (unset),
perl: warning: Falling back to the standard locale ("C").
	LC_ALL = (unset),
	LC_COLLATE = "C",
	LC_MESSAGES = "C",
	LANG = "it_IT.UTF-8"
    are supported and installed on your system.
perl: warning: Falling back to the standard locale ("C").
perl: warning: Setting locale failed.
perl: warning: Please check that your locale settings:
	LANGUAGE = (unset),
perl: warning: Setting locale failed.
	LC_ALL = (unset),
perl: warning: Please check that your locale settings:
	LC_COLLATE = "C",
	LANGUAGE = (unset),
	LC_MESSAGES = "C",
	LC_ALL = (unset),
	LANG = "it_IT.UTF-8"
    are supported and installed on your system.
	LC_COLLATE = "C",
	LC_MESSAGES = "C",
	LANG = "it_IT.UTF-8"
    are supported and installed on your system.
perl: warning: Falling back to the standard locale ("C").
perl: warning: Falling back to the standard locale ("C").
perl: warning: Setting locale failed.
perl: warning: Please check that your locale settings:
	LANGUAGE = (unset),
	LC_ALL = (unset),
	LC_COLLATE = "C",
	LC_MESSAGES = "C",
	LANG = "it_IT.UTF-8"
    are supported and installed on your system.
perl: warning: Falling back to the standard locale ("C").
perl: warning: Setting locale failed.
perl: warning: Please check that your locale settings:
	LANGUAGE = (unset),
	LC_ALL = (unset),
	LC_COLLATE = "C",
	LC_MESSAGES = "C",
	LANG = "it_IT.UTF-8"
    are supported and installed on your system.
perl: warning: Falling back to the standard locale ("C").
perl: warning: Setting locale failed.
perl: warning: Please check that your locale settings:
	LANGUAGE = (unset),
	LC_ALL = (unset),
	LC_COLLATE = "C",
	LC_MESSAGES = "C",
	LANG = "it_IT.UTF-8"
    are supported and installed on your system.
perl: warning: Falling back to the standard locale ("C").
perl: warning: Setting locale failed.
perl: warning: Please check that your locale settings:
	LANGUAGE = (unset),
	LC_ALL = (unset),
	LC_COLLATE = "C",
	LC_MESSAGES = "C",
	LANG = "it_IT.UTF-8"
    are supported and installed on your system.
perl: warning: Falling back to the standard locale ("C").
perl: warning: Setting locale failed.
perl: warning: Please check that your locale settings:
	LANGUAGE = (unset),
	LC_ALL = (unset),
	LC_COLLATE = "C",
	LC_MESSAGES = "C",
	LANG = "it_IT.UTF-8"
    are supported and installed on your system.
perl: warning: Falling back to the standard locale ("C").
cp lib/URI/_server.pm blib/lib/URI/_server.pm
cp lib/URI/rlogin.pm blib/lib/URI/rlogin.pm
cp lib/URI/_login.pm blib/lib/URI/_login.pm
cp lib/URI/file/Base.pm blib/lib/URI/file/Base.pm
cp lib/URI.pm blib/lib/URI.pm
cp lib/URI/gopher.pm blib/lib/URI/gopher.pm
cp lib/URI/pop.pm blib/lib/URI/pop.pm
cp lib/URI/_segment.pm blib/lib/URI/_segment.pm
cp lib/URI/_userpass.pm blib/lib/URI/_userpass.pm
cp lib/URI/urn/isbn.pm blib/lib/URI/urn/isbn.pm
cp lib/URI/data.pm blib/lib/URI/data.pm
cp lib/URI/ldap.pm blib/lib/URI/ldap.pm
cp lib/URI/news.pm blib/lib/URI/news.pm
cp lib/URI/ldaps.pm blib/lib/URI/ldaps.pm
cp lib/URI/ldapi.pm blib/lib/URI/ldapi.pm
cp lib/URI/_foreign.pm blib/lib/URI/_foreign.pm
cp lib/URI/sip.pm blib/lib/URI/sip.pm
cp lib/URI/file/Mac.pm blib/lib/URI/file/Mac.pm
cp lib/URI/_query.pm blib/lib/URI/_query.pm
cp lib/URI/Escape.pm blib/lib/URI/Escape.pm
cp lib/URI/sips.pm blib/lib/URI/sips.pm
cp lib/URI/mailto.pm blib/lib/URI/mailto.pm
cp lib/URI/WithBase.pm blib/lib/URI/WithBase.pm
cp lib/URI/_idna.pm blib/lib/URI/_idna.pm
cp lib/URI/URL.pm blib/lib/URI/URL.pm
cp lib/URI/file/FAT.pm blib/lib/URI/file/FAT.pm
cp lib/URI/QueryParam.pm blib/lib/URI/QueryParam.pm
cp lib/URI/urn.pm blib/lib/URI/urn.pm
cp lib/URI/snews.pm blib/lib/URI/snews.pm
cp lib/URI/Heuristic.pm blib/lib/URI/Heuristic.pm
cp lib/URI/file/Win32.pm blib/lib/URI/file/Win32.pm
cp lib/URI/telnet.pm blib/lib/URI/telnet.pm
cp lib/URI/tn3270.pm blib/lib/URI/tn3270.pm
cp lib/URI/nntp.pm blib/lib/URI/nntp.pm
cp lib/URI/_punycode.pm blib/lib/URI/_punycode.pm
cp lib/URI/file.pm blib/lib/URI/file.pm
cp lib/URI/http.pm blib/lib/URI/http.pm
cp lib/URI/sftp.pm blib/lib/URI/sftp.pm
cp lib/URI/mms.pm blib/lib/URI/mms.pm
cp lib/URI/file/Unix.pm blib/lib/URI/file/Unix.pm
cp lib/URI/IRI.pm blib/lib/URI/IRI.pm
cp lib/URI/rsync.pm blib/lib/URI/rsync.pm
cp lib/URI/file/OS2.pm blib/lib/URI/file/OS2.pm
cp lib/URI/_ldap.pm blib/lib/URI/_ldap.pm
cp lib/URI/rtsp.pm blib/lib/URI/rtsp.pm
cp lib/URI/ssh.pm blib/lib/URI/ssh.pm
cp lib/URI/https.pm blib/lib/URI/https.pm
cp lib/URI/rtspu.pm blib/lib/URI/rtspu.pm
cp lib/URI/urn/oid.pm blib/lib/URI/urn/oid.pm
cp lib/URI/ftp.pm blib/lib/URI/ftp.pm
cp lib/URI/file/QNX.pm blib/lib/URI/file/QNX.pm
cp lib/URI/_generic.pm blib/lib/URI/_generic.pm
cp lib/URI/Split.pm blib/lib/URI/Split.pm
>>> Source compiled.
>>> Test phase: dev-perl/URI-1.730.0
 [32;01m*[0m Test::Harness Jobs=12
make -j12 test TEST_VERBOSE=0 
PERL_DL_NONLAZY=1 "/usr/bin/perl" "-MExtUtils::Command::MM" "-MTest::Harness" "-e" "undef *Test::Harness::Switches; test_harness(0, 'blib/lib', 'blib/arch')" t/*.t
perl: warning: Setting locale failed.
perl: warning: Please check that your locale settings:
	LANGUAGE = (unset),
	LC_ALL = (unset),
	LC_COLLATE = "C",
	LC_MESSAGES = "C",
	LANG = "it_IT.UTF-8"
    are supported and installed on your system.
perl: warning: Falling back to the standard locale ("C").
perl: warning: Setting locale failed.
perl: warning: Please check that your locale settings:
	LANGUAGE = (unset),
	LC_ALL = (unset),
	LC_COLLATE = "C",
	LC_MESSAGES = "C",
	LANG = "it_IT.UTF-8"
    are supported and installed on your system.
perl: warning: Falling back to the standard locale ("C").
perl: warning: Setting locale failed.
perl: warning: Please check that your locale settings:
	LANGUAGE = (unset),
	LC_ALL = (unset),
	LC_COLLATE = "C",
	LC_MESSAGES = "C",
	LANG = "it_IT.UTF-8"
    are supported and installed on your system.
perl: warning: Falling back to the standard locale ("C").
===(       1;0  0/1   1/45  0/2  0/?  0/?  0/?  0/?  0/?  0/?  0... )======(       2;0  0/1   1/45  1/2  0/?  0/?  0/?  0/?  0/?  0/?  0... )===perl: warning: Setting locale failed.
perl: warning: Please check that your locale settings:
	LANGUAGE = (unset),
	LC_ALL = (unset),
	LC_COLLATE = "C",
	LC_MESSAGES = "C",
	LANG = "it_IT.UTF-8"
    are supported and installed on your system.
perl: warning: Falling back to the standard locale ("C").
===(       3;0  0/1   1/45  1/2  0/1   1/22  0/?  0/?  0/?  0/? ... )===perl: warning: Setting locale failed.
perl: warning: Please check that your locale settings:
	LANGUAGE = (unset),
	LC_ALL = (unset),
	LC_COLLATE = "C",
	LC_MESSAGES = "C",
	LANG = "it_IT.UTF-8"
    are supported and installed on your system.
perl: warning: Falling back to the standard locale ("C").
===(       4;0  0/1   1/45  1/2  0/1   1/22  1/?  0/?  0/?  0/? ... )===perl: warning: Setting locale failed.
perl: warning: Please check that your locale settings:
	LANGUAGE = (unset),
	LC_ALL = (unset),
	LC_COLLATE = "C",
	LC_MESSAGES = "C",
	LANG = "it_IT.UTF-8"
    are supported and installed on your system.
perl: warning: Falling back to the standard locale ("C").
                                                                        t/clone.t ................. ok
===(       7;0  0/1   3/45  0/1   1/22  1/?   0/12   0/12   0/13... )======(      10;0  0/1   5/45  1/1   1/22  1/?   0/12   0/12   0/13... )======(      13;0  0/1   5/45  1/1   3/22  1/?   1/12   0/12   0/13... )======(      14;0  0/1   5/45  1/1   3/22  1/?   1/12   1/12   0/13... )======(      16;0  0/1   5/45  1/1   3/22  1/?   2/12   1/12   1/13... )======(      18;0  0/1   5/45  1/1   3/22  1/?   2/12   2/12   1/13... )======(      20;0  0/1   5/45  1/1   3/22  1/?   2/12   2/12   2/13... )======(      23;0  0/1   5/45  1/1   3/22  1/?   2/12   2/12   2/13... )===                                                                        t/cwd.t ................... ok
===(      25;0  0/1   7/45   3/22  1/?   2/12   2/12   2/13   2/... )===perl: warning: Setting locale failed.
perl: warning: Please check that your locale settings:
	LANGUAGE = (unset),
	LC_ALL = (unset),
	LC_COLLATE = "C",
	LC_MESSAGES = "C",
	LANG = "it_IT.UTF-8"
    are supported and installed on your system.
perl: warning: Falling back to the standard locale ("C").
perl: warning: Setting locale failed.
perl: warning: Please check that your locale settings:
	LANGUAGE = (unset),
	LC_ALL = (unset),
	LC_COLLATE = "C",
	LC_MESSAGES = "C",
	LANG = "it_IT.UTF-8"
    are supported and installed on your system.
perl: warning: Falling back to the standard locale ("C").
===(      60;0  0/1  12/45   7/22  2/2   6/12   6/12   6/13   6/... )===                                                                        t/escape-char.t ........... ok
===(      62;0  0/1  13/45   8/22   6/12   6/12   6/13   6/48   ... )======(      66;0  0/1  15/45   8/22   6/12   6/12   6/13   6/48   ... )===perl: warning: Setting locale failed.
perl: warning: Please check that your locale settings:
	LANGUAGE = (unset),
	LC_ALL = (unset),
	LC_COLLATE = "C",
	LC_MESSAGES = "C",
	LANG = "it_IT.UTF-8"
    are supported and installed on your system.
perl: warning: Falling back to the standard locale ("C").
===(     103;0  1/1  17/45  12/22  10/12  10/12  10/13  10/48  1... )===# 
# Versions for all modules listed in MYMETA.json (including optional ones):
# 
# === Configure Requires ===
# 
#     Module              Want Have
#     ------------------- ---- ----
#     ExtUtils::MakeMaker  any 7.34
# 
# === Configure Suggests ===
# 
#     Module      Want Have
#     -------- ------- ----
#     JSON::PP 2.27300 4.02
# 
# === Build Requires ===
# 
#     Module              Want Have
#     ------------------- ---- ----
#     ExtUtils::MakeMaker  any 7.34
# 
# === Test Requires ===
# 
#     Module                Want     Have
#     --------------------- ---- --------
#     ExtUtils::MakeMaker    any     7.34
#     File::Spec             any     3.78
#     File::Spec::Functions  any     3.78
#     File::Temp             any   0.2309
#     Test                   any     1.31
#     Test::More            0.96 1.302162
#     Test::Needs            any 0.002005
#     utf8                   any     1.22
# 
# === Test Recommends ===
# 
#     Module         Want     Have
#     ---------- -------- --------
#     CPAN::Meta 2.120900 2.150010
# 
# === Runtime Requires ===
# 
#     Module       Want  Have
#     ------------ ---- -----
#     Carp          any  1.50
#     Cwd           any  3.78
#     Data::Dumper  any 2.174
#     Encode        any  3.01
#     Exporter     5.57  5.73
#     MIME::Base64    2  3.15
#     Net::Domain   any  3.11
#     Scalar::Util  any  1.50
#     constant      any  1.33
#     integer       any  1.01
#     overload      any  1.30
#     parent        any 0.237
#     strict        any  1.11
#     utf8          any  1.22
#     warnings      any  1.44
# 
                                                                        t/00-report-prereqs.t ..... ok
===(     104;0  18/45  12/22  10/12  10/12  10/13  10/48  10/48 ... )===                                                                        t/idna.t .................. ok
===(     129;0  22/45  15/22  12/12  12/12  12/13  12/48  12/48 ... )===perl: warning: Setting locale failed.
perl: warning: Please check that your locale settings:
	LANGUAGE = (unset),
	LC_ALL = (unset),
	LC_COLLATE = "C",
	LC_MESSAGES = "C",
	LANG = "it_IT.UTF-8"
    are supported and installed on your system.
perl: warning: Falling back to the standard locale ("C").
perl: warning: Setting locale failed.
perl: warning: Please check that your locale settings:
	LANGUAGE = (unset),
	LC_ALL = (unset),
	LC_COLLATE = "C",
	LC_MESSAGES = "C",
	LANG = "it_IT.UTF-8"
    are supported and installed on your system.
perl: warning: Falling back to the standard locale ("C").
                                                                        t/escape.t ................ ok
===(     134;0  24/45  17/22  12/12  12/13  12/48  12/48  11/26 ... )======(     135;0  24/45  17/22  12/12  12/13  12/48  12/48  11/26 ... )======(     139;0  26/45  17/22  12/12  12/13  12/48  12/48  11/26 ... )======(     141;0  26/45  18/22  12/12  12/13  12/48  12/48  11/26 ... )===perl: warning: Setting locale failed.
perl: warning: Please check that your locale settings:
	LANGUAGE = (unset),
	LC_ALL = (unset),
	LC_COLLATE = "C",
	LC_MESSAGES = "C",
	LANG = "it_IT.UTF-8"
    are supported and installed on your system.
perl: warning: Falling back to the standard locale ("C").
                                                                        t/file.t .................. ok
===(     144;0  26/45  19/22  12/13  12/48  12/48  11/26  10/16 ... )===perl: warning: Setting locale failed.
perl: warning: Please check that your locale settings:
	LANGUAGE = (unset),
	LC_ALL = (unset),
	LC_COLLATE = "C",
	LC_MESSAGES = "C",
	LANG = "it_IT.UTF-8"
    are supported and installed on your system.
perl: warning: Falling back to the standard locale ("C").
perl: warning: Setting locale failed.
perl: warning: Please check that your locale settings:
	LANGUAGE = (unset),
	LC_ALL = (unset),
	LC_COLLATE = "C",
	LC_MESSAGES = "C",
	LANG = "it_IT.UTF-8"
    are supported and installed on your system.
perl: warning: Falling back to the standard locale ("C").
                                                                        t/ftp.t ................... ok
===(     157;0  28/45  21/22  13/48  12/48  11/26  11/16   4/26 ... )======(     163;0  30/45  21/22  13/48  12/48  11/26  12/16   4/26 ... )===perl: warning: Setting locale failed.
perl: warning: Please check that your locale settings:
	LANGUAGE = (unset),
	LC_ALL = (unset),
	LC_COLLATE = "C",
	LC_MESSAGES = "C",
	LANG = "it_IT.UTF-8"
    are supported and installed on your system.
perl: warning: Falling back to the standard locale ("C").
                                                                        t/data.t .................. ok
===(     167;0  30/45  13/48  12/48  11/26  12/16   5/26   6/24 ... )======(     179;0  32/45  13/48  12/48  11/26  13/16   7/26   8/24 ... )===perl: warning: Setting locale failed.
perl: warning: Please check that your locale settings:
	LANGUAGE = (unset),
	LC_ALL = (unset),
	LC_COLLATE = "C",
	LC_MESSAGES = "C",
	LANG = "it_IT.UTF-8"
    are supported and installed on your system.
perl: warning: Falling back to the standard locale ("C").
perl: warning: Setting locale failed.
perl: warning: Please check that your locale settings:
	LANGUAGE = (unset),
	LC_ALL = (unset),
	LC_COLLATE = "C",
	LC_MESSAGES = "C",
	LANG = "it_IT.UTF-8"
    are supported and installed on your system.
perl: warning: Falling back to the standard locale ("C").
                                                                        t/mailto.t ................ ok
===(     188;0  33/45  15/48  14/48  13/26  14/16   7/26   9/24 ... )======(     198;0  35/45  15/48  14/48  13/26  15/16   9/26  11/24 ... )===perl: warning: Setting locale failed.
perl: warning: Please check that your locale settings:
	LANGUAGE = (unset),
	LC_ALL = (unset),
	LC_COLLATE = "C",
	LC_MESSAGES = "C",
	LANG = "it_IT.UTF-8"
    are supported and installed on your system.
perl: warning: Falling back to the standard locale ("C").
===(     200;0  35/45  15/48  14/48  13/26  15/16   9/26  11/24 ... )===                                                                        t/http.t .................. ok
===(     211;0  36/45  17/48  16/48  15/26   9/26  12/24  5/6  3... )======(     214;0  37/45  17/48  16/48  15/26   9/26  13/24  5/6  3... )===                                                                        t/mix.t ................... ok
===(     223;0  38/45  17/48  16/48  15/26  11/26  14/24  4/8  3... )===                                                                        t/num_eq.t ................ ok
===(     232;0  40/45  17/48  16/48  15/26  13/26  15/24  5/8  4... )===perl: warning: Setting locale failed.
perl: warning: Please check that your locale settings:
	LANGUAGE = (unset),
	LC_ALL = (unset),
	LC_COLLATE = "C",
	LC_MESSAGES = "C",
	LANG = "it_IT.UTF-8"
    are supported and installed on your system.
perl: warning: Falling back to the standard locale ("C").
perl: warning: Setting locale failed.
perl: warning: Please check that your locale settings:
	LANGUAGE = (unset),
	LC_ALL = (unset),
	LC_COLLATE = "C",
	LC_MESSAGES = "C",
	LANG = "it_IT.UTF-8"
    are supported and installed on your system.
perl: warning: Falling back to the standard locale ("C").
perl: warning: Setting locale failed.
perl: warning: Please check that your locale settings:
	LANGUAGE = (unset),
	LC_ALL = (unset),
	LC_COLLATE = "C",
	LC_MESSAGES = "C",
	LANG = "it_IT.UTF-8"
    are supported and installed on your system.
perl: warning: Falling back to the standard locale ("C").
                                                                        t/old-absconf.t ........... ok
===(     251;0  43/45  19/48  18/48  17/26  15/26  17/24  7/8  6... )======(     255;0  45/45  19/48  18/48  17/26  15/26  18/24  7/8  6... )===perl: warning: Setting locale failed.
perl: warning: Please check that your locale settings:
	LANGUAGE = (unset),
	LC_ALL = (unset),
	LC_COLLATE = "C",
	LC_MESSAGES = "C",
	LANG = "it_IT.UTF-8"
    are supported and installed on your system.
perl: warning: Falling back to the standard locale ("C").
                                                                        t/mms.t ................... ok
===(     261;0  45/45  19/48  18/48  17/26  17/26  19/24  7/7  0... )===perl: warning: Setting locale failed.
perl: warning: Please check that your locale settings:
	LANGUAGE = (unset),
	LC_ALL = (unset),
	LC_COLLATE = "C",
	LC_MESSAGES = "C",
	LANG = "it_IT.UTF-8"
    are supported and installed on your system.
perl: warning: Falling back to the standard locale ("C").
===(     266;0  45/45  19/48  18/48  17/26  18/26  21/24  7/7  0... )===                                                                        t/news.t .................. ok
===(     267;0  45/45  19/48  18/48  17/26  19/26  21/24  0/?   ... )======(     276;0  45/45  19/48  18/48  17/26  21/26  23/24  0/?   ... )======(     277;0  45/45  19/48  18/48  17/26  21/26  23/24  0/?   ... )===                                                                        t/ldap.t .................. ok
===(     289;0  45/45  21/48  20/48  19/26  22/26  0/?   6/12  2... )===perl: warning: Setting locale failed.
perl: warning: Please check that your locale settings:
	LANGUAGE = (unset),
	LC_ALL = (unset),
	LC_COLLATE = "C",
	LC_MESSAGES = "C",
	LANG = "it_IT.UTF-8"
    are supported and installed on your system.
perl: warning: Falling back to the standard locale ("C").
perl: warning: Setting locale failed.
perl: warning: Please check that your locale settings:
	LANGUAGE = (unset),
	LC_ALL = (unset),
	LC_COLLATE = "C",
	LC_MESSAGES = "C",
	LANG = "it_IT.UTF-8"
    are supported and installed on your system.
perl: warning: Falling back to the standard locale ("C").
perl: warning: Setting locale failed.
perl: warning: Please check that your locale settings:
	LANGUAGE = (unset),
	LC_ALL = (unset),
	LC_COLLATE = "C",
	LC_MESSAGES = "C",
	LANG = "it_IT.UTF-8"
    are supported and installed on your system.
perl: warning: Falling back to the standard locale ("C").
                                                                        t/old-relbase.t ........... ok
===(     319;0  45/45  25/48  24/48  23/26  24/26  0/?  11/12  8... )===                                                                        t/path-segments.t ......... ok
===(     319;0  45/45  25/48  24/48  23/26  24/26  0/?  11/12  6... )======(     320;0  45/45  25/48  24/48  23/26  24/26  0/?  11/12  6... )======(     324;0  45/45  25/48  24/48  23/26  25/26  0/?  12/12  7... )===                                                                        t/old-file.t .............. ok
===(     325;0  45/45  25/48  24/48  23/26  25/26  0/?  7/8   1/... )===perl: warning: Setting locale failed.
perl: warning: Please check that your locale settings:
	LANGUAGE = (unset),
	LC_ALL = (unset),
	LC_COLLATE = "C",
	LC_MESSAGES = "C",
	LANG = "it_IT.UTF-8"
    are supported and installed on your system.
perl: warning: Falling back to the standard locale ("C").
perl: warning: Setting locale failed.
perl: warning: Please check that your locale settings:
	LANGUAGE = (unset),
	LC_ALL = (unset),
	LC_COLLATE = "C",
	LC_MESSAGES = "C",
	LANG = "it_IT.UTF-8"
    are supported and installed on your system.
perl: warning: Falling back to the standard locale ("C").
                                                                        t/pop.t ................... ok
===(     329;0  45/45  25/48  24/48  23/26  25/26  0/?   2/15   ... )======(     331;0  45/45  25/48  24/48  23/26  25/26  0/?   2/15   ... )======(     333;0  45/45  25/48  24/48  23/26  26/26  0/?   2/15   ... )===                                                                        t/iri.t ................... ok
===(     334;0  45/45  25/48  24/48  23/26  0/?   3/15   5/19   ... )======(     337;0  45/45  25/48  24/48  23/26  0/?   3/15   6/19   ... )===perl: warning: Setting locale failed.
perl: warning: Please check that your locale settings:
	LANGUAGE = (unset),
	LC_ALL = (unset),
	LC_COLLATE = "C",
	LC_MESSAGES = "C",
	LANG = "it_IT.UTF-8"
    are supported and installed on your system.
perl: warning: Falling back to the standard locale ("C").
perl: warning: Setting locale failed.
perl: warning: Please check that your locale settings:
	LANGUAGE = (unset),
	LC_ALL = (unset),
	LC_COLLATE = "C",
	LC_MESSAGES = "C",
	LANG = "it_IT.UTF-8"
    are supported and installed on your system.
perl: warning: Falling back to the standard locale ("C").
                                                                        t/abs.t ................... ok
===(     352;0  27/48  26/48  25/26  0/?   5/15   8/19   3/23  4... )======(     359;0  27/48  26/48  25/26  0/?   6/15   9/19   4/23  6... )===perl: warning: Setting locale failed.
perl: warning: Please check that your locale settings:
	LANGUAGE = (unset),
	LC_ALL = (unset),
	LC_COLLATE = "C",
	LC_MESSAGES = "C",
	LANG = "it_IT.UTF-8"
    are supported and installed on your system.
perl: warning: Falling back to the standard locale ("C").
                                                                        t/heuristic.t ............. ok
===(     368;0  29/48  28/48  0/?   7/15  10/19   5/23  6/6   4/... )===                                                                        t/rel.t ................... ok
===(     369;0  29/48  28/48  0/?   7/15  11/19   5/23   4/19   ... )===perl: warning: Setting locale failed.
perl: warning: Please check that your locale settings:
	LANGUAGE = (unset),
	LC_ALL = (unset),
	LC_COLLATE = "C",
	LC_MESSAGES = "C",
	LANG = "it_IT.UTF-8"
    are supported and installed on your system.
perl: warning: Falling back to the standard locale ("C").
perl: warning: Setting locale failed.
perl: warning: Please check that your locale settings:
	LANGUAGE = (unset),
	LC_ALL = (unset),
	LC_COLLATE = "C",
	LC_MESSAGES = "C",
	LANG = "it_IT.UTF-8"
    are supported and installed on your system.
perl: warning: Falling back to the standard locale ("C").
===(     385;0  31/48  30/48  0/?   9/15  14/19   7/23   6/19   ... )===perl: warning: Setting locale failed.
perl: warning: Please check that your locale settings:
	LANGUAGE = (unset),
	LC_ALL = (unset),
	LC_COLLATE = "C",
	LC_MESSAGES = "C",
	LANG = "it_IT.UTF-8"
    are supported and installed on your system.
perl: warning: Falling back to the standard locale ("C").
                                                                        t/rsync.t ................. ok
===(     390;0  31/48  30/48  0/?  10/15  14/19   8/23   7/19   ... )======(     393;0  31/48  30/48  0/?  10/15  15/19   8/23   7/19   ... )======(     394;0  31/48  30/48  0/?  10/15  15/19   8/23   7/19   ... )======(     402;0  31/48  30/48  0/?  11/15  16/19  10/23   9/19   ... )===perl: warning: Setting locale failed.
perl: warning: Please check that your locale settings:
	LANGUAGE = (unset),
	LC_ALL = (unset),
	LC_COLLATE = "C",
	LC_MESSAGES = "C",
	LANG = "it_IT.UTF-8"
    are supported and installed on your system.
perl: warning: Falling back to the standard locale ("C").
===(     419;0  33/48  32/48  0/?  13/15  17/19  11/23  10/19   ... )===                                                                        t/scheme-exceptions.t ..... ok
===(     433;0  35/48  34/48  0/?  14/15  19/19  12/23  11/19   ... )===                                                                        t/query-param.t ........... ok
===(     433;0  35/48  34/48  0/?  14/15  12/23  11/19    3/102 ... )===                                                                        t/sort-hash-query-form.t .. ok
===(     440;0  35/48  34/48  0/?  15/15  13/23  12/19    4/102 ... )===                                                                        t/rtsp.t .................. ok
===(     440;0  35/48  34/48  0/?  15/15  13/23  12/19    4/102 ... )===                                                                        t/punycode.t .............. ok
===(     444;0  35/48  34/48  0/?  14/23  13/19    5/102   7/11 ... )===perl: warning: Setting locale failed.
perl: warning: Please check that your locale settings:
	LANGUAGE = (unset),
	LC_ALL = (unset),
	LC_COLLATE = "C",
	LC_MESSAGES = "C",
	LANG = "it_IT.UTF-8"
    are supported and installed on your system.
perl: warning: Falling back to the standard locale ("C").
===(     457;0  37/48  36/48  0/?  16/23  15/19    7/102   9/11 ... )======(     458;0  37/48  36/48  0/?  16/23  15/19    7/102   9/11 ... )===perl: warning: Setting locale failed.
perl: warning: Please check that your locale settings:
	LANGUAGE = (unset),
	LC_ALL = (unset),
	LC_COLLATE = "C",
	LC_MESSAGES = "C",
	LANG = "it_IT.UTF-8"
    are supported and installed on your system.
perl: warning: Falling back to the standard locale ("C").
                                                                        t/urn-isbn.t .............. skipped: Need Business::ISBN
===(     461;0  37/48  36/48  0/?  16/23  16/19    7/102  10/11 ... )===perl: warning: Setting locale failed.
perl: warning: Please check that your locale settings:
	LANGUAGE = (unset),
	LC_ALL = (unset),
	LC_COLLATE = "C",
	LC_MESSAGES = "C",
	LANG = "it_IT.UTF-8"
    are supported and installed on your system.
perl: warning: Falling back to the standard locale ("C").
perl: warning: Setting locale failed.
perl: warning: Please check that your locale settings:
	LANGUAGE = (unset),
	LC_ALL = (unset),
	LC_COLLATE = "C",
	LC_MESSAGES = "C",
	LANG = "it_IT.UTF-8"
    are supported and installed on your system.
perl: warning: Falling back to the standard locale ("C").
perl: warning: Setting locale failed.
perl: warning: Please check that your locale settings:
	LANGUAGE = (unset),
	LC_ALL = (unset),
	LC_COLLATE = "C",
	LC_MESSAGES = "C",
	LANG = "it_IT.UTF-8"
    are supported and installed on your system.
perl: warning: Falling back to the standard locale ("C").
===(     473;0  38/48  36/48  0/?  18/23  18/19    9/102  11/11 ... )===perl: warning: Setting locale failed.
perl: warning: Please check that your locale settings:
	LANGUAGE = (unset),
	LC_ALL = (unset),
	LC_COLLATE = "C",
	LC_MESSAGES = "C",
	LANG = "it_IT.UTF-8"
    are supported and installed on your system.
perl: warning: Falling back to the standard locale ("C").
                                                                        t/sip.t ................... ok
===(     475;0  39/48  37/48  0/?  18/23  18/19    9/102   3/17 ... )===                                                                        t/urn-oid.t ............... ok
===(     481;0  39/48  37/48  0/?  19/23  19/19   10/102   4/17 ... )======(     482;0  39/48  37/48  0/?  19/23  19/19   10/102   4/17 ... )===perl: warning: Setting locale failed.
perl: warning: Please check that your locale settings:
	LANGUAGE = (unset),
	LC_ALL = (unset),
	LC_COLLATE = "C",
	LC_MESSAGES = "C",
	LANG = "it_IT.UTF-8"
    are supported and installed on your system.
perl: warning: Falling back to the standard locale ("C").
                                                                        t/rfc2732.t ............... ok
===(     483;0  39/48  37/48  0/?  19/23   10/102   5/17  1/3  2/? )====perl: warning: Setting locale failed.
perl: warning: Please check that your locale settings:
	LANGUAGE = (unset),
	LC_ALL = (unset),
	LC_COLLATE = "C",
	LC_MESSAGES = "C",
	LANG = "it_IT.UTF-8"
    are supported and installed on your system.
perl: warning: Falling back to the standard locale ("C").
                                                                        t/storable.t .............. ok
===(     497;0  41/48  39/48  0/?  21/23   12/102   7/17  4/? )=========perl: warning: Setting locale failed.
perl: warning: Please check that your locale settings:
	LANGUAGE = (unset),
	LC_ALL = (unset),
	LC_COLLATE = "C",
	LC_MESSAGES = "C",
	LANG = "it_IT.UTF-8"
    are supported and installed on your system.
perl: warning: Falling back to the standard locale ("C").
                                                                        t/query.t ................. ok
===(     509;0  43/48  41/48  0/?   14/102  10/17  5/5 )================                                                                        t/utf8.t .................. ok
===(     511;0  43/48  41/48  0/?   15/102  11/17 )=====================perl: warning: Setting locale failed.
perl: warning: Please check that your locale settings:
	LANGUAGE = (unset),
	LC_ALL = (unset),
	LC_COLLATE = "C",
	LC_MESSAGES = "C",
	LANG = "it_IT.UTF-8"
    are supported and installed on your system.
perl: warning: Falling back to the standard locale ("C").
                                                                        t/generic.t ............... ok
===(     532;0  46/48  0/?   21/102  16/17 )============================perl: warning: Setting locale failed.
perl: warning: Please check that your locale settings:
	LANGUAGE = (unset),
	LC_ALL = (unset),
	LC_COLLATE = "C",
	LC_MESSAGES = "C",
	LANG = "it_IT.UTF-8"
    are supported and installed on your system.
perl: warning: Falling back to the standard locale ("C").
                                                                        t/split.t ................. ok
===(     537;0  48/48  0/?   23/102 )===================================perl: warning: Setting locale failed.
perl: warning: Please check that your locale settings:
	LANGUAGE = (unset),
	LC_ALL = (unset),
	LC_COLLATE = "C",
	LC_MESSAGES = "C",
	LANG = "it_IT.UTF-8"
    are supported and installed on your system.
perl: warning: Falling back to the standard locale ("C").
                                                                        t/gopher.t ................ ok
===(     539;0  0/?   25/102 )=============================================(     614;0  1/?   99/102 )==========================================                                                                        t/roy-test.t .............. ok
t/old-base.t .............. t/old-base.t .............. 2/?                                  t/old-base.t .............. ok
All tests successful.
Files=43, Tests=625,  0 wallclock secs ( 0.12 usr  0.04 sys +  1.11 cusr  0.29 csys =  1.56 CPU)
Result: PASS
>>> Completed testing dev-perl/URI-1.730.0

>>> Install dev-perl/URI-1.730.0 into /tmp/portage/dev-perl/URI-1.730.0/image/
make -j12 pure_install 
perl: warning: Setting locale failed.
perl: warning: Please check that your locale settings:
	LANGUAGE = (unset),
	LC_ALL = (unset),
	LC_COLLATE = "C",
	LC_MESSAGES = "C",
	LANG = "it_IT.UTF-8"
    are supported and installed on your system.
perl: warning: Falling back to the standard locale ("C").
Installing /tmp/portage/dev-perl/URI-1.730.0/image/usr/lib64/perl5/vendor_perl/5.30.2/URI.pm
Installing /tmp/portage/dev-perl/URI-1.730.0/image/usr/lib64/perl5/vendor_perl/5.30.2/URI/sip.pm
Installing /tmp/portage/dev-perl/URI-1.730.0/image/usr/lib64/perl5/vendor_perl/5.30.2/URI/IRI.pm
Installing /tmp/portage/dev-perl/URI-1.730.0/image/usr/lib64/perl5/vendor_perl/5.30.2/URI/Split.pm
Installing /tmp/portage/dev-perl/URI-1.730.0/image/usr/lib64/perl5/vendor_perl/5.30.2/URI/ldap.pm
Installing /tmp/portage/dev-perl/URI-1.730.0/image/usr/lib64/perl5/vendor_perl/5.30.2/URI/ftp.pm
Installing /tmp/portage/dev-perl/URI-1.730.0/image/usr/lib64/perl5/vendor_perl/5.30.2/URI/urn.pm
Installing /tmp/portage/dev-perl/URI-1.730.0/image/usr/lib64/perl5/vendor_perl/5.30.2/URI/_idna.pm
Installing /tmp/portage/dev-perl/URI-1.730.0/image/usr/lib64/perl5/vendor_perl/5.30.2/URI/sips.pm
Installing /tmp/portage/dev-perl/URI-1.730.0/image/usr/lib64/perl5/vendor_perl/5.30.2/URI/_segment.pm
Installing /tmp/portage/dev-perl/URI-1.730.0/image/usr/lib64/perl5/vendor_perl/5.30.2/URI/ldaps.pm
Installing /tmp/portage/dev-perl/URI-1.730.0/image/usr/lib64/perl5/vendor_perl/5.30.2/URI/file.pm
Installing /tmp/portage/dev-perl/URI-1.730.0/image/usr/lib64/perl5/vendor_perl/5.30.2/URI/_server.pm
Installing /tmp/portage/dev-perl/URI-1.730.0/image/usr/lib64/perl5/vendor_perl/5.30.2/URI/rtspu.pm
Installing /tmp/portage/dev-perl/URI-1.730.0/image/usr/lib64/perl5/vendor_perl/5.30.2/URI/news.pm
Installing /tmp/portage/dev-perl/URI-1.730.0/image/usr/lib64/perl5/vendor_perl/5.30.2/URI/gopher.pm
Installing /tmp/portage/dev-perl/URI-1.730.0/image/usr/lib64/perl5/vendor_perl/5.30.2/URI/_generic.pm
Installing /tmp/portage/dev-perl/URI-1.730.0/image/usr/lib64/perl5/vendor_perl/5.30.2/URI/tn3270.pm
Installing /tmp/portage/dev-perl/URI-1.730.0/image/usr/lib64/perl5/vendor_perl/5.30.2/URI/data.pm
Installing /tmp/portage/dev-perl/URI-1.730.0/image/usr/lib64/perl5/vendor_perl/5.30.2/URI/_userpass.pm
Installing /tmp/portage/dev-perl/URI-1.730.0/image/usr/lib64/perl5/vendor_perl/5.30.2/URI/_login.pm
Installing /tmp/portage/dev-perl/URI-1.730.0/image/usr/lib64/perl5/vendor_perl/5.30.2/URI/rsync.pm
Installing /tmp/portage/dev-perl/URI-1.730.0/image/usr/lib64/perl5/vendor_perl/5.30.2/URI/https.pm
Installing /tmp/portage/dev-perl/URI-1.730.0/image/usr/lib64/perl5/vendor_perl/5.30.2/URI/WithBase.pm
Installing /tmp/portage/dev-perl/URI-1.730.0/image/usr/lib64/perl5/vendor_perl/5.30.2/URI/Escape.pm
Installing /tmp/portage/dev-perl/URI-1.730.0/image/usr/lib64/perl5/vendor_perl/5.30.2/URI/ssh.pm
Installing /tmp/portage/dev-perl/URI-1.730.0/image/usr/lib64/perl5/vendor_perl/5.30.2/URI/rlogin.pm
Installing /tmp/portage/dev-perl/URI-1.730.0/image/usr/lib64/perl5/vendor_perl/5.30.2/URI/_foreign.pm
Installing /tmp/portage/dev-perl/URI-1.730.0/image/usr/lib64/perl5/vendor_perl/5.30.2/URI/http.pm
Installing /tmp/portage/dev-perl/URI-1.730.0/image/usr/lib64/perl5/vendor_perl/5.30.2/URI/_query.pm
Installing /tmp/portage/dev-perl/URI-1.730.0/image/usr/lib64/perl5/vendor_perl/5.30.2/URI/snews.pm
Installing /tmp/portage/dev-perl/URI-1.730.0/image/usr/lib64/perl5/vendor_perl/5.30.2/URI/rtsp.pm
Installing /tmp/portage/dev-perl/URI-1.730.0/image/usr/lib64/perl5/vendor_perl/5.30.2/URI/mailto.pm
Installing /tmp/portage/dev-perl/URI-1.730.0/image/usr/lib64/perl5/vendor_perl/5.30.2/URI/telnet.pm
Installing /tmp/portage/dev-perl/URI-1.730.0/image/usr/lib64/perl5/vendor_perl/5.30.2/URI/sftp.pm
Installing /tmp/portage/dev-perl/URI-1.730.0/image/usr/lib64/perl5/vendor_perl/5.30.2/URI/mms.pm
Installing /tmp/portage/dev-perl/URI-1.730.0/image/usr/lib64/perl5/vendor_perl/5.30.2/URI/pop.pm
Installing /tmp/portage/dev-perl/URI-1.730.0/image/usr/lib64/perl5/vendor_perl/5.30.2/URI/ldapi.pm
Installing /tmp/portage/dev-perl/URI-1.730.0/image/usr/lib64/perl5/vendor_perl/5.30.2/URI/URL.pm
Installing /tmp/portage/dev-perl/URI-1.730.0/image/usr/lib64/perl5/vendor_perl/5.30.2/URI/_ldap.pm
Installing /tmp/portage/dev-perl/URI-1.730.0/image/usr/lib64/perl5/vendor_perl/5.30.2/URI/QueryParam.pm
Installing /tmp/portage/dev-perl/URI-1.730.0/image/usr/lib64/perl5/vendor_perl/5.30.2/URI/nntp.pm
Installing /tmp/portage/dev-perl/URI-1.730.0/image/usr/lib64/perl5/vendor_perl/5.30.2/URI/Heuristic.pm
Installing /tmp/portage/dev-perl/URI-1.730.0/image/usr/lib64/perl5/vendor_perl/5.30.2/URI/_punycode.pm
Installing /tmp/portage/dev-perl/URI-1.730.0/image/usr/lib64/perl5/vendor_perl/5.30.2/URI/urn/isbn.pm
Installing /tmp/portage/dev-perl/URI-1.730.0/image/usr/lib64/perl5/vendor_perl/5.30.2/URI/urn/oid.pm
Installing /tmp/portage/dev-perl/URI-1.730.0/image/usr/lib64/perl5/vendor_perl/5.30.2/URI/file/FAT.pm
Installing /tmp/portage/dev-perl/URI-1.730.0/image/usr/lib64/perl5/vendor_perl/5.30.2/URI/file/QNX.pm
Installing /tmp/portage/dev-perl/URI-1.730.0/image/usr/lib64/perl5/vendor_perl/5.30.2/URI/file/Unix.pm
Installing /tmp/portage/dev-perl/URI-1.730.0/image/usr/lib64/perl5/vendor_perl/5.30.2/URI/file/Win32.pm
Installing /tmp/portage/dev-perl/URI-1.730.0/image/usr/lib64/perl5/vendor_perl/5.30.2/URI/file/Mac.pm
Installing /tmp/portage/dev-perl/URI-1.730.0/image/usr/lib64/perl5/vendor_perl/5.30.2/URI/file/Base.pm
Installing /tmp/portage/dev-perl/URI-1.730.0/image/usr/lib64/perl5/vendor_perl/5.30.2/URI/file/OS2.pm
 [32;01m*[0m Fixing packlist file /usr/lib64/perl5/vendor_perl/5.30.2/x86_64-linux/auto/URI/.packlist
>>> Completed installing dev-perl/URI-1.730.0 into /tmp/portage/dev-perl/URI-1.730.0/image/

 [32;01m*[0m Final size of build directory: 1148 KiB (1.1 MiB)
 [32;01m*[0m Final size of installed tree:   368 KiB

./
./usr/
./usr/share/
./usr/share/doc/
./usr/share/doc/URI-1.730.0/
./usr/share/doc/URI-1.730.0/Changes.bz2
./usr/lib64/
./usr/lib64/perl5/
./usr/lib64/perl5/vendor_perl/
./usr/lib64/perl5/vendor_perl/5.30.2/
./usr/lib64/perl5/vendor_perl/5.30.2/URI/
./usr/lib64/perl5/vendor_perl/5.30.2/URI/sip.pm
./usr/lib64/perl5/vendor_perl/5.30.2/URI/IRI.pm
./usr/lib64/perl5/vendor_perl/5.30.2/URI/Split.pm
./usr/lib64/perl5/vendor_perl/5.30.2/URI/ldap.pm
./usr/lib64/perl5/vendor_perl/5.30.2/URI/ftp.pm
./usr/lib64/perl5/vendor_perl/5.30.2/URI/urn.pm
./usr/lib64/perl5/vendor_perl/5.30.2/URI/_idna.pm
./usr/lib64/perl5/vendor_perl/5.30.2/URI/sips.pm
./usr/lib64/perl5/vendor_perl/5.30.2/URI/_segment.pm
./usr/lib64/perl5/vendor_perl/5.30.2/URI/ldaps.pm
./usr/lib64/perl5/vendor_perl/5.30.2/URI/file.pm
./usr/lib64/perl5/vendor_perl/5.30.2/URI/urn/
./usr/lib64/perl5/vendor_perl/5.30.2/URI/urn/isbn.pm
./usr/lib64/perl5/vendor_perl/5.30.2/URI/urn/oid.pm
./usr/lib64/perl5/vendor_perl/5.30.2/URI/_server.pm
./usr/lib64/perl5/vendor_perl/5.30.2/URI/rtspu.pm
./usr/lib64/perl5/vendor_perl/5.30.2/URI/news.pm
./usr/lib64/perl5/vendor_perl/5.30.2/URI/file/
./usr/lib64/perl5/vendor_perl/5.30.2/URI/file/FAT.pm
./usr/lib64/perl5/vendor_perl/5.30.2/URI/file/QNX.pm
./usr/lib64/perl5/vendor_perl/5.30.2/URI/file/Unix.pm
./usr/lib64/perl5/vendor_perl/5.30.2/URI/file/Win32.pm
./usr/lib64/perl5/vendor_perl/5.30.2/URI/file/Mac.pm
./usr/lib64/perl5/vendor_perl/5.30.2/URI/file/Base.pm
./usr/lib64/perl5/vendor_perl/5.30.2/URI/file/OS2.pm
./usr/lib64/perl5/vendor_perl/5.30.2/URI/gopher.pm
./usr/lib64/perl5/vendor_perl/5.30.2/URI/_generic.pm
./usr/lib64/perl5/vendor_perl/5.30.2/URI/tn3270.pm
./usr/lib64/perl5/vendor_perl/5.30.2/URI/data.pm
./usr/lib64/perl5/vendor_perl/5.30.2/URI/_userpass.pm
./usr/lib64/perl5/vendor_perl/5.30.2/URI/_login.pm
./usr/lib64/perl5/vendor_perl/5.30.2/URI/rsync.pm
./usr/lib64/perl5/vendor_perl/5.30.2/URI/https.pm
./usr/lib64/perl5/vendor_perl/5.30.2/URI/WithBase.pm
./usr/lib64/perl5/vendor_perl/5.30.2/URI/Escape.pm
./usr/lib64/perl5/vendor_perl/5.30.2/URI/ssh.pm
./usr/lib64/perl5/vendor_perl/5.30.2/URI/rlogin.pm
./usr/lib64/perl5/vendor_perl/5.30.2/URI/_foreign.pm
./usr/lib64/perl5/vendor_perl/5.30.2/URI/http.pm
./usr/lib64/perl5/vendor_perl/5.30.2/URI/_query.pm
./usr/lib64/perl5/vendor_perl/5.30.2/URI/snews.pm
./usr/lib64/perl5/vendor_perl/5.30.2/URI/rtsp.pm
./usr/lib64/perl5/vendor_perl/5.30.2/URI/mailto.pm
./usr/lib64/perl5/vendor_perl/5.30.2/URI/telnet.pm
./usr/lib64/perl5/vendor_perl/5.30.2/URI/sftp.pm
./usr/lib64/perl5/vendor_perl/5.30.2/URI/mms.pm
./usr/lib64/perl5/vendor_perl/5.30.2/URI/pop.pm
./usr/lib64/perl5/vendor_perl/5.30.2/URI/ldapi.pm
./usr/lib64/perl5/vendor_perl/5.30.2/URI/URL.pm
./usr/lib64/perl5/vendor_perl/5.30.2/URI/_ldap.pm
./usr/lib64/perl5/vendor_perl/5.30.2/URI/QueryParam.pm
./usr/lib64/perl5/vendor_perl/5.30.2/URI/nntp.pm
./usr/lib64/perl5/vendor_perl/5.30.2/URI/Heuristic.pm
./usr/lib64/perl5/vendor_perl/5.30.2/URI/_punycode.pm
./usr/lib64/perl5/vendor_perl/5.30.2/x86_64-linux/
./usr/lib64/perl5/vendor_perl/5.30.2/x86_64-linux/auto/
./usr/lib64/perl5/vendor_perl/5.30.2/x86_64-linux/auto/URI/
./usr/lib64/perl5/vendor_perl/5.30.2/x86_64-linux/auto/URI/.packlist
./usr/lib64/perl5/vendor_perl/5.30.2/URI.pm
>>> Done.
 [32;01m*[39;49;00m checking 55 files for package collisions
>>> Merging dev-perl/URI-1.730.0 to /
--- /usr/
--- /usr/lib64/
--- /usr/lib64/perl5/
--- /usr/lib64/perl5/vendor_perl/
--- /usr/lib64/perl5/vendor_perl/5.30.2/
>>> /usr/lib64/perl5/vendor_perl/5.30.2/URI.pm
--- /usr/lib64/perl5/vendor_perl/5.30.2/x86_64-linux/
--- /usr/lib64/perl5/vendor_perl/5.30.2/x86_64-linux/auto/
>>> /usr/lib64/perl5/vendor_perl/5.30.2/x86_64-linux/auto/URI/
>>> /usr/lib64/perl5/vendor_perl/5.30.2/x86_64-linux/auto/URI/.packlist
>>> /usr/lib64/perl5/vendor_perl/5.30.2/URI/
>>> /usr/lib64/perl5/vendor_perl/5.30.2/URI/_punycode.pm
>>> /usr/lib64/perl5/vendor_perl/5.30.2/URI/Heuristic.pm
>>> /usr/lib64/perl5/vendor_perl/5.30.2/URI/nntp.pm
>>> /usr/lib64/perl5/vendor_perl/5.30.2/URI/QueryParam.pm
>>> /usr/lib64/perl5/vendor_perl/5.30.2/URI/_ldap.pm
>>> /usr/lib64/perl5/vendor_perl/5.30.2/URI/URL.pm
>>> /usr/lib64/perl5/vendor_perl/5.30.2/URI/ldapi.pm
>>> /usr/lib64/perl5/vendor_perl/5.30.2/URI/pop.pm
>>> /usr/lib64/perl5/vendor_perl/5.30.2/URI/mms.pm
>>> /usr/lib64/perl5/vendor_perl/5.30.2/URI/sftp.pm
>>> /usr/lib64/perl5/vendor_perl/5.30.2/URI/telnet.pm
>>> /usr/lib64/perl5/vendor_perl/5.30.2/URI/mailto.pm
>>> /usr/lib64/perl5/vendor_perl/5.30.2/URI/rtsp.pm
>>> /usr/lib64/perl5/vendor_perl/5.30.2/URI/snews.pm
>>> /usr/lib64/perl5/vendor_perl/5.30.2/URI/_query.pm
>>> /usr/lib64/perl5/vendor_perl/5.30.2/URI/http.pm
>>> /usr/lib64/perl5/vendor_perl/5.30.2/URI/_foreign.pm
>>> /usr/lib64/perl5/vendor_perl/5.30.2/URI/rlogin.pm
>>> /usr/lib64/perl5/vendor_perl/5.30.2/URI/ssh.pm
>>> /usr/lib64/perl5/vendor_perl/5.30.2/URI/Escape.pm
>>> /usr/lib64/perl5/vendor_perl/5.30.2/URI/WithBase.pm
>>> /usr/lib64/perl5/vendor_perl/5.30.2/URI/https.pm
>>> /usr/lib64/perl5/vendor_perl/5.30.2/URI/rsync.pm
>>> /usr/lib64/perl5/vendor_perl/5.30.2/URI/_login.pm
>>> /usr/lib64/perl5/vendor_perl/5.30.2/URI/_userpass.pm
>>> /usr/lib64/perl5/vendor_perl/5.30.2/URI/data.pm
>>> /usr/lib64/perl5/vendor_perl/5.30.2/URI/tn3270.pm
>>> /usr/lib64/perl5/vendor_perl/5.30.2/URI/_generic.pm
>>> /usr/lib64/perl5/vendor_perl/5.30.2/URI/gopher.pm
>>> /usr/lib64/perl5/vendor_perl/5.30.2/URI/file/
>>> /usr/lib64/perl5/vendor_perl/5.30.2/URI/file/OS2.pm
>>> /usr/lib64/perl5/vendor_perl/5.30.2/URI/file/Base.pm
>>> /usr/lib64/perl5/vendor_perl/5.30.2/URI/file/Mac.pm
>>> /usr/lib64/perl5/vendor_perl/5.30.2/URI/file/Win32.pm
>>> /usr/lib64/perl5/vendor_perl/5.30.2/URI/file/Unix.pm
>>> /usr/lib64/perl5/vendor_perl/5.30.2/URI/file/QNX.pm
>>> /usr/lib64/perl5/vendor_perl/5.30.2/URI/file/FAT.pm
>>> /usr/lib64/perl5/vendor_perl/5.30.2/URI/news.pm
>>> /usr/lib64/perl5/vendor_perl/5.30.2/URI/rtspu.pm
>>> /usr/lib64/perl5/vendor_perl/5.30.2/URI/_server.pm
>>> /usr/lib64/perl5/vendor_perl/5.30.2/URI/urn/
>>> /usr/lib64/perl5/vendor_perl/5.30.2/URI/urn/oid.pm
>>> /usr/lib64/perl5/vendor_perl/5.30.2/URI/urn/isbn.pm
>>> /usr/lib64/perl5/vendor_perl/5.30.2/URI/file.pm
>>> /usr/lib64/perl5/vendor_perl/5.30.2/URI/ldaps.pm
>>> /usr/lib64/perl5/vendor_perl/5.30.2/URI/_segment.pm
>>> /usr/lib64/perl5/vendor_perl/5.30.2/URI/sips.pm
>>> /usr/lib64/perl5/vendor_perl/5.30.2/URI/_idna.pm
>>> /usr/lib64/perl5/vendor_perl/5.30.2/URI/urn.pm
>>> /usr/lib64/perl5/vendor_perl/5.30.2/URI/ftp.pm
>>> /usr/lib64/perl5/vendor_perl/5.30.2/URI/ldap.pm
>>> /usr/lib64/perl5/vendor_perl/5.30.2/URI/Split.pm
>>> /usr/lib64/perl5/vendor_perl/5.30.2/URI/IRI.pm
>>> /usr/lib64/perl5/vendor_perl/5.30.2/URI/sip.pm
--- /usr/share/
--- /usr/share/doc/
>>> /usr/share/doc/URI-1.730.0/
>>> /usr/share/doc/URI-1.730.0/Changes.bz2
>>> dev-perl/URI-1.730.0 merged.
>>> Regenerating /etc/ld.so.cache...
